#
# There is insufficient memory for the Java Runtime Environment to continue.
# Native memory allocation (malloc) failed to allocate 293136 bytes. Error detail: Chunk::new
# Possible reasons:
#   The system is out of physical RAM or swap space
#   This process is running with CompressedOops enabled, and the Java Heap may be blocking the growth of the native heap
# Possible solutions:
#   Reduce memory load on the system
#   Increase physical memory or swap space
#   Check if swap backing store is full
#   Decrease Java heap size (-Xmx/-Xms)
#   Decrease number of Java threads
#   Decrease Java thread stack sizes (-Xss)
#   Set larger code cache with -XX:ReservedCodeCacheSize=
#   JVM is running with Zero Based Compressed Oops mode in which the Java heap is
#     placed in the first 32GB address space. The Java Heap base address is the
#     maximum limit for the native heap growth. Please use -XX:HeapBaseMinAddress
#     to set the Java Heap base and to place the Java Heap above 32GB virtual address.
# This output file may be truncated or incomplete.
#
#  Out of Memory Error (arena.cpp:191), pid=21948, tid=70260
#
# JRE version: OpenJDK Runtime Environment Corretto-17.0.12.7.1 (17.0.12+7) (build 17.0.12+7-LTS)
# Java VM: OpenJDK 64-Bit Server VM Corretto-17.0.12.7.1 (17.0.12+7-LTS, mixed mode, sharing, tiered, compressed oops, compressed class ptrs, g1 gc, windows-amd64)
# No core dump will be written. Minidumps are not enabled by default on client versions of Windows
#

---------------  S U M M A R Y ------------

Command Line: -Dmaven.multiModuleProjectDirectory=C:\Users\ghofr\IdeaProjects\GestionReclamation -Djansi.passthrough=true -Dmaven.home=C:\Program Files\JetBrains\IntelliJ IDEA 2024.2.1\plugins\maven\lib\maven3 -Dclassworlds.conf=C:\Program Files\JetBrains\IntelliJ IDEA 2024.2.1\plugins\maven\lib\maven3\bin\m2.conf -Dmaven.ext.class.path=C:\Program Files\JetBrains\IntelliJ IDEA 2024.2.1\plugins\maven\lib\maven-event-listener.jar -javaagent:C:\Program Files\JetBrains\IntelliJ IDEA 2024.2.1\lib\idea_rt.jar=64377:C:\Program Files\JetBrains\IntelliJ IDEA 2024.2.1\bin -Dfile.encoding=UTF-8 org.codehaus.classworlds.Launcher -Didea.version=2024.2.1 compile

Host: Intel(R) Core(TM) i5-10300H CPU @ 2.50GHz, 8 cores, 15G,  Windows 11 , 64 bit Build 22621 (10.0.22621.5124)
Time: Sat Apr 19 15:13:31 2025 Afr. centrale Ouest elapsed time: 3.989748 seconds (0d 0h 0m 3s)

---------------  T H R E A D  ---------------

Current thread (0x00000271faafc7e0):  JavaThread "C2 CompilerThread2" daemon [_thread_in_native, id=70260, stack(0x000000953dd00000,0x000000953de00000)]


Current CompileTask:
C2:   3989 1448       4       jdk.internal.jimage.ImageLocation::verify (218 bytes)

Stack: [0x000000953dd00000,0x000000953de00000]
Native frames: (J=compiled Java code, j=interpreted, Vv=VM code, C=native code)
V  [jvm.dll+0x67f4f9]
V  [jvm.dll+0x836eaa]
V  [jvm.dll+0x83896e]
V  [jvm.dll+0x838fd3]
V  [jvm.dll+0x247f6f]
V  [jvm.dll+0xac9d4]
V  [jvm.dll+0xad01c]
V  [jvm.dll+0x367042]
V  [jvm.dll+0x33156a]
V  [jvm.dll+0x330a0a]
V  [jvm.dll+0x21a501]
V  [jvm.dll+0x219941]
V  [jvm.dll+0x1a57bd]
V  [jvm.dll+0x22966d]
V  [jvm.dll+0x22781c]
V  [jvm.dll+0x7ebec7]
V  [jvm.dll+0x7e62ac]
V  [jvm.dll+0x67e3c7]
C  [ucrtbase.dll+0x29333]
C  [KERNEL32.DLL+0x1259d]
C  [ntdll.dll+0x5af38]


---------------  P R O C E S S  ---------------

Threads class SMR info:
_java_thread_list=0x00000271fab8f0e0, length=15, elements={
0x00000271d0de9070, 0x00000271f5ceba60, 0x00000271f5cec8e0, 0x00000271f5cfe100,
0x00000271fa0030a0, 0x00000271fa003670, 0x00000271fa004030, 0x00000271fa004dd0,
0x00000271fa071290, 0x00000271fa0794a0, 0x00000271f5cd1750, 0x00000271fa191a50,
0x00000271fa191f30, 0x00000271fa78cee0, 0x00000271faafc7e0
}

Java Threads: ( => current thread )
  0x00000271d0de9070 JavaThread "main" [_thread_in_native, id=30624, stack(0x000000953c700000,0x000000953c800000)]
  0x00000271f5ceba60 JavaThread "Reference Handler" daemon [_thread_blocked, id=69084, stack(0x000000953cf00000,0x000000953d000000)]
  0x00000271f5cec8e0 JavaThread "Finalizer" daemon [_thread_blocked, id=69116, stack(0x000000953d000000,0x000000953d100000)]
  0x00000271f5cfe100 JavaThread "Signal Dispatcher" daemon [_thread_blocked, id=69088, stack(0x000000953d100000,0x000000953d200000)]
  0x00000271fa0030a0 JavaThread "Attach Listener" daemon [_thread_blocked, id=70244, stack(0x000000953d200000,0x000000953d300000)]
  0x00000271fa003670 JavaThread "Service Thread" daemon [_thread_blocked, id=70224, stack(0x000000953d300000,0x000000953d400000)]
  0x00000271fa004030 JavaThread "Monitor Deflation Thread" daemon [_thread_blocked, id=70228, stack(0x000000953d400000,0x000000953d500000)]
  0x00000271fa004dd0 JavaThread "C2 CompilerThread0" daemon [_thread_in_native, id=70232, stack(0x000000953d500000,0x000000953d600000)]
  0x00000271fa071290 JavaThread "C1 CompilerThread0" daemon [_thread_blocked, id=70352, stack(0x000000953d600000,0x000000953d700000)]
  0x00000271fa0794a0 JavaThread "Sweeper thread" daemon [_thread_blocked, id=70324, stack(0x000000953d700000,0x000000953d800000)]
  0x00000271f5cd1750 JavaThread "Common-Cleaner" daemon [_thread_blocked, id=69764, stack(0x000000953d800000,0x000000953d900000)]
  0x00000271fa191a50 JavaThread "Monitor Ctrl-Break" daemon [_thread_in_native, id=56748, stack(0x000000953d900000,0x000000953da00000)]
  0x00000271fa191f30 JavaThread "Notification Thread" daemon [_thread_blocked, id=67516, stack(0x000000953da00000,0x000000953db00000)]
  0x00000271fa78cee0 JavaThread "C2 CompilerThread1" daemon [_thread_blocked, id=23968, stack(0x000000953dc00000,0x000000953dd00000)]
=>0x00000271faafc7e0 JavaThread "C2 CompilerThread2" daemon [_thread_in_native, id=70260, stack(0x000000953dd00000,0x000000953de00000)]

Other Threads:
  0x00000271f5ce3360 VMThread "VM Thread" [stack: 0x000000953ce00000,0x000000953cf00000] [id=69100]
  0x00000271d0de9ef0 WatcherThread [stack: 0x000000953db00000,0x000000953dc00000] [id=69068]
  0x00000271d0e55c80 GCTaskThread "GC Thread#0" [stack: 0x000000953c900000,0x000000953ca00000] [id=70208]
  0x00000271faa34240 GCTaskThread "GC Thread#1" [stack: 0x000000953de00000,0x000000953df00000] [id=70376]
  0x00000271fa78c5a0 GCTaskThread "GC Thread#2" [stack: 0x000000953df00000,0x000000953e000000] [id=27596]
  0x00000271fa78c860 GCTaskThread "GC Thread#3" [stack: 0x000000953e000000,0x000000953e100000] [id=69720]
  0x00000271fa78cb20 GCTaskThread "GC Thread#4" [stack: 0x000000953e100000,0x000000953e200000] [id=70196]
  0x00000271faac4750 GCTaskThread "GC Thread#5" [stack: 0x000000953e200000,0x000000953e300000] [id=16112]
  0x00000271faba4020 GCTaskThread "GC Thread#6" [stack: 0x000000953e300000,0x000000953e400000] [id=28460]
  0x00000271d0e66950 ConcurrentGCThread "G1 Main Marker" [stack: 0x000000953ca00000,0x000000953cb00000] [id=70188]
  0x00000271d0e67370 ConcurrentGCThread "G1 Conc#0" [stack: 0x000000953cb00000,0x000000953cc00000] [id=70112]
  0x00000271d0e9d700 ConcurrentGCThread "G1 Refine#0" [stack: 0x000000953cc00000,0x000000953cd00000] [id=70256]
  0x00000271f5b9e540 ConcurrentGCThread "G1 Service" [stack: 0x000000953cd00000,0x000000953ce00000] [id=70252]

Threads with active compile tasks:
C2 CompilerThread0     4010 1464       4       jdk.internal.jimage.BasicImageReader::verifyLocation (39 bytes)
C2 CompilerThread1     4010 1469       4       java.util.jar.JarFile::match (132 bytes)
C2 CompilerThread2     4010 1448       4       jdk.internal.jimage.ImageLocation::verify (218 bytes)

VM state: not at safepoint (normal execution)

VM Mutex/Monitor currently owned by a thread: None

Heap address: 0x0000000702800000, size: 4056 MB, Compressed Oops mode: Zero based, Oop shift amount: 3

CDS archive(s) mapped at: [0x0000027180000000-0x0000027180bb0000-0x0000027180bb0000), size 12255232, SharedBaseAddress: 0x0000027180000000, ArchiveRelocationMode: 1.
Compressed class space mapped at: 0x0000027181000000-0x00000271c1000000, reserved size: 1073741824
Narrow klass base: 0x0000027180000000, Narrow klass shift: 0, Narrow klass range: 0x100000000

GC Precious Log:
 CPUs: 8 total, 8 available
 Memory: 16221M
 Large Page Support: Disabled
 NUMA Support: Disabled
 Compressed Oops: Enabled (Zero based)
 Heap Region Size: 2M
 Heap Min Capacity: 8M
 Heap Initial Capacity: 254M
 Heap Max Capacity: 4056M
 Pre-touch: Disabled
 Parallel Workers: 8
 Concurrent Workers: 2
 Concurrent Refinement Workers: 8
 Periodic GC: Disabled

Heap:
 garbage-first heap   total 260096K, used 18071K [0x0000000702800000, 0x0000000800000000)
  region size 2048K, 10 young (20480K), 2 survivors (4096K)
 Metaspace       used 7172K, committed 7296K, reserved 1114112K
  class space    used 848K, committed 896K, reserved 1048576K

Heap Regions: E=young(eden), S=young(survivor), O=old, HS=humongous(starts), HC=humongous(continues), CS=collection set, F=free, OA=open archive, CA=closed archive, TAMS=top-at-mark-start (previous, next)
|   0|0x0000000702800000, 0x0000000702800000, 0x0000000702a00000|  0%| F|  |TAMS 0x0000000702800000, 0x0000000702800000| Untracked 
|   1|0x0000000702a00000, 0x0000000702a00000, 0x0000000702c00000|  0%| F|  |TAMS 0x0000000702a00000, 0x0000000702a00000| Untracked 
|   2|0x0000000702c00000, 0x0000000702c00000, 0x0000000702e00000|  0%| F|  |TAMS 0x0000000702c00000, 0x0000000702c00000| Untracked 
|   3|0x0000000702e00000, 0x0000000702e00000, 0x0000000703000000|  0%| F|  |TAMS 0x0000000702e00000, 0x0000000702e00000| Untracked 
|   4|0x0000000703000000, 0x0000000703000000, 0x0000000703200000|  0%| F|  |TAMS 0x0000000703000000, 0x0000000703000000| Untracked 
|   5|0x0000000703200000, 0x0000000703200000, 0x0000000703400000|  0%| F|  |TAMS 0x0000000703200000, 0x0000000703200000| Untracked 
|   6|0x0000000703400000, 0x0000000703400000, 0x0000000703600000|  0%| F|  |TAMS 0x0000000703400000, 0x0000000703400000| Untracked 
|   7|0x0000000703600000, 0x0000000703600000, 0x0000000703800000|  0%| F|  |TAMS 0x0000000703600000, 0x0000000703600000| Untracked 
|   8|0x0000000703800000, 0x0000000703800000, 0x0000000703a00000|  0%| F|  |TAMS 0x0000000703800000, 0x0000000703800000| Untracked 
|   9|0x0000000703a00000, 0x0000000703a00000, 0x0000000703c00000|  0%| F|  |TAMS 0x0000000703a00000, 0x0000000703a00000| Untracked 
|  10|0x0000000703c00000, 0x0000000703c00000, 0x0000000703e00000|  0%| F|  |TAMS 0x0000000703c00000, 0x0000000703c00000| Untracked 
|  11|0x0000000703e00000, 0x0000000703e00000, 0x0000000704000000|  0%| F|  |TAMS 0x0000000703e00000, 0x0000000703e00000| Untracked 
|  12|0x0000000704000000, 0x0000000704000000, 0x0000000704200000|  0%| F|  |TAMS 0x0000000704000000, 0x0000000704000000| Untracked 
|  13|0x0000000704200000, 0x0000000704200000, 0x0000000704400000|  0%| F|  |TAMS 0x0000000704200000, 0x0000000704200000| Untracked 
|  14|0x0000000704400000, 0x0000000704400000, 0x0000000704600000|  0%| F|  |TAMS 0x0000000704400000, 0x0000000704400000| Untracked 
|  15|0x0000000704600000, 0x0000000704600000, 0x0000000704800000|  0%| F|  |TAMS 0x0000000704600000, 0x0000000704600000| Untracked 
|  16|0x0000000704800000, 0x0000000704800000, 0x0000000704a00000|  0%| F|  |TAMS 0x0000000704800000, 0x0000000704800000| Untracked 
|  17|0x0000000704a00000, 0x0000000704a00000, 0x0000000704c00000|  0%| F|  |TAMS 0x0000000704a00000, 0x0000000704a00000| Untracked 
|  18|0x0000000704c00000, 0x0000000704c00000, 0x0000000704e00000|  0%| F|  |TAMS 0x0000000704c00000, 0x0000000704c00000| Untracked 
|  19|0x0000000704e00000, 0x0000000704e00000, 0x0000000705000000|  0%| F|  |TAMS 0x0000000704e00000, 0x0000000704e00000| Untracked 
|  20|0x0000000705000000, 0x0000000705000000, 0x0000000705200000|  0%| F|  |TAMS 0x0000000705000000, 0x0000000705000000| Untracked 
|  21|0x0000000705200000, 0x0000000705200000, 0x0000000705400000|  0%| F|  |TAMS 0x0000000705200000, 0x0000000705200000| Untracked 
|  22|0x0000000705400000, 0x0000000705400000, 0x0000000705600000|  0%| F|  |TAMS 0x0000000705400000, 0x0000000705400000| Untracked 
|  23|0x0000000705600000, 0x0000000705600000, 0x0000000705800000|  0%| F|  |TAMS 0x0000000705600000, 0x0000000705600000| Untracked 
|  24|0x0000000705800000, 0x0000000705800000, 0x0000000705a00000|  0%| F|  |TAMS 0x0000000705800000, 0x0000000705800000| Untracked 
|  25|0x0000000705a00000, 0x0000000705a00000, 0x0000000705c00000|  0%| F|  |TAMS 0x0000000705a00000, 0x0000000705a00000| Untracked 
|  26|0x0000000705c00000, 0x0000000705c00000, 0x0000000705e00000|  0%| F|  |TAMS 0x0000000705c00000, 0x0000000705c00000| Untracked 
|  27|0x0000000705e00000, 0x0000000705e00000, 0x0000000706000000|  0%| F|  |TAMS 0x0000000705e00000, 0x0000000705e00000| Untracked 
|  28|0x0000000706000000, 0x0000000706000000, 0x0000000706200000|  0%| F|  |TAMS 0x0000000706000000, 0x0000000706000000| Untracked 
|  29|0x0000000706200000, 0x0000000706200000, 0x0000000706400000|  0%| F|  |TAMS 0x0000000706200000, 0x0000000706200000| Untracked 
|  30|0x0000000706400000, 0x0000000706400000, 0x0000000706600000|  0%| F|  |TAMS 0x0000000706400000, 0x0000000706400000| Untracked 
|  31|0x0000000706600000, 0x0000000706600000, 0x0000000706800000|  0%| F|  |TAMS 0x0000000706600000, 0x0000000706600000| Untracked 
|  32|0x0000000706800000, 0x0000000706800000, 0x0000000706a00000|  0%| F|  |TAMS 0x0000000706800000, 0x0000000706800000| Untracked 
|  33|0x0000000706a00000, 0x0000000706a00000, 0x0000000706c00000|  0%| F|  |TAMS 0x0000000706a00000, 0x0000000706a00000| Untracked 
|  34|0x0000000706c00000, 0x0000000706c00000, 0x0000000706e00000|  0%| F|  |TAMS 0x0000000706c00000, 0x0000000706c00000| Untracked 
|  35|0x0000000706e00000, 0x0000000706e00000, 0x0000000707000000|  0%| F|  |TAMS 0x0000000706e00000, 0x0000000706e00000| Untracked 
|  36|0x0000000707000000, 0x0000000707000000, 0x0000000707200000|  0%| F|  |TAMS 0x0000000707000000, 0x0000000707000000| Untracked 
|  37|0x0000000707200000, 0x0000000707200000, 0x0000000707400000|  0%| F|  |TAMS 0x0000000707200000, 0x0000000707200000| Untracked 
|  38|0x0000000707400000, 0x0000000707400000, 0x0000000707600000|  0%| F|  |TAMS 0x0000000707400000, 0x0000000707400000| Untracked 
|  39|0x0000000707600000, 0x0000000707600000, 0x0000000707800000|  0%| F|  |TAMS 0x0000000707600000, 0x0000000707600000| Untracked 
|  40|0x0000000707800000, 0x0000000707800000, 0x0000000707a00000|  0%| F|  |TAMS 0x0000000707800000, 0x0000000707800000| Untracked 
|  41|0x0000000707a00000, 0x0000000707a00000, 0x0000000707c00000|  0%| F|  |TAMS 0x0000000707a00000, 0x0000000707a00000| Untracked 
|  42|0x0000000707c00000, 0x0000000707c00000, 0x0000000707e00000|  0%| F|  |TAMS 0x0000000707c00000, 0x0000000707c00000| Untracked 
|  43|0x0000000707e00000, 0x0000000707e00000, 0x0000000708000000|  0%| F|  |TAMS 0x0000000707e00000, 0x0000000707e00000| Untracked 
|  44|0x0000000708000000, 0x0000000708000000, 0x0000000708200000|  0%| F|  |TAMS 0x0000000708000000, 0x0000000708000000| Untracked 
|  45|0x0000000708200000, 0x0000000708200000, 0x0000000708400000|  0%| F|  |TAMS 0x0000000708200000, 0x0000000708200000| Untracked 
|  46|0x0000000708400000, 0x0000000708400000, 0x0000000708600000|  0%| F|  |TAMS 0x0000000708400000, 0x0000000708400000| Untracked 
|  47|0x0000000708600000, 0x0000000708600000, 0x0000000708800000|  0%| F|  |TAMS 0x0000000708600000, 0x0000000708600000| Untracked 
|  48|0x0000000708800000, 0x0000000708800000, 0x0000000708a00000|  0%| F|  |TAMS 0x0000000708800000, 0x0000000708800000| Untracked 
|  49|0x0000000708a00000, 0x0000000708a00000, 0x0000000708c00000|  0%| F|  |TAMS 0x0000000708a00000, 0x0000000708a00000| Untracked 
|  50|0x0000000708c00000, 0x0000000708c00000, 0x0000000708e00000|  0%| F|  |TAMS 0x0000000708c00000, 0x0000000708c00000| Untracked 
|  51|0x0000000708e00000, 0x0000000708e00000, 0x0000000709000000|  0%| F|  |TAMS 0x0000000708e00000, 0x0000000708e00000| Untracked 
|  52|0x0000000709000000, 0x0000000709000000, 0x0000000709200000|  0%| F|  |TAMS 0x0000000709000000, 0x0000000709000000| Untracked 
|  53|0x0000000709200000, 0x0000000709200000, 0x0000000709400000|  0%| F|  |TAMS 0x0000000709200000, 0x0000000709200000| Untracked 
|  54|0x0000000709400000, 0x0000000709400000, 0x0000000709600000|  0%| F|  |TAMS 0x0000000709400000, 0x0000000709400000| Untracked 
|  55|0x0000000709600000, 0x0000000709600000, 0x0000000709800000|  0%| F|  |TAMS 0x0000000709600000, 0x0000000709600000| Untracked 
|  56|0x0000000709800000, 0x0000000709800000, 0x0000000709a00000|  0%| F|  |TAMS 0x0000000709800000, 0x0000000709800000| Untracked 
|  57|0x0000000709a00000, 0x0000000709a00000, 0x0000000709c00000|  0%| F|  |TAMS 0x0000000709a00000, 0x0000000709a00000| Untracked 
|  58|0x0000000709c00000, 0x0000000709c00000, 0x0000000709e00000|  0%| F|  |TAMS 0x0000000709c00000, 0x0000000709c00000| Untracked 
|  59|0x0000000709e00000, 0x0000000709e00000, 0x000000070a000000|  0%| F|  |TAMS 0x0000000709e00000, 0x0000000709e00000| Untracked 
|  60|0x000000070a000000, 0x000000070a000000, 0x000000070a200000|  0%| F|  |TAMS 0x000000070a000000, 0x000000070a000000| Untracked 
|  61|0x000000070a200000, 0x000000070a200000, 0x000000070a400000|  0%| F|  |TAMS 0x000000070a200000, 0x000000070a200000| Untracked 
|  62|0x000000070a400000, 0x000000070a400000, 0x000000070a600000|  0%| F|  |TAMS 0x000000070a400000, 0x000000070a400000| Untracked 
|  63|0x000000070a600000, 0x000000070a600000, 0x000000070a800000|  0%| F|  |TAMS 0x000000070a600000, 0x000000070a600000| Untracked 
|  64|0x000000070a800000, 0x000000070a800000, 0x000000070aa00000|  0%| F|  |TAMS 0x000000070a800000, 0x000000070a800000| Untracked 
|  65|0x000000070aa00000, 0x000000070aa00000, 0x000000070ac00000|  0%| F|  |TAMS 0x000000070aa00000, 0x000000070aa00000| Untracked 
|  66|0x000000070ac00000, 0x000000070ac00000, 0x000000070ae00000|  0%| F|  |TAMS 0x000000070ac00000, 0x000000070ac00000| Untracked 
|  67|0x000000070ae00000, 0x000000070ae00000, 0x000000070b000000|  0%| F|  |TAMS 0x000000070ae00000, 0x000000070ae00000| Untracked 
|  68|0x000000070b000000, 0x000000070b000000, 0x000000070b200000|  0%| F|  |TAMS 0x000000070b000000, 0x000000070b000000| Untracked 
|  69|0x000000070b200000, 0x000000070b200000, 0x000000070b400000|  0%| F|  |TAMS 0x000000070b200000, 0x000000070b200000| Untracked 
|  70|0x000000070b400000, 0x000000070b400000, 0x000000070b600000|  0%| F|  |TAMS 0x000000070b400000, 0x000000070b400000| Untracked 
|  71|0x000000070b600000, 0x000000070b600000, 0x000000070b800000|  0%| F|  |TAMS 0x000000070b600000, 0x000000070b600000| Untracked 
|  72|0x000000070b800000, 0x000000070b800000, 0x000000070ba00000|  0%| F|  |TAMS 0x000000070b800000, 0x000000070b800000| Untracked 
|  73|0x000000070ba00000, 0x000000070ba00000, 0x000000070bc00000|  0%| F|  |TAMS 0x000000070ba00000, 0x000000070ba00000| Untracked 
|  74|0x000000070bc00000, 0x000000070bc00000, 0x000000070be00000|  0%| F|  |TAMS 0x000000070bc00000, 0x000000070bc00000| Untracked 
|  75|0x000000070be00000, 0x000000070be00000, 0x000000070c000000|  0%| F|  |TAMS 0x000000070be00000, 0x000000070be00000| Untracked 
|  76|0x000000070c000000, 0x000000070c000000, 0x000000070c200000|  0%| F|  |TAMS 0x000000070c000000, 0x000000070c000000| Untracked 
|  77|0x000000070c200000, 0x000000070c200000, 0x000000070c400000|  0%| F|  |TAMS 0x000000070c200000, 0x000000070c200000| Untracked 
|  78|0x000000070c400000, 0x000000070c400000, 0x000000070c600000|  0%| F|  |TAMS 0x000000070c400000, 0x000000070c400000| Untracked 
|  79|0x000000070c600000, 0x000000070c600000, 0x000000070c800000|  0%| F|  |TAMS 0x000000070c600000, 0x000000070c600000| Untracked 
|  80|0x000000070c800000, 0x000000070c800000, 0x000000070ca00000|  0%| F|  |TAMS 0x000000070c800000, 0x000000070c800000| Untracked 
|  81|0x000000070ca00000, 0x000000070ca00000, 0x000000070cc00000|  0%| F|  |TAMS 0x000000070ca00000, 0x000000070ca00000| Untracked 
|  82|0x000000070cc00000, 0x000000070cc00000, 0x000000070ce00000|  0%| F|  |TAMS 0x000000070cc00000, 0x000000070cc00000| Untracked 
|  83|0x000000070ce00000, 0x000000070ce00000, 0x000000070d000000|  0%| F|  |TAMS 0x000000070ce00000, 0x000000070ce00000| Untracked 
|  84|0x000000070d000000, 0x000000070d000000, 0x000000070d200000|  0%| F|  |TAMS 0x000000070d000000, 0x000000070d000000| Untracked 
|  85|0x000000070d200000, 0x000000070d200000, 0x000000070d400000|  0%| F|  |TAMS 0x000000070d200000, 0x000000070d200000| Untracked 
|  86|0x000000070d400000, 0x000000070d400000, 0x000000070d600000|  0%| F|  |TAMS 0x000000070d400000, 0x000000070d400000| Untracked 
|  87|0x000000070d600000, 0x000000070d600000, 0x000000070d800000|  0%| F|  |TAMS 0x000000070d600000, 0x000000070d600000| Untracked 
|  88|0x000000070d800000, 0x000000070d800000, 0x000000070da00000|  0%| F|  |TAMS 0x000000070d800000, 0x000000070d800000| Untracked 
|  89|0x000000070da00000, 0x000000070da00000, 0x000000070dc00000|  0%| F|  |TAMS 0x000000070da00000, 0x000000070da00000| Untracked 
|  90|0x000000070dc00000, 0x000000070dc00000, 0x000000070de00000|  0%| F|  |TAMS 0x000000070dc00000, 0x000000070dc00000| Untracked 
|  91|0x000000070de00000, 0x000000070de00000, 0x000000070e000000|  0%| F|  |TAMS 0x000000070de00000, 0x000000070de00000| Untracked 
|  92|0x000000070e000000, 0x000000070e000000, 0x000000070e200000|  0%| F|  |TAMS 0x000000070e000000, 0x000000070e000000| Untracked 
|  93|0x000000070e200000, 0x000000070e200000, 0x000000070e400000|  0%| F|  |TAMS 0x000000070e200000, 0x000000070e200000| Untracked 
|  94|0x000000070e400000, 0x000000070e400000, 0x000000070e600000|  0%| F|  |TAMS 0x000000070e400000, 0x000000070e400000| Untracked 
|  95|0x000000070e600000, 0x000000070e600000, 0x000000070e800000|  0%| F|  |TAMS 0x000000070e600000, 0x000000070e600000| Untracked 
|  96|0x000000070e800000, 0x000000070e800000, 0x000000070ea00000|  0%| F|  |TAMS 0x000000070e800000, 0x000000070e800000| Untracked 
|  97|0x000000070ea00000, 0x000000070ea00000, 0x000000070ec00000|  0%| F|  |TAMS 0x000000070ea00000, 0x000000070ea00000| Untracked 
|  98|0x000000070ec00000, 0x000000070ec00000, 0x000000070ee00000|  0%| F|  |TAMS 0x000000070ec00000, 0x000000070ec00000| Untracked 
|  99|0x000000070ee00000, 0x000000070ee00000, 0x000000070f000000|  0%| F|  |TAMS 0x000000070ee00000, 0x000000070ee00000| Untracked 
| 100|0x000000070f000000, 0x000000070f000000, 0x000000070f200000|  0%| F|  |TAMS 0x000000070f000000, 0x000000070f000000| Untracked 
| 101|0x000000070f200000, 0x000000070f200000, 0x000000070f400000|  0%| F|  |TAMS 0x000000070f200000, 0x000000070f200000| Untracked 
| 102|0x000000070f400000, 0x000000070f400000, 0x000000070f600000|  0%| F|  |TAMS 0x000000070f400000, 0x000000070f400000| Untracked 
| 103|0x000000070f600000, 0x000000070f600000, 0x000000070f800000|  0%| F|  |TAMS 0x000000070f600000, 0x000000070f600000| Untracked 
| 104|0x000000070f800000, 0x000000070f800000, 0x000000070fa00000|  0%| F|  |TAMS 0x000000070f800000, 0x000000070f800000| Untracked 
| 105|0x000000070fa00000, 0x000000070fa00000, 0x000000070fc00000|  0%| F|  |TAMS 0x000000070fa00000, 0x000000070fa00000| Untracked 
| 106|0x000000070fc00000, 0x000000070fc00000, 0x000000070fe00000|  0%| F|  |TAMS 0x000000070fc00000, 0x000000070fc00000| Untracked 
| 107|0x000000070fe00000, 0x000000070fe00000, 0x0000000710000000|  0%| F|  |TAMS 0x000000070fe00000, 0x000000070fe00000| Untracked 
| 108|0x0000000710000000, 0x0000000710000000, 0x0000000710200000|  0%| F|  |TAMS 0x0000000710000000, 0x0000000710000000| Untracked 
| 109|0x0000000710200000, 0x0000000710200000, 0x0000000710400000|  0%| F|  |TAMS 0x0000000710200000, 0x0000000710200000| Untracked 
| 110|0x0000000710400000, 0x0000000710400000, 0x0000000710600000|  0%| F|  |TAMS 0x0000000710400000, 0x0000000710400000| Untracked 
| 111|0x0000000710600000, 0x0000000710600000, 0x0000000710800000|  0%| F|  |TAMS 0x0000000710600000, 0x0000000710600000| Untracked 
| 112|0x0000000710800000, 0x0000000710800000, 0x0000000710a00000|  0%| F|  |TAMS 0x0000000710800000, 0x0000000710800000| Untracked 
| 113|0x0000000710a00000, 0x0000000710a00000, 0x0000000710c00000|  0%| F|  |TAMS 0x0000000710a00000, 0x0000000710a00000| Untracked 
| 114|0x0000000710c00000, 0x0000000710da5fb8, 0x0000000710e00000| 82%| S|CS|TAMS 0x0000000710c00000, 0x0000000710c00000| Complete 
| 115|0x0000000710e00000, 0x0000000711000000, 0x0000000711000000|100%| S|CS|TAMS 0x0000000710e00000, 0x0000000710e00000| Complete 
| 116|0x0000000711000000, 0x0000000711000000, 0x0000000711200000|  0%| F|  |TAMS 0x0000000711000000, 0x0000000711000000| Untracked 
| 117|0x0000000711200000, 0x0000000711200000, 0x0000000711400000|  0%| F|  |TAMS 0x0000000711200000, 0x0000000711200000| Untracked 
| 118|0x0000000711400000, 0x0000000711400000, 0x0000000711600000|  0%| F|  |TAMS 0x0000000711400000, 0x0000000711400000| Untracked 
| 119|0x0000000711600000, 0x00000007117bb620, 0x0000000711800000| 86%| E|  |TAMS 0x0000000711600000, 0x0000000711600000| Complete 
| 120|0x0000000711800000, 0x0000000711a00000, 0x0000000711a00000|100%| E|CS|TAMS 0x0000000711800000, 0x0000000711800000| Complete 
| 121|0x0000000711a00000, 0x0000000711c00000, 0x0000000711c00000|100%| E|CS|TAMS 0x0000000711a00000, 0x0000000711a00000| Complete 
| 122|0x0000000711c00000, 0x0000000711e00000, 0x0000000711e00000|100%| E|CS|TAMS 0x0000000711c00000, 0x0000000711c00000| Complete 
| 123|0x0000000711e00000, 0x0000000712000000, 0x0000000712000000|100%| E|CS|TAMS 0x0000000711e00000, 0x0000000711e00000| Complete 
| 124|0x0000000712000000, 0x0000000712200000, 0x0000000712200000|100%| E|CS|TAMS 0x0000000712000000, 0x0000000712000000| Complete 
| 125|0x0000000712200000, 0x0000000712400000, 0x0000000712400000|100%| E|CS|TAMS 0x0000000712200000, 0x0000000712200000| Complete 
| 126|0x0000000712400000, 0x0000000712600000, 0x0000000712600000|100%| E|CS|TAMS 0x0000000712400000, 0x0000000712400000| Complete 

Card table byte_map: [0x00000271ea350000,0x00000271eab40000] _byte_map_base: 0x00000271e6b3c000

Marking Bits (Prev, Next): (CMBitMap*) 0x00000271d0e562a0, (CMBitMap*) 0x00000271d0e562e0
 Prev Bits: [0x00000271eb330000, 0x00000271ef290000)
 Next Bits: [0x00000271ef290000, 0x00000271f31f0000)

Polling page: 0x00000271da0c0000

Metaspace:

Usage:
  Non-class:      6.19 MB used.
      Class:    850.26 KB used.
       Both:      7.02 MB used.

Virtual space:
  Non-class space:       64.00 MB reserved,       6.25 MB ( 10%) committed,  1 nodes.
      Class space:        1.00 GB reserved,     896.00 KB ( <1%) committed,  1 nodes.
             Both:        1.06 GB reserved,       7.12 MB ( <1%) committed. 

Chunk freelists:
   Non-Class:  8.33 MB
       Class:  15.14 MB
        Both:  23.47 MB

MaxMetaspaceSize: unlimited
CompressedClassSpaceSize: 1.00 GB
Initial GC threshold: 21.00 MB
Current GC threshold: 21.00 MB
CDS: on
MetaspaceReclaimPolicy: balanced
 - commit_granule_bytes: 65536.
 - commit_granule_words: 8192.
 - virtual_space_node_default_size: 8388608.
 - enlarge_chunks_in_place: 1.
 - new_chunks_are_fully_committed: 0.
 - uncommit_free_chunks: 1.
 - use_allocation_guard: 0.
 - handle_deallocations: 1.


Internal statistics:

num_allocs_failed_limit: 0.
num_arena_births: 48.
num_arena_deaths: 0.
num_vsnodes_births: 2.
num_vsnodes_deaths: 0.
num_space_committed: 114.
num_space_uncommitted: 0.
num_chunks_returned_to_freelist: 0.
num_chunks_taken_from_freelist: 268.
num_chunk_merges: 0.
num_chunk_splits: 170.
num_chunks_enlarged: 132.
num_inconsistent_stats: 0.

CodeHeap 'non-profiled nmethods': size=120000Kb used=590Kb max_used=590Kb free=119409Kb
 bounds [0x00000271e1bb0000, 0x00000271e1e20000, 0x00000271e90e0000]
CodeHeap 'profiled nmethods': size=120000Kb used=2867Kb max_used=2867Kb free=117132Kb
 bounds [0x00000271da0e0000, 0x00000271da3b0000, 0x00000271e1610000]
CodeHeap 'non-nmethods': size=5760Kb used=1155Kb max_used=1201Kb free=4604Kb
 bounds [0x00000271e1610000, 0x00000271e1880000, 0x00000271e1bb0000]
 total_blobs=1922 nmethods=1473 adapters=362
 compilation: enabled
              stopped_count=0, restarted_count=0
 full_count=0

Compilation events (20 events):
Event: 3.951 Thread 0x00000271fa071290 1441       3       java.util.concurrent.ConcurrentHashMap$ValueIterator::<init> (12 bytes)
Event: 3.951 Thread 0x00000271fa071290 nmethod 1441 0x00000271da3a3a10 code [0x00000271da3a3ba0, 0x00000271da3a3ce8]
Event: 3.954 Thread 0x00000271fa071290 1442       3       jdk.internal.reflect.ConstantPool::getUTF8At (10 bytes)
Event: 3.954 Thread 0x00000271fa071290 nmethod 1442 0x00000271da3a3d90 code [0x00000271da3a3f20, 0x00000271da3a4068]
Event: 3.956 Thread 0x00000271fa071290 1444       3       java.lang.Class::annotationData (44 bytes)
Event: 3.956 Thread 0x00000271fa071290 nmethod 1444 0x00000271da3a4110 code [0x00000271da3a42e0, 0x00000271da3a45d8]
Event: 3.960 Thread 0x00000271fa004dd0 1445       4       org.eclipse.sisu.space.asm.ClassReader::readUtf (161 bytes)
Event: 3.962 Thread 0x00000271fa78cee0 1446       4       java.util.concurrent.ConcurrentHashMap$BaseIterator::hasNext (13 bytes)
Event: 3.962 Thread 0x00000271fa78cee0 nmethod 1446 0x00000271e1c3f690 code [0x00000271e1c3f800, 0x00000271e1c3f898]
Event: 3.963 Thread 0x00000271fa78cee0 1447 %     4       java.util.jar.JarFile::match @ 14 (132 bytes)
Event: 3.967 Thread 0x00000271faafc7e0 1448       4       jdk.internal.jimage.ImageLocation::verify (218 bytes)
Event: 3.967 Thread 0x00000271fa071290 1449       3       org.codehaus.plexus.classworlds.realm.ClassRealm::isImportedFromParent (65 bytes)
Event: 3.968 Thread 0x00000271fa071290 nmethod 1449 0x00000271da3a4710 code [0x00000271da3a4920, 0x00000271da3a5088]
Event: 3.969 Thread 0x00000271fa071290 1450   !   3       sun.reflect.annotation.AnnotationParser::parseAnnotations (37 bytes)
Event: 3.970 Thread 0x00000271fa071290 nmethod 1450 0x00000271da3a5290 code [0x00000271da3a5480, 0x00000271da3a57a8]
Event: 3.971 Thread 0x00000271fa78cee0 nmethod 1447% 0x00000271e1c3f990 code [0x00000271e1c3fb20, 0x00000271e1c3ff58]
Event: 3.973 Thread 0x00000271fa004dd0 nmethod 1445 0x00000271e1c40210 code [0x00000271e1c403a0, 0x00000271e1c40b78]
Event: 3.987 Thread 0x00000271fa071290 1451       3       java.util.LinkedHashMap::<init> (10 bytes)
Event: 3.988 Thread 0x00000271fa071290 nmethod 1451 0x00000271da3a5910 code [0x00000271da3a5ac0, 0x00000271da3a5cf8]
Event: 3.988 Thread 0x00000271fa78cee0 1452       4       java.util.concurrent.ConcurrentHashMap$ValueIterator::next (34 bytes)

GC Heap History (2 events):
Event: 3.495 GC heap before
{Heap before GC invocations=0 (full 0):
 garbage-first heap   total 260096K, used 22528K [0x0000000702800000, 0x0000000800000000)
  region size 2048K, 11 young (22528K), 0 survivors (0K)
 Metaspace       used 5779K, committed 5952K, reserved 1114112K
  class space    used 682K, committed 768K, reserved 1048576K
}
Event: 3.513 GC heap after
{Heap after GC invocations=1 (full 0):
 garbage-first heap   total 260096K, used 3735K [0x0000000702800000, 0x0000000800000000)
  region size 2048K, 2 young (4096K), 2 survivors (4096K)
 Metaspace       used 5779K, committed 5952K, reserved 1114112K
  class space    used 682K, committed 768K, reserved 1048576K
}

Dll operation events (12 events):
Event: 0.172 Loaded shared library C:\Users\ghofr\.jdks\corretto-17.0.12\bin\java.dll
Event: 0.220 Loaded shared library C:\Users\ghofr\.jdks\corretto-17.0.12\bin\jsvml.dll
Event: 0.986 Loaded shared library C:\Users\ghofr\.jdks\corretto-17.0.12\bin\zip.dll
Event: 1.007 Loaded shared library C:\Users\ghofr\.jdks\corretto-17.0.12\bin\instrument.dll
Event: 1.043 Loaded shared library C:\Users\ghofr\.jdks\corretto-17.0.12\bin\net.dll
Event: 1.130 Loaded shared library C:\Users\ghofr\.jdks\corretto-17.0.12\bin\nio.dll
Event: 1.213 Loaded shared library C:\Users\ghofr\.jdks\corretto-17.0.12\bin\zip.dll
Event: 1.304 Loaded shared library C:\Program Files\JetBrains\IntelliJ IDEA 2024.2.1\bin\breakgen64.dll
Event: 1.683 Loaded shared library C:\Users\ghofr\.jdks\corretto-17.0.12\bin\extnet.dll
Event: 2.092 Loaded shared library C:\Users\ghofr\.jdks\corretto-17.0.12\bin\jimage.dll
Event: 2.246 Loaded shared library C:\Users\ghofr\AppData\Local\Temp\jansi-2.4.1-fdd6bb6a19b8b4f3-jansi.dll
Event: 2.311 Loaded shared library C:\Users\ghofr\.jdks\corretto-17.0.12\bin\verify.dll

Deoptimization events (20 events):
Event: 3.667 Thread 0x00000271d0de9070 Uncommon trap: trap_request=0xffffffde fr.pc=0x00000271e1c03208 relative=0x0000000000000448
Event: 3.667 Thread 0x00000271d0de9070 Uncommon trap: reason=class_check action=maybe_recompile pc=0x00000271e1c03208 method=java.util.HashMap.getNode(Ljava/lang/Object;)Ljava/util/HashMap$Node; @ 128 c2
Event: 3.667 Thread 0x00000271d0de9070 DEOPT PACKING pc=0x00000271e1c03208 sp=0x000000953c7fd420
Event: 3.668 Thread 0x00000271d0de9070 DEOPT UNPACKING pc=0x00000271e16669a3 sp=0x000000953c7fd398 mode 2
Event: 3.668 Thread 0x00000271d0de9070 Uncommon trap: trap_request=0xffffff45 fr.pc=0x00000271e1c0f8ec relative=0x000000000000136c
Event: 3.668 Thread 0x00000271d0de9070 Uncommon trap: reason=unstable_if action=reinterpret pc=0x00000271e1c0f8ec method=java.nio.charset.CoderResult.isOverflow()Z @ 5 c2
Event: 3.668 Thread 0x00000271d0de9070 DEOPT PACKING pc=0x00000271e1c0f8ec sp=0x000000953c7fd870
Event: 3.668 Thread 0x00000271d0de9070 DEOPT UNPACKING pc=0x00000271e16669a3 sp=0x000000953c7fd680 mode 2
Event: 3.669 Thread 0x00000271d0de9070 Uncommon trap: trap_request=0xffffffde fr.pc=0x00000271e1c03208 relative=0x0000000000000448
Event: 3.669 Thread 0x00000271d0de9070 Uncommon trap: reason=class_check action=maybe_recompile pc=0x00000271e1c03208 method=java.util.HashMap.getNode(Ljava/lang/Object;)Ljava/util/HashMap$Node; @ 128 c2
Event: 3.669 Thread 0x00000271d0de9070 DEOPT PACKING pc=0x00000271e1c03208 sp=0x000000953c7fd420
Event: 3.669 Thread 0x00000271d0de9070 DEOPT UNPACKING pc=0x00000271e16669a3 sp=0x000000953c7fd398 mode 2
Event: 3.687 Thread 0x00000271d0de9070 Uncommon trap: trap_request=0xffffff45 fr.pc=0x00000271e1beb74c relative=0x000000000000048c
Event: 3.687 Thread 0x00000271d0de9070 Uncommon trap: reason=unstable_if action=reinterpret pc=0x00000271e1beb74c method=java.util.jar.Manifest$FastInputStream.readLine([BII)I @ 106 c2
Event: 3.687 Thread 0x00000271d0de9070 DEOPT PACKING pc=0x00000271e1beb74c sp=0x000000953c7fcdc0
Event: 3.688 Thread 0x00000271d0de9070 DEOPT UNPACKING pc=0x00000271e16669a3 sp=0x000000953c7fcd50 mode 2
Event: 3.917 Thread 0x00000271d0de9070 Uncommon trap: trap_request=0xffffff45 fr.pc=0x00000271e1c38950 relative=0x0000000000000730
Event: 3.917 Thread 0x00000271d0de9070 Uncommon trap: reason=unstable_if action=reinterpret pc=0x00000271e1c38950 method=java.lang.String.<init>([CIILjava/lang/Void;)V @ 5 c2
Event: 3.917 Thread 0x00000271d0de9070 DEOPT PACKING pc=0x00000271e1c38950 sp=0x000000953c7fd6d0
Event: 3.917 Thread 0x00000271d0de9070 DEOPT UNPACKING pc=0x00000271e16669a3 sp=0x000000953c7fd570 mode 2

Classes loaded (20 events):
Event: 3.792 Loading class jdk/internal/reflect/ByteVectorImpl
Event: 3.792 Loading class jdk/internal/reflect/ByteVector
Event: 3.792 Loading class jdk/internal/reflect/ByteVector done
Event: 3.792 Loading class jdk/internal/reflect/ByteVectorImpl done
Event: 3.792 Loading class jdk/internal/reflect/ClassFileAssembler
Event: 3.792 Loading class jdk/internal/reflect/ClassFileAssembler done
Event: 3.792 Loading class jdk/internal/reflect/UTF8
Event: 3.792 Loading class jdk/internal/reflect/UTF8 done
Event: 3.793 Loading class jdk/internal/reflect/Label
Event: 3.793 Loading class jdk/internal/reflect/Label done
Event: 3.793 Loading class jdk/internal/reflect/Label$PatchInfo
Event: 3.793 Loading class jdk/internal/reflect/Label$PatchInfo done
Event: 3.794 Loading class jdk/internal/reflect/MethodAccessorGenerator$1
Event: 3.794 Loading class jdk/internal/reflect/MethodAccessorGenerator$1 done
Event: 3.794 Loading class jdk/internal/reflect/ClassDefiner
Event: 3.794 Loading class jdk/internal/reflect/ClassDefiner done
Event: 3.794 Loading class jdk/internal/reflect/ClassDefiner$1
Event: 3.794 Loading class jdk/internal/reflect/ClassDefiner$1 done
Event: 3.794 Loading class jdk/internal/reflect/BootstrapConstructorAccessorImpl
Event: 3.794 Loading class jdk/internal/reflect/BootstrapConstructorAccessorImpl done

Classes unloaded (0 events):
No events

Classes redefined (0 events):
No events

Internal exceptions (20 events):
Event: 1.672 Thread 0x00000271fa191a50 Exception <a 'java/lang/NoSuchMethodError'{0x0000000712275990}: 'java.lang.Object java.lang.invoke.DirectMethodHandle$Holder.invokeStaticInit(java.lang.Object)'> (0x0000000712275990) 
thrown [s\src\hotspot\share\interpreter\linkResolver.cpp, line 759]
Event: 1.685 Thread 0x00000271fa191a50 Exception <a 'java/lang/NoSuchMethodError'{0x0000000712284308}: 'void java.lang.invoke.DirectMethodHandle$Holder.invokeStatic(java.lang.Object, java.lang.Object)'> (0x0000000712284308) 
thrown [s\src\hotspot\share\interpreter\linkResolver.cpp, line 759]
Event: 1.728 Thread 0x00000271d0de9070 Exception <a 'java/lang/NoSuchMethodError'{0x0000000712305760}: 'int java.lang.invoke.DirectMethodHandle$Holder.invokeSpecial(java.lang.Object, java.lang.Object, java.lang.Object)'> (0x0000000712305760) 
thrown [s\src\hotspot\share\interpreter\linkResolver.cpp, line 759]
Event: 2.081 Thread 0x00000271d0de9070 Exception <a 'java/lang/NullPointerException'{0x000000071217f260}> (0x000000071217f260) 
thrown [s\src\hotspot\share\interpreter\linkResolver.cpp, line 1350]
Event: 2.177 Thread 0x00000271d0de9070 Exception <a 'sun/nio/fs/WindowsException'{0x00000007121a8810}> (0x00000007121a8810) 
thrown [s\src\hotspot\share\prims\jni.cpp, line 516]
Event: 2.297 Thread 0x00000271d0de9070 Exception <a 'sun/nio/fs/WindowsException'{0x0000000711e29c98}> (0x0000000711e29c98) 
thrown [s\src\hotspot\share\prims\jni.cpp, line 516]
Event: 2.297 Thread 0x00000271d0de9070 Exception <a 'sun/nio/fs/WindowsException'{0x0000000711e2a350}> (0x0000000711e2a350) 
thrown [s\src\hotspot\share\prims\jni.cpp, line 516]
Event: 2.301 Thread 0x00000271d0de9070 Exception <a 'sun/nio/fs/WindowsException'{0x0000000711e2a8b0}> (0x0000000711e2a8b0) 
thrown [s\src\hotspot\share\prims\jni.cpp, line 516]
Event: 2.301 Thread 0x00000271d0de9070 Exception <a 'sun/nio/fs/WindowsException'{0x0000000711e2adc0}> (0x0000000711e2adc0) 
thrown [s\src\hotspot\share\prims\jni.cpp, line 516]
Event: 2.301 Thread 0x00000271d0de9070 Exception <a 'sun/nio/fs/WindowsException'{0x0000000711e2b288}> (0x0000000711e2b288) 
thrown [s\src\hotspot\share\prims\jni.cpp, line 516]
Event: 2.357 Thread 0x00000271d0de9070 Exception <a 'java/lang/NoSuchMethodError'{0x0000000711e7fee8}: 'void java.lang.invoke.DirectMethodHandle$Holder.invokeStaticInit(java.lang.Object, java.lang.Object)'> (0x0000000711e7fee8) 
thrown [s\src\hotspot\share\interpreter\linkResolver.cpp, line 759]
Event: 2.432 Thread 0x00000271d0de9070 Exception <a 'java/lang/NoSuchMethodError'{0x0000000711ecf240}: 'void java.lang.invoke.DirectMethodHandle$Holder.invokeStatic(java.lang.Object, java.lang.Object, java.lang.Object)'> (0x0000000711ecf240) 
thrown [s\src\hotspot\share\interpreter\linkResolver.cpp, line 759]
Event: 2.662 Thread 0x00000271d0de9070 Exception <a 'java/lang/NoSuchMethodError'{0x0000000711cd1bd8}: 'java.lang.Object java.lang.invoke.DirectMethodHandle$Holder.invokeSpecialIFC(java.lang.Object, java.lang.Object, java.lang.Object, java.lang.Object)'> (0x0000000711cd1bd8) 
thrown [s\src\hotspot\share\interpreter\linkResolver.cpp, line 759]
Event: 3.101 Thread 0x00000271d0de9070 Exception <a 'java/lang/NoSuchMethodError'{0x00000007116c1b88}: 'void java.lang.invoke.DirectMethodHandle$Holder.invokeSpecial(java.lang.Object, java.lang.Object, java.lang.Object)'> (0x00000007116c1b88) 
thrown [s\src\hotspot\share\interpreter\linkResolver.cpp, line 759]
Event: 3.169 Thread 0x00000271d0de9070 Exception <a 'java/lang/NoSuchMethodError'{0x0000000711428ee0}: 'java.lang.Object java.lang.invoke.DirectMethodHandle$Holder.invokeInterface(java.lang.Object, java.lang.Object)'> (0x0000000711428ee0) 
thrown [s\src\hotspot\share\interpreter\linkResolver.cpp, line 759]
Event: 3.204 Thread 0x00000271d0de9070 Exception <a 'java/lang/NoSuchMethodError'{0x00000007114d78f0}: 'java.lang.Object java.lang.invoke.Invokers$Holder.invokeExact_MT(java.lang.Object, java.lang.Object, java.lang.Object, java.lang.Object, java.lang.Object, java.lang.Object)'> (0x00000007114d78f0) 
thrown [s\src\hotspot\share\interpreter\linkResolver.cpp, line 759]
Event: 3.210 Thread 0x00000271d0de9070 Exception <a 'java/lang/NoSuchMethodError'{0x00000007114e90a0}: 'int java.lang.invoke.DirectMethodHandle$Holder.invokeSpecialIFC(java.lang.Object, java.lang.Object, java.lang.Object, java.lang.Object, java.lang.Object)'> (0x00000007114e90a0) 
thrown [s\src\hotspot\share\interpreter\linkResolver.cpp, line 759]
Event: 3.320 Thread 0x00000271d0de9070 Exception <a 'java/lang/NoSuchMethodError'{0x000000071129c3e8}: 'java.lang.Object java.lang.invoke.DirectMethodHandle$Holder.newInvokeSpecial(java.lang.Object, java.lang.Object, java.lang.Object, java.lang.Object, java.lang.Object)'> (0x000000071129c3e8) 
thrown [s\src\hotspot\share\interpreter\linkResolver.cpp, line 759]
Event: 3.387 Thread 0x00000271d0de9070 Exception <a 'java/lang/NoSuchMethodError'{0x00000007113a9cd8}: 'int java.lang.invoke.DirectMethodHandle$Holder.invokeStaticInit(java.lang.Object, java.lang.Object)'> (0x00000007113a9cd8) 
thrown [s\src\hotspot\share\interpreter\linkResolver.cpp, line 759]
Event: 3.406 Thread 0x00000271d0de9070 Exception <a 'java/lang/NoClassDefFoundError'{0x00000007113e43a8}: javax/enterprise/inject/Typed> (0x00000007113e43a8) 
thrown [s\src\hotspot\share\classfile\systemDictionary.cpp, line 245]

VM Operations (14 events):
Event: 0.901 Executing VM operation: HandshakeAllThreads
Event: 0.901 Executing VM operation: HandshakeAllThreads done
Event: 1.311 Executing VM operation: HandshakeAllThreads
Event: 1.669 Executing VM operation: HandshakeAllThreads done
Event: 1.669 Executing VM operation: Cleanup
Event: 1.670 Executing VM operation: Cleanup done
Event: 2.079 Executing VM operation: HandshakeAllThreads
Event: 2.079 Executing VM operation: HandshakeAllThreads done
Event: 2.101 Executing VM operation: HandshakeAllThreads
Event: 2.168 Executing VM operation: HandshakeAllThreads done
Event: 3.177 Executing VM operation: Cleanup
Event: 3.184 Executing VM operation: Cleanup done
Event: 3.495 Executing VM operation: G1CollectForAllocation
Event: 3.513 Executing VM operation: G1CollectForAllocation done

Events (17 events):
Event: 0.221 Thread 0x00000271d0de9070 Thread added: 0x00000271d0de9070
Event: 0.439 Thread 0x00000271f5ceba60 Thread added: 0x00000271f5ceba60
Event: 0.440 Thread 0x00000271f5cec8e0 Thread added: 0x00000271f5cec8e0
Event: 0.497 Thread 0x00000271f5cfe100 Thread added: 0x00000271f5cfe100
Event: 0.497 Thread 0x00000271fa0030a0 Thread added: 0x00000271fa0030a0
Event: 0.498 Thread 0x00000271fa003670 Thread added: 0x00000271fa003670
Event: 0.498 Thread 0x00000271fa004030 Thread added: 0x00000271fa004030
Event: 0.498 Thread 0x00000271fa004dd0 Thread added: 0x00000271fa004dd0
Event: 0.522 Thread 0x00000271fa071290 Thread added: 0x00000271fa071290
Event: 0.662 Thread 0x00000271fa0794a0 Thread added: 0x00000271fa0794a0
Event: 0.875 Thread 0x00000271f5cd1750 Thread added: 0x00000271f5cd1750
Event: 1.304 Thread 0x00000271fa191a50 Thread added: 0x00000271fa191a50
Event: 1.305 Thread 0x00000271fa191f30 Thread added: 0x00000271fa191f30
Event: 2.087 Thread 0x00000271fa41a8d0 Thread added: 0x00000271fa41a8d0
Event: 2.554 Thread 0x00000271fa41a8d0 Thread exited: 0x00000271fa41a8d0
Event: 2.890 Thread 0x00000271fa78cee0 Thread added: 0x00000271fa78cee0
Event: 3.491 Thread 0x00000271faafc7e0 Thread added: 0x00000271faafc7e0


Dynamic libraries:
0x00007ff74d930000 - 0x00007ff74d93e000 	C:\Users\ghofr\.jdks\corretto-17.0.12\bin\java.exe
0x00007ff8bc170000 - 0x00007ff8bc387000 	C:\WINDOWS\SYSTEM32\ntdll.dll
0x00007ff8ba490000 - 0x00007ff8ba554000 	C:\WINDOWS\System32\KERNEL32.DLL
0x00007ff8b9930000 - 0x00007ff8b9d03000 	C:\WINDOWS\System32\KERNELBASE.dll
0x00007ff8b9540000 - 0x00007ff8b9651000 	C:\WINDOWS\System32\ucrtbase.dll
0x00007ff8a7250000 - 0x00007ff8a7267000 	C:\Users\ghofr\.jdks\corretto-17.0.12\bin\jli.dll
0x00007ff8ba240000 - 0x00007ff8ba3f1000 	C:\WINDOWS\System32\USER32.dll
0x00007ff8b92b0000 - 0x00007ff8b92d6000 	C:\WINDOWS\System32\win32u.dll
0x00007ff8bb860000 - 0x00007ff8bb889000 	C:\WINDOWS\System32\GDI32.dll
0x00007ff8b9420000 - 0x00007ff8b953b000 	C:\WINDOWS\System32\gdi32full.dll
0x00007ff8b9890000 - 0x00007ff8b992a000 	C:\WINDOWS\System32\msvcp_win.dll
0x00007ff8a6e00000 - 0x00007ff8a6e1b000 	C:\Users\ghofr\.jdks\corretto-17.0.12\bin\VCRUNTIME140.dll
0x00007ff8a7ef0000 - 0x00007ff8a8188000 	C:\WINDOWS\WinSxS\amd64_microsoft.windows.common-controls_6595b64144ccf1df_6.0.22621.5124_none_270e8f4f7386d69d\COMCTL32.dll
0x00007ff8ba9b0000 - 0x00007ff8baa57000 	C:\WINDOWS\System32\msvcrt.dll
0x00007ff8b9f70000 - 0x00007ff8b9fa1000 	C:\WINDOWS\System32\IMM32.DLL
0x00007ff8a90a0000 - 0x00007ff8a90ac000 	C:\Users\ghofr\.jdks\corretto-17.0.12\bin\vcruntime140_1.dll
0x00007ff8a2a10000 - 0x00007ff8a2a9d000 	C:\Users\ghofr\.jdks\corretto-17.0.12\bin\msvcp140.dll
0x00007ff827d60000 - 0x00007ff8289ca000 	C:\Users\ghofr\.jdks\corretto-17.0.12\bin\server\jvm.dll
0x00007ff8baee0000 - 0x00007ff8baf91000 	C:\WINDOWS\System32\ADVAPI32.dll
0x00007ff8bb2a0000 - 0x00007ff8bb348000 	C:\WINDOWS\System32\sechost.dll
0x00007ff8b9280000 - 0x00007ff8b92a8000 	C:\WINDOWS\System32\bcrypt.dll
0x00007ff8bb680000 - 0x00007ff8bb794000 	C:\WINDOWS\System32\RPCRT4.dll
0x00007ff8ba570000 - 0x00007ff8ba5e1000 	C:\WINDOWS\System32\WS2_32.dll
0x00007ff8b8100000 - 0x00007ff8b814d000 	C:\WINDOWS\SYSTEM32\POWRPROF.dll
0x00007ff8b28e0000 - 0x00007ff8b2914000 	C:\WINDOWS\SYSTEM32\WINMM.dll
0x00007ff8b20d0000 - 0x00007ff8b20da000 	C:\WINDOWS\SYSTEM32\VERSION.dll
0x00007ff8b80e0000 - 0x00007ff8b80f3000 	C:\WINDOWS\SYSTEM32\UMPDC.dll
0x00007ff8b83a0000 - 0x00007ff8b83b8000 	C:\WINDOWS\SYSTEM32\kernel.appcore.dll
0x00007ff8a9080000 - 0x00007ff8a908a000 	C:\Users\ghofr\.jdks\corretto-17.0.12\bin\jimage.dll
0x00007ff8b6680000 - 0x00007ff8b68b2000 	C:\WINDOWS\SYSTEM32\DBGHELP.DLL
0x00007ff8ba5f0000 - 0x00007ff8ba982000 	C:\WINDOWS\System32\combase.dll
0x00007ff8ba160000 - 0x00007ff8ba237000 	C:\WINDOWS\System32\OLEAUT32.dll
0x00007ff891b00000 - 0x00007ff891b32000 	C:\WINDOWS\SYSTEM32\dbgcore.DLL
0x00007ff8b9d10000 - 0x00007ff8b9d8b000 	C:\WINDOWS\System32\bcryptPrimitives.dll
0x00007ff8a7860000 - 0x00007ff8a786e000 	C:\Users\ghofr\.jdks\corretto-17.0.12\bin\instrument.dll
0x00007ff8a5880000 - 0x00007ff8a58a5000 	C:\Users\ghofr\.jdks\corretto-17.0.12\bin\java.dll
0x00007ff873190000 - 0x00007ff873267000 	C:\Users\ghofr\.jdks\corretto-17.0.12\bin\jsvml.dll
0x00007ff8bb890000 - 0x00007ff8bc126000 	C:\WINDOWS\System32\SHELL32.dll
0x00007ff8b92e0000 - 0x00007ff8b941f000 	C:\WINDOWS\System32\wintypes.dll
0x00007ff8b71b0000 - 0x00007ff8b7aca000 	C:\WINDOWS\SYSTEM32\windows.storage.dll
0x00007ff8b9e60000 - 0x00007ff8b9f6a000 	C:\WINDOWS\System32\SHCORE.dll
0x00007ff8bb100000 - 0x00007ff8bb163000 	C:\WINDOWS\System32\shlwapi.dll
0x00007ff8b91b0000 - 0x00007ff8b91db000 	C:\WINDOWS\SYSTEM32\profapi.dll
0x00007ff8a41b0000 - 0x00007ff8a41c8000 	C:\Users\ghofr\.jdks\corretto-17.0.12\bin\zip.dll
0x00007ff8a5760000 - 0x00007ff8a5779000 	C:\Users\ghofr\.jdks\corretto-17.0.12\bin\net.dll
0x00007ff8b50b0000 - 0x00007ff8b51dc000 	C:\WINDOWS\SYSTEM32\WINHTTP.dll
0x00007ff8b8820000 - 0x00007ff8b888a000 	C:\WINDOWS\system32\mswsock.dll
0x00007ff8a4850000 - 0x00007ff8a4866000 	C:\Users\ghofr\.jdks\corretto-17.0.12\bin\nio.dll
0x00007ff8a2b00000 - 0x00007ff8a2b1a000 	C:\Program Files\JetBrains\IntelliJ IDEA 2024.2.1\bin\breakgen64.dll
0x00007ff8a6020000 - 0x00007ff8a6029000 	C:\Users\ghofr\.jdks\corretto-17.0.12\bin\extnet.dll
0x00007ff8671f0000 - 0x00007ff867214000 	C:\Users\ghofr\AppData\Local\Temp\jansi-2.4.1-fdd6bb6a19b8b4f3-jansi.dll
0x00007ff8a5fd0000 - 0x00007ff8a5fe0000 	C:\Users\ghofr\.jdks\corretto-17.0.12\bin\verify.dll

dbghelp: loaded successfully - version: 4.0.5 - missing functions: none
symbol engine: initialized successfully - sym options: 0x614 - pdb path: .;C:\Users\ghofr\.jdks\corretto-17.0.12\bin;C:\WINDOWS\SYSTEM32;C:\WINDOWS\WinSxS\amd64_microsoft.windows.common-controls_6595b64144ccf1df_6.0.22621.5124_none_270e8f4f7386d69d;C:\Users\ghofr\.jdks\corretto-17.0.12\bin\server;C:\Program Files\JetBrains\IntelliJ IDEA 2024.2.1\bin;C:\Users\ghofr\AppData\Local\Temp

VM Arguments:
jvm_args: -Dmaven.multiModuleProjectDirectory=C:\Users\ghofr\IdeaProjects\GestionReclamation -Djansi.passthrough=true -Dmaven.home=C:\Program Files\JetBrains\IntelliJ IDEA 2024.2.1\plugins\maven\lib\maven3 -Dclassworlds.conf=C:\Program Files\JetBrains\IntelliJ IDEA 2024.2.1\plugins\maven\lib\maven3\bin\m2.conf -Dmaven.ext.class.path=C:\Program Files\JetBrains\IntelliJ IDEA 2024.2.1\plugins\maven\lib\maven-event-listener.jar -javaagent:C:\Program Files\JetBrains\IntelliJ IDEA 2024.2.1\lib\idea_rt.jar=64377:C:\Program Files\JetBrains\IntelliJ IDEA 2024.2.1\bin -Dfile.encoding=UTF-8 
java_command: org.codehaus.classworlds.Launcher -Didea.version=2024.2.1 compile
java_class_path (initial): C:\Program Files\JetBrains\IntelliJ IDEA 2024.2.1\plugins\maven\lib\maven3\boot\plexus-classworlds-2.8.0.jar;C:\Program Files\JetBrains\IntelliJ IDEA 2024.2.1\plugins\maven\lib\maven3\boot\plexus-classworlds.license
Launcher Type: SUN_STANDARD

[Global flags]
     intx CICompilerCount                          = 4                                         {product} {ergonomic}
     uint ConcGCThreads                            = 2                                         {product} {ergonomic}
     uint G1ConcRefinementThreads                  = 8                                         {product} {ergonomic}
   size_t G1HeapRegionSize                         = 2097152                                   {product} {ergonomic}
    uintx GCDrainStackTargetSize                   = 64                                        {product} {ergonomic}
   size_t InitialHeapSize                          = 266338304                                 {product} {ergonomic}
   size_t MarkStackSize                            = 4194304                                   {product} {ergonomic}
   size_t MaxHeapSize                              = 4253024256                                {product} {ergonomic}
   size_t MaxNewSize                               = 2550136832                                {product} {ergonomic}
   size_t MinHeapDeltaBytes                        = 2097152                                   {product} {ergonomic}
   size_t MinHeapSize                              = 8388608                                   {product} {ergonomic}
    uintx NonNMethodCodeHeapSize                   = 5839372                                {pd product} {ergonomic}
    uintx NonProfiledCodeHeapSize                  = 122909434                              {pd product} {ergonomic}
    uintx ProfiledCodeHeapSize                     = 122909434                              {pd product} {ergonomic}
    uintx ReservedCodeCacheSize                    = 251658240                              {pd product} {ergonomic}
     bool SegmentedCodeCache                       = true                                      {product} {ergonomic}
   size_t SoftMaxHeapSize                          = 4253024256                             {manageable} {ergonomic}
     bool UseCompressedClassPointers               = true                           {product lp64_product} {ergonomic}
     bool UseCompressedOops                        = true                           {product lp64_product} {ergonomic}
     bool UseG1GC                                  = true                                      {product} {ergonomic}
     bool UseLargePagesIndividualAllocation        = false                                  {pd product} {ergonomic}

Logging:
Log output configuration:
 #0: stdout all=warning uptime,level,tags
 #1: stderr all=off uptime,level,tags

Environment Variables:
PATH=C:\Program Files (x86)\VMware\VMware Workstation\bin\;C:\oraclexe\app\oracle\product\11.2.0\server\bin;C:\Program Files (x86)\Common Files\Intel\Shared Libraries\redist\intel64\compiler;C:\Windows\system32;C:\Windows;C:\Windows\System32\Wbem;C:\Windows\System32\WindowsPowerShell\v1.0\;C:\Windows\System32\OpenSSH\;C:\Program Files (x86)\NVIDIA Corporation\PhysX\Common;C:\Program Files\NVIDIA Corporation\NVIDIA NvDLISR;C:\WINDOWS\system32;C:\WINDOWS;C:\WINDOWS\System32\Wbem;C:\WINDOWS\System32\WindowsPowerShell\v1.0\;C:\WINDOWS\System32\OpenSSH\;C:\Strawberry\c\bin;C:\Strawberry\perl\site\bin;C:\Strawberry\perl\bin;C:\instantclient12_2\1;C:\oraclexe\app\oracle\admin\XE;C:\oraclexe;C:\Program Files\Git\cmd;C:\Users\ghofr\.jdks\jbr-17.0.12-1;C:\Users\ghofr\scoop\shims;C:\Users\ghofr\AppData\Local\Microsoft\WindowsApps;;C:\Users\ghofr\AppData\Local\Programs\Microsoft VS Code\bin;C:\xampp\php;C:\Users\ghofr\AppData\Local\ComposerSetup\bin;C:\Users\ghofr\AppData\Roaming\Composer\vendor\bin;C:\Program Files\JetBrains\IntelliJ IDEA 2024.2.1\bin;;C:\Users\ghofr\AppData\Local\Programs\Windsurf\bin;C:\Users\ghofr\AppData\Local\Programs\cursor\resources\app\bin
USERNAME=ghofr
OS=Windows_NT
PROCESSOR_IDENTIFIER=Intel64 Family 6 Model 165 Stepping 2, GenuineIntel
TMP=C:\Users\ghofr\AppData\Local\Temp
TEMP=C:\Users\ghofr\AppData\Local\Temp



Periodic native trim disabled


---------------  S Y S T E M  ---------------

OS:
 Windows 11 , 64 bit Build 22621 (10.0.22621.5124)
OS uptime: 5 days 5:35 hours

CPU: total 8 (initial active 8) (4 cores per cpu, 2 threads per core) family 6 model 165 stepping 2 microcode 0xe0, cx8, cmov, fxsr, ht, mmx, 3dnowpref, sse, sse2, sse3, ssse3, sse4.1, sse4.2, popcnt, lzcnt, tsc, tscinvbit, avx, avx2, aes, erms, clmul, bmi1, bmi2, adx, fma, vzeroupper, clflush, clflushopt
Processor Information for all 8 processors :
  Max Mhz: 2496, Current Mhz: 2496, Mhz Limit: 2496

Memory: 4k page, system-wide physical 16221M (1275M free)
TotalPageFile size 65373M (AvailPageFile size 5M)
current process WorkingSet (physical memory assigned to process): 84M, peak: 84M
current process commit charge ("private bytes"): 360M, peak: 361M

vm_info: OpenJDK 64-Bit Server VM (17.0.12+7-LTS) for windows-amd64 JRE (17.0.12+7-LTS), built on Jul 10 2024 20:46:33 by "Administrator" with MS VC++ 16.10 / 16.11 (VS2019)

END.
