#
# There is insufficient memory for the Java Runtime Environment to continue.
# Native memory allocation (mmap) failed to map 65536 bytes. Error detail: Failed to commit metaspace.
# Possible reasons:
#   The system is out of physical RAM or swap space
#   This process is running with CompressedOops enabled, and the Java Heap may be blocking the growth of the native heap
# Possible solutions:
#   Reduce memory load on the system
#   Increase physical memory or swap space
#   Check if swap backing store is full
#   Decrease Java heap size (-Xmx/-Xms)
#   Decrease number of Java threads
#   Decrease Java thread stack sizes (-Xss)
#   Set larger code cache with -XX:ReservedCodeCacheSize=
#   JVM is running with Zero Based Compressed Oops mode in which the Java heap is
#     placed in the first 32GB address space. The Java Heap base address is the
#     maximum limit for the native heap growth. Please use -XX:HeapBaseMinAddress
#     to set the Java Heap base and to place the Java Heap above 32GB virtual address.
# This output file may be truncated or incomplete.
#
#  Out of Memory Error (virtualSpaceNode.cpp:110), pid=47196, tid=59456
#
# JRE version: OpenJDK Runtime Environment Corretto-17.0.12.7.1 (17.0.12+7) (build 17.0.12+7-LTS)
# Java VM: OpenJDK 64-Bit Server VM Corretto-17.0.12.7.1 (17.0.12+7-LTS, mixed mode, sharing, tiered, compressed oops, compressed class ptrs, g1 gc, windows-amd64)
# No core dump will be written. Minidumps are not enabled by default on client versions of Windows
#

---------------  S U M M A R Y ------------

Command Line: -Dmaven.multiModuleProjectDirectory=C:\Users\ghofr\IdeaProjects\GestionReclamation -Djansi.passthrough=true -Dmaven.home=C:\Program Files\JetBrains\IntelliJ IDEA 2024.2.1\plugins\maven\lib\maven3 -Dclassworlds.conf=C:\Program Files\JetBrains\IntelliJ IDEA 2024.2.1\plugins\maven\lib\maven3\bin\m2.conf -Dmaven.ext.class.path=C:\Program Files\JetBrains\IntelliJ IDEA 2024.2.1\plugins\maven\lib\maven-event-listener.jar -javaagent:C:\Program Files\JetBrains\IntelliJ IDEA 2024.2.1\lib\idea_rt.jar=49335:C:\Program Files\JetBrains\IntelliJ IDEA 2024.2.1\bin -Dfile.encoding=UTF-8 org.codehaus.classworlds.Launcher -Didea.version=2024.2.1 compile

Host: Intel(R) Core(TM) i5-10300H CPU @ 2.50GHz, 8 cores, 15G,  Windows 11 , 64 bit Build 22621 (10.0.22621.5124)
Time: Sat Apr 19 15:09:49 2025 Afr. centrale Ouest elapsed time: 22.156319 seconds (0d 0h 0m 22s)

---------------  T H R E A D  ---------------

Current thread (0x0000027682107780):  JavaThread "main" [_thread_in_vm, id=59456, stack(0x000000b9bb800000,0x000000b9bb900000)]

Stack: [0x000000b9bb800000,0x000000b9bb900000]
Native frames: (J=compiled Java code, j=interpreted, Vv=VM code, C=native code)
V  [jvm.dll+0x67f4f9]
V  [jvm.dll+0x836eaa]
V  [jvm.dll+0x83896e]
V  [jvm.dll+0x838fd3]
V  [jvm.dll+0x247f6f]
V  [jvm.dll+0x832b5d]
V  [jvm.dll+0x623a6e]
V  [jvm.dll+0x623ada]
V  [jvm.dll+0x6262f4]
V  [jvm.dll+0x624416]
V  [jvm.dll+0x23c2ff]
V  [jvm.dll+0x62e305]
V  [jvm.dll+0x1ebd5b]
V  [jvm.dll+0x1ec295]
V  [jvm.dll+0x1ecd52]
V  [jvm.dll+0x1e2141]
V  [jvm.dll+0x54429e]
V  [jvm.dll+0x1f2bc7]
V  [jvm.dll+0x7b027b]
V  [jvm.dll+0x7b1649]
V  [jvm.dll+0x7b1998]
V  [jvm.dll+0x2400fe]
V  [jvm.dll+0x24035f]
V  [jvm.dll+0x5623c8]
V  [jvm.dll+0x5652d7]
V  [jvm.dll+0x387052]
V  [jvm.dll+0x3866bf]
C  0x000002769117a623

The last pc belongs to invokestatic (printed below).
Java frames: (J=compiled Java code, j=interpreted, Vv=VM code)
j  java.nio.file.spi.FileSystemProvider.newInputStream(Ljava/nio/file/Path;[Ljava/nio/file/OpenOption;)Ljava/io/InputStream;+103 java.base@17.0.12
j  java.nio.file.Files.newInputStream(Ljava/nio/file/Path;[Ljava/nio/file/OpenOption;)Ljava/io/InputStream;+6 java.base@17.0.12
j  org.codehaus.plexus.classworlds.launcher.Launcher.mainWithExitCode([Ljava/lang/String;)I+44
j  org.codehaus.plexus.classworlds.launcher.Launcher.main([Ljava/lang/String;)V+1
j  org.codehaus.classworlds.Launcher.main([Ljava/lang/String;)V+1
v  ~StubRoutines::call_stub
invokestatic  184 invokestatic  [0x000002769117a580, 0x000002769117a860]  736 bytes
[MachCode]
  0x000002769117a580: 4883 ec08 | c5fa 1104 | 24eb 1f48 | 83ec 10c5 | fb11 0424 | eb14 4883 | ec10 4889 | 0424 48c7 
  0x000002769117a5a0: 4424 0800 | 0000 00eb | 0150 4c89 | 6dc0 410f | b755 0148 | 8b4d d0c1 | e202 8b5c | d120 c1eb 
  0x000002769117a5c0: 1081 e3ff | 0000 0081 | fbb8 0000 | 000f 84b6 | 0000 00bb | b800 0000 | e805 0000 | 00e9 9b00 
  0x000002769117a5e0: 0000 488b | d348 8d44 | 2408 4c89 | 6dc0 498b | cfc5 f877 | 4989 afa8 | 0200 0049 | 8987 9802 
  0x000002769117a600: 0000 4883 | ec20 f7c4 | 0f00 0000 | 0f84 1a00 | 0000 4883 | ec08 49ba | 5066 0e28 | f87f 0000 
  0x000002769117a620: 41ff d248 | 83c4 08e9 | 0d00 0000 | 49ba 5066 | 0e28 f87f | 0000 41ff | d248 83c4 | 2049 c787 
  0x000002769117a640: 9802 0000 | 0000 0000 | 49c7 87a8 | 0200 0000 | 0000 0049 | c787 a002 | 0000 0000 | 0000 c5f8 
  0x000002769117a660: 7749 817f | 0800 0000 | 000f 8405 | 0000 00e9 | 8c68 feff | 4c8b 6dc0 | 4c8b 75c8 | c341 0fb7 
  0x000002769117a680: 5501 488b | 4dd0 c1e2 | 0248 8b5c | d128 488b | 5b08 488b | 5b08 488b | 5b18 80bb | 3301 0000 
  0x000002769117a6a0: 040f 840d | 0000 004c | 3bbb 3801 | 0000 0f85 | 1fff ffff | 488b 5cd1 | 288b 54d1 | 38c1 ea1c 
  0x000002769117a6c0: 49ba a0e1 | 9028 f87f | 0000 498b | 14d2 5248 | 8b45 d848 | 85c0 0f84 | 1200 0000 | 4883 4008 
  0x000002769117a6e0: 0148 8358 | 0800 4883 | c010 4889 | 45d8 488b | 45d8 4885 | c00f 8457 | 0100 0080 | 78f0 0a0f 
  0x000002769117a700: 854d 0100 | 0048 83c0 | 084c 8b68 | f841 83ed | 0041 83fd | 020f 8c2c | 0100 004c | 8b6b 0845 
  0x000002769117a720: 0fb7 6d2c | 4c2b 2841 | 83ed 014e | 8b6c ec08 | 4d85 ed75 | 1248 f740 | 0801 0000 | 0075 61f0 
  0x000002769117a740: 4883 4808 | 01eb 5945 | 8b6d 0849 | ba00 0000 | a676 0200 | 004d 03ea | 4d8b d54c | 3368 0849 
  0x000002769117a760: f7c5 fcff | ffff 7438 | 49f7 c502 | 0000 0075 | 2f48 8178 | 0800 0000 | 0074 2148 | 8178 0801 
  0x000002769117a780: 0000 0074 | 174d 8bea | 4c33 6808 | 49f7 c5fc | ffff ff74 | 0b48 8348 | 0802 eb04 | 4c89 6808 
  0x000002769117a7a0: 4883 c010 | 4c8b 68e8 | 4183 ed02 | 4183 fd02 | 0f8c 9100 | 0000 4c8b | 6b08 450f | b76d 2c4c 
  0x000002769117a7c0: 2b28 4183 | ed01 4e8b | 6cec 084d | 85ed 7512 | 48f7 4008 | 0100 0000 | 7561 f048 | 8348 0801 
  0x000002769117a7e0: eb59 458b | 6d08 49ba | 0000 00a6 | 7602 0000 | 4d03 ea4d | 8bd5 4c33 | 6808 49f7 | c5fc ffff 
  0x000002769117a800: ff74 3849 | f7c5 0200 | 0000 752f | 4881 7808 | 0000 0000 | 7421 4881 | 7808 0100 | 0000 7417 
  0x000002769117a820: 4d8b ea4c | 3368 0849 | f7c5 fcff | ffff 740b | 4883 4808 | 02eb 044c | 8968 0848 | 83c0 104c 
  0x000002769117a840: 8b68 d841 | 83ed 0441 | c1e5 0349 | 03c5 4889 | 45d8 4c8d | 6c24 084c | 896d f0ff | 6350 6690 
[/MachCode]

---------------  P R O C E S S  ---------------

Threads class SMR info:
_java_thread_list=0x00000276a52d67e0, length=13, elements={
0x0000027682107780, 0x00000276a507c910, 0x00000276a507d790, 0x00000276a508e210,
0x00000276a51c30a0, 0x00000276a51c5980, 0x00000276a51c6250, 0x00000276a51c6ff0,
0x00000276a51c8dc0, 0x00000276a51cc620, 0x00000276a5062700, 0x00000276a52e4c70,
0x00000276a531ee70
}

Java Threads: ( => current thread )
=>0x0000027682107780 JavaThread "main" [_thread_in_vm, id=59456, stack(0x000000b9bb800000,0x000000b9bb900000)]
  0x00000276a507c910 JavaThread "Reference Handler" daemon [_thread_blocked, id=62372, stack(0x000000b9bbf00000,0x000000b9bc000000)]
  0x00000276a507d790 JavaThread "Finalizer" daemon [_thread_blocked, id=62368, stack(0x000000b9bc000000,0x000000b9bc100000)]
  0x00000276a508e210 JavaThread "Signal Dispatcher" daemon [_thread_blocked, id=63496, stack(0x000000b9bc100000,0x000000b9bc200000)]
  0x00000276a51c30a0 JavaThread "Attach Listener" daemon [_thread_blocked, id=63500, stack(0x000000b9bc200000,0x000000b9bc300000)]
  0x00000276a51c5980 JavaThread "Service Thread" daemon [_thread_blocked, id=63504, stack(0x000000b9bc300000,0x000000b9bc400000)]
  0x00000276a51c6250 JavaThread "Monitor Deflation Thread" daemon [_thread_blocked, id=63508, stack(0x000000b9bc400000,0x000000b9bc500000)]
  0x00000276a51c6ff0 JavaThread "C2 CompilerThread0" daemon [_thread_blocked, id=63512, stack(0x000000b9bc500000,0x000000b9bc600000)]
  0x00000276a51c8dc0 JavaThread "C1 CompilerThread0" daemon [_thread_blocked, id=63560, stack(0x000000b9bc600000,0x000000b9bc700000)]
  0x00000276a51cc620 JavaThread "Sweeper thread" daemon [_thread_blocked, id=63568, stack(0x000000b9bc700000,0x000000b9bc800000)]
  0x00000276a5062700 JavaThread "Common-Cleaner" daemon [_thread_blocked, id=63664, stack(0x000000b9bc800000,0x000000b9bc900000)]
  0x00000276a52e4c70 JavaThread "Monitor Ctrl-Break" daemon [_thread_in_vm, id=63816, stack(0x000000b9bc900000,0x000000b9bca00000)]
  0x00000276a531ee70 JavaThread "Notification Thread" daemon [_thread_blocked, id=63820, stack(0x000000b9bca00000,0x000000b9bcb00000)]

Other Threads:
  0x00000276a5075160 VMThread "VM Thread" [stack: 0x000000b9bbe00000,0x000000b9bbf00000] [id=63440] _threads_hazard_ptr=0x00000276a52d67e0
  0x00000276a52e5150 WatcherThread [stack: 0x000000b9bcb00000,0x000000b9bcc00000] [id=63824]
  0x0000027682175470 GCTaskThread "GC Thread#0" [stack: 0x000000b9bb900000,0x000000b9bba00000] [id=62980]
  0x0000027682186140 ConcurrentGCThread "G1 Main Marker" [stack: 0x000000b9bba00000,0x000000b9bbb00000] [id=62992]
  0x0000027682186b60 ConcurrentGCThread "G1 Conc#0" [stack: 0x000000b9bbb00000,0x000000b9bbc00000] [id=63000]
  0x00000276821bd350 ConcurrentGCThread "G1 Refine#0" [stack: 0x000000b9bbc00000,0x000000b9bbd00000] [id=63028]
  0x00000276821bdd80 ConcurrentGCThread "G1 Service" [stack: 0x000000b9bbd00000,0x000000b9bbe00000] [id=63032]

Threads with active compile tasks:

VM state: synchronizing (normal execution)

VM Mutex/Monitor currently owned by a thread:  ([mutex/lock_event])
[0x00000276820efec0] Metaspace_lock - owner thread: 0x0000027682107780
[0x00000276821047d0] Threads_lock - owner thread: 0x00000276a5075160

Heap address: 0x0000000702800000, size: 4056 MB, Compressed Oops mode: Zero based, Oop shift amount: 3

CDS archive(s) mapped at: [0x00000276a6000000-0x00000276a6bb0000-0x00000276a6bb0000), size 12255232, SharedBaseAddress: 0x00000276a6000000, ArchiveRelocationMode: 1.
Compressed class space mapped at: 0x00000276a7000000-0x00000276e7000000, reserved size: 1073741824
Narrow klass base: 0x00000276a6000000, Narrow klass shift: 0, Narrow klass range: 0x100000000

GC Precious Log:
 CPUs: 8 total, 8 available
 Memory: 16221M
 Large Page Support: Disabled
 NUMA Support: Disabled
 Compressed Oops: Enabled (Zero based)
 Heap Region Size: 2M
 Heap Min Capacity: 8M
 Heap Initial Capacity: 254M
 Heap Max Capacity: 4056M
 Pre-touch: Disabled
 Parallel Workers: 8
 Concurrent Workers: 2
 Concurrent Refinement Workers: 8
 Periodic GC: Disabled

Heap:
 garbage-first heap   total 260096K, used 2048K [0x0000000702800000, 0x0000000800000000)
  region size 2048K, 2 young (4096K), 0 survivors (0K)
 Metaspace       used 524K, committed 640K, reserved 1114112K
  class space    used 36K, committed 128K, reserved 1048576K

Heap Regions: E=young(eden), S=young(survivor), O=old, HS=humongous(starts), HC=humongous(continues), CS=collection set, F=free, OA=open archive, CA=closed archive, TAMS=top-at-mark-start (previous, next)
|   0|0x0000000702800000, 0x0000000702800000, 0x0000000702a00000|  0%| F|  |TAMS 0x0000000702800000, 0x0000000702800000| Untracked 
|   1|0x0000000702a00000, 0x0000000702a00000, 0x0000000702c00000|  0%| F|  |TAMS 0x0000000702a00000, 0x0000000702a00000| Untracked 
|   2|0x0000000702c00000, 0x0000000702c00000, 0x0000000702e00000|  0%| F|  |TAMS 0x0000000702c00000, 0x0000000702c00000| Untracked 
|   3|0x0000000702e00000, 0x0000000702e00000, 0x0000000703000000|  0%| F|  |TAMS 0x0000000702e00000, 0x0000000702e00000| Untracked 
|   4|0x0000000703000000, 0x0000000703000000, 0x0000000703200000|  0%| F|  |TAMS 0x0000000703000000, 0x0000000703000000| Untracked 
|   5|0x0000000703200000, 0x0000000703200000, 0x0000000703400000|  0%| F|  |TAMS 0x0000000703200000, 0x0000000703200000| Untracked 
|   6|0x0000000703400000, 0x0000000703400000, 0x0000000703600000|  0%| F|  |TAMS 0x0000000703400000, 0x0000000703400000| Untracked 
|   7|0x0000000703600000, 0x0000000703600000, 0x0000000703800000|  0%| F|  |TAMS 0x0000000703600000, 0x0000000703600000| Untracked 
|   8|0x0000000703800000, 0x0000000703800000, 0x0000000703a00000|  0%| F|  |TAMS 0x0000000703800000, 0x0000000703800000| Untracked 
|   9|0x0000000703a00000, 0x0000000703a00000, 0x0000000703c00000|  0%| F|  |TAMS 0x0000000703a00000, 0x0000000703a00000| Untracked 
|  10|0x0000000703c00000, 0x0000000703c00000, 0x0000000703e00000|  0%| F|  |TAMS 0x0000000703c00000, 0x0000000703c00000| Untracked 
|  11|0x0000000703e00000, 0x0000000703e00000, 0x0000000704000000|  0%| F|  |TAMS 0x0000000703e00000, 0x0000000703e00000| Untracked 
|  12|0x0000000704000000, 0x0000000704000000, 0x0000000704200000|  0%| F|  |TAMS 0x0000000704000000, 0x0000000704000000| Untracked 
|  13|0x0000000704200000, 0x0000000704200000, 0x0000000704400000|  0%| F|  |TAMS 0x0000000704200000, 0x0000000704200000| Untracked 
|  14|0x0000000704400000, 0x0000000704400000, 0x0000000704600000|  0%| F|  |TAMS 0x0000000704400000, 0x0000000704400000| Untracked 
|  15|0x0000000704600000, 0x0000000704600000, 0x0000000704800000|  0%| F|  |TAMS 0x0000000704600000, 0x0000000704600000| Untracked 
|  16|0x0000000704800000, 0x0000000704800000, 0x0000000704a00000|  0%| F|  |TAMS 0x0000000704800000, 0x0000000704800000| Untracked 
|  17|0x0000000704a00000, 0x0000000704a00000, 0x0000000704c00000|  0%| F|  |TAMS 0x0000000704a00000, 0x0000000704a00000| Untracked 
|  18|0x0000000704c00000, 0x0000000704c00000, 0x0000000704e00000|  0%| F|  |TAMS 0x0000000704c00000, 0x0000000704c00000| Untracked 
|  19|0x0000000704e00000, 0x0000000704e00000, 0x0000000705000000|  0%| F|  |TAMS 0x0000000704e00000, 0x0000000704e00000| Untracked 
|  20|0x0000000705000000, 0x0000000705000000, 0x0000000705200000|  0%| F|  |TAMS 0x0000000705000000, 0x0000000705000000| Untracked 
|  21|0x0000000705200000, 0x0000000705200000, 0x0000000705400000|  0%| F|  |TAMS 0x0000000705200000, 0x0000000705200000| Untracked 
|  22|0x0000000705400000, 0x0000000705400000, 0x0000000705600000|  0%| F|  |TAMS 0x0000000705400000, 0x0000000705400000| Untracked 
|  23|0x0000000705600000, 0x0000000705600000, 0x0000000705800000|  0%| F|  |TAMS 0x0000000705600000, 0x0000000705600000| Untracked 
|  24|0x0000000705800000, 0x0000000705800000, 0x0000000705a00000|  0%| F|  |TAMS 0x0000000705800000, 0x0000000705800000| Untracked 
|  25|0x0000000705a00000, 0x0000000705a00000, 0x0000000705c00000|  0%| F|  |TAMS 0x0000000705a00000, 0x0000000705a00000| Untracked 
|  26|0x0000000705c00000, 0x0000000705c00000, 0x0000000705e00000|  0%| F|  |TAMS 0x0000000705c00000, 0x0000000705c00000| Untracked 
|  27|0x0000000705e00000, 0x0000000705e00000, 0x0000000706000000|  0%| F|  |TAMS 0x0000000705e00000, 0x0000000705e00000| Untracked 
|  28|0x0000000706000000, 0x0000000706000000, 0x0000000706200000|  0%| F|  |TAMS 0x0000000706000000, 0x0000000706000000| Untracked 
|  29|0x0000000706200000, 0x0000000706200000, 0x0000000706400000|  0%| F|  |TAMS 0x0000000706200000, 0x0000000706200000| Untracked 
|  30|0x0000000706400000, 0x0000000706400000, 0x0000000706600000|  0%| F|  |TAMS 0x0000000706400000, 0x0000000706400000| Untracked 
|  31|0x0000000706600000, 0x0000000706600000, 0x0000000706800000|  0%| F|  |TAMS 0x0000000706600000, 0x0000000706600000| Untracked 
|  32|0x0000000706800000, 0x0000000706800000, 0x0000000706a00000|  0%| F|  |TAMS 0x0000000706800000, 0x0000000706800000| Untracked 
|  33|0x0000000706a00000, 0x0000000706a00000, 0x0000000706c00000|  0%| F|  |TAMS 0x0000000706a00000, 0x0000000706a00000| Untracked 
|  34|0x0000000706c00000, 0x0000000706c00000, 0x0000000706e00000|  0%| F|  |TAMS 0x0000000706c00000, 0x0000000706c00000| Untracked 
|  35|0x0000000706e00000, 0x0000000706e00000, 0x0000000707000000|  0%| F|  |TAMS 0x0000000706e00000, 0x0000000706e00000| Untracked 
|  36|0x0000000707000000, 0x0000000707000000, 0x0000000707200000|  0%| F|  |TAMS 0x0000000707000000, 0x0000000707000000| Untracked 
|  37|0x0000000707200000, 0x0000000707200000, 0x0000000707400000|  0%| F|  |TAMS 0x0000000707200000, 0x0000000707200000| Untracked 
|  38|0x0000000707400000, 0x0000000707400000, 0x0000000707600000|  0%| F|  |TAMS 0x0000000707400000, 0x0000000707400000| Untracked 
|  39|0x0000000707600000, 0x0000000707600000, 0x0000000707800000|  0%| F|  |TAMS 0x0000000707600000, 0x0000000707600000| Untracked 
|  40|0x0000000707800000, 0x0000000707800000, 0x0000000707a00000|  0%| F|  |TAMS 0x0000000707800000, 0x0000000707800000| Untracked 
|  41|0x0000000707a00000, 0x0000000707a00000, 0x0000000707c00000|  0%| F|  |TAMS 0x0000000707a00000, 0x0000000707a00000| Untracked 
|  42|0x0000000707c00000, 0x0000000707c00000, 0x0000000707e00000|  0%| F|  |TAMS 0x0000000707c00000, 0x0000000707c00000| Untracked 
|  43|0x0000000707e00000, 0x0000000707e00000, 0x0000000708000000|  0%| F|  |TAMS 0x0000000707e00000, 0x0000000707e00000| Untracked 
|  44|0x0000000708000000, 0x0000000708000000, 0x0000000708200000|  0%| F|  |TAMS 0x0000000708000000, 0x0000000708000000| Untracked 
|  45|0x0000000708200000, 0x0000000708200000, 0x0000000708400000|  0%| F|  |TAMS 0x0000000708200000, 0x0000000708200000| Untracked 
|  46|0x0000000708400000, 0x0000000708400000, 0x0000000708600000|  0%| F|  |TAMS 0x0000000708400000, 0x0000000708400000| Untracked 
|  47|0x0000000708600000, 0x0000000708600000, 0x0000000708800000|  0%| F|  |TAMS 0x0000000708600000, 0x0000000708600000| Untracked 
|  48|0x0000000708800000, 0x0000000708800000, 0x0000000708a00000|  0%| F|  |TAMS 0x0000000708800000, 0x0000000708800000| Untracked 
|  49|0x0000000708a00000, 0x0000000708a00000, 0x0000000708c00000|  0%| F|  |TAMS 0x0000000708a00000, 0x0000000708a00000| Untracked 
|  50|0x0000000708c00000, 0x0000000708c00000, 0x0000000708e00000|  0%| F|  |TAMS 0x0000000708c00000, 0x0000000708c00000| Untracked 
|  51|0x0000000708e00000, 0x0000000708e00000, 0x0000000709000000|  0%| F|  |TAMS 0x0000000708e00000, 0x0000000708e00000| Untracked 
|  52|0x0000000709000000, 0x0000000709000000, 0x0000000709200000|  0%| F|  |TAMS 0x0000000709000000, 0x0000000709000000| Untracked 
|  53|0x0000000709200000, 0x0000000709200000, 0x0000000709400000|  0%| F|  |TAMS 0x0000000709200000, 0x0000000709200000| Untracked 
|  54|0x0000000709400000, 0x0000000709400000, 0x0000000709600000|  0%| F|  |TAMS 0x0000000709400000, 0x0000000709400000| Untracked 
|  55|0x0000000709600000, 0x0000000709600000, 0x0000000709800000|  0%| F|  |TAMS 0x0000000709600000, 0x0000000709600000| Untracked 
|  56|0x0000000709800000, 0x0000000709800000, 0x0000000709a00000|  0%| F|  |TAMS 0x0000000709800000, 0x0000000709800000| Untracked 
|  57|0x0000000709a00000, 0x0000000709a00000, 0x0000000709c00000|  0%| F|  |TAMS 0x0000000709a00000, 0x0000000709a00000| Untracked 
|  58|0x0000000709c00000, 0x0000000709c00000, 0x0000000709e00000|  0%| F|  |TAMS 0x0000000709c00000, 0x0000000709c00000| Untracked 
|  59|0x0000000709e00000, 0x0000000709e00000, 0x000000070a000000|  0%| F|  |TAMS 0x0000000709e00000, 0x0000000709e00000| Untracked 
|  60|0x000000070a000000, 0x000000070a000000, 0x000000070a200000|  0%| F|  |TAMS 0x000000070a000000, 0x000000070a000000| Untracked 
|  61|0x000000070a200000, 0x000000070a200000, 0x000000070a400000|  0%| F|  |TAMS 0x000000070a200000, 0x000000070a200000| Untracked 
|  62|0x000000070a400000, 0x000000070a400000, 0x000000070a600000|  0%| F|  |TAMS 0x000000070a400000, 0x000000070a400000| Untracked 
|  63|0x000000070a600000, 0x000000070a600000, 0x000000070a800000|  0%| F|  |TAMS 0x000000070a600000, 0x000000070a600000| Untracked 
|  64|0x000000070a800000, 0x000000070a800000, 0x000000070aa00000|  0%| F|  |TAMS 0x000000070a800000, 0x000000070a800000| Untracked 
|  65|0x000000070aa00000, 0x000000070aa00000, 0x000000070ac00000|  0%| F|  |TAMS 0x000000070aa00000, 0x000000070aa00000| Untracked 
|  66|0x000000070ac00000, 0x000000070ac00000, 0x000000070ae00000|  0%| F|  |TAMS 0x000000070ac00000, 0x000000070ac00000| Untracked 
|  67|0x000000070ae00000, 0x000000070ae00000, 0x000000070b000000|  0%| F|  |TAMS 0x000000070ae00000, 0x000000070ae00000| Untracked 
|  68|0x000000070b000000, 0x000000070b000000, 0x000000070b200000|  0%| F|  |TAMS 0x000000070b000000, 0x000000070b000000| Untracked 
|  69|0x000000070b200000, 0x000000070b200000, 0x000000070b400000|  0%| F|  |TAMS 0x000000070b200000, 0x000000070b200000| Untracked 
|  70|0x000000070b400000, 0x000000070b400000, 0x000000070b600000|  0%| F|  |TAMS 0x000000070b400000, 0x000000070b400000| Untracked 
|  71|0x000000070b600000, 0x000000070b600000, 0x000000070b800000|  0%| F|  |TAMS 0x000000070b600000, 0x000000070b600000| Untracked 
|  72|0x000000070b800000, 0x000000070b800000, 0x000000070ba00000|  0%| F|  |TAMS 0x000000070b800000, 0x000000070b800000| Untracked 
|  73|0x000000070ba00000, 0x000000070ba00000, 0x000000070bc00000|  0%| F|  |TAMS 0x000000070ba00000, 0x000000070ba00000| Untracked 
|  74|0x000000070bc00000, 0x000000070bc00000, 0x000000070be00000|  0%| F|  |TAMS 0x000000070bc00000, 0x000000070bc00000| Untracked 
|  75|0x000000070be00000, 0x000000070be00000, 0x000000070c000000|  0%| F|  |TAMS 0x000000070be00000, 0x000000070be00000| Untracked 
|  76|0x000000070c000000, 0x000000070c000000, 0x000000070c200000|  0%| F|  |TAMS 0x000000070c000000, 0x000000070c000000| Untracked 
|  77|0x000000070c200000, 0x000000070c200000, 0x000000070c400000|  0%| F|  |TAMS 0x000000070c200000, 0x000000070c200000| Untracked 
|  78|0x000000070c400000, 0x000000070c400000, 0x000000070c600000|  0%| F|  |TAMS 0x000000070c400000, 0x000000070c400000| Untracked 
|  79|0x000000070c600000, 0x000000070c600000, 0x000000070c800000|  0%| F|  |TAMS 0x000000070c600000, 0x000000070c600000| Untracked 
|  80|0x000000070c800000, 0x000000070c800000, 0x000000070ca00000|  0%| F|  |TAMS 0x000000070c800000, 0x000000070c800000| Untracked 
|  81|0x000000070ca00000, 0x000000070ca00000, 0x000000070cc00000|  0%| F|  |TAMS 0x000000070ca00000, 0x000000070ca00000| Untracked 
|  82|0x000000070cc00000, 0x000000070cc00000, 0x000000070ce00000|  0%| F|  |TAMS 0x000000070cc00000, 0x000000070cc00000| Untracked 
|  83|0x000000070ce00000, 0x000000070ce00000, 0x000000070d000000|  0%| F|  |TAMS 0x000000070ce00000, 0x000000070ce00000| Untracked 
|  84|0x000000070d000000, 0x000000070d000000, 0x000000070d200000|  0%| F|  |TAMS 0x000000070d000000, 0x000000070d000000| Untracked 
|  85|0x000000070d200000, 0x000000070d200000, 0x000000070d400000|  0%| F|  |TAMS 0x000000070d200000, 0x000000070d200000| Untracked 
|  86|0x000000070d400000, 0x000000070d400000, 0x000000070d600000|  0%| F|  |TAMS 0x000000070d400000, 0x000000070d400000| Untracked 
|  87|0x000000070d600000, 0x000000070d600000, 0x000000070d800000|  0%| F|  |TAMS 0x000000070d600000, 0x000000070d600000| Untracked 
|  88|0x000000070d800000, 0x000000070d800000, 0x000000070da00000|  0%| F|  |TAMS 0x000000070d800000, 0x000000070d800000| Untracked 
|  89|0x000000070da00000, 0x000000070da00000, 0x000000070dc00000|  0%| F|  |TAMS 0x000000070da00000, 0x000000070da00000| Untracked 
|  90|0x000000070dc00000, 0x000000070dc00000, 0x000000070de00000|  0%| F|  |TAMS 0x000000070dc00000, 0x000000070dc00000| Untracked 
|  91|0x000000070de00000, 0x000000070de00000, 0x000000070e000000|  0%| F|  |TAMS 0x000000070de00000, 0x000000070de00000| Untracked 
|  92|0x000000070e000000, 0x000000070e000000, 0x000000070e200000|  0%| F|  |TAMS 0x000000070e000000, 0x000000070e000000| Untracked 
|  93|0x000000070e200000, 0x000000070e200000, 0x000000070e400000|  0%| F|  |TAMS 0x000000070e200000, 0x000000070e200000| Untracked 
|  94|0x000000070e400000, 0x000000070e400000, 0x000000070e600000|  0%| F|  |TAMS 0x000000070e400000, 0x000000070e400000| Untracked 
|  95|0x000000070e600000, 0x000000070e600000, 0x000000070e800000|  0%| F|  |TAMS 0x000000070e600000, 0x000000070e600000| Untracked 
|  96|0x000000070e800000, 0x000000070e800000, 0x000000070ea00000|  0%| F|  |TAMS 0x000000070e800000, 0x000000070e800000| Untracked 
|  97|0x000000070ea00000, 0x000000070ea00000, 0x000000070ec00000|  0%| F|  |TAMS 0x000000070ea00000, 0x000000070ea00000| Untracked 
|  98|0x000000070ec00000, 0x000000070ec00000, 0x000000070ee00000|  0%| F|  |TAMS 0x000000070ec00000, 0x000000070ec00000| Untracked 
|  99|0x000000070ee00000, 0x000000070ee00000, 0x000000070f000000|  0%| F|  |TAMS 0x000000070ee00000, 0x000000070ee00000| Untracked 
| 100|0x000000070f000000, 0x000000070f000000, 0x000000070f200000|  0%| F|  |TAMS 0x000000070f000000, 0x000000070f000000| Untracked 
| 101|0x000000070f200000, 0x000000070f200000, 0x000000070f400000|  0%| F|  |TAMS 0x000000070f200000, 0x000000070f200000| Untracked 
| 102|0x000000070f400000, 0x000000070f400000, 0x000000070f600000|  0%| F|  |TAMS 0x000000070f400000, 0x000000070f400000| Untracked 
| 103|0x000000070f600000, 0x000000070f600000, 0x000000070f800000|  0%| F|  |TAMS 0x000000070f600000, 0x000000070f600000| Untracked 
| 104|0x000000070f800000, 0x000000070f800000, 0x000000070fa00000|  0%| F|  |TAMS 0x000000070f800000, 0x000000070f800000| Untracked 
| 105|0x000000070fa00000, 0x000000070fa00000, 0x000000070fc00000|  0%| F|  |TAMS 0x000000070fa00000, 0x000000070fa00000| Untracked 
| 106|0x000000070fc00000, 0x000000070fc00000, 0x000000070fe00000|  0%| F|  |TAMS 0x000000070fc00000, 0x000000070fc00000| Untracked 
| 107|0x000000070fe00000, 0x000000070fe00000, 0x0000000710000000|  0%| F|  |TAMS 0x000000070fe00000, 0x000000070fe00000| Untracked 
| 108|0x0000000710000000, 0x0000000710000000, 0x0000000710200000|  0%| F|  |TAMS 0x0000000710000000, 0x0000000710000000| Untracked 
| 109|0x0000000710200000, 0x0000000710200000, 0x0000000710400000|  0%| F|  |TAMS 0x0000000710200000, 0x0000000710200000| Untracked 
| 110|0x0000000710400000, 0x0000000710400000, 0x0000000710600000|  0%| F|  |TAMS 0x0000000710400000, 0x0000000710400000| Untracked 
| 111|0x0000000710600000, 0x0000000710600000, 0x0000000710800000|  0%| F|  |TAMS 0x0000000710600000, 0x0000000710600000| Untracked 
| 112|0x0000000710800000, 0x0000000710800000, 0x0000000710a00000|  0%| F|  |TAMS 0x0000000710800000, 0x0000000710800000| Untracked 
| 113|0x0000000710a00000, 0x0000000710a00000, 0x0000000710c00000|  0%| F|  |TAMS 0x0000000710a00000, 0x0000000710a00000| Untracked 
| 114|0x0000000710c00000, 0x0000000710c00000, 0x0000000710e00000|  0%| F|  |TAMS 0x0000000710c00000, 0x0000000710c00000| Untracked 
| 115|0x0000000710e00000, 0x0000000710e00000, 0x0000000711000000|  0%| F|  |TAMS 0x0000000710e00000, 0x0000000710e00000| Untracked 
| 116|0x0000000711000000, 0x0000000711000000, 0x0000000711200000|  0%| F|  |TAMS 0x0000000711000000, 0x0000000711000000| Untracked 
| 117|0x0000000711200000, 0x0000000711200000, 0x0000000711400000|  0%| F|  |TAMS 0x0000000711200000, 0x0000000711200000| Untracked 
| 118|0x0000000711400000, 0x0000000711400000, 0x0000000711600000|  0%| F|  |TAMS 0x0000000711400000, 0x0000000711400000| Untracked 
| 119|0x0000000711600000, 0x0000000711600000, 0x0000000711800000|  0%| F|  |TAMS 0x0000000711600000, 0x0000000711600000| Untracked 
| 120|0x0000000711800000, 0x0000000711800000, 0x0000000711a00000|  0%| F|  |TAMS 0x0000000711800000, 0x0000000711800000| Untracked 
| 121|0x0000000711a00000, 0x0000000711a00000, 0x0000000711c00000|  0%| F|  |TAMS 0x0000000711a00000, 0x0000000711a00000| Untracked 
| 122|0x0000000711c00000, 0x0000000711c00000, 0x0000000711e00000|  0%| F|  |TAMS 0x0000000711c00000, 0x0000000711c00000| Untracked 
| 123|0x0000000711e00000, 0x0000000711e00000, 0x0000000712000000|  0%| F|  |TAMS 0x0000000711e00000, 0x0000000711e00000| Untracked 
| 124|0x0000000712000000, 0x0000000712000000, 0x0000000712200000|  0%| F|  |TAMS 0x0000000712000000, 0x0000000712000000| Untracked 
| 125|0x0000000712200000, 0x00000007122e75e8, 0x0000000712400000| 45%| E|  |TAMS 0x0000000712200000, 0x0000000712200000| Complete 
| 126|0x0000000712400000, 0x0000000712600000, 0x0000000712600000|100%| E|CS|TAMS 0x0000000712400000, 0x0000000712400000| Complete 

Card table byte_map: [0x0000027699760000,0x0000027699f50000] _byte_map_base: 0x0000027695f4c000

Marking Bits (Prev, Next): (CMBitMap*) 0x0000027682175a90, (CMBitMap*) 0x0000027682175ad0
 Prev Bits: [0x000002769a740000, 0x000002769e6a0000)
 Next Bits: [0x000002769e6a0000, 0x00000276a2600000)

Polling page: 0x0000027680070000

Metaspace:

Usage:
  Non-class:    488.16 KB used.
      Class:     36.59 KB used.
       Both:    524.74 KB used.

Virtual space:
  Non-class space:       64.00 MB reserved,     512.00 KB ( <1%) committed,  1 nodes.
      Class space:        1.00 GB reserved,     128.00 KB ( <1%) committed,  1 nodes.
             Both:        1.06 GB reserved,     640.00 KB ( <1%) committed. 

Chunk freelists:
   Non-Class:  11.95 MB
       Class:  15.74 MB
        Both:  27.70 MB

MaxMetaspaceSize: unlimited
CompressedClassSpaceSize: 1.00 GB
Initial GC threshold: 21.00 MB
Current GC threshold: 21.00 MB
CDS: on
MetaspaceReclaimPolicy: balanced
 - commit_granule_bytes: 65536.
 - commit_granule_words: 8192.
 - virtual_space_node_default_size: 8388608.
 - enlarge_chunks_in_place: 1.
 - new_chunks_are_fully_committed: 0.
 - uncommit_free_chunks: 1.
 - use_allocation_guard: 0.
 - handle_deallocations: 1.


Internal statistics:

num_allocs_failed_limit: 0.
num_arena_births: 6.
num_arena_deaths: 0.
num_vsnodes_births: 2.
num_vsnodes_deaths: 0.
num_space_committed: 10.
num_space_uncommitted: 0.
num_chunks_returned_to_freelist: 0.
num_chunks_taken_from_freelist: 12.
num_chunk_merges: 0.
num_chunk_splits: 7.
num_chunks_enlarged: 5.
num_inconsistent_stats: 0.

CodeHeap 'non-profiled nmethods': size=120000Kb used=42Kb max_used=42Kb free=119958Kb
 bounds [0x0000027691700000, 0x0000027691970000, 0x0000027698c30000]
CodeHeap 'profiled nmethods': size=120000Kb used=96Kb max_used=96Kb free=119903Kb
 bounds [0x0000027689c30000, 0x0000027689ea0000, 0x0000027691160000]
CodeHeap 'non-nmethods': size=5760Kb used=1114Kb max_used=1114Kb free=4646Kb
 bounds [0x0000027691160000, 0x00000276913d0000, 0x0000027691700000]
 total_blobs=512 nmethods=117 adapters=308
 compilation: enabled
              stopped_count=0, restarted_count=0
 full_count=0

Compilation events (20 events):
Event: 22.137 Thread 0x00000276a51c8dc0  106       3       java.lang.String::checkBoundsBeginEnd (63 bytes)
Event: 22.137 Thread 0x00000276a51c8dc0 nmethod 106 0x0000027689c41d90 code [0x0000027689c42020, 0x0000027689c42918]
Event: 22.137 Thread 0x00000276a51c8dc0  107   !   3       java.lang.ref.ReferenceQueue::poll (28 bytes)
Event: 22.138 Thread 0x00000276a51c8dc0 nmethod 107 0x0000027689c42c90 code [0x0000027689c42e40, 0x0000027689c430c8]
Event: 22.138 Thread 0x00000276a51c8dc0  109       3       java.lang.String::substring (58 bytes)
Event: 22.138 Thread 0x00000276a51c8dc0 nmethod 109 0x0000027689c43210 code [0x0000027689c43400, 0x0000027689c438a8]
Event: 22.138 Thread 0x00000276a51c8dc0  110       3       java.util.concurrent.ConcurrentHashMap$Node::<init> (20 bytes)
Event: 22.138 Thread 0x00000276a51c8dc0 nmethod 110 0x0000027689c43a90 code [0x0000027689c43c40, 0x0000027689c43e78]
Event: 22.138 Thread 0x00000276a51c8dc0  108       1       java.util.zip.ZipCoder$UTF8ZipCoder::isUTF8 (2 bytes)
Event: 22.139 Thread 0x00000276a51c8dc0 nmethod 108 0x0000027691709c90 code [0x0000027691709e20, 0x0000027691709ef8]
Event: 22.139 Thread 0x00000276a51c8dc0  111       3       java.util.concurrent.ConcurrentHashMap::addCount (280 bytes)
Event: 22.140 Thread 0x00000276a51c8dc0 nmethod 111 0x0000027689c43f10 code [0x0000027689c44160, 0x0000027689c44b08]
Event: 22.140 Thread 0x00000276a51c8dc0  113   !   3       java.util.concurrent.ConcurrentHashMap::putVal (432 bytes)
Event: 22.142 Thread 0x00000276a51c8dc0 nmethod 113 0x0000027689c44e10 code [0x0000027689c45180, 0x0000027689c46d28]
Event: 22.142 Thread 0x00000276a51c8dc0  115       3       java.lang.System::getSecurityManager (12 bytes)
Event: 22.143 Thread 0x00000276a51c8dc0 nmethod 115 0x0000027689c47710 code [0x0000027689c478a0, 0x0000027689c47a38]
Event: 22.143 Thread 0x00000276a51c8dc0  114       3       java.lang.String::isEmpty (14 bytes)
Event: 22.143 Thread 0x00000276a51c8dc0 nmethod 114 0x0000027689c47b10 code [0x0000027689c47ca0, 0x0000027689c47e18]
Event: 22.145 Thread 0x00000276a51c8dc0  117       3       java.util.concurrent.ConcurrentHashMap::casTabAt (21 bytes)
Event: 22.145 Thread 0x00000276a51c8dc0 nmethod 117 0x0000027689c47f10 code [0x0000027689c480a0, 0x0000027689c48218]

GC Heap History (0 events):
No events

Dll operation events (8 events):
Event: 21.031 Loaded shared library C:\Users\ghofr\.jdks\corretto-17.0.12\bin\java.dll
Event: 21.459 Loaded shared library C:\Users\ghofr\.jdks\corretto-17.0.12\bin\jsvml.dll
Event: 22.101 Loaded shared library C:\Users\ghofr\.jdks\corretto-17.0.12\bin\zip.dll
Event: 22.107 Loaded shared library C:\Users\ghofr\.jdks\corretto-17.0.12\bin\instrument.dll
Event: 22.121 Loaded shared library C:\Users\ghofr\.jdks\corretto-17.0.12\bin\net.dll
Event: 22.123 Loaded shared library C:\Users\ghofr\.jdks\corretto-17.0.12\bin\nio.dll
Event: 22.128 Loaded shared library C:\Users\ghofr\.jdks\corretto-17.0.12\bin\zip.dll
Event: 22.141 Loaded shared library C:\Program Files\JetBrains\IntelliJ IDEA 2024.2.1\bin\breakgen64.dll

Deoptimization events (0 events):
No events

Classes loaded (20 events):
Event: 22.150 Loading class java/nio/channels/InterruptibleChannel done
Event: 22.150 Loading class java/nio/channels/spi/AbstractInterruptibleChannel done
Event: 22.150 Loading class java/nio/channels/FileChannel done
Event: 22.150 Loading class sun/nio/ch/FileChannelImpl done
Event: 22.150 Loading class sun/nio/ch/IOUtil
Event: 22.150 Loading class sun/nio/ch/IOUtil done
Event: 22.151 Loading class java/net/Socket
Event: 22.151 Loading class java/net/Socket done
Event: 22.152 Loading class sun/nio/ch/NativeThreadSet
Event: 22.152 Loading class sun/nio/ch/NativeThreadSet done
Event: 22.152 Loading class sun/nio/ch/FileDispatcherImpl
Event: 22.153 Loading class sun/nio/ch/FileDispatcher
Event: 22.153 Loading class sun/nio/ch/NativeDispatcher
Event: 22.153 Loading class sun/nio/ch/NativeDispatcher done
Event: 22.153 Loading class sun/nio/ch/FileDispatcher done
Event: 22.153 Loading class sun/nio/ch/FileDispatcherImpl done
Event: 22.153 Loading class java/net/InetSocketAddress
Event: 22.153 Loading class sun/nio/ch/FileChannelImpl$Closer
Event: 22.153 Loading class sun/nio/ch/FileChannelImpl$Closer done
Event: 22.153 Loading class java/nio/channels/Channels

Classes unloaded (0 events):
No events

Classes redefined (0 events):
No events

Internal exceptions (0 events):
No events

VM Operations (0 events):
No events

Events (13 events):
Event: 21.460 Thread 0x0000027682107780 Thread added: 0x0000027682107780
Event: 21.634 Thread 0x00000276a507c910 Thread added: 0x00000276a507c910
Event: 21.635 Thread 0x00000276a507d790 Thread added: 0x00000276a507d790
Event: 21.770 Thread 0x00000276a508e210 Thread added: 0x00000276a508e210
Event: 21.770 Thread 0x00000276a51c30a0 Thread added: 0x00000276a51c30a0
Event: 21.770 Thread 0x00000276a51c5980 Thread added: 0x00000276a51c5980
Event: 21.771 Thread 0x00000276a51c6250 Thread added: 0x00000276a51c6250
Event: 21.771 Thread 0x00000276a51c6ff0 Thread added: 0x00000276a51c6ff0
Event: 21.817 Thread 0x00000276a51c8dc0 Thread added: 0x00000276a51c8dc0
Event: 21.862 Thread 0x00000276a51cc620 Thread added: 0x00000276a51cc620
Event: 21.950 Thread 0x00000276a5062700 Thread added: 0x00000276a5062700
Event: 22.141 Thread 0x00000276a52e4c70 Thread added: 0x00000276a52e4c70
Event: 22.142 Thread 0x00000276a531ee70 Thread added: 0x00000276a531ee70


Dynamic libraries:
0x00007ff74d930000 - 0x00007ff74d93e000 	C:\Users\ghofr\.jdks\corretto-17.0.12\bin\java.exe
0x00007ff8bc170000 - 0x00007ff8bc387000 	C:\WINDOWS\SYSTEM32\ntdll.dll
0x00007ff8ba490000 - 0x00007ff8ba554000 	C:\WINDOWS\System32\KERNEL32.DLL
0x00007ff8b9930000 - 0x00007ff8b9d03000 	C:\WINDOWS\System32\KERNELBASE.dll
0x00007ff8b9540000 - 0x00007ff8b9651000 	C:\WINDOWS\System32\ucrtbase.dll
0x00007ff8a7250000 - 0x00007ff8a7267000 	C:\Users\ghofr\.jdks\corretto-17.0.12\bin\jli.dll
0x00007ff8ba240000 - 0x00007ff8ba3f1000 	C:\WINDOWS\System32\USER32.dll
0x00007ff8b92b0000 - 0x00007ff8b92d6000 	C:\WINDOWS\System32\win32u.dll
0x00007ff8a6e00000 - 0x00007ff8a6e1b000 	C:\Users\ghofr\.jdks\corretto-17.0.12\bin\VCRUNTIME140.dll
0x00007ff8bb860000 - 0x00007ff8bb889000 	C:\WINDOWS\System32\GDI32.dll
0x00007ff8b9420000 - 0x00007ff8b953b000 	C:\WINDOWS\System32\gdi32full.dll
0x00007ff8b9890000 - 0x00007ff8b992a000 	C:\WINDOWS\System32\msvcp_win.dll
0x00007ff8a7ef0000 - 0x00007ff8a8188000 	C:\WINDOWS\WinSxS\amd64_microsoft.windows.common-controls_6595b64144ccf1df_6.0.22621.5124_none_270e8f4f7386d69d\COMCTL32.dll
0x00007ff8ba9b0000 - 0x00007ff8baa57000 	C:\WINDOWS\System32\msvcrt.dll
0x00007ff8b9f70000 - 0x00007ff8b9fa1000 	C:\WINDOWS\System32\IMM32.DLL
0x00007ff8a90a0000 - 0x00007ff8a90ac000 	C:\Users\ghofr\.jdks\corretto-17.0.12\bin\vcruntime140_1.dll
0x00007ff8a2a10000 - 0x00007ff8a2a9d000 	C:\Users\ghofr\.jdks\corretto-17.0.12\bin\msvcp140.dll
0x00007ff827d60000 - 0x00007ff8289ca000 	C:\Users\ghofr\.jdks\corretto-17.0.12\bin\server\jvm.dll
0x00007ff8baee0000 - 0x00007ff8baf91000 	C:\WINDOWS\System32\ADVAPI32.dll
0x00007ff8bb2a0000 - 0x00007ff8bb348000 	C:\WINDOWS\System32\sechost.dll
0x00007ff8b9280000 - 0x00007ff8b92a8000 	C:\WINDOWS\System32\bcrypt.dll
0x00007ff8bb680000 - 0x00007ff8bb794000 	C:\WINDOWS\System32\RPCRT4.dll
0x00007ff8ba570000 - 0x00007ff8ba5e1000 	C:\WINDOWS\System32\WS2_32.dll
0x00007ff8b28e0000 - 0x00007ff8b2914000 	C:\WINDOWS\SYSTEM32\WINMM.dll
0x00007ff8b20d0000 - 0x00007ff8b20da000 	C:\WINDOWS\SYSTEM32\VERSION.dll
0x00007ff8b8100000 - 0x00007ff8b814d000 	C:\WINDOWS\SYSTEM32\POWRPROF.dll
0x00007ff8b80e0000 - 0x00007ff8b80f3000 	C:\WINDOWS\SYSTEM32\UMPDC.dll
0x00007ff8b83a0000 - 0x00007ff8b83b8000 	C:\WINDOWS\SYSTEM32\kernel.appcore.dll
0x00007ff8a9080000 - 0x00007ff8a908a000 	C:\Users\ghofr\.jdks\corretto-17.0.12\bin\jimage.dll
0x00007ff8b6680000 - 0x00007ff8b68b2000 	C:\WINDOWS\SYSTEM32\DBGHELP.DLL
0x00007ff8ba5f0000 - 0x00007ff8ba982000 	C:\WINDOWS\System32\combase.dll
0x00007ff8ba160000 - 0x00007ff8ba237000 	C:\WINDOWS\System32\OLEAUT32.dll
0x00007ff891b00000 - 0x00007ff891b32000 	C:\WINDOWS\SYSTEM32\dbgcore.DLL
0x00007ff8b9d10000 - 0x00007ff8b9d8b000 	C:\WINDOWS\System32\bcryptPrimitives.dll
0x00007ff8a7860000 - 0x00007ff8a786e000 	C:\Users\ghofr\.jdks\corretto-17.0.12\bin\instrument.dll
0x00007ff8a5880000 - 0x00007ff8a58a5000 	C:\Users\ghofr\.jdks\corretto-17.0.12\bin\java.dll
0x00007ff873190000 - 0x00007ff873267000 	C:\Users\ghofr\.jdks\corretto-17.0.12\bin\jsvml.dll
0x00007ff8bb890000 - 0x00007ff8bc126000 	C:\WINDOWS\System32\SHELL32.dll
0x00007ff8b92e0000 - 0x00007ff8b941f000 	C:\WINDOWS\System32\wintypes.dll
0x00007ff8b71b0000 - 0x00007ff8b7aca000 	C:\WINDOWS\SYSTEM32\windows.storage.dll
0x00007ff8b9e60000 - 0x00007ff8b9f6a000 	C:\WINDOWS\System32\SHCORE.dll
0x00007ff8bb100000 - 0x00007ff8bb163000 	C:\WINDOWS\System32\shlwapi.dll
0x00007ff8b91b0000 - 0x00007ff8b91db000 	C:\WINDOWS\SYSTEM32\profapi.dll
0x00007ff8a41b0000 - 0x00007ff8a41c8000 	C:\Users\ghofr\.jdks\corretto-17.0.12\bin\zip.dll
0x00007ff8a5760000 - 0x00007ff8a5779000 	C:\Users\ghofr\.jdks\corretto-17.0.12\bin\net.dll
0x00007ff8b50b0000 - 0x00007ff8b51dc000 	C:\WINDOWS\SYSTEM32\WINHTTP.dll
0x00007ff8b8820000 - 0x00007ff8b888a000 	C:\WINDOWS\system32\mswsock.dll
0x00007ff8a4850000 - 0x00007ff8a4866000 	C:\Users\ghofr\.jdks\corretto-17.0.12\bin\nio.dll
0x00007ff8a2b00000 - 0x00007ff8a2b1a000 	C:\Program Files\JetBrains\IntelliJ IDEA 2024.2.1\bin\breakgen64.dll

dbghelp: loaded successfully - version: 4.0.5 - missing functions: none
symbol engine: initialized successfully - sym options: 0x614 - pdb path: .;C:\Users\ghofr\.jdks\corretto-17.0.12\bin;C:\WINDOWS\SYSTEM32;C:\WINDOWS\WinSxS\amd64_microsoft.windows.common-controls_6595b64144ccf1df_6.0.22621.5124_none_270e8f4f7386d69d;C:\Users\ghofr\.jdks\corretto-17.0.12\bin\server;C:\Program Files\JetBrains\IntelliJ IDEA 2024.2.1\bin

VM Arguments:
jvm_args: -Dmaven.multiModuleProjectDirectory=C:\Users\ghofr\IdeaProjects\GestionReclamation -Djansi.passthrough=true -Dmaven.home=C:\Program Files\JetBrains\IntelliJ IDEA 2024.2.1\plugins\maven\lib\maven3 -Dclassworlds.conf=C:\Program Files\JetBrains\IntelliJ IDEA 2024.2.1\plugins\maven\lib\maven3\bin\m2.conf -Dmaven.ext.class.path=C:\Program Files\JetBrains\IntelliJ IDEA 2024.2.1\plugins\maven\lib\maven-event-listener.jar -javaagent:C:\Program Files\JetBrains\IntelliJ IDEA 2024.2.1\lib\idea_rt.jar=49335:C:\Program Files\JetBrains\IntelliJ IDEA 2024.2.1\bin -Dfile.encoding=UTF-8 
java_command: org.codehaus.classworlds.Launcher -Didea.version=2024.2.1 compile
java_class_path (initial): C:\Program Files\JetBrains\IntelliJ IDEA 2024.2.1\plugins\maven\lib\maven3\boot\plexus-classworlds-2.8.0.jar;C:\Program Files\JetBrains\IntelliJ IDEA 2024.2.1\plugins\maven\lib\maven3\boot\plexus-classworlds.license
Launcher Type: SUN_STANDARD

[Global flags]
     intx CICompilerCount                          = 4                                         {product} {ergonomic}
     uint ConcGCThreads                            = 2                                         {product} {ergonomic}
     uint G1ConcRefinementThreads                  = 8                                         {product} {ergonomic}
   size_t G1HeapRegionSize                         = 2097152                                   {product} {ergonomic}
    uintx GCDrainStackTargetSize                   = 64                                        {product} {ergonomic}
   size_t InitialHeapSize                          = 266338304                                 {product} {ergonomic}
   size_t MarkStackSize                            = 4194304                                   {product} {ergonomic}
   size_t MaxHeapSize                              = 4253024256                                {product} {ergonomic}
   size_t MaxNewSize                               = 2550136832                                {product} {ergonomic}
   size_t MinHeapDeltaBytes                        = 2097152                                   {product} {ergonomic}
   size_t MinHeapSize                              = 8388608                                   {product} {ergonomic}
    uintx NonNMethodCodeHeapSize                   = 5839372                                {pd product} {ergonomic}
    uintx NonProfiledCodeHeapSize                  = 122909434                              {pd product} {ergonomic}
    uintx ProfiledCodeHeapSize                     = 122909434                              {pd product} {ergonomic}
    uintx ReservedCodeCacheSize                    = 251658240                              {pd product} {ergonomic}
     bool SegmentedCodeCache                       = true                                      {product} {ergonomic}
   size_t SoftMaxHeapSize                          = 4253024256                             {manageable} {ergonomic}
     bool UseCompressedClassPointers               = true                           {product lp64_product} {ergonomic}
     bool UseCompressedOops                        = true                           {product lp64_product} {ergonomic}
     bool UseG1GC                                  = true                                      {product} {ergonomic}
     bool UseLargePagesIndividualAllocation        = false                                  {pd product} {ergonomic}

Logging:
Log output configuration:
 #0: stdout all=warning uptime,level,tags
 #1: stderr all=off uptime,level,tags

Environment Variables:
PATH=C:\Program Files (x86)\VMware\VMware Workstation\bin\;C:\oraclexe\app\oracle\product\11.2.0\server\bin;C:\Program Files (x86)\Common Files\Intel\Shared Libraries\redist\intel64\compiler;C:\Windows\system32;C:\Windows;C:\Windows\System32\Wbem;C:\Windows\System32\WindowsPowerShell\v1.0\;C:\Windows\System32\OpenSSH\;C:\Program Files (x86)\NVIDIA Corporation\PhysX\Common;C:\Program Files\NVIDIA Corporation\NVIDIA NvDLISR;C:\WINDOWS\system32;C:\WINDOWS;C:\WINDOWS\System32\Wbem;C:\WINDOWS\System32\WindowsPowerShell\v1.0\;C:\WINDOWS\System32\OpenSSH\;C:\Strawberry\c\bin;C:\Strawberry\perl\site\bin;C:\Strawberry\perl\bin;C:\instantclient12_2\1;C:\oraclexe\app\oracle\admin\XE;C:\oraclexe;C:\Program Files\Git\cmd;C:\Users\ghofr\.jdks\jbr-17.0.12-1;C:\Users\ghofr\scoop\shims;C:\Users\ghofr\AppData\Local\Microsoft\WindowsApps;;C:\Users\ghofr\AppData\Local\Programs\Microsoft VS Code\bin;C:\xampp\php;C:\Users\ghofr\AppData\Local\ComposerSetup\bin;C:\Users\ghofr\AppData\Roaming\Composer\vendor\bin;C:\Program Files\JetBrains\IntelliJ IDEA 2024.2.1\bin;;C:\Users\ghofr\AppData\Local\Programs\Windsurf\bin;C:\Users\ghofr\AppData\Local\Programs\cursor\resources\app\bin
USERNAME=ghofr
OS=Windows_NT
PROCESSOR_IDENTIFIER=Intel64 Family 6 Model 165 Stepping 2, GenuineIntel
TMP=C:\Users\ghofr\AppData\Local\Temp
TEMP=C:\Users\ghofr\AppData\Local\Temp



Periodic native trim disabled


---------------  S Y S T E M  ---------------

OS:
 Windows 11 , 64 bit Build 22621 (10.0.22621.5124)
OS uptime: 5 days 5:31 hours

CPU: total 8 (initial active 8) (4 cores per cpu, 2 threads per core) family 6 model 165 stepping 2 microcode 0xe0, cx8, cmov, fxsr, ht, mmx, 3dnowpref, sse, sse2, sse3, ssse3, sse4.1, sse4.2, popcnt, lzcnt, tsc, tscinvbit, avx, avx2, aes, erms, clmul, bmi1, bmi2, adx, fma, vzeroupper, clflush, clflushopt
Processor Information for all 8 processors :
  Max Mhz: 2496, Current Mhz: 2496, Mhz Limit: 2496

Memory: 4k page, system-wide physical 16221M (635M free)
TotalPageFile size 65373M (AvailPageFile size 3892M)
current process WorkingSet (physical memory assigned to process): 36M, peak: 36M
current process commit charge ("private bytes"): 341M, peak: 341M

vm_info: OpenJDK 64-Bit Server VM (17.0.12+7-LTS) for windows-amd64 JRE (17.0.12+7-LTS), built on Jul 10 2024 20:46:33 by "Administrator" with MS VC++ 16.10 / 16.11 (VS2019)

END.
