#
# There is insufficient memory for the Java Runtime Environment to continue.
# Native memory allocation (malloc) failed to allocate 517136 bytes. Error detail: Chunk::new
# Possible reasons:
#   The system is out of physical RAM or swap space
#   This process is running with CompressedOops enabled, and the Java Heap may be blocking the growth of the native heap
# Possible solutions:
#   Reduce memory load on the system
#   Increase physical memory or swap space
#   Check if swap backing store is full
#   Decrease Java heap size (-Xmx/-Xms)
#   Decrease number of Java threads
#   Decrease Java thread stack sizes (-Xss)
#   Set larger code cache with -XX:ReservedCodeCacheSize=
#   JVM is running with Zero Based Compressed Oops mode in which the Java heap is
#     placed in the first 32GB address space. The Java Heap base address is the
#     maximum limit for the native heap growth. Please use -XX:HeapBaseMinAddress
#     to set the Java Heap base and to place the Java Heap above 32GB virtual address.
# This output file may be truncated or incomplete.
#
#  Out of Memory Error (arena.cpp:191), pid=71644, tid=73740
#
# JRE version: OpenJDK Runtime Environment Corretto-17.0.12.7.1 (17.0.12+7) (build 17.0.12+7-LTS)
# Java VM: OpenJDK 64-Bit Server VM Corretto-17.0.12.7.1 (17.0.12+7-LTS, mixed mode, sharing, tiered, compressed oops, compressed class ptrs, g1 gc, windows-amd64)
# No core dump will be written. Minidumps are not enabled by default on client versions of Windows
#

---------------  S U M M A R Y ------------

Command Line: -Dmaven.multiModuleProjectDirectory=C:\Users\ghofr\IdeaProjects\GestionReclamation -Djansi.passthrough=true -Dmaven.home=C:\Program Files\JetBrains\IntelliJ IDEA 2024.2.1\plugins\maven\lib\maven3 -Dclassworlds.conf=C:\Program Files\JetBrains\IntelliJ IDEA 2024.2.1\plugins\maven\lib\maven3\bin\m2.conf -Dmaven.ext.class.path=C:\Program Files\JetBrains\IntelliJ IDEA 2024.2.1\plugins\maven\lib\maven-event-listener.jar -javaagent:C:\Program Files\JetBrains\IntelliJ IDEA 2024.2.1\lib\idea_rt.jar=51053:C:\Program Files\JetBrains\IntelliJ IDEA 2024.2.1\bin -Dfile.encoding=UTF-8 org.codehaus.classworlds.Launcher -Didea.version=2024.2.1 compile

Host: Intel(R) Core(TM) i5-10300H CPU @ 2.50GHz, 8 cores, 15G,  Windows 11 , 64 bit Build 22621 (10.0.22621.5124)
Time: Sat Apr 19 15:14:16 2025 Afr. centrale Ouest elapsed time: 3.718931 seconds (0d 0h 0m 3s)

---------------  T H R E A D  ---------------

Current thread (0x000002159e1365c0):  JavaThread "C2 CompilerThread0" daemon [_thread_in_native, id=73740, stack(0x000000f6c6e00000,0x000000f6c6f00000)]


Current CompileTask:
C2:   3719 2756       4       java.util.HashSet::add (20 bytes)

Stack: [0x000000f6c6e00000,0x000000f6c6f00000]
Native frames: (J=compiled Java code, j=interpreted, Vv=VM code, C=native code)
V  [jvm.dll+0x67f4f9]
V  [jvm.dll+0x836eaa]
V  [jvm.dll+0x83896e]
V  [jvm.dll+0x838fd3]
V  [jvm.dll+0x247f6f]
V  [jvm.dll+0xac9d4]
V  [jvm.dll+0xad01c]
V  [jvm.dll+0x367042]
V  [jvm.dll+0x33156a]
V  [jvm.dll+0x330a0a]
V  [jvm.dll+0x21a501]
V  [jvm.dll+0x219941]
V  [jvm.dll+0x1a57bd]
V  [jvm.dll+0x22966d]
V  [jvm.dll+0x22781c]
V  [jvm.dll+0x7ebec7]
V  [jvm.dll+0x7e62ac]
V  [jvm.dll+0x67e3c7]
C  [ucrtbase.dll+0x29333]
C  [KERNEL32.DLL+0x1259d]
C  [ntdll.dll+0x5af38]


---------------  P R O C E S S  ---------------

Threads class SMR info:
_java_thread_list=0x000002159f6f9970, length=15, elements={
0x0000021536017c80, 0x0000021558f80c90, 0x0000021558f81b10, 0x0000021558f8e4f0,
0x000002159e1344a0, 0x000002159e134e60, 0x000002159e135820, 0x000002159e1365c0,
0x000002159e185bd0, 0x000002159e1a48e0, 0x0000021558f65d60, 0x000002159e36fde0,
0x000002159e30fc70, 0x000002159e863f90, 0x000002159f65dd40
}

Java Threads: ( => current thread )
  0x0000021536017c80 JavaThread "main" [_thread_in_Java, id=73912, stack(0x000000f6c6100000,0x000000f6c6200000)]
  0x0000021558f80c90 JavaThread "Reference Handler" daemon [_thread_blocked, id=73952, stack(0x000000f6c6800000,0x000000f6c6900000)]
  0x0000021558f81b10 JavaThread "Finalizer" daemon [_thread_blocked, id=73792, stack(0x000000f6c6900000,0x000000f6c6a00000)]
  0x0000021558f8e4f0 JavaThread "Signal Dispatcher" daemon [_thread_blocked, id=73680, stack(0x000000f6c6a00000,0x000000f6c6b00000)]
  0x000002159e1344a0 JavaThread "Attach Listener" daemon [_thread_blocked, id=73744, stack(0x000000f6c6b00000,0x000000f6c6c00000)]
  0x000002159e134e60 JavaThread "Service Thread" daemon [_thread_blocked, id=73752, stack(0x000000f6c6c00000,0x000000f6c6d00000)]
  0x000002159e135820 JavaThread "Monitor Deflation Thread" daemon [_thread_blocked, id=73760, stack(0x000000f6c6d00000,0x000000f6c6e00000)]
=>0x000002159e1365c0 JavaThread "C2 CompilerThread0" daemon [_thread_in_native, id=73740, stack(0x000000f6c6e00000,0x000000f6c6f00000)]
  0x000002159e185bd0 JavaThread "C1 CompilerThread0" daemon [_thread_blocked, id=72348, stack(0x000000f6c6f00000,0x000000f6c7000000)]
  0x000002159e1a48e0 JavaThread "Sweeper thread" daemon [_thread_blocked, id=73852, stack(0x000000f6c7000000,0x000000f6c7100000)]
  0x0000021558f65d60 JavaThread "Common-Cleaner" daemon [_thread_blocked, id=73932, stack(0x000000f6c7100000,0x000000f6c7200000)]
  0x000002159e36fde0 JavaThread "Monitor Ctrl-Break" daemon [_thread_in_native, id=62144, stack(0x000000f6c7200000,0x000000f6c7300000)]
  0x000002159e30fc70 JavaThread "Notification Thread" daemon [_thread_blocked, id=73996, stack(0x000000f6c7300000,0x000000f6c7400000)]
  0x000002159e863f90 JavaThread "C2 CompilerThread1" daemon [_thread_in_native, id=74388, stack(0x000000f6c7500000,0x000000f6c7600000)]
  0x000002159f65dd40 JavaThread "Thread-1" daemon [_thread_blocked, id=29676, stack(0x000000f6c7d00000,0x000000f6c7e00000)]

Other Threads:
  0x0000021558f7a070 VMThread "VM Thread" [stack: 0x000000f6c6700000,0x000000f6c6800000] [id=73948]
  0x000002159e3702c0 WatcherThread [stack: 0x000000f6c7400000,0x000000f6c7500000] [id=73992]
  0x0000021536084960 GCTaskThread "GC Thread#0" [stack: 0x000000f6c6200000,0x000000f6c6300000] [id=73672]
  0x000002159f420030 GCTaskThread "GC Thread#1" [stack: 0x000000f6c7700000,0x000000f6c7800000] [id=74260]
  0x000002159e6d7700 GCTaskThread "GC Thread#2" [stack: 0x000000f6c7800000,0x000000f6c7900000] [id=74264]
  0x000002159e6d79c0 GCTaskThread "GC Thread#3" [stack: 0x000000f6c7900000,0x000000f6c7a00000] [id=74268]
  0x000002159e6d7c80 GCTaskThread "GC Thread#4" [stack: 0x000000f6c7a00000,0x000000f6c7b00000] [id=74228]
  0x000002159e6d7f40 GCTaskThread "GC Thread#5" [stack: 0x000000f6c7b00000,0x000000f6c7c00000] [id=74256]
  0x000002159eda2120 GCTaskThread "GC Thread#6" [stack: 0x000000f6c7c00000,0x000000f6c7d00000] [id=74320]
  0x000002159f75a8e0 GCTaskThread "GC Thread#7" [stack: 0x000000f6c7600000,0x000000f6c7700000] [id=31776]
  0x0000021536095630 ConcurrentGCThread "G1 Main Marker" [stack: 0x000000f6c6300000,0x000000f6c6400000] [id=73860]
  0x0000021536096050 ConcurrentGCThread "G1 Conc#0" [stack: 0x000000f6c6400000,0x000000f6c6500000] [id=73836]
  0x00000215360ce8c0 ConcurrentGCThread "G1 Refine#0" [stack: 0x000000f6c6500000,0x000000f6c6600000] [id=73904]
  0x0000021558e2c480 ConcurrentGCThread "G1 Service" [stack: 0x000000f6c6600000,0x000000f6c6700000] [id=73944]

Threads with active compile tasks:
C2 CompilerThread0     3744 2756       4       java.util.HashSet::add (20 bytes)
C2 CompilerThread1     3744 2855 %     4       org.codehaus.plexus.util.xml.pull.MXParser::nextImpl @ 877 (1203 bytes)

VM state: not at safepoint (normal execution)

VM Mutex/Monitor currently owned by a thread: None

Heap address: 0x0000000702800000, size: 4056 MB, Compressed Oops mode: Zero based, Oop shift amount: 3

CDS archive(s) mapped at: [0x0000021559000000-0x0000021559bb0000-0x0000021559bb0000), size 12255232, SharedBaseAddress: 0x0000021559000000, ArchiveRelocationMode: 1.
Compressed class space mapped at: 0x000002155a000000-0x000002159a000000, reserved size: 1073741824
Narrow klass base: 0x0000021559000000, Narrow klass shift: 0, Narrow klass range: 0x100000000

GC Precious Log:
 CPUs: 8 total, 8 available
 Memory: 16221M
 Large Page Support: Disabled
 NUMA Support: Disabled
 Compressed Oops: Enabled (Zero based)
 Heap Region Size: 2M
 Heap Min Capacity: 8M
 Heap Initial Capacity: 254M
 Heap Max Capacity: 4056M
 Pre-touch: Disabled
 Parallel Workers: 8
 Concurrent Workers: 2
 Concurrent Refinement Workers: 8
 Periodic GC: Disabled

Heap:
 garbage-first heap   total 260096K, used 40130K [0x0000000702800000, 0x0000000800000000)
  region size 2048K, 19 young (38912K), 1 survivors (2048K)
 Metaspace       used 15338K, committed 15552K, reserved 1114112K
  class space    used 1870K, committed 1984K, reserved 1048576K

Heap Regions: E=young(eden), S=young(survivor), O=old, HS=humongous(starts), HC=humongous(continues), CS=collection set, F=free, OA=open archive, CA=closed archive, TAMS=top-at-mark-start (previous, next)
|   0|0x0000000702800000, 0x0000000702a00000, 0x0000000702a00000|100%| O|  |TAMS 0x0000000702800000, 0x0000000702800000| Untracked 
|   1|0x0000000702a00000, 0x0000000702b9ee00, 0x0000000702c00000| 81%| O|  |TAMS 0x0000000702a00000, 0x0000000702a00000| Untracked 
|   2|0x0000000702c00000, 0x0000000702c00000, 0x0000000702e00000|  0%| F|  |TAMS 0x0000000702c00000, 0x0000000702c00000| Untracked 
|   3|0x0000000702e00000, 0x0000000702e00000, 0x0000000703000000|  0%| F|  |TAMS 0x0000000702e00000, 0x0000000702e00000| Untracked 
|   4|0x0000000703000000, 0x0000000703000000, 0x0000000703200000|  0%| F|  |TAMS 0x0000000703000000, 0x0000000703000000| Untracked 
|   5|0x0000000703200000, 0x0000000703200000, 0x0000000703400000|  0%| F|  |TAMS 0x0000000703200000, 0x0000000703200000| Untracked 
|   6|0x0000000703400000, 0x0000000703400000, 0x0000000703600000|  0%| F|  |TAMS 0x0000000703400000, 0x0000000703400000| Untracked 
|   7|0x0000000703600000, 0x0000000703600000, 0x0000000703800000|  0%| F|  |TAMS 0x0000000703600000, 0x0000000703600000| Untracked 
|   8|0x0000000703800000, 0x0000000703800000, 0x0000000703a00000|  0%| F|  |TAMS 0x0000000703800000, 0x0000000703800000| Untracked 
|   9|0x0000000703a00000, 0x0000000703a00000, 0x0000000703c00000|  0%| F|  |TAMS 0x0000000703a00000, 0x0000000703a00000| Untracked 
|  10|0x0000000703c00000, 0x0000000703c00000, 0x0000000703e00000|  0%| F|  |TAMS 0x0000000703c00000, 0x0000000703c00000| Untracked 
|  11|0x0000000703e00000, 0x0000000703e00000, 0x0000000704000000|  0%| F|  |TAMS 0x0000000703e00000, 0x0000000703e00000| Untracked 
|  12|0x0000000704000000, 0x0000000704000000, 0x0000000704200000|  0%| F|  |TAMS 0x0000000704000000, 0x0000000704000000| Untracked 
|  13|0x0000000704200000, 0x0000000704200000, 0x0000000704400000|  0%| F|  |TAMS 0x0000000704200000, 0x0000000704200000| Untracked 
|  14|0x0000000704400000, 0x0000000704400000, 0x0000000704600000|  0%| F|  |TAMS 0x0000000704400000, 0x0000000704400000| Untracked 
|  15|0x0000000704600000, 0x0000000704600000, 0x0000000704800000|  0%| F|  |TAMS 0x0000000704600000, 0x0000000704600000| Untracked 
|  16|0x0000000704800000, 0x0000000704800000, 0x0000000704a00000|  0%| F|  |TAMS 0x0000000704800000, 0x0000000704800000| Untracked 
|  17|0x0000000704a00000, 0x0000000704a00000, 0x0000000704c00000|  0%| F|  |TAMS 0x0000000704a00000, 0x0000000704a00000| Untracked 
|  18|0x0000000704c00000, 0x0000000704c00000, 0x0000000704e00000|  0%| F|  |TAMS 0x0000000704c00000, 0x0000000704c00000| Untracked 
|  19|0x0000000704e00000, 0x0000000704e00000, 0x0000000705000000|  0%| F|  |TAMS 0x0000000704e00000, 0x0000000704e00000| Untracked 
|  20|0x0000000705000000, 0x0000000705000000, 0x0000000705200000|  0%| F|  |TAMS 0x0000000705000000, 0x0000000705000000| Untracked 
|  21|0x0000000705200000, 0x0000000705200000, 0x0000000705400000|  0%| F|  |TAMS 0x0000000705200000, 0x0000000705200000| Untracked 
|  22|0x0000000705400000, 0x0000000705400000, 0x0000000705600000|  0%| F|  |TAMS 0x0000000705400000, 0x0000000705400000| Untracked 
|  23|0x0000000705600000, 0x0000000705600000, 0x0000000705800000|  0%| F|  |TAMS 0x0000000705600000, 0x0000000705600000| Untracked 
|  24|0x0000000705800000, 0x0000000705800000, 0x0000000705a00000|  0%| F|  |TAMS 0x0000000705800000, 0x0000000705800000| Untracked 
|  25|0x0000000705a00000, 0x0000000705a00000, 0x0000000705c00000|  0%| F|  |TAMS 0x0000000705a00000, 0x0000000705a00000| Untracked 
|  26|0x0000000705c00000, 0x0000000705c00000, 0x0000000705e00000|  0%| F|  |TAMS 0x0000000705c00000, 0x0000000705c00000| Untracked 
|  27|0x0000000705e00000, 0x0000000705e00000, 0x0000000706000000|  0%| F|  |TAMS 0x0000000705e00000, 0x0000000705e00000| Untracked 
|  28|0x0000000706000000, 0x0000000706000000, 0x0000000706200000|  0%| F|  |TAMS 0x0000000706000000, 0x0000000706000000| Untracked 
|  29|0x0000000706200000, 0x0000000706200000, 0x0000000706400000|  0%| F|  |TAMS 0x0000000706200000, 0x0000000706200000| Untracked 
|  30|0x0000000706400000, 0x0000000706400000, 0x0000000706600000|  0%| F|  |TAMS 0x0000000706400000, 0x0000000706400000| Untracked 
|  31|0x0000000706600000, 0x0000000706600000, 0x0000000706800000|  0%| F|  |TAMS 0x0000000706600000, 0x0000000706600000| Untracked 
|  32|0x0000000706800000, 0x0000000706800000, 0x0000000706a00000|  0%| F|  |TAMS 0x0000000706800000, 0x0000000706800000| Untracked 
|  33|0x0000000706a00000, 0x0000000706a00000, 0x0000000706c00000|  0%| F|  |TAMS 0x0000000706a00000, 0x0000000706a00000| Untracked 
|  34|0x0000000706c00000, 0x0000000706c00000, 0x0000000706e00000|  0%| F|  |TAMS 0x0000000706c00000, 0x0000000706c00000| Untracked 
|  35|0x0000000706e00000, 0x0000000706e00000, 0x0000000707000000|  0%| F|  |TAMS 0x0000000706e00000, 0x0000000706e00000| Untracked 
|  36|0x0000000707000000, 0x0000000707000000, 0x0000000707200000|  0%| F|  |TAMS 0x0000000707000000, 0x0000000707000000| Untracked 
|  37|0x0000000707200000, 0x0000000707200000, 0x0000000707400000|  0%| F|  |TAMS 0x0000000707200000, 0x0000000707200000| Untracked 
|  38|0x0000000707400000, 0x0000000707400000, 0x0000000707600000|  0%| F|  |TAMS 0x0000000707400000, 0x0000000707400000| Untracked 
|  39|0x0000000707600000, 0x0000000707600000, 0x0000000707800000|  0%| F|  |TAMS 0x0000000707600000, 0x0000000707600000| Untracked 
|  40|0x0000000707800000, 0x0000000707800000, 0x0000000707a00000|  0%| F|  |TAMS 0x0000000707800000, 0x0000000707800000| Untracked 
|  41|0x0000000707a00000, 0x0000000707a00000, 0x0000000707c00000|  0%| F|  |TAMS 0x0000000707a00000, 0x0000000707a00000| Untracked 
|  42|0x0000000707c00000, 0x0000000707c00000, 0x0000000707e00000|  0%| F|  |TAMS 0x0000000707c00000, 0x0000000707c00000| Untracked 
|  43|0x0000000707e00000, 0x0000000707e00000, 0x0000000708000000|  0%| F|  |TAMS 0x0000000707e00000, 0x0000000707e00000| Untracked 
|  44|0x0000000708000000, 0x0000000708000000, 0x0000000708200000|  0%| F|  |TAMS 0x0000000708000000, 0x0000000708000000| Untracked 
|  45|0x0000000708200000, 0x0000000708200000, 0x0000000708400000|  0%| F|  |TAMS 0x0000000708200000, 0x0000000708200000| Untracked 
|  46|0x0000000708400000, 0x0000000708400000, 0x0000000708600000|  0%| F|  |TAMS 0x0000000708400000, 0x0000000708400000| Untracked 
|  47|0x0000000708600000, 0x0000000708600000, 0x0000000708800000|  0%| F|  |TAMS 0x0000000708600000, 0x0000000708600000| Untracked 
|  48|0x0000000708800000, 0x0000000708800000, 0x0000000708a00000|  0%| F|  |TAMS 0x0000000708800000, 0x0000000708800000| Untracked 
|  49|0x0000000708a00000, 0x0000000708a00000, 0x0000000708c00000|  0%| F|  |TAMS 0x0000000708a00000, 0x0000000708a00000| Untracked 
|  50|0x0000000708c00000, 0x0000000708c00000, 0x0000000708e00000|  0%| F|  |TAMS 0x0000000708c00000, 0x0000000708c00000| Untracked 
|  51|0x0000000708e00000, 0x0000000708e00000, 0x0000000709000000|  0%| F|  |TAMS 0x0000000708e00000, 0x0000000708e00000| Untracked 
|  52|0x0000000709000000, 0x0000000709000000, 0x0000000709200000|  0%| F|  |TAMS 0x0000000709000000, 0x0000000709000000| Untracked 
|  53|0x0000000709200000, 0x0000000709200000, 0x0000000709400000|  0%| F|  |TAMS 0x0000000709200000, 0x0000000709200000| Untracked 
|  54|0x0000000709400000, 0x0000000709400000, 0x0000000709600000|  0%| F|  |TAMS 0x0000000709400000, 0x0000000709400000| Untracked 
|  55|0x0000000709600000, 0x0000000709600000, 0x0000000709800000|  0%| F|  |TAMS 0x0000000709600000, 0x0000000709600000| Untracked 
|  56|0x0000000709800000, 0x0000000709800000, 0x0000000709a00000|  0%| F|  |TAMS 0x0000000709800000, 0x0000000709800000| Untracked 
|  57|0x0000000709a00000, 0x0000000709a00000, 0x0000000709c00000|  0%| F|  |TAMS 0x0000000709a00000, 0x0000000709a00000| Untracked 
|  58|0x0000000709c00000, 0x0000000709c00000, 0x0000000709e00000|  0%| F|  |TAMS 0x0000000709c00000, 0x0000000709c00000| Untracked 
|  59|0x0000000709e00000, 0x0000000709e00000, 0x000000070a000000|  0%| F|  |TAMS 0x0000000709e00000, 0x0000000709e00000| Untracked 
|  60|0x000000070a000000, 0x000000070a000000, 0x000000070a200000|  0%| F|  |TAMS 0x000000070a000000, 0x000000070a000000| Untracked 
|  61|0x000000070a200000, 0x000000070a200000, 0x000000070a400000|  0%| F|  |TAMS 0x000000070a200000, 0x000000070a200000| Untracked 
|  62|0x000000070a400000, 0x000000070a400000, 0x000000070a600000|  0%| F|  |TAMS 0x000000070a400000, 0x000000070a400000| Untracked 
|  63|0x000000070a600000, 0x000000070a600000, 0x000000070a800000|  0%| F|  |TAMS 0x000000070a600000, 0x000000070a600000| Untracked 
|  64|0x000000070a800000, 0x000000070a800000, 0x000000070aa00000|  0%| F|  |TAMS 0x000000070a800000, 0x000000070a800000| Untracked 
|  65|0x000000070aa00000, 0x000000070aa00000, 0x000000070ac00000|  0%| F|  |TAMS 0x000000070aa00000, 0x000000070aa00000| Untracked 
|  66|0x000000070ac00000, 0x000000070ac00000, 0x000000070ae00000|  0%| F|  |TAMS 0x000000070ac00000, 0x000000070ac00000| Untracked 
|  67|0x000000070ae00000, 0x000000070ae00000, 0x000000070b000000|  0%| F|  |TAMS 0x000000070ae00000, 0x000000070ae00000| Untracked 
|  68|0x000000070b000000, 0x000000070b000000, 0x000000070b200000|  0%| F|  |TAMS 0x000000070b000000, 0x000000070b000000| Untracked 
|  69|0x000000070b200000, 0x000000070b200000, 0x000000070b400000|  0%| F|  |TAMS 0x000000070b200000, 0x000000070b200000| Untracked 
|  70|0x000000070b400000, 0x000000070b400000, 0x000000070b600000|  0%| F|  |TAMS 0x000000070b400000, 0x000000070b400000| Untracked 
|  71|0x000000070b600000, 0x000000070b600000, 0x000000070b800000|  0%| F|  |TAMS 0x000000070b600000, 0x000000070b600000| Untracked 
|  72|0x000000070b800000, 0x000000070b800000, 0x000000070ba00000|  0%| F|  |TAMS 0x000000070b800000, 0x000000070b800000| Untracked 
|  73|0x000000070ba00000, 0x000000070ba00000, 0x000000070bc00000|  0%| F|  |TAMS 0x000000070ba00000, 0x000000070ba00000| Untracked 
|  74|0x000000070bc00000, 0x000000070bc00000, 0x000000070be00000|  0%| F|  |TAMS 0x000000070bc00000, 0x000000070bc00000| Untracked 
|  75|0x000000070be00000, 0x000000070be00000, 0x000000070c000000|  0%| F|  |TAMS 0x000000070be00000, 0x000000070be00000| Untracked 
|  76|0x000000070c000000, 0x000000070c000000, 0x000000070c200000|  0%| F|  |TAMS 0x000000070c000000, 0x000000070c000000| Untracked 
|  77|0x000000070c200000, 0x000000070c200000, 0x000000070c400000|  0%| F|  |TAMS 0x000000070c200000, 0x000000070c200000| Untracked 
|  78|0x000000070c400000, 0x000000070c400000, 0x000000070c600000|  0%| F|  |TAMS 0x000000070c400000, 0x000000070c400000| Untracked 
|  79|0x000000070c600000, 0x000000070c600000, 0x000000070c800000|  0%| F|  |TAMS 0x000000070c600000, 0x000000070c600000| Untracked 
|  80|0x000000070c800000, 0x000000070c800000, 0x000000070ca00000|  0%| F|  |TAMS 0x000000070c800000, 0x000000070c800000| Untracked 
|  81|0x000000070ca00000, 0x000000070ca00000, 0x000000070cc00000|  0%| F|  |TAMS 0x000000070ca00000, 0x000000070ca00000| Untracked 
|  82|0x000000070cc00000, 0x000000070cc00000, 0x000000070ce00000|  0%| F|  |TAMS 0x000000070cc00000, 0x000000070cc00000| Untracked 
|  83|0x000000070ce00000, 0x000000070ce00000, 0x000000070d000000|  0%| F|  |TAMS 0x000000070ce00000, 0x000000070ce00000| Untracked 
|  84|0x000000070d000000, 0x000000070d000000, 0x000000070d200000|  0%| F|  |TAMS 0x000000070d000000, 0x000000070d000000| Untracked 
|  85|0x000000070d200000, 0x000000070d200000, 0x000000070d400000|  0%| F|  |TAMS 0x000000070d200000, 0x000000070d200000| Untracked 
|  86|0x000000070d400000, 0x000000070d400000, 0x000000070d600000|  0%| F|  |TAMS 0x000000070d400000, 0x000000070d400000| Untracked 
|  87|0x000000070d600000, 0x000000070d600000, 0x000000070d800000|  0%| F|  |TAMS 0x000000070d600000, 0x000000070d600000| Untracked 
|  88|0x000000070d800000, 0x000000070d800000, 0x000000070da00000|  0%| F|  |TAMS 0x000000070d800000, 0x000000070d800000| Untracked 
|  89|0x000000070da00000, 0x000000070da00000, 0x000000070dc00000|  0%| F|  |TAMS 0x000000070da00000, 0x000000070da00000| Untracked 
|  90|0x000000070dc00000, 0x000000070dc00000, 0x000000070de00000|  0%| F|  |TAMS 0x000000070dc00000, 0x000000070dc00000| Untracked 
|  91|0x000000070de00000, 0x000000070de00000, 0x000000070e000000|  0%| F|  |TAMS 0x000000070de00000, 0x000000070de00000| Untracked 
|  92|0x000000070e000000, 0x000000070e000000, 0x000000070e200000|  0%| F|  |TAMS 0x000000070e000000, 0x000000070e000000| Untracked 
|  93|0x000000070e200000, 0x000000070e200000, 0x000000070e400000|  0%| F|  |TAMS 0x000000070e200000, 0x000000070e200000| Untracked 
|  94|0x000000070e400000, 0x000000070e400000, 0x000000070e600000|  0%| F|  |TAMS 0x000000070e400000, 0x000000070e400000| Untracked 
|  95|0x000000070e600000, 0x000000070e600000, 0x000000070e800000|  0%| F|  |TAMS 0x000000070e600000, 0x000000070e600000| Untracked 
|  96|0x000000070e800000, 0x000000070e800000, 0x000000070ea00000|  0%| F|  |TAMS 0x000000070e800000, 0x000000070e800000| Untracked 
|  97|0x000000070ea00000, 0x000000070ea00000, 0x000000070ec00000|  0%| F|  |TAMS 0x000000070ea00000, 0x000000070ea00000| Untracked 
|  98|0x000000070ec00000, 0x000000070ec00000, 0x000000070ee00000|  0%| F|  |TAMS 0x000000070ec00000, 0x000000070ec00000| Untracked 
|  99|0x000000070ee00000, 0x000000070ee00000, 0x000000070f000000|  0%| F|  |TAMS 0x000000070ee00000, 0x000000070ee00000| Untracked 
| 100|0x000000070f000000, 0x000000070f000000, 0x000000070f200000|  0%| F|  |TAMS 0x000000070f000000, 0x000000070f000000| Untracked 
| 101|0x000000070f200000, 0x000000070f200000, 0x000000070f400000|  0%| F|  |TAMS 0x000000070f200000, 0x000000070f200000| Untracked 
| 102|0x000000070f400000, 0x000000070f400000, 0x000000070f600000|  0%| F|  |TAMS 0x000000070f400000, 0x000000070f400000| Untracked 
| 103|0x000000070f600000, 0x000000070f600000, 0x000000070f800000|  0%| F|  |TAMS 0x000000070f600000, 0x000000070f600000| Untracked 
| 104|0x000000070f800000, 0x000000070f800000, 0x000000070fa00000|  0%| F|  |TAMS 0x000000070f800000, 0x000000070f800000| Untracked 
| 105|0x000000070fa00000, 0x000000070fa00000, 0x000000070fc00000|  0%| F|  |TAMS 0x000000070fa00000, 0x000000070fa00000| Untracked 
| 106|0x000000070fc00000, 0x000000070fc00000, 0x000000070fe00000|  0%| F|  |TAMS 0x000000070fc00000, 0x000000070fc00000| Untracked 
| 107|0x000000070fe00000, 0x000000070fe00000, 0x0000000710000000|  0%| F|  |TAMS 0x000000070fe00000, 0x000000070fe00000| Untracked 
| 108|0x0000000710000000, 0x0000000710200000, 0x0000000710200000|100%| E|  |TAMS 0x0000000710000000, 0x0000000710000000| Complete 
| 109|0x0000000710200000, 0x0000000710391cb8, 0x0000000710400000| 78%| S|CS|TAMS 0x0000000710200000, 0x0000000710200000| Complete 
| 110|0x0000000710400000, 0x0000000710600000, 0x0000000710600000|100%| E|CS|TAMS 0x0000000710400000, 0x0000000710400000| Complete 
| 111|0x0000000710600000, 0x0000000710800000, 0x0000000710800000|100%| E|CS|TAMS 0x0000000710600000, 0x0000000710600000| Complete 
| 112|0x0000000710800000, 0x0000000710a00000, 0x0000000710a00000|100%| E|CS|TAMS 0x0000000710800000, 0x0000000710800000| Complete 
| 113|0x0000000710a00000, 0x0000000710c00000, 0x0000000710c00000|100%| E|CS|TAMS 0x0000000710a00000, 0x0000000710a00000| Complete 
| 114|0x0000000710c00000, 0x0000000710e00000, 0x0000000710e00000|100%| E|CS|TAMS 0x0000000710c00000, 0x0000000710c00000| Complete 
| 115|0x0000000710e00000, 0x0000000711000000, 0x0000000711000000|100%| E|CS|TAMS 0x0000000710e00000, 0x0000000710e00000| Complete 
| 116|0x0000000711000000, 0x0000000711200000, 0x0000000711200000|100%| E|CS|TAMS 0x0000000711000000, 0x0000000711000000| Complete 
| 117|0x0000000711200000, 0x0000000711400000, 0x0000000711400000|100%| E|CS|TAMS 0x0000000711200000, 0x0000000711200000| Complete 
| 118|0x0000000711400000, 0x0000000711600000, 0x0000000711600000|100%| E|CS|TAMS 0x0000000711400000, 0x0000000711400000| Complete 
| 119|0x0000000711600000, 0x0000000711800000, 0x0000000711800000|100%| E|CS|TAMS 0x0000000711600000, 0x0000000711600000| Complete 
| 120|0x0000000711800000, 0x0000000711a00000, 0x0000000711a00000|100%| E|CS|TAMS 0x0000000711800000, 0x0000000711800000| Complete 
| 121|0x0000000711a00000, 0x0000000711c00000, 0x0000000711c00000|100%| E|CS|TAMS 0x0000000711a00000, 0x0000000711a00000| Complete 
| 122|0x0000000711c00000, 0x0000000711e00000, 0x0000000711e00000|100%| E|CS|TAMS 0x0000000711c00000, 0x0000000711c00000| Complete 
| 123|0x0000000711e00000, 0x0000000712000000, 0x0000000712000000|100%| E|CS|TAMS 0x0000000711e00000, 0x0000000711e00000| Complete 
| 124|0x0000000712000000, 0x0000000712200000, 0x0000000712200000|100%| E|CS|TAMS 0x0000000712000000, 0x0000000712000000| Complete 
| 125|0x0000000712200000, 0x0000000712400000, 0x0000000712400000|100%| E|CS|TAMS 0x0000000712200000, 0x0000000712200000| Complete 
| 126|0x0000000712400000, 0x0000000712600000, 0x0000000712600000|100%| E|CS|TAMS 0x0000000712400000, 0x0000000712400000| Complete 

Card table byte_map: [0x000002154d660000,0x000002154de50000] _byte_map_base: 0x0000021549e4c000

Marking Bits (Prev, Next): (CMBitMap*) 0x0000021536084f80, (CMBitMap*) 0x0000021536084fc0
 Prev Bits: [0x000002154e640000, 0x00000215525a0000)
 Next Bits: [0x00000215525a0000, 0x0000021556500000)

Polling page: 0x00000215357d0000

Metaspace:

Usage:
  Non-class:     13.16 MB used.
      Class:      1.83 MB used.
       Both:     14.98 MB used.

Virtual space:
  Non-class space:       64.00 MB reserved,      13.25 MB ( 21%) committed,  1 nodes.
      Class space:        1.00 GB reserved,       1.94 MB ( <1%) committed,  1 nodes.
             Both:        1.06 GB reserved,      15.19 MB (  1%) committed. 

Chunk freelists:
   Non-Class:  2.27 MB
       Class:  13.89 MB
        Both:  16.16 MB

MaxMetaspaceSize: unlimited
CompressedClassSpaceSize: 1.00 GB
Initial GC threshold: 21.00 MB
Current GC threshold: 21.00 MB
CDS: on
MetaspaceReclaimPolicy: balanced
 - commit_granule_bytes: 65536.
 - commit_granule_words: 8192.
 - virtual_space_node_default_size: 8388608.
 - enlarge_chunks_in_place: 1.
 - new_chunks_are_fully_committed: 0.
 - uncommit_free_chunks: 1.
 - use_allocation_guard: 0.
 - handle_deallocations: 1.


Internal statistics:

num_allocs_failed_limit: 0.
num_arena_births: 86.
num_arena_deaths: 0.
num_vsnodes_births: 2.
num_vsnodes_deaths: 0.
num_space_committed: 243.
num_space_uncommitted: 0.
num_chunks_returned_to_freelist: 0.
num_chunks_taken_from_freelist: 631.
num_chunk_merges: 0.
num_chunk_splits: 425.
num_chunks_enlarged: 333.
num_inconsistent_stats: 0.

CodeHeap 'non-profiled nmethods': size=120000Kb used=1200Kb max_used=1200Kb free=118799Kb
 bounds [0x0000021545610000, 0x0000021545880000, 0x000002154cb40000]
CodeHeap 'profiled nmethods': size=120000Kb used=5833Kb max_used=5833Kb free=114167Kb
 bounds [0x000002153db40000, 0x000002153e100000, 0x0000021545070000]
CodeHeap 'non-nmethods': size=5760Kb used=1180Kb max_used=1228Kb free=4579Kb
 bounds [0x0000021545070000, 0x00000215452e0000, 0x0000021545610000]
 total_blobs=3343 nmethods=2873 adapters=382
 compilation: enabled
              stopped_count=0, restarted_count=0
 full_count=0

Compilation events (20 events):
Event: 3.713 Thread 0x000002159e185bd0 2843       1       org.apache.maven.model.Developer::getId (5 bytes)
Event: 3.713 Thread 0x000002159e185bd0 nmethod 2843 0x0000021545733090 code [0x0000021545733220, 0x00000215457332f8]
Event: 3.714 Thread 0x000002159e185bd0 2845       1       org.apache.maven.model.Dependency::getArtifactId (5 bytes)
Event: 3.714 Thread 0x000002159e185bd0 nmethod 2845 0x0000021545733390 code [0x0000021545733520, 0x00000215457335f8]
Event: 3.714 Thread 0x000002159e185bd0 2847       3       org.apache.maven.model.Dependency::getManagementKey (94 bytes)
Event: 3.715 Thread 0x000002159e185bd0 nmethod 2847 0x000002153e0e5d10 code [0x000002153e0e6000, 0x000002153e0e6d18]
Event: 3.715 Thread 0x000002159e185bd0 2852       1       org.eclipse.aether.artifact.DefaultArtifact::getGroupId (5 bytes)
Event: 3.716 Thread 0x000002159e185bd0 nmethod 2852 0x0000021545733690 code [0x0000021545733820, 0x00000215457338f8]
Event: 3.716 Thread 0x000002159e185bd0 2846       1       org.apache.maven.model.Dependency::getGroupId (5 bytes)
Event: 3.716 Thread 0x000002159e185bd0 nmethod 2846 0x0000021545733990 code [0x0000021545733b20, 0x0000021545733bf8]
Event: 3.716 Thread 0x000002159e185bd0 2851       3       org.eclipse.sisu.inject.LazyBeanEntry::getValue (10 bytes)
Event: 3.716 Thread 0x000002159e185bd0 nmethod 2851 0x000002153e0e7190 code [0x000002153e0e7340, 0x000002153e0e7528]
Event: 3.716 Thread 0x000002159e185bd0 2848       1       org.apache.maven.model.building.DefaultModelBuildingRequest::getValidationLevel (5 bytes)
Event: 3.716 Thread 0x000002159e185bd0 nmethod 2848 0x0000021545733c90 code [0x0000021545733e20, 0x0000021545733ef8]
Event: 3.716 Thread 0x000002159e185bd0 2853       1       org.eclipse.aether.graph.Dependency::getArtifact (5 bytes)
Event: 3.716 Thread 0x000002159e185bd0 nmethod 2853 0x0000021545733f90 code [0x0000021545734120, 0x00000215457341f8]
Event: 3.716 Thread 0x000002159e185bd0 2849       1       org.apache.maven.model.Dependency::getType (5 bytes)
Event: 3.716 Thread 0x000002159e185bd0 nmethod 2849 0x0000021545734290 code [0x0000021545734420, 0x00000215457344f8]
Event: 3.716 Thread 0x000002159e185bd0 2850       1       org.apache.maven.model.Dependency::getSystemPath (5 bytes)
Event: 3.716 Thread 0x000002159e185bd0 nmethod 2850 0x0000021545734590 code [0x0000021545734720, 0x00000215457347f8]

GC Heap History (4 events):
Event: 1.051 GC heap before
{Heap before GC invocations=0 (full 0):
 garbage-first heap   total 260096K, used 22528K [0x0000000702800000, 0x0000000800000000)
  region size 2048K, 11 young (22528K), 0 survivors (0K)
 Metaspace       used 5769K, committed 5952K, reserved 1114112K
  class space    used 682K, committed 768K, reserved 1048576K
}
Event: 1.072 GC heap after
{Heap after GC invocations=1 (full 0):
 garbage-first heap   total 260096K, used 3701K [0x0000000702800000, 0x0000000800000000)
  region size 2048K, 2 young (4096K), 2 survivors (4096K)
 Metaspace       used 5769K, committed 5952K, reserved 1114112K
  class space    used 682K, committed 768K, reserved 1048576K
}
Event: 2.280 GC heap before
{Heap before GC invocations=1 (full 0):
 garbage-first heap   total 260096K, used 34421K [0x0000000702800000, 0x0000000800000000)
  region size 2048K, 17 young (34816K), 2 survivors (4096K)
 Metaspace       used 9245K, committed 9408K, reserved 1114112K
  class space    used 1110K, committed 1216K, reserved 1048576K
}
Event: 2.293 GC heap after
{Heap after GC invocations=2 (full 0):
 garbage-first heap   total 260096K, used 5314K [0x0000000702800000, 0x0000000800000000)
  region size 2048K, 1 young (2048K), 1 survivors (2048K)
 Metaspace       used 9245K, committed 9408K, reserved 1114112K
  class space    used 1110K, committed 1216K, reserved 1048576K
}

Dll operation events (12 events):
Event: 0.012 Loaded shared library C:\Users\ghofr\.jdks\corretto-17.0.12\bin\java.dll
Event: 0.036 Loaded shared library C:\Users\ghofr\.jdks\corretto-17.0.12\bin\jsvml.dll
Event: 0.117 Loaded shared library C:\Users\ghofr\.jdks\corretto-17.0.12\bin\zip.dll
Event: 0.120 Loaded shared library C:\Users\ghofr\.jdks\corretto-17.0.12\bin\instrument.dll
Event: 0.129 Loaded shared library C:\Users\ghofr\.jdks\corretto-17.0.12\bin\net.dll
Event: 0.131 Loaded shared library C:\Users\ghofr\.jdks\corretto-17.0.12\bin\nio.dll
Event: 0.135 Loaded shared library C:\Users\ghofr\.jdks\corretto-17.0.12\bin\zip.dll
Event: 0.148 Loaded shared library C:\Program Files\JetBrains\IntelliJ IDEA 2024.2.1\bin\breakgen64.dll
Event: 0.166 Loaded shared library C:\Users\ghofr\.jdks\corretto-17.0.12\bin\extnet.dll
Event: 0.323 Loaded shared library C:\Users\ghofr\.jdks\corretto-17.0.12\bin\jimage.dll
Event: 0.349 Loaded shared library C:\Users\ghofr\AppData\Local\Temp\jansi-2.4.1-e9cefe18096bacba-jansi.dll
Event: 0.365 Loaded shared library C:\Users\ghofr\.jdks\corretto-17.0.12\bin\verify.dll

Deoptimization events (20 events):
Event: 3.636 Thread 0x0000021536017c80 Uncommon trap: trap_request=0xffffff45 fr.pc=0x000002154569a4bc relative=0x000000000000021c
Event: 3.636 Thread 0x0000021536017c80 Uncommon trap: reason=unstable_if action=reinterpret pc=0x000002154569a4bc method=java.lang.StringUTF16.compress([CII)[B @ 13 c2
Event: 3.636 Thread 0x0000021536017c80 DEOPT PACKING pc=0x000002154569a4bc sp=0x000000f6c61fcb70
Event: 3.636 Thread 0x0000021536017c80 DEOPT UNPACKING pc=0x00000215450c69a3 sp=0x000000f6c61fcaf8 mode 2
Event: 3.636 Thread 0x0000021536017c80 Uncommon trap: trap_request=0xffffff45 fr.pc=0x0000021545679e68 relative=0x0000000000000268
Event: 3.636 Thread 0x0000021536017c80 Uncommon trap: reason=unstable_if action=reinterpret pc=0x0000021545679e68 method=java.lang.String.decodeASCII([BI[CII)I @ 7 c2
Event: 3.636 Thread 0x0000021536017c80 DEOPT PACKING pc=0x0000021545679e68 sp=0x000000f6c61fc7a0
Event: 3.636 Thread 0x0000021536017c80 DEOPT UNPACKING pc=0x00000215450c69a3 sp=0x000000f6c61fc6d0 mode 2
Event: 3.652 Thread 0x0000021536017c80 Uncommon trap: trap_request=0xffffffde fr.pc=0x0000021545706788 relative=0x0000000000001868
Event: 3.652 Thread 0x0000021536017c80 Uncommon trap: reason=class_check action=maybe_recompile pc=0x0000021545706788 method=java.util.HashMap.putVal(ILjava/lang/Object;Ljava/lang/Object;ZZ)Ljava/lang/Object; @ 203 c2
Event: 3.652 Thread 0x0000021536017c80 DEOPT PACKING pc=0x0000021545706788 sp=0x000000f6c61fcb90
Event: 3.652 Thread 0x0000021536017c80 DEOPT UNPACKING pc=0x00000215450c69a3 sp=0x000000f6c61fcb50 mode 2
Event: 3.656 Thread 0x0000021536017c80 Uncommon trap: trap_request=0xffffff45 fr.pc=0x0000021545714f5c relative=0x00000000000001dc
Event: 3.656 Thread 0x0000021536017c80 Uncommon trap: reason=unstable_if action=reinterpret pc=0x0000021545714f5c method=java.lang.String.indexOf(Ljava/lang/String;)I @ 10 c2
Event: 3.656 Thread 0x0000021536017c80 DEOPT PACKING pc=0x0000021545714f5c sp=0x000000f6c61fcee0
Event: 3.656 Thread 0x0000021536017c80 DEOPT UNPACKING pc=0x00000215450c69a3 sp=0x000000f6c61fce80 mode 2
Event: 3.679 Thread 0x0000021536017c80 Uncommon trap: trap_request=0xffffff45 fr.pc=0x000002154572e5b8 relative=0x0000000000000d38
Event: 3.679 Thread 0x0000021536017c80 Uncommon trap: reason=unstable_if action=reinterpret pc=0x000002154572e5b8 method=org.codehaus.plexus.util.xml.pull.MXParser.nextImpl()I @ 1162 c2
Event: 3.679 Thread 0x0000021536017c80 DEOPT PACKING pc=0x000002154572e5b8 sp=0x000000f6c61fd250
Event: 3.679 Thread 0x0000021536017c80 DEOPT UNPACKING pc=0x00000215450c69a3 sp=0x000000f6c61fd1e8 mode 2

Classes loaded (20 events):
Event: 3.602 Loading class java/nio/channels/spi/AbstractInterruptibleChannel$1
Event: 3.602 Loading class sun/nio/ch/Interruptible
Event: 3.602 Loading class sun/nio/ch/Interruptible done
Event: 3.602 Loading class java/nio/channels/spi/AbstractInterruptibleChannel$1 done
Event: 3.603 Loading class java/util/AbstractMap$2
Event: 3.605 Loading class java/util/AbstractMap$2 done
Event: 3.606 Loading class java/util/AbstractMap$2$1
Event: 3.606 Loading class java/util/AbstractMap$2$1 done
Event: 3.662 Loading class java/lang/invoke/MethodHandle$1
Event: 3.662 Loading class java/lang/invoke/MethodHandle$1 done
Event: 3.670 Loading class java/util/stream/MatchOps$MatchKind
Event: 3.670 Loading class java/util/stream/MatchOps$MatchKind done
Event: 3.670 Loading class java/util/stream/MatchOps
Event: 3.670 Loading class java/util/stream/MatchOps done
Event: 3.670 Loading class java/util/stream/MatchOps$MatchOp
Event: 3.670 Loading class java/util/stream/MatchOps$MatchOp done
Event: 3.670 Loading class java/util/stream/MatchOps$BooleanTerminalSink
Event: 3.670 Loading class java/util/stream/MatchOps$BooleanTerminalSink done
Event: 3.671 Loading class java/util/stream/MatchOps$1MatchSink
Event: 3.671 Loading class java/util/stream/MatchOps$1MatchSink done

Classes unloaded (0 events):
No events

Classes redefined (0 events):
No events

Internal exceptions (20 events):
Event: 0.399 Thread 0x0000021536017c80 Exception <a 'java/lang/NoSuchMethodError'{0x0000000711f41640}: 'void java.lang.invoke.DirectMethodHandle$Holder.invokeStatic(java.lang.Object, java.lang.Object, java.lang.Object)'> (0x0000000711f41640) 
thrown [s\src\hotspot\share\interpreter\linkResolver.cpp, line 759]
Event: 0.498 Thread 0x0000021536017c80 Exception <a 'java/lang/NoSuchMethodError'{0x0000000711cd55a8}: 'java.lang.Object java.lang.invoke.DirectMethodHandle$Holder.invokeSpecialIFC(java.lang.Object, java.lang.Object, java.lang.Object, java.lang.Object)'> (0x0000000711cd55a8) 
thrown [s\src\hotspot\share\interpreter\linkResolver.cpp, line 759]
Event: 0.754 Thread 0x0000021536017c80 Exception <a 'java/lang/NoSuchMethodError'{0x00000007116ca3c8}: 'void java.lang.invoke.DirectMethodHandle$Holder.invokeSpecial(java.lang.Object, java.lang.Object, java.lang.Object)'> (0x00000007116ca3c8) 
thrown [s\src\hotspot\share\interpreter\linkResolver.cpp, line 759]
Event: 0.807 Thread 0x0000021536017c80 Exception <a 'java/lang/NoSuchMethodError'{0x0000000711435080}: 'java.lang.Object java.lang.invoke.DirectMethodHandle$Holder.invokeInterface(java.lang.Object, java.lang.Object)'> (0x0000000711435080) 
thrown [s\src\hotspot\share\interpreter\linkResolver.cpp, line 759]
Event: 0.837 Thread 0x0000021536017c80 Exception <a 'java/lang/NoSuchMethodError'{0x00000007114e3480}: 'java.lang.Object java.lang.invoke.Invokers$Holder.invokeExact_MT(java.lang.Object, java.lang.Object, java.lang.Object, java.lang.Object, java.lang.Object, java.lang.Object)'> (0x00000007114e3480) 
thrown [s\src\hotspot\share\interpreter\linkResolver.cpp, line 759]
Event: 0.840 Thread 0x0000021536017c80 Exception <a 'java/lang/NoSuchMethodError'{0x00000007114f4b48}: 'int java.lang.invoke.DirectMethodHandle$Holder.invokeSpecialIFC(java.lang.Object, java.lang.Object, java.lang.Object, java.lang.Object, java.lang.Object)'> (0x00000007114f4b48) 
thrown [s\src\hotspot\share\interpreter\linkResolver.cpp, line 759]
Event: 0.929 Thread 0x0000021536017c80 Exception <a 'java/lang/NoSuchMethodError'{0x00000007112a6200}: 'java.lang.Object java.lang.invoke.DirectMethodHandle$Holder.newInvokeSpecial(java.lang.Object, java.lang.Object, java.lang.Object, java.lang.Object, java.lang.Object)'> (0x00000007112a6200) 
thrown [s\src\hotspot\share\interpreter\linkResolver.cpp, line 759]
Event: 0.983 Thread 0x0000021536017c80 Exception <a 'java/lang/NoSuchMethodError'{0x00000007113b4e28}: 'int java.lang.invoke.DirectMethodHandle$Holder.invokeStaticInit(java.lang.Object, java.lang.Object)'> (0x00000007113b4e28) 
thrown [s\src\hotspot\share\interpreter\linkResolver.cpp, line 759]
Event: 0.995 Thread 0x0000021536017c80 Exception <a 'java/lang/NoClassDefFoundError'{0x00000007113ef4f8}: javax/enterprise/inject/Typed> (0x00000007113ef4f8) 
thrown [s\src\hotspot\share\classfile\systemDictionary.cpp, line 245]
Event: 2.623 Thread 0x0000021536017c80 Exception <a 'java/lang/NoSuchMethodError'{0x0000000711fbd9e0}: 'void java.lang.invoke.DirectMethodHandle$Holder.invokeStaticInit(java.lang.Object, java.lang.Object, java.lang.Object)'> (0x0000000711fbd9e0) 
thrown [s\src\hotspot\share\interpreter\linkResolver.cpp, line 759]
Event: 2.630 Thread 0x0000021536017c80 Exception <a 'java/lang/ExceptionInInitializerError'{0x0000000711fe9a60}> (0x0000000711fe9a60) 
thrown [s\src\hotspot\share\oops\instanceKlass.cpp, line 1218]
Event: 2.678 Thread 0x0000021536017c80 Implicit null exception at 0x00000215456a9faf to 0x00000215456aa114
Event: 2.683 Thread 0x0000021536017c80 Exception <a 'java/lang/NoSuchMethodError'{0x0000000711cfe050}: 'java.lang.Object java.lang.invoke.Invokers$Holder.invokeExact_MT(java.lang.Object, int, java.lang.Object)'> (0x0000000711cfe050) 
thrown [s\src\hotspot\share\interpreter\linkResolver.cpp, line 759]
Event: 2.708 Thread 0x0000021536017c80 Exception <a 'java/lang/NoSuchMethodError'{0x0000000711da5060}: 'int java.lang.invoke.DirectMethodHandle$Holder.invokeSpecial(java.lang.Object, java.lang.Object, java.lang.Object, java.lang.Object)'> (0x0000000711da5060) 
thrown [s\src\hotspot\share\interpreter\linkResolver.cpp, line 759]
Event: 3.112 Thread 0x0000021536017c80 Exception <a 'java/lang/NoClassDefFoundError'{0x00000007112fd850}: com/google/inject/servlet/ServletModuleTargetVisitor> (0x00000007112fd850) 
thrown [s\src\hotspot\share\classfile\systemDictionary.cpp, line 245]
Event: 3.224 Thread 0x0000021536017c80 Exception <a 'java/lang/NoSuchMethodError'{0x0000000711185190}: 'void java.lang.invoke.DirectMethodHandle$Holder.invokeVirtual(java.lang.Object, java.lang.Object)'> (0x0000000711185190) 
thrown [s\src\hotspot\share\interpreter\linkResolver.cpp, line 759]
Event: 3.258 Thread 0x0000021536017c80 Exception <a 'java/lang/NoSuchMethodError'{0x0000000710e0d258}: 'java.lang.Object java.lang.invoke.DirectMethodHandle$Holder.invokeStaticInit(java.lang.Object, int, int, int, int)'> (0x0000000710e0d258) 
thrown [s\src\hotspot\share\interpreter\linkResolver.cpp, line 759]
Event: 3.455 Thread 0x0000021536017c80 Exception <a 'java/lang/NoSuchMethodError'{0x0000000710bd61d0}: 'void java.lang.invoke.DirectMethodHandle$Holder.invokeSpecial(java.lang.Object, java.lang.Object, java.lang.Object, java.lang.Object, java.lang.Object)'> (0x0000000710bd61d0) 
thrown [s\src\hotspot\share\interpreter\linkResolver.cpp, line 759]
Event: 3.461 Thread 0x0000021536017c80 Exception <a 'java/lang/NoSuchMethodError'{0x0000000710bf4330}: 'java.lang.Object java.lang.invoke.DirectMethodHandle$Holder.invokeVirtual(java.lang.Object, java.lang.Object, java.lang.Object)'> (0x0000000710bf4330) 
thrown [s\src\hotspot\share\interpreter\linkResolver.cpp, line 759]
Event: 3.465 Thread 0x0000021536017c80 Exception <a 'java/lang/NoSuchMethodError'{0x0000000710803a38}: 'void java.lang.invoke.DirectMethodHandle$Holder.invokeSpecial(java.lang.Object, java.lang.Object, java.lang.Object, java.lang.Object, java.lang.Object, java.lang.Object)'> (0x0000000710803a38) 
thrown [s\src\hotspot\share\interpreter\linkResolver.cpp, line 759]

VM Operations (20 events):
Event: 2.756 Executing VM operation: HandshakeAllThreads
Event: 2.756 Executing VM operation: HandshakeAllThreads done
Event: 2.760 Executing VM operation: HandshakeAllThreads
Event: 2.760 Executing VM operation: HandshakeAllThreads done
Event: 2.865 Executing VM operation: HandshakeAllThreads
Event: 2.865 Executing VM operation: HandshakeAllThreads done
Event: 2.897 Executing VM operation: ICBufferFull
Event: 2.897 Executing VM operation: ICBufferFull done
Event: 3.079 Executing VM operation: HandshakeAllThreads
Event: 3.079 Executing VM operation: HandshakeAllThreads done
Event: 3.237 Executing VM operation: HandshakeAllThreads
Event: 3.237 Executing VM operation: HandshakeAllThreads done
Event: 3.279 Executing VM operation: HandshakeAllThreads
Event: 3.279 Executing VM operation: HandshakeAllThreads done
Event: 3.384 Executing VM operation: HandshakeAllThreads
Event: 3.384 Executing VM operation: HandshakeAllThreads done
Event: 3.386 Executing VM operation: HandshakeAllThreads
Event: 3.386 Executing VM operation: HandshakeAllThreads done
Event: 3.508 Executing VM operation: ICBufferFull
Event: 3.508 Executing VM operation: ICBufferFull done

Events (20 events):
Event: 0.041 Thread 0x0000021558f80c90 Thread added: 0x0000021558f80c90
Event: 0.041 Thread 0x0000021558f81b10 Thread added: 0x0000021558f81b10
Event: 0.052 Thread 0x0000021558f8e4f0 Thread added: 0x0000021558f8e4f0
Event: 0.052 Thread 0x000002159e1344a0 Thread added: 0x000002159e1344a0
Event: 0.052 Thread 0x000002159e134e60 Thread added: 0x000002159e134e60
Event: 0.052 Thread 0x000002159e135820 Thread added: 0x000002159e135820
Event: 0.052 Thread 0x000002159e1365c0 Thread added: 0x000002159e1365c0
Event: 0.053 Thread 0x000002159e185bd0 Thread added: 0x000002159e185bd0
Event: 0.054 Thread 0x000002159e1a48e0 Thread added: 0x000002159e1a48e0
Event: 0.085 Thread 0x0000021558f65d60 Thread added: 0x0000021558f65d60
Event: 0.149 Thread 0x000002159e36fde0 Thread added: 0x000002159e36fde0
Event: 0.149 Thread 0x000002159e30fc70 Thread added: 0x000002159e30fc70
Event: 0.320 Thread 0x000002159e52afe0 Thread added: 0x000002159e52afe0
Event: 0.507 Thread 0x000002159e52afe0 Thread exited: 0x000002159e52afe0
Event: 0.533 Thread 0x000002159e8644e0 Thread added: 0x000002159e8644e0
Event: 1.043 Thread 0x000002159e864f80 Thread added: 0x000002159e864f80
Event: 1.346 Thread 0x000002159e864f80 Thread exited: 0x000002159e864f80
Event: 1.346 Thread 0x000002159e8644e0 Thread exited: 0x000002159e8644e0
Event: 1.416 Thread 0x000002159e863f90 Thread added: 0x000002159e863f90
Event: 3.347 Thread 0x000002159f65dd40 Thread added: 0x000002159f65dd40


Dynamic libraries:
0x00007ff74d930000 - 0x00007ff74d93e000 	C:\Users\ghofr\.jdks\corretto-17.0.12\bin\java.exe
0x00007ff8bc170000 - 0x00007ff8bc387000 	C:\WINDOWS\SYSTEM32\ntdll.dll
0x00007ff8ba490000 - 0x00007ff8ba554000 	C:\WINDOWS\System32\KERNEL32.DLL
0x00007ff8b9930000 - 0x00007ff8b9d03000 	C:\WINDOWS\System32\KERNELBASE.dll
0x00007ff8b9540000 - 0x00007ff8b9651000 	C:\WINDOWS\System32\ucrtbase.dll
0x00007ff8a6e00000 - 0x00007ff8a6e1b000 	C:\Users\ghofr\.jdks\corretto-17.0.12\bin\VCRUNTIME140.dll
0x00007ff8a7250000 - 0x00007ff8a7267000 	C:\Users\ghofr\.jdks\corretto-17.0.12\bin\jli.dll
0x00007ff8ba240000 - 0x00007ff8ba3f1000 	C:\WINDOWS\System32\USER32.dll
0x00007ff8a7ef0000 - 0x00007ff8a8188000 	C:\WINDOWS\WinSxS\amd64_microsoft.windows.common-controls_6595b64144ccf1df_6.0.22621.5124_none_270e8f4f7386d69d\COMCTL32.dll
0x00007ff8b92b0000 - 0x00007ff8b92d6000 	C:\WINDOWS\System32\win32u.dll
0x00007ff8ba9b0000 - 0x00007ff8baa57000 	C:\WINDOWS\System32\msvcrt.dll
0x00007ff8bb860000 - 0x00007ff8bb889000 	C:\WINDOWS\System32\GDI32.dll
0x00007ff8b9420000 - 0x00007ff8b953b000 	C:\WINDOWS\System32\gdi32full.dll
0x00007ff8b9890000 - 0x00007ff8b992a000 	C:\WINDOWS\System32\msvcp_win.dll
0x00007ff8b9f70000 - 0x00007ff8b9fa1000 	C:\WINDOWS\System32\IMM32.DLL
0x00007ff8a90a0000 - 0x00007ff8a90ac000 	C:\Users\ghofr\.jdks\corretto-17.0.12\bin\vcruntime140_1.dll
0x00007ff8a2a10000 - 0x00007ff8a2a9d000 	C:\Users\ghofr\.jdks\corretto-17.0.12\bin\msvcp140.dll
0x00007ff827d60000 - 0x00007ff8289ca000 	C:\Users\ghofr\.jdks\corretto-17.0.12\bin\server\jvm.dll
0x00007ff8baee0000 - 0x00007ff8baf91000 	C:\WINDOWS\System32\ADVAPI32.dll
0x00007ff8bb2a0000 - 0x00007ff8bb348000 	C:\WINDOWS\System32\sechost.dll
0x00007ff8b9280000 - 0x00007ff8b92a8000 	C:\WINDOWS\System32\bcrypt.dll
0x00007ff8bb680000 - 0x00007ff8bb794000 	C:\WINDOWS\System32\RPCRT4.dll
0x00007ff8ba570000 - 0x00007ff8ba5e1000 	C:\WINDOWS\System32\WS2_32.dll
0x00007ff8b8100000 - 0x00007ff8b814d000 	C:\WINDOWS\SYSTEM32\POWRPROF.dll
0x00007ff8b28e0000 - 0x00007ff8b2914000 	C:\WINDOWS\SYSTEM32\WINMM.dll
0x00007ff8b20d0000 - 0x00007ff8b20da000 	C:\WINDOWS\SYSTEM32\VERSION.dll
0x00007ff8b80e0000 - 0x00007ff8b80f3000 	C:\WINDOWS\SYSTEM32\UMPDC.dll
0x00007ff8b83a0000 - 0x00007ff8b83b8000 	C:\WINDOWS\SYSTEM32\kernel.appcore.dll
0x00007ff8a9080000 - 0x00007ff8a908a000 	C:\Users\ghofr\.jdks\corretto-17.0.12\bin\jimage.dll
0x00007ff8b6680000 - 0x00007ff8b68b2000 	C:\WINDOWS\SYSTEM32\DBGHELP.DLL
0x00007ff8ba5f0000 - 0x00007ff8ba982000 	C:\WINDOWS\System32\combase.dll
0x00007ff8ba160000 - 0x00007ff8ba237000 	C:\WINDOWS\System32\OLEAUT32.dll
0x00007ff891b00000 - 0x00007ff891b32000 	C:\WINDOWS\SYSTEM32\dbgcore.DLL
0x00007ff8b9d10000 - 0x00007ff8b9d8b000 	C:\WINDOWS\System32\bcryptPrimitives.dll
0x00007ff8a7860000 - 0x00007ff8a786e000 	C:\Users\ghofr\.jdks\corretto-17.0.12\bin\instrument.dll
0x00007ff8a5880000 - 0x00007ff8a58a5000 	C:\Users\ghofr\.jdks\corretto-17.0.12\bin\java.dll
0x00007ff873190000 - 0x00007ff873267000 	C:\Users\ghofr\.jdks\corretto-17.0.12\bin\jsvml.dll
0x00007ff8bb890000 - 0x00007ff8bc126000 	C:\WINDOWS\System32\SHELL32.dll
0x00007ff8b92e0000 - 0x00007ff8b941f000 	C:\WINDOWS\System32\wintypes.dll
0x00007ff8b71b0000 - 0x00007ff8b7aca000 	C:\WINDOWS\SYSTEM32\windows.storage.dll
0x00007ff8b9e60000 - 0x00007ff8b9f6a000 	C:\WINDOWS\System32\SHCORE.dll
0x00007ff8bb100000 - 0x00007ff8bb163000 	C:\WINDOWS\System32\shlwapi.dll
0x00007ff8b91b0000 - 0x00007ff8b91db000 	C:\WINDOWS\SYSTEM32\profapi.dll
0x00007ff8a41b0000 - 0x00007ff8a41c8000 	C:\Users\ghofr\.jdks\corretto-17.0.12\bin\zip.dll
0x00007ff8a5760000 - 0x00007ff8a5779000 	C:\Users\ghofr\.jdks\corretto-17.0.12\bin\net.dll
0x00007ff8b50b0000 - 0x00007ff8b51dc000 	C:\WINDOWS\SYSTEM32\WINHTTP.dll
0x00007ff8b8820000 - 0x00007ff8b888a000 	C:\WINDOWS\system32\mswsock.dll
0x00007ff8a4850000 - 0x00007ff8a4866000 	C:\Users\ghofr\.jdks\corretto-17.0.12\bin\nio.dll
0x00007ff8a2b00000 - 0x00007ff8a2b1a000 	C:\Program Files\JetBrains\IntelliJ IDEA 2024.2.1\bin\breakgen64.dll
0x00007ff8a6020000 - 0x00007ff8a6029000 	C:\Users\ghofr\.jdks\corretto-17.0.12\bin\extnet.dll
0x00007ff866a40000 - 0x00007ff866a64000 	C:\Users\ghofr\AppData\Local\Temp\jansi-2.4.1-e9cefe18096bacba-jansi.dll
0x00007ff8a5fd0000 - 0x00007ff8a5fe0000 	C:\Users\ghofr\.jdks\corretto-17.0.12\bin\verify.dll

dbghelp: loaded successfully - version: 4.0.5 - missing functions: none
symbol engine: initialized successfully - sym options: 0x614 - pdb path: .;C:\Users\ghofr\.jdks\corretto-17.0.12\bin;C:\WINDOWS\SYSTEM32;C:\WINDOWS\WinSxS\amd64_microsoft.windows.common-controls_6595b64144ccf1df_6.0.22621.5124_none_270e8f4f7386d69d;C:\Users\ghofr\.jdks\corretto-17.0.12\bin\server;C:\Program Files\JetBrains\IntelliJ IDEA 2024.2.1\bin;C:\Users\ghofr\AppData\Local\Temp

VM Arguments:
jvm_args: -Dmaven.multiModuleProjectDirectory=C:\Users\ghofr\IdeaProjects\GestionReclamation -Djansi.passthrough=true -Dmaven.home=C:\Program Files\JetBrains\IntelliJ IDEA 2024.2.1\plugins\maven\lib\maven3 -Dclassworlds.conf=C:\Program Files\JetBrains\IntelliJ IDEA 2024.2.1\plugins\maven\lib\maven3\bin\m2.conf -Dmaven.ext.class.path=C:\Program Files\JetBrains\IntelliJ IDEA 2024.2.1\plugins\maven\lib\maven-event-listener.jar -javaagent:C:\Program Files\JetBrains\IntelliJ IDEA 2024.2.1\lib\idea_rt.jar=51053:C:\Program Files\JetBrains\IntelliJ IDEA 2024.2.1\bin -Dfile.encoding=UTF-8 
java_command: org.codehaus.classworlds.Launcher -Didea.version=2024.2.1 compile
java_class_path (initial): C:\Program Files\JetBrains\IntelliJ IDEA 2024.2.1\plugins\maven\lib\maven3\boot\plexus-classworlds-2.8.0.jar;C:\Program Files\JetBrains\IntelliJ IDEA 2024.2.1\plugins\maven\lib\maven3\boot\plexus-classworlds.license
Launcher Type: SUN_STANDARD

[Global flags]
     intx CICompilerCount                          = 4                                         {product} {ergonomic}
     uint ConcGCThreads                            = 2                                         {product} {ergonomic}
     uint G1ConcRefinementThreads                  = 8                                         {product} {ergonomic}
   size_t G1HeapRegionSize                         = 2097152                                   {product} {ergonomic}
    uintx GCDrainStackTargetSize                   = 64                                        {product} {ergonomic}
   size_t InitialHeapSize                          = 266338304                                 {product} {ergonomic}
   size_t MarkStackSize                            = 4194304                                   {product} {ergonomic}
   size_t MaxHeapSize                              = 4253024256                                {product} {ergonomic}
   size_t MaxNewSize                               = 2550136832                                {product} {ergonomic}
   size_t MinHeapDeltaBytes                        = 2097152                                   {product} {ergonomic}
   size_t MinHeapSize                              = 8388608                                   {product} {ergonomic}
    uintx NonNMethodCodeHeapSize                   = 5839372                                {pd product} {ergonomic}
    uintx NonProfiledCodeHeapSize                  = 122909434                              {pd product} {ergonomic}
    uintx ProfiledCodeHeapSize                     = 122909434                              {pd product} {ergonomic}
    uintx ReservedCodeCacheSize                    = 251658240                              {pd product} {ergonomic}
     bool SegmentedCodeCache                       = true                                      {product} {ergonomic}
   size_t SoftMaxHeapSize                          = 4253024256                             {manageable} {ergonomic}
     bool UseCompressedClassPointers               = true                           {product lp64_product} {ergonomic}
     bool UseCompressedOops                        = true                           {product lp64_product} {ergonomic}
     bool UseG1GC                                  = true                                      {product} {ergonomic}
     bool UseLargePagesIndividualAllocation        = false                                  {pd product} {ergonomic}

Logging:
Log output configuration:
 #0: stdout all=warning uptime,level,tags
 #1: stderr all=off uptime,level,tags

Environment Variables:
PATH=C:\Program Files (x86)\VMware\VMware Workstation\bin\;C:\oraclexe\app\oracle\product\11.2.0\server\bin;C:\Program Files (x86)\Common Files\Intel\Shared Libraries\redist\intel64\compiler;C:\Windows\system32;C:\Windows;C:\Windows\System32\Wbem;C:\Windows\System32\WindowsPowerShell\v1.0\;C:\Windows\System32\OpenSSH\;C:\Program Files (x86)\NVIDIA Corporation\PhysX\Common;C:\Program Files\NVIDIA Corporation\NVIDIA NvDLISR;C:\WINDOWS\system32;C:\WINDOWS;C:\WINDOWS\System32\Wbem;C:\WINDOWS\System32\WindowsPowerShell\v1.0\;C:\WINDOWS\System32\OpenSSH\;C:\Strawberry\c\bin;C:\Strawberry\perl\site\bin;C:\Strawberry\perl\bin;C:\instantclient12_2\1;C:\oraclexe\app\oracle\admin\XE;C:\oraclexe;C:\Program Files\Git\cmd;C:\Users\ghofr\.jdks\jbr-17.0.12-1;C:\Users\ghofr\scoop\shims;C:\Users\ghofr\AppData\Local\Microsoft\WindowsApps;;C:\Users\ghofr\AppData\Local\Programs\Microsoft VS Code\bin;C:\xampp\php;C:\Users\ghofr\AppData\Local\ComposerSetup\bin;C:\Users\ghofr\AppData\Roaming\Composer\vendor\bin;C:\Program Files\JetBrains\IntelliJ IDEA 2024.2.1\bin;;C:\Users\ghofr\AppData\Local\Programs\Windsurf\bin;C:\Users\ghofr\AppData\Local\Programs\cursor\resources\app\bin
USERNAME=ghofr
OS=Windows_NT
PROCESSOR_IDENTIFIER=Intel64 Family 6 Model 165 Stepping 2, GenuineIntel
TMP=C:\Users\ghofr\AppData\Local\Temp
TEMP=C:\Users\ghofr\AppData\Local\Temp



Periodic native trim disabled


---------------  S Y S T E M  ---------------

OS:
 Windows 11 , 64 bit Build 22621 (10.0.22621.5124)
OS uptime: 5 days 5:36 hours

CPU: total 8 (initial active 8) (4 cores per cpu, 2 threads per core) family 6 model 165 stepping 2 microcode 0xe0, cx8, cmov, fxsr, ht, mmx, 3dnowpref, sse, sse2, sse3, ssse3, sse4.1, sse4.2, popcnt, lzcnt, tsc, tscinvbit, avx, avx2, aes, erms, clmul, bmi1, bmi2, adx, fma, vzeroupper, clflush, clflushopt
Processor Information for all 8 processors :
  Max Mhz: 2496, Current Mhz: 2496, Mhz Limit: 2496

Memory: 4k page, system-wide physical 16221M (415M free)
TotalPageFile size 65373M (AvailPageFile size 4M)
current process WorkingSet (physical memory assigned to process): 123M, peak: 125M
current process commit charge ("private bytes"): 384M, peak: 387M

vm_info: OpenJDK 64-Bit Server VM (17.0.12+7-LTS) for windows-amd64 JRE (17.0.12+7-LTS), built on Jul 10 2024 20:46:33 by "Administrator" with MS VC++ 16.10 / 16.11 (VS2019)

END.
