#
# There is insufficient memory for the Java Runtime Environment to continue.
# Native memory allocation (malloc) failed to allocate 460608 bytes. Error detail: Chunk::new
# Possible reasons:
#   The system is out of physical RAM or swap space
#   This process is running with CompressedOops enabled, and the Java Heap may be blocking the growth of the native heap
# Possible solutions:
#   Reduce memory load on the system
#   Increase physical memory or swap space
#   Check if swap backing store is full
#   Decrease Java heap size (-Xmx/-Xms)
#   Decrease number of Java threads
#   Decrease Java thread stack sizes (-Xss)
#   Set larger code cache with -XX:ReservedCodeCacheSize=
#   JVM is running with Zero Based Compressed Oops mode in which the Java heap is
#     placed in the first 32GB address space. The Java Heap base address is the
#     maximum limit for the native heap growth. Please use -XX:HeapBaseMinAddress
#     to set the Java Heap base and to place the Java Heap above 32GB virtual address.
# This output file may be truncated or incomplete.
#
#  Out of Memory Error (arena.cpp:191), pid=27304, tid=69844
#
# JRE version: OpenJDK Runtime Environment Corretto-17.0.12.7.1 (17.0.12+7) (build 17.0.12+7-LTS)
# Java VM: OpenJDK 64-Bit Server VM Corretto-17.0.12.7.1 (17.0.12+7-LTS, mixed mode, sharing, tiered, compressed oops, compressed class ptrs, g1 gc, windows-amd64)
# No core dump will be written. Minidumps are not enabled by default on client versions of Windows
#

---------------  S U M M A R Y ------------

Command Line: -Dmaven.multiModuleProjectDirectory=C:\Users\ghofr\IdeaProjects\GestionReclamation -Djansi.passthrough=true -Dmaven.home=C:\Program Files\JetBrains\IntelliJ IDEA 2024.2.1\plugins\maven\lib\maven3 -Dclassworlds.conf=C:\Program Files\JetBrains\IntelliJ IDEA 2024.2.1\plugins\maven\lib\maven3\bin\m2.conf -Dmaven.ext.class.path=C:\Program Files\JetBrains\IntelliJ IDEA 2024.2.1\plugins\maven\lib\maven-event-listener.jar -javaagent:C:\Program Files\JetBrains\IntelliJ IDEA 2024.2.1\lib\idea_rt.jar=64368:C:\Program Files\JetBrains\IntelliJ IDEA 2024.2.1\bin -Dfile.encoding=UTF-8 org.codehaus.classworlds.Launcher -Didea.version=2024.2.1 compile

Host: Intel(R) Core(TM) i5-10300H CPU @ 2.50GHz, 8 cores, 15G,  Windows 11 , 64 bit Build 22621 (10.0.22621.5124)
Time: Sat Apr 19 15:13:34 2025 Afr. centrale Ouest elapsed time: 2.661157 seconds (0d 0h 0m 2s)

---------------  T H R E A D  ---------------

Current thread (0x0000027c9b136600):  JavaThread "C2 CompilerThread0" daemon [_thread_in_native, id=69844, stack(0x000000f349c00000,0x000000f349d00000)]


Current CompileTask:
C2:   2661 2295       4       java.util.TimSort::binarySort (223 bytes)

Stack: [0x000000f349c00000,0x000000f349d00000]
Native frames: (J=compiled Java code, j=interpreted, Vv=VM code, C=native code)
V  [jvm.dll+0x67f4f9]
V  [jvm.dll+0x836eaa]
V  [jvm.dll+0x83896e]
V  [jvm.dll+0x838fd3]
V  [jvm.dll+0x247f6f]
V  [jvm.dll+0xac9d4]
V  [jvm.dll+0xad01c]
V  [jvm.dll+0x367097]
V  [jvm.dll+0x1bd266]
V  [jvm.dll+0x21a659]
V  [jvm.dll+0x219941]
V  [jvm.dll+0x1a57bd]
V  [jvm.dll+0x22966d]
V  [jvm.dll+0x22781c]
V  [jvm.dll+0x7ebec7]
V  [jvm.dll+0x7e62ac]
V  [jvm.dll+0x67e3c7]
C  [ucrtbase.dll+0x29333]
C  [KERNEL32.DLL+0x1259d]
C  [ntdll.dll+0x5af38]


---------------  P R O C E S S  ---------------

Threads class SMR info:
_java_thread_list=0x0000027c9c3d75a0, length=14, elements={
0x0000027c32fa86b0, 0x0000027c55f0f190, 0x0000027c55f10010, 0x0000027c55f1e920,
0x0000027c9b134590, 0x0000027c9b134f50, 0x0000027c9b135910, 0x0000027c9b136600,
0x0000027c9b13b0c0, 0x0000027c9b13ded0, 0x0000027c55ef5700, 0x0000027c9b2dade0,
0x0000027c9b2df5f0, 0x0000027c9b7e5fe0
}

Java Threads: ( => current thread )
  0x0000027c32fa86b0 JavaThread "main" [_thread_in_Java, id=19056, stack(0x000000f348f00000,0x000000f349000000)]
  0x0000027c55f0f190 JavaThread "Reference Handler" daemon [_thread_blocked, id=69712, stack(0x000000f349600000,0x000000f349700000)]
  0x0000027c55f10010 JavaThread "Finalizer" daemon [_thread_blocked, id=70644, stack(0x000000f349700000,0x000000f349800000)]
  0x0000027c55f1e920 JavaThread "Signal Dispatcher" daemon [_thread_blocked, id=70400, stack(0x000000f349800000,0x000000f349900000)]
  0x0000027c9b134590 JavaThread "Attach Listener" daemon [_thread_blocked, id=69492, stack(0x000000f349900000,0x000000f349a00000)]
  0x0000027c9b134f50 JavaThread "Service Thread" daemon [_thread_blocked, id=69796, stack(0x000000f349a00000,0x000000f349b00000)]
  0x0000027c9b135910 JavaThread "Monitor Deflation Thread" daemon [_thread_blocked, id=32456, stack(0x000000f349b00000,0x000000f349c00000)]
=>0x0000027c9b136600 JavaThread "C2 CompilerThread0" daemon [_thread_in_native, id=69844, stack(0x000000f349c00000,0x000000f349d00000)]
  0x0000027c9b13b0c0 JavaThread "C1 CompilerThread0" daemon [_thread_in_vm, id=70332, stack(0x000000f349d00000,0x000000f349e00000)]
  0x0000027c9b13ded0 JavaThread "Sweeper thread" daemon [_thread_blocked, id=70624, stack(0x000000f349e00000,0x000000f349f00000)]
  0x0000027c55ef5700 JavaThread "Common-Cleaner" daemon [_thread_blocked, id=69708, stack(0x000000f349f00000,0x000000f34a000000)]
  0x0000027c9b2dade0 JavaThread "Monitor Ctrl-Break" daemon [_thread_in_native, id=61644, stack(0x000000f34a000000,0x000000f34a100000)]
  0x0000027c9b2df5f0 JavaThread "Notification Thread" daemon [_thread_blocked, id=69108, stack(0x000000f34a100000,0x000000f34a200000)]
  0x0000027c9b7e5fe0 JavaThread "C2 CompilerThread1" daemon [_thread_blocked, id=38328, stack(0x000000f34a400000,0x000000f34a500000)]

Other Threads:
  0x0000027c55f0a580 VMThread "VM Thread" [stack: 0x000000f349500000,0x000000f349600000] [id=70476]
  0x0000027c9b2db2c0 WatcherThread [stack: 0x000000f34a200000,0x000000f34a300000] [id=70200]
  0x0000027c330152a0 GCTaskThread "GC Thread#0" [stack: 0x000000f349000000,0x000000f349100000] [id=70012]
  0x0000027c9be11780 GCTaskThread "GC Thread#1" [stack: 0x000000f34a500000,0x000000f34a600000] [id=70448]
  0x0000027c9be11a40 GCTaskThread "GC Thread#2" [stack: 0x000000f34a600000,0x000000f34a700000] [id=70312]
  0x0000027c9c5c8f20 GCTaskThread "GC Thread#3" [stack: 0x000000f34a700000,0x000000f34a800000] [id=18652]
  0x0000027c9c5c91e0 GCTaskThread "GC Thread#4" [stack: 0x000000f34a800000,0x000000f34a900000] [id=69784]
  0x0000027c9c5c94a0 GCTaskThread "GC Thread#5" [stack: 0x000000f34a900000,0x000000f34aa00000] [id=69016]
  0x0000027c9ba29380 GCTaskThread "GC Thread#6" [stack: 0x000000f34aa00000,0x000000f34ab00000] [id=31088]
  0x0000027c9bd4f690 GCTaskThread "GC Thread#7" [stack: 0x000000f34a300000,0x000000f34a400000] [id=50500]
  0x0000027c33025f70 ConcurrentGCThread "G1 Main Marker" [stack: 0x000000f349100000,0x000000f349200000] [id=69904]
  0x0000027c33027130 ConcurrentGCThread "G1 Conc#0" [stack: 0x000000f349200000,0x000000f349300000] [id=70416]
  0x0000027c55dbe140 ConcurrentGCThread "G1 Refine#0" [stack: 0x000000f349300000,0x000000f349400000] [id=69912]
  0x0000027c55dbe980 ConcurrentGCThread "G1 Service" [stack: 0x000000f349400000,0x000000f349500000] [id=70036]

Threads with active compile tasks:
C2 CompilerThread0     2680 2295       4       java.util.TimSort::binarySort (223 bytes)
C1 CompilerThread0     2680 2358   !   3       jdk.internal.reflect.NativeConstructorAccessorImpl::newInstance (122 bytes)

VM state: not at safepoint (normal execution)

VM Mutex/Monitor currently owned by a thread:  ([mutex/lock_event])
[0x0000027c32fa3850] AdapterHandlerLibrary_lock - owner thread: 0x0000027c32fa86b0
[0x0000027c32fa3730] Compile_lock - owner thread: 0x0000027c9b13b0c0

Heap address: 0x0000000702800000, size: 4056 MB, Compressed Oops mode: Zero based, Oop shift amount: 3

CDS archive(s) mapped at: [0x0000027c56000000-0x0000027c56bb0000-0x0000027c56bb0000), size 12255232, SharedBaseAddress: 0x0000027c56000000, ArchiveRelocationMode: 1.
Compressed class space mapped at: 0x0000027c57000000-0x0000027c97000000, reserved size: 1073741824
Narrow klass base: 0x0000027c56000000, Narrow klass shift: 0, Narrow klass range: 0x100000000

GC Precious Log:
 CPUs: 8 total, 8 available
 Memory: 16221M
 Large Page Support: Disabled
 NUMA Support: Disabled
 Compressed Oops: Enabled (Zero based)
 Heap Region Size: 2M
 Heap Min Capacity: 8M
 Heap Initial Capacity: 254M
 Heap Max Capacity: 4056M
 Pre-touch: Disabled
 Parallel Workers: 8
 Concurrent Workers: 2
 Concurrent Refinement Workers: 8
 Periodic GC: Disabled

Heap:
 garbage-first heap   total 260096K, used 23494K [0x0000000702800000, 0x0000000800000000)
  region size 2048K, 11 young (22528K), 1 survivors (2048K)
 Metaspace       used 12689K, committed 12992K, reserved 1114112K
  class space    used 1576K, committed 1728K, reserved 1048576K

Heap Regions: E=young(eden), S=young(survivor), O=old, HS=humongous(starts), HC=humongous(continues), CS=collection set, F=free, OA=open archive, CA=closed archive, TAMS=top-at-mark-start (previous, next)
|   0|0x0000000702800000, 0x0000000702a00000, 0x0000000702a00000|100%| O|  |TAMS 0x0000000702800000, 0x0000000702800000| Untracked 
|   1|0x0000000702a00000, 0x0000000702b76600, 0x0000000702c00000| 73%| O|  |TAMS 0x0000000702a00000, 0x0000000702a00000| Untracked 
|   2|0x0000000702c00000, 0x0000000702c00000, 0x0000000702e00000|  0%| F|  |TAMS 0x0000000702c00000, 0x0000000702c00000| Untracked 
|   3|0x0000000702e00000, 0x0000000702e00000, 0x0000000703000000|  0%| F|  |TAMS 0x0000000702e00000, 0x0000000702e00000| Untracked 
|   4|0x0000000703000000, 0x0000000703000000, 0x0000000703200000|  0%| F|  |TAMS 0x0000000703000000, 0x0000000703000000| Untracked 
|   5|0x0000000703200000, 0x0000000703200000, 0x0000000703400000|  0%| F|  |TAMS 0x0000000703200000, 0x0000000703200000| Untracked 
|   6|0x0000000703400000, 0x0000000703400000, 0x0000000703600000|  0%| F|  |TAMS 0x0000000703400000, 0x0000000703400000| Untracked 
|   7|0x0000000703600000, 0x0000000703600000, 0x0000000703800000|  0%| F|  |TAMS 0x0000000703600000, 0x0000000703600000| Untracked 
|   8|0x0000000703800000, 0x0000000703800000, 0x0000000703a00000|  0%| F|  |TAMS 0x0000000703800000, 0x0000000703800000| Untracked 
|   9|0x0000000703a00000, 0x0000000703a00000, 0x0000000703c00000|  0%| F|  |TAMS 0x0000000703a00000, 0x0000000703a00000| Untracked 
|  10|0x0000000703c00000, 0x0000000703c00000, 0x0000000703e00000|  0%| F|  |TAMS 0x0000000703c00000, 0x0000000703c00000| Untracked 
|  11|0x0000000703e00000, 0x0000000703e00000, 0x0000000704000000|  0%| F|  |TAMS 0x0000000703e00000, 0x0000000703e00000| Untracked 
|  12|0x0000000704000000, 0x0000000704000000, 0x0000000704200000|  0%| F|  |TAMS 0x0000000704000000, 0x0000000704000000| Untracked 
|  13|0x0000000704200000, 0x0000000704200000, 0x0000000704400000|  0%| F|  |TAMS 0x0000000704200000, 0x0000000704200000| Untracked 
|  14|0x0000000704400000, 0x0000000704400000, 0x0000000704600000|  0%| F|  |TAMS 0x0000000704400000, 0x0000000704400000| Untracked 
|  15|0x0000000704600000, 0x0000000704600000, 0x0000000704800000|  0%| F|  |TAMS 0x0000000704600000, 0x0000000704600000| Untracked 
|  16|0x0000000704800000, 0x0000000704800000, 0x0000000704a00000|  0%| F|  |TAMS 0x0000000704800000, 0x0000000704800000| Untracked 
|  17|0x0000000704a00000, 0x0000000704a00000, 0x0000000704c00000|  0%| F|  |TAMS 0x0000000704a00000, 0x0000000704a00000| Untracked 
|  18|0x0000000704c00000, 0x0000000704c00000, 0x0000000704e00000|  0%| F|  |TAMS 0x0000000704c00000, 0x0000000704c00000| Untracked 
|  19|0x0000000704e00000, 0x0000000704e00000, 0x0000000705000000|  0%| F|  |TAMS 0x0000000704e00000, 0x0000000704e00000| Untracked 
|  20|0x0000000705000000, 0x0000000705000000, 0x0000000705200000|  0%| F|  |TAMS 0x0000000705000000, 0x0000000705000000| Untracked 
|  21|0x0000000705200000, 0x0000000705200000, 0x0000000705400000|  0%| F|  |TAMS 0x0000000705200000, 0x0000000705200000| Untracked 
|  22|0x0000000705400000, 0x0000000705400000, 0x0000000705600000|  0%| F|  |TAMS 0x0000000705400000, 0x0000000705400000| Untracked 
|  23|0x0000000705600000, 0x0000000705600000, 0x0000000705800000|  0%| F|  |TAMS 0x0000000705600000, 0x0000000705600000| Untracked 
|  24|0x0000000705800000, 0x0000000705800000, 0x0000000705a00000|  0%| F|  |TAMS 0x0000000705800000, 0x0000000705800000| Untracked 
|  25|0x0000000705a00000, 0x0000000705a00000, 0x0000000705c00000|  0%| F|  |TAMS 0x0000000705a00000, 0x0000000705a00000| Untracked 
|  26|0x0000000705c00000, 0x0000000705c00000, 0x0000000705e00000|  0%| F|  |TAMS 0x0000000705c00000, 0x0000000705c00000| Untracked 
|  27|0x0000000705e00000, 0x0000000705e00000, 0x0000000706000000|  0%| F|  |TAMS 0x0000000705e00000, 0x0000000705e00000| Untracked 
|  28|0x0000000706000000, 0x0000000706000000, 0x0000000706200000|  0%| F|  |TAMS 0x0000000706000000, 0x0000000706000000| Untracked 
|  29|0x0000000706200000, 0x0000000706200000, 0x0000000706400000|  0%| F|  |TAMS 0x0000000706200000, 0x0000000706200000| Untracked 
|  30|0x0000000706400000, 0x0000000706400000, 0x0000000706600000|  0%| F|  |TAMS 0x0000000706400000, 0x0000000706400000| Untracked 
|  31|0x0000000706600000, 0x0000000706600000, 0x0000000706800000|  0%| F|  |TAMS 0x0000000706600000, 0x0000000706600000| Untracked 
|  32|0x0000000706800000, 0x0000000706800000, 0x0000000706a00000|  0%| F|  |TAMS 0x0000000706800000, 0x0000000706800000| Untracked 
|  33|0x0000000706a00000, 0x0000000706a00000, 0x0000000706c00000|  0%| F|  |TAMS 0x0000000706a00000, 0x0000000706a00000| Untracked 
|  34|0x0000000706c00000, 0x0000000706c00000, 0x0000000706e00000|  0%| F|  |TAMS 0x0000000706c00000, 0x0000000706c00000| Untracked 
|  35|0x0000000706e00000, 0x0000000706e00000, 0x0000000707000000|  0%| F|  |TAMS 0x0000000706e00000, 0x0000000706e00000| Untracked 
|  36|0x0000000707000000, 0x0000000707000000, 0x0000000707200000|  0%| F|  |TAMS 0x0000000707000000, 0x0000000707000000| Untracked 
|  37|0x0000000707200000, 0x0000000707200000, 0x0000000707400000|  0%| F|  |TAMS 0x0000000707200000, 0x0000000707200000| Untracked 
|  38|0x0000000707400000, 0x0000000707400000, 0x0000000707600000|  0%| F|  |TAMS 0x0000000707400000, 0x0000000707400000| Untracked 
|  39|0x0000000707600000, 0x0000000707600000, 0x0000000707800000|  0%| F|  |TAMS 0x0000000707600000, 0x0000000707600000| Untracked 
|  40|0x0000000707800000, 0x0000000707800000, 0x0000000707a00000|  0%| F|  |TAMS 0x0000000707800000, 0x0000000707800000| Untracked 
|  41|0x0000000707a00000, 0x0000000707a00000, 0x0000000707c00000|  0%| F|  |TAMS 0x0000000707a00000, 0x0000000707a00000| Untracked 
|  42|0x0000000707c00000, 0x0000000707c00000, 0x0000000707e00000|  0%| F|  |TAMS 0x0000000707c00000, 0x0000000707c00000| Untracked 
|  43|0x0000000707e00000, 0x0000000707e00000, 0x0000000708000000|  0%| F|  |TAMS 0x0000000707e00000, 0x0000000707e00000| Untracked 
|  44|0x0000000708000000, 0x0000000708000000, 0x0000000708200000|  0%| F|  |TAMS 0x0000000708000000, 0x0000000708000000| Untracked 
|  45|0x0000000708200000, 0x0000000708200000, 0x0000000708400000|  0%| F|  |TAMS 0x0000000708200000, 0x0000000708200000| Untracked 
|  46|0x0000000708400000, 0x0000000708400000, 0x0000000708600000|  0%| F|  |TAMS 0x0000000708400000, 0x0000000708400000| Untracked 
|  47|0x0000000708600000, 0x0000000708600000, 0x0000000708800000|  0%| F|  |TAMS 0x0000000708600000, 0x0000000708600000| Untracked 
|  48|0x0000000708800000, 0x0000000708800000, 0x0000000708a00000|  0%| F|  |TAMS 0x0000000708800000, 0x0000000708800000| Untracked 
|  49|0x0000000708a00000, 0x0000000708a00000, 0x0000000708c00000|  0%| F|  |TAMS 0x0000000708a00000, 0x0000000708a00000| Untracked 
|  50|0x0000000708c00000, 0x0000000708c00000, 0x0000000708e00000|  0%| F|  |TAMS 0x0000000708c00000, 0x0000000708c00000| Untracked 
|  51|0x0000000708e00000, 0x0000000708e00000, 0x0000000709000000|  0%| F|  |TAMS 0x0000000708e00000, 0x0000000708e00000| Untracked 
|  52|0x0000000709000000, 0x0000000709000000, 0x0000000709200000|  0%| F|  |TAMS 0x0000000709000000, 0x0000000709000000| Untracked 
|  53|0x0000000709200000, 0x0000000709200000, 0x0000000709400000|  0%| F|  |TAMS 0x0000000709200000, 0x0000000709200000| Untracked 
|  54|0x0000000709400000, 0x0000000709400000, 0x0000000709600000|  0%| F|  |TAMS 0x0000000709400000, 0x0000000709400000| Untracked 
|  55|0x0000000709600000, 0x0000000709600000, 0x0000000709800000|  0%| F|  |TAMS 0x0000000709600000, 0x0000000709600000| Untracked 
|  56|0x0000000709800000, 0x0000000709800000, 0x0000000709a00000|  0%| F|  |TAMS 0x0000000709800000, 0x0000000709800000| Untracked 
|  57|0x0000000709a00000, 0x0000000709a00000, 0x0000000709c00000|  0%| F|  |TAMS 0x0000000709a00000, 0x0000000709a00000| Untracked 
|  58|0x0000000709c00000, 0x0000000709c00000, 0x0000000709e00000|  0%| F|  |TAMS 0x0000000709c00000, 0x0000000709c00000| Untracked 
|  59|0x0000000709e00000, 0x0000000709e00000, 0x000000070a000000|  0%| F|  |TAMS 0x0000000709e00000, 0x0000000709e00000| Untracked 
|  60|0x000000070a000000, 0x000000070a000000, 0x000000070a200000|  0%| F|  |TAMS 0x000000070a000000, 0x000000070a000000| Untracked 
|  61|0x000000070a200000, 0x000000070a200000, 0x000000070a400000|  0%| F|  |TAMS 0x000000070a200000, 0x000000070a200000| Untracked 
|  62|0x000000070a400000, 0x000000070a400000, 0x000000070a600000|  0%| F|  |TAMS 0x000000070a400000, 0x000000070a400000| Untracked 
|  63|0x000000070a600000, 0x000000070a600000, 0x000000070a800000|  0%| F|  |TAMS 0x000000070a600000, 0x000000070a600000| Untracked 
|  64|0x000000070a800000, 0x000000070a800000, 0x000000070aa00000|  0%| F|  |TAMS 0x000000070a800000, 0x000000070a800000| Untracked 
|  65|0x000000070aa00000, 0x000000070aa00000, 0x000000070ac00000|  0%| F|  |TAMS 0x000000070aa00000, 0x000000070aa00000| Untracked 
|  66|0x000000070ac00000, 0x000000070ac00000, 0x000000070ae00000|  0%| F|  |TAMS 0x000000070ac00000, 0x000000070ac00000| Untracked 
|  67|0x000000070ae00000, 0x000000070ae00000, 0x000000070b000000|  0%| F|  |TAMS 0x000000070ae00000, 0x000000070ae00000| Untracked 
|  68|0x000000070b000000, 0x000000070b000000, 0x000000070b200000|  0%| F|  |TAMS 0x000000070b000000, 0x000000070b000000| Untracked 
|  69|0x000000070b200000, 0x000000070b200000, 0x000000070b400000|  0%| F|  |TAMS 0x000000070b200000, 0x000000070b200000| Untracked 
|  70|0x000000070b400000, 0x000000070b400000, 0x000000070b600000|  0%| F|  |TAMS 0x000000070b400000, 0x000000070b400000| Untracked 
|  71|0x000000070b600000, 0x000000070b600000, 0x000000070b800000|  0%| F|  |TAMS 0x000000070b600000, 0x000000070b600000| Untracked 
|  72|0x000000070b800000, 0x000000070b800000, 0x000000070ba00000|  0%| F|  |TAMS 0x000000070b800000, 0x000000070b800000| Untracked 
|  73|0x000000070ba00000, 0x000000070ba00000, 0x000000070bc00000|  0%| F|  |TAMS 0x000000070ba00000, 0x000000070ba00000| Untracked 
|  74|0x000000070bc00000, 0x000000070bc00000, 0x000000070be00000|  0%| F|  |TAMS 0x000000070bc00000, 0x000000070bc00000| Untracked 
|  75|0x000000070be00000, 0x000000070be00000, 0x000000070c000000|  0%| F|  |TAMS 0x000000070be00000, 0x000000070be00000| Untracked 
|  76|0x000000070c000000, 0x000000070c000000, 0x000000070c200000|  0%| F|  |TAMS 0x000000070c000000, 0x000000070c000000| Untracked 
|  77|0x000000070c200000, 0x000000070c200000, 0x000000070c400000|  0%| F|  |TAMS 0x000000070c200000, 0x000000070c200000| Untracked 
|  78|0x000000070c400000, 0x000000070c400000, 0x000000070c600000|  0%| F|  |TAMS 0x000000070c400000, 0x000000070c400000| Untracked 
|  79|0x000000070c600000, 0x000000070c600000, 0x000000070c800000|  0%| F|  |TAMS 0x000000070c600000, 0x000000070c600000| Untracked 
|  80|0x000000070c800000, 0x000000070c800000, 0x000000070ca00000|  0%| F|  |TAMS 0x000000070c800000, 0x000000070c800000| Untracked 
|  81|0x000000070ca00000, 0x000000070ca00000, 0x000000070cc00000|  0%| F|  |TAMS 0x000000070ca00000, 0x000000070ca00000| Untracked 
|  82|0x000000070cc00000, 0x000000070cc00000, 0x000000070ce00000|  0%| F|  |TAMS 0x000000070cc00000, 0x000000070cc00000| Untracked 
|  83|0x000000070ce00000, 0x000000070ce00000, 0x000000070d000000|  0%| F|  |TAMS 0x000000070ce00000, 0x000000070ce00000| Untracked 
|  84|0x000000070d000000, 0x000000070d000000, 0x000000070d200000|  0%| F|  |TAMS 0x000000070d000000, 0x000000070d000000| Untracked 
|  85|0x000000070d200000, 0x000000070d200000, 0x000000070d400000|  0%| F|  |TAMS 0x000000070d200000, 0x000000070d200000| Untracked 
|  86|0x000000070d400000, 0x000000070d400000, 0x000000070d600000|  0%| F|  |TAMS 0x000000070d400000, 0x000000070d400000| Untracked 
|  87|0x000000070d600000, 0x000000070d600000, 0x000000070d800000|  0%| F|  |TAMS 0x000000070d600000, 0x000000070d600000| Untracked 
|  88|0x000000070d800000, 0x000000070d800000, 0x000000070da00000|  0%| F|  |TAMS 0x000000070d800000, 0x000000070d800000| Untracked 
|  89|0x000000070da00000, 0x000000070da00000, 0x000000070dc00000|  0%| F|  |TAMS 0x000000070da00000, 0x000000070da00000| Untracked 
|  90|0x000000070dc00000, 0x000000070dc00000, 0x000000070de00000|  0%| F|  |TAMS 0x000000070dc00000, 0x000000070dc00000| Untracked 
|  91|0x000000070de00000, 0x000000070de00000, 0x000000070e000000|  0%| F|  |TAMS 0x000000070de00000, 0x000000070de00000| Untracked 
|  92|0x000000070e000000, 0x000000070e000000, 0x000000070e200000|  0%| F|  |TAMS 0x000000070e000000, 0x000000070e000000| Untracked 
|  93|0x000000070e200000, 0x000000070e200000, 0x000000070e400000|  0%| F|  |TAMS 0x000000070e200000, 0x000000070e200000| Untracked 
|  94|0x000000070e400000, 0x000000070e400000, 0x000000070e600000|  0%| F|  |TAMS 0x000000070e400000, 0x000000070e400000| Untracked 
|  95|0x000000070e600000, 0x000000070e600000, 0x000000070e800000|  0%| F|  |TAMS 0x000000070e600000, 0x000000070e600000| Untracked 
|  96|0x000000070e800000, 0x000000070e800000, 0x000000070ea00000|  0%| F|  |TAMS 0x000000070e800000, 0x000000070e800000| Untracked 
|  97|0x000000070ea00000, 0x000000070ea00000, 0x000000070ec00000|  0%| F|  |TAMS 0x000000070ea00000, 0x000000070ea00000| Untracked 
|  98|0x000000070ec00000, 0x000000070ec00000, 0x000000070ee00000|  0%| F|  |TAMS 0x000000070ec00000, 0x000000070ec00000| Untracked 
|  99|0x000000070ee00000, 0x000000070ee00000, 0x000000070f000000|  0%| F|  |TAMS 0x000000070ee00000, 0x000000070ee00000| Untracked 
| 100|0x000000070f000000, 0x000000070f000000, 0x000000070f200000|  0%| F|  |TAMS 0x000000070f000000, 0x000000070f000000| Untracked 
| 101|0x000000070f200000, 0x000000070f200000, 0x000000070f400000|  0%| F|  |TAMS 0x000000070f200000, 0x000000070f200000| Untracked 
| 102|0x000000070f400000, 0x000000070f400000, 0x000000070f600000|  0%| F|  |TAMS 0x000000070f400000, 0x000000070f400000| Untracked 
| 103|0x000000070f600000, 0x000000070f600000, 0x000000070f800000|  0%| F|  |TAMS 0x000000070f600000, 0x000000070f600000| Untracked 
| 104|0x000000070f800000, 0x000000070f800000, 0x000000070fa00000|  0%| F|  |TAMS 0x000000070f800000, 0x000000070f800000| Untracked 
| 105|0x000000070fa00000, 0x000000070fa00000, 0x000000070fc00000|  0%| F|  |TAMS 0x000000070fa00000, 0x000000070fa00000| Untracked 
| 106|0x000000070fc00000, 0x000000070fc00000, 0x000000070fe00000|  0%| F|  |TAMS 0x000000070fc00000, 0x000000070fc00000| Untracked 
| 107|0x000000070fe00000, 0x000000070fe00000, 0x0000000710000000|  0%| F|  |TAMS 0x000000070fe00000, 0x000000070fe00000| Untracked 
| 108|0x0000000710000000, 0x0000000710000000, 0x0000000710200000|  0%| F|  |TAMS 0x0000000710000000, 0x0000000710000000| Untracked 
| 109|0x0000000710200000, 0x000000071037b5c0, 0x0000000710400000| 74%| S|CS|TAMS 0x0000000710200000, 0x0000000710200000| Complete 
| 110|0x0000000710400000, 0x0000000710400000, 0x0000000710600000|  0%| F|  |TAMS 0x0000000710400000, 0x0000000710400000| Untracked 
| 111|0x0000000710600000, 0x0000000710600000, 0x0000000710800000|  0%| F|  |TAMS 0x0000000710600000, 0x0000000710600000| Untracked 
| 112|0x0000000710800000, 0x0000000710800000, 0x0000000710a00000|  0%| F|  |TAMS 0x0000000710800000, 0x0000000710800000| Untracked 
| 113|0x0000000710a00000, 0x0000000710a00000, 0x0000000710c00000|  0%| F|  |TAMS 0x0000000710a00000, 0x0000000710a00000| Untracked 
| 114|0x0000000710c00000, 0x0000000710c00000, 0x0000000710e00000|  0%| F|  |TAMS 0x0000000710c00000, 0x0000000710c00000| Untracked 
| 115|0x0000000710e00000, 0x0000000710e00000, 0x0000000711000000|  0%| F|  |TAMS 0x0000000710e00000, 0x0000000710e00000| Untracked 
| 116|0x0000000711000000, 0x0000000711000000, 0x0000000711200000|  0%| F|  |TAMS 0x0000000711000000, 0x0000000711000000| Untracked 
| 117|0x0000000711200000, 0x0000000711400000, 0x0000000711400000|100%| E|  |TAMS 0x0000000711200000, 0x0000000711200000| Complete 
| 118|0x0000000711400000, 0x0000000711600000, 0x0000000711600000|100%| E|CS|TAMS 0x0000000711400000, 0x0000000711400000| Complete 
| 119|0x0000000711600000, 0x0000000711800000, 0x0000000711800000|100%| E|CS|TAMS 0x0000000711600000, 0x0000000711600000| Complete 
| 120|0x0000000711800000, 0x0000000711a00000, 0x0000000711a00000|100%| E|CS|TAMS 0x0000000711800000, 0x0000000711800000| Complete 
| 121|0x0000000711a00000, 0x0000000711c00000, 0x0000000711c00000|100%| E|CS|TAMS 0x0000000711a00000, 0x0000000711a00000| Complete 
| 122|0x0000000711c00000, 0x0000000711e00000, 0x0000000711e00000|100%| E|CS|TAMS 0x0000000711c00000, 0x0000000711c00000| Complete 
| 123|0x0000000711e00000, 0x0000000712000000, 0x0000000712000000|100%| E|CS|TAMS 0x0000000711e00000, 0x0000000711e00000| Complete 
| 124|0x0000000712000000, 0x0000000712200000, 0x0000000712200000|100%| E|CS|TAMS 0x0000000712000000, 0x0000000712000000| Complete 
| 125|0x0000000712200000, 0x0000000712400000, 0x0000000712400000|100%| E|CS|TAMS 0x0000000712200000, 0x0000000712200000| Complete 
| 126|0x0000000712400000, 0x0000000712600000, 0x0000000712600000|100%| E|CS|TAMS 0x0000000712400000, 0x0000000712400000| Complete 

Card table byte_map: [0x0000027c4a5f0000,0x0000027c4ade0000] _byte_map_base: 0x0000027c46ddc000

Marking Bits (Prev, Next): (CMBitMap*) 0x0000027c330158c0, (CMBitMap*) 0x0000027c33015900
 Prev Bits: [0x0000027c4b5d0000, 0x0000027c4f530000)
 Next Bits: [0x0000027c4f530000, 0x0000027c53490000)

Polling page: 0x0000027c30ef0000

Metaspace:

Usage:
  Non-class:     10.86 MB used.
      Class:      1.54 MB used.
       Both:     12.40 MB used.

Virtual space:
  Non-class space:       64.00 MB reserved,      11.00 MB ( 17%) committed,  1 nodes.
      Class space:        1.00 GB reserved,       1.69 MB ( <1%) committed,  1 nodes.
             Both:        1.06 GB reserved,      12.69 MB (  1%) committed. 

Chunk freelists:
   Non-Class:  3.98 MB
       Class:  14.37 MB
        Both:  18.36 MB

MaxMetaspaceSize: unlimited
CompressedClassSpaceSize: 1.00 GB
Initial GC threshold: 21.00 MB
Current GC threshold: 21.00 MB
CDS: on
MetaspaceReclaimPolicy: balanced
 - commit_granule_bytes: 65536.
 - commit_granule_words: 8192.
 - virtual_space_node_default_size: 8388608.
 - enlarge_chunks_in_place: 1.
 - new_chunks_are_fully_committed: 0.
 - uncommit_free_chunks: 1.
 - use_allocation_guard: 0.
 - handle_deallocations: 1.


Internal statistics:

num_allocs_failed_limit: 0.
num_arena_births: 66.
num_arena_deaths: 0.
num_vsnodes_births: 2.
num_vsnodes_deaths: 0.
num_space_committed: 203.
num_space_uncommitted: 0.
num_chunks_returned_to_freelist: 0.
num_chunks_taken_from_freelist: 513.
num_chunk_merges: 0.
num_chunk_splits: 349.
num_chunks_enlarged: 277.
num_inconsistent_stats: 0.

CodeHeap 'non-profiled nmethods': size=120000Kb used=964Kb max_used=964Kb free=119035Kb
 bounds [0x0000027c425a0000, 0x0000027c42810000, 0x0000027c49ad0000]
CodeHeap 'profiled nmethods': size=120000Kb used=4676Kb max_used=4676Kb free=115323Kb
 bounds [0x0000027c3aad0000, 0x0000027c3af70000, 0x0000027c42000000]
CodeHeap 'non-nmethods': size=5760Kb used=1166Kb max_used=1226Kb free=4593Kb
 bounds [0x0000027c42000000, 0x0000027c42270000, 0x0000027c425a0000]
 total_blobs=2812 nmethods=2357 adapters=367
 compilation: enabled
              stopped_count=0, restarted_count=0
 full_count=0

Compilation events (20 events):
Event: 2.640 Thread 0x0000027c9b13b0c0 nmethod 2322 0x0000027c4268fc10 code [0x0000027c4268fda0, 0x0000027c4268feb8]
Event: 2.641 Thread 0x0000027c9b13b0c0 2331       3       com.google.common.collect.Sets$ImprovedAbstractSet::<init> (5 bytes)
Event: 2.641 Thread 0x0000027c9b13b0c0 nmethod 2331 0x0000027c3af4f790 code [0x0000027c3af4f940, 0x0000027c3af4fb78]
Event: 2.641 Thread 0x0000027c9b13b0c0 2332       3       com.google.common.collect.AbstractSetMultimap::get (6 bytes)
Event: 2.641 Thread 0x0000027c9b13b0c0 nmethod 2332 0x0000027c3af4fc90 code [0x0000027c3af4fe40, 0x0000027c3af50148]
Event: 2.641 Thread 0x0000027c9b13b0c0 2333       3       com.google.common.collect.AbstractSetMultimap::get (9 bytes)
Event: 2.641 Thread 0x0000027c9b13b0c0 nmethod 2333 0x0000027c3af50290 code [0x0000027c3af50480, 0x0000027c3af50ac8]
Event: 2.641 Thread 0x0000027c9b13b0c0 2336       3       com.google.inject.internal.InternalInjectorCreator::isEagerSingleton (62 bytes)
Event: 2.642 Thread 0x0000027c9b13b0c0 nmethod 2336 0x0000027c3af50c90 code [0x0000027c3af50ea0, 0x0000027c3af517f8]
Event: 2.642 Thread 0x0000027c9b13b0c0 2337       3       com.google.inject.internal.Scoping::isEagerSingleton (38 bytes)
Event: 2.642 Thread 0x0000027c9b13b0c0 nmethod 2337 0x0000027c3af51a90 code [0x0000027c3af51c40, 0x0000027c3af51ed8]
Event: 2.642 Thread 0x0000027c9b13b0c0 2335       3       com.google.inject.internal.Scoping$1::getScopeInstance (4 bytes)
Event: 2.642 Thread 0x0000027c9b13b0c0 nmethod 2335 0x0000027c3af51f90 code [0x0000027c3af52120, 0x0000027c3af52238]
Event: 2.642 Thread 0x0000027c9b13b0c0 2334       3       com.google.common.collect.AbstractMapBasedMultimap::get (31 bytes)
Event: 2.643 Thread 0x0000027c9b13b0c0 nmethod 2334 0x0000027c3af52310 code [0x0000027c3af524e0, 0x0000027c3af529c8]
Event: 2.644 Thread 0x0000027c9b13b0c0 2338       3       java.security.CodeSource::getCertificates (98 bytes)
Event: 2.645 Thread 0x0000027c9b13b0c0 nmethod 2338 0x0000027c3af52b10 code [0x0000027c3af52d80, 0x0000027c3af53a98]
Event: 2.656 Thread 0x0000027c9b13b0c0 2339       3       com.google.inject.internal.LinkedBindingImpl::acceptTargetVisitor (8 bytes)
Event: 2.657 Thread 0x0000027c9b13b0c0 nmethod 2339 0x0000027c3af53d90 code [0x0000027c3af53f40, 0x0000027c3af54128]
Event: 2.659 Thread 0x0000027c9b13b0c0 2340       3       org.eclipse.sisu.inject.Implementations$ClassFinder::visit (6 bytes)

GC Heap History (4 events):
Event: 1.115 GC heap before
{Heap before GC invocations=0 (full 0):
 garbage-first heap   total 260096K, used 22528K [0x0000000702800000, 0x0000000800000000)
  region size 2048K, 11 young (22528K), 0 survivors (0K)
 Metaspace       used 5771K, committed 5952K, reserved 1114112K
  class space    used 682K, committed 768K, reserved 1048576K
}
Event: 1.129 GC heap after
{Heap after GC invocations=1 (full 0):
 garbage-first heap   total 260096K, used 3643K [0x0000000702800000, 0x0000000800000000)
  region size 2048K, 2 young (4096K), 2 survivors (4096K)
 Metaspace       used 5771K, committed 5952K, reserved 1114112K
  class space    used 682K, committed 768K, reserved 1048576K
}
Event: 1.992 GC heap before
{Heap before GC invocations=1 (full 0):
 garbage-first heap   total 260096K, used 34363K [0x0000000702800000, 0x0000000800000000)
  region size 2048K, 17 young (34816K), 2 survivors (4096K)
 Metaspace       used 9245K, committed 9408K, reserved 1114112K
  class space    used 1108K, committed 1216K, reserved 1048576K
}
Event: 1.997 GC heap after
{Heap after GC invocations=2 (full 0):
 garbage-first heap   total 260096K, used 5062K [0x0000000702800000, 0x0000000800000000)
  region size 2048K, 1 young (2048K), 1 survivors (2048K)
 Metaspace       used 9245K, committed 9408K, reserved 1114112K
  class space    used 1108K, committed 1216K, reserved 1048576K
}

Dll operation events (12 events):
Event: 0.014 Loaded shared library C:\Users\ghofr\.jdks\corretto-17.0.12\bin\java.dll
Event: 0.057 Loaded shared library C:\Users\ghofr\.jdks\corretto-17.0.12\bin\jsvml.dll
Event: 0.145 Loaded shared library C:\Users\ghofr\.jdks\corretto-17.0.12\bin\zip.dll
Event: 0.148 Loaded shared library C:\Users\ghofr\.jdks\corretto-17.0.12\bin\instrument.dll
Event: 0.156 Loaded shared library C:\Users\ghofr\.jdks\corretto-17.0.12\bin\net.dll
Event: 0.160 Loaded shared library C:\Users\ghofr\.jdks\corretto-17.0.12\bin\nio.dll
Event: 0.168 Loaded shared library C:\Users\ghofr\.jdks\corretto-17.0.12\bin\zip.dll
Event: 0.183 Loaded shared library C:\Program Files\JetBrains\IntelliJ IDEA 2024.2.1\bin\breakgen64.dll
Event: 0.203 Loaded shared library C:\Users\ghofr\.jdks\corretto-17.0.12\bin\extnet.dll
Event: 0.407 Loaded shared library C:\Users\ghofr\.jdks\corretto-17.0.12\bin\jimage.dll
Event: 0.430 Loaded shared library C:\Users\ghofr\AppData\Local\Temp\jansi-2.4.1-4080182bd00d14ee-jansi.dll
Event: 0.448 Loaded shared library C:\Users\ghofr\.jdks\corretto-17.0.12\bin\verify.dll

Deoptimization events (20 events):
Event: 2.182 Thread 0x0000027c32fa86b0 Uncommon trap: trap_request=0xffffffd6 fr.pc=0x0000027c42664f9c relative=0x000000000000017c
Event: 2.182 Thread 0x0000027c32fa86b0 Uncommon trap: reason=array_check action=maybe_recompile pc=0x0000027c42664f9c method=java.util.stream.Nodes$FixedNodeBuilder.accept(Ljava/lang/Object;)V @ 28 c2
Event: 2.183 Thread 0x0000027c32fa86b0 DEOPT PACKING pc=0x0000027c42664f9c sp=0x000000f348ffd700
Event: 2.183 Thread 0x0000027c32fa86b0 DEOPT UNPACKING pc=0x0000027c420569a3 sp=0x000000f348ffd6b0 mode 2
Event: 2.267 Thread 0x0000027c32fa86b0 Uncommon trap: trap_request=0xffffff45 fr.pc=0x0000027c425e32b0 relative=0x0000000000000290
Event: 2.267 Thread 0x0000027c32fa86b0 Uncommon trap: reason=unstable_if action=reinterpret pc=0x0000027c425e32b0 method=java.util.concurrent.ConcurrentHashMap.get(Ljava/lang/Object;)Ljava/lang/Object; @ 76 c2
Event: 2.267 Thread 0x0000027c32fa86b0 DEOPT PACKING pc=0x0000027c425e32b0 sp=0x000000f348ffa9d0
Event: 2.267 Thread 0x0000027c32fa86b0 DEOPT UNPACKING pc=0x0000027c420569a3 sp=0x000000f348ffa948 mode 2
Event: 2.311 Thread 0x0000027c32fa86b0 Uncommon trap: trap_request=0xffffff45 fr.pc=0x0000027c42628aa4 relative=0x0000000000000184
Event: 2.311 Thread 0x0000027c32fa86b0 Uncommon trap: reason=unstable_if action=reinterpret pc=0x0000027c42628aa4 method=java.lang.ClassLoader.checkName(Ljava/lang/String;)Z @ 1 c2
Event: 2.311 Thread 0x0000027c32fa86b0 DEOPT PACKING pc=0x0000027c42628aa4 sp=0x000000f348ffd310
Event: 2.311 Thread 0x0000027c32fa86b0 DEOPT UNPACKING pc=0x0000027c420569a3 sp=0x000000f348ffd2a8 mode 2
Event: 2.313 Thread 0x0000027c32fa86b0 Uncommon trap: trap_request=0xffffff45 fr.pc=0x0000027c425b3d38 relative=0x0000000000000038
Event: 2.313 Thread 0x0000027c32fa86b0 Uncommon trap: reason=unstable_if action=reinterpret pc=0x0000027c425b3d38 method=java.lang.StringLatin1.canEncode(I)Z @ 4 c2
Event: 2.313 Thread 0x0000027c32fa86b0 DEOPT PACKING pc=0x0000027c425b3d38 sp=0x000000f348ffd460
Event: 2.313 Thread 0x0000027c32fa86b0 DEOPT UNPACKING pc=0x0000027c420569a3 sp=0x000000f348ffd3f0 mode 2
Event: 2.367 Thread 0x0000027c32fa86b0 DEOPT PACKING pc=0x0000027c3ae77304 sp=0x000000f348ffd880
Event: 2.367 Thread 0x0000027c32fa86b0 DEOPT UNPACKING pc=0x0000027c42057143 sp=0x000000f348ffcde0 mode 0
Event: 2.436 Thread 0x0000027c32fa86b0 DEOPT PACKING pc=0x0000027c3ae5e094 sp=0x000000f348ffcc10
Event: 2.436 Thread 0x0000027c32fa86b0 DEOPT UNPACKING pc=0x0000027c42057143 sp=0x000000f348ffc0c8 mode 0

Classes loaded (20 events):
Event: 2.190 Loading class java/nio/channels/OverlappingFileLockException
Event: 2.190 Loading class java/nio/channels/OverlappingFileLockException done
Event: 2.190 Loading class java/nio/channels/FileLock
Event: 2.190 Loading class java/nio/channels/FileLock done
Event: 2.217 Loading class java/nio/file/AccessDeniedException
Event: 2.217 Loading class java/nio/file/AccessDeniedException done
Event: 2.262 Loading class java/lang/ExceptionInInitializerError
Event: 2.262 Loading class java/lang/ExceptionInInitializerError done
Event: 2.266 Loading class jdk/internal/vm/annotation/ForceInline
Event: 2.267 Loading class jdk/internal/vm/annotation/ForceInline done
Event: 2.434 Loading class sun/reflect/generics/scope/MethodScope
Event: 2.434 Loading class sun/reflect/generics/scope/MethodScope done
Event: 2.434 Loading class sun/reflect/generics/repository/MethodRepository
Event: 2.435 Loading class sun/reflect/generics/repository/MethodRepository done
Event: 2.625 Loading class java/util/ConcurrentModificationException
Event: 2.625 Loading class java/util/ConcurrentModificationException done
Event: 2.629 Loading class jdk/internal/reflect/UnsafeObjectFieldAccessorImpl
Event: 2.629 Loading class jdk/internal/reflect/UnsafeObjectFieldAccessorImpl done
Event: 2.655 Loading class java/lang/ClassFormatError
Event: 2.655 Loading class java/lang/ClassFormatError done

Classes unloaded (0 events):
No events

Classes redefined (0 events):
No events

Internal exceptions (20 events):
Event: 0.445 Thread 0x0000027c32fa86b0 Exception <a 'sun/nio/fs/WindowsException'{0x0000000711e2a350}> (0x0000000711e2a350) 
thrown [s\src\hotspot\share\prims\jni.cpp, line 516]
Event: 0.445 Thread 0x0000027c32fa86b0 Exception <a 'sun/nio/fs/WindowsException'{0x0000000711e2a8b0}> (0x0000000711e2a8b0) 
thrown [s\src\hotspot\share\prims\jni.cpp, line 516]
Event: 0.445 Thread 0x0000027c32fa86b0 Exception <a 'sun/nio/fs/WindowsException'{0x0000000711e2adc0}> (0x0000000711e2adc0) 
thrown [s\src\hotspot\share\prims\jni.cpp, line 516]
Event: 0.446 Thread 0x0000027c32fa86b0 Exception <a 'sun/nio/fs/WindowsException'{0x0000000711e2b288}> (0x0000000711e2b288) 
thrown [s\src\hotspot\share\prims\jni.cpp, line 516]
Event: 0.463 Thread 0x0000027c32fa86b0 Exception <a 'java/lang/NoSuchMethodError'{0x0000000711e7fee8}: 'void java.lang.invoke.DirectMethodHandle$Holder.invokeStaticInit(java.lang.Object, java.lang.Object)'> (0x0000000711e7fee8) 
thrown [s\src\hotspot\share\interpreter\linkResolver.cpp, line 759]
Event: 0.481 Thread 0x0000027c32fa86b0 Exception <a 'java/lang/NoSuchMethodError'{0x0000000711ecf240}: 'void java.lang.invoke.DirectMethodHandle$Holder.invokeStatic(java.lang.Object, java.lang.Object, java.lang.Object)'> (0x0000000711ecf240) 
thrown [s\src\hotspot\share\interpreter\linkResolver.cpp, line 759]
Event: 0.572 Thread 0x0000027c32fa86b0 Exception <a 'java/lang/NoSuchMethodError'{0x0000000711cd1a08}: 'java.lang.Object java.lang.invoke.DirectMethodHandle$Holder.invokeSpecialIFC(java.lang.Object, java.lang.Object, java.lang.Object, java.lang.Object)'> (0x0000000711cd1a08) 
thrown [s\src\hotspot\share\interpreter\linkResolver.cpp, line 759]
Event: 0.842 Thread 0x0000027c32fa86b0 Exception <a 'java/lang/NoSuchMethodError'{0x00000007116c9e40}: 'void java.lang.invoke.DirectMethodHandle$Holder.invokeSpecial(java.lang.Object, java.lang.Object, java.lang.Object)'> (0x00000007116c9e40) 
thrown [s\src\hotspot\share\interpreter\linkResolver.cpp, line 759]
Event: 0.891 Thread 0x0000027c32fa86b0 Exception <a 'java/lang/NoSuchMethodError'{0x00000007114353a8}: 'java.lang.Object java.lang.invoke.DirectMethodHandle$Holder.invokeInterface(java.lang.Object, java.lang.Object)'> (0x00000007114353a8) 
thrown [s\src\hotspot\share\interpreter\linkResolver.cpp, line 759]
Event: 0.916 Thread 0x0000027c32fa86b0 Exception <a 'java/lang/NoSuchMethodError'{0x00000007114e5690}: 'java.lang.Object java.lang.invoke.Invokers$Holder.invokeExact_MT(java.lang.Object, java.lang.Object, java.lang.Object, java.lang.Object, java.lang.Object, java.lang.Object)'> (0x00000007114e5690) 
thrown [s\src\hotspot\share\interpreter\linkResolver.cpp, line 759]
Event: 0.920 Thread 0x0000027c32fa86b0 Exception <a 'java/lang/NoSuchMethodError'{0x00000007114f6af0}: 'int java.lang.invoke.DirectMethodHandle$Holder.invokeSpecialIFC(java.lang.Object, java.lang.Object, java.lang.Object, java.lang.Object, java.lang.Object)'> (0x00000007114f6af0) 
thrown [s\src\hotspot\share\interpreter\linkResolver.cpp, line 759]
Event: 1.002 Thread 0x0000027c32fa86b0 Exception <a 'java/lang/NoSuchMethodError'{0x00000007112a8b88}: 'java.lang.Object java.lang.invoke.DirectMethodHandle$Holder.newInvokeSpecial(java.lang.Object, java.lang.Object, java.lang.Object, java.lang.Object, java.lang.Object)'> (0x00000007112a8b88) 
thrown [s\src\hotspot\share\interpreter\linkResolver.cpp, line 759]
Event: 1.049 Thread 0x0000027c32fa86b0 Exception <a 'java/lang/NoSuchMethodError'{0x00000007113b70c8}: 'int java.lang.invoke.DirectMethodHandle$Holder.invokeStaticInit(java.lang.Object, java.lang.Object)'> (0x00000007113b70c8) 
thrown [s\src\hotspot\share\interpreter\linkResolver.cpp, line 759]
Event: 1.060 Thread 0x0000027c32fa86b0 Exception <a 'java/lang/NoClassDefFoundError'{0x00000007113f1798}: javax/enterprise/inject/Typed> (0x00000007113f1798) 
thrown [s\src\hotspot\share\classfile\systemDictionary.cpp, line 245]
Event: 2.259 Thread 0x0000027c32fa86b0 Exception <a 'java/lang/NoSuchMethodError'{0x0000000711cd6768}: 'void java.lang.invoke.DirectMethodHandle$Holder.invokeStaticInit(java.lang.Object, java.lang.Object, java.lang.Object)'> (0x0000000711cd6768) 
thrown [s\src\hotspot\share\interpreter\linkResolver.cpp, line 759]
Event: 2.265 Thread 0x0000027c32fa86b0 Exception <a 'java/lang/ExceptionInInitializerError'{0x0000000711d02c70}> (0x0000000711d02c70) 
thrown [s\src\hotspot\share\oops\instanceKlass.cpp, line 1218]
Event: 2.311 Thread 0x0000027c32fa86b0 Implicit null exception at 0x0000027c4262892f to 0x0000027c42628a94
Event: 2.314 Thread 0x0000027c32fa86b0 Exception <a 'java/lang/NoSuchMethodError'{0x0000000711a173d8}: 'java.lang.Object java.lang.invoke.Invokers$Holder.invokeExact_MT(java.lang.Object, int, java.lang.Object)'> (0x0000000711a173d8) 
thrown [s\src\hotspot\share\interpreter\linkResolver.cpp, line 759]
Event: 2.332 Thread 0x0000027c32fa86b0 Exception <a 'java/lang/NoSuchMethodError'{0x0000000711aa0610}: 'int java.lang.invoke.DirectMethodHandle$Holder.invokeSpecial(java.lang.Object, java.lang.Object, java.lang.Object, java.lang.Object)'> (0x0000000711aa0610) 
thrown [s\src\hotspot\share\interpreter\linkResolver.cpp, line 759]
Event: 2.655 Thread 0x0000027c32fa86b0 Exception <a 'java/lang/NoClassDefFoundError'{0x0000000711302c60}: com/google/inject/servlet/ServletModuleTargetVisitor> (0x0000000711302c60) 
thrown [s\src\hotspot\share\classfile\systemDictionary.cpp, line 245]

VM Operations (20 events):
Event: 1.775 Executing VM operation: HandshakeAllThreads
Event: 1.775 Executing VM operation: HandshakeAllThreads done
Event: 1.863 Executing VM operation: ICBufferFull
Event: 1.863 Executing VM operation: ICBufferFull done
Event: 1.991 Executing VM operation: G1CollectForAllocation
Event: 1.997 Executing VM operation: G1CollectForAllocation done
Event: 2.035 Executing VM operation: HandshakeAllThreads
Event: 2.035 Executing VM operation: HandshakeAllThreads done
Event: 2.270 Executing VM operation: HandshakeAllThreads
Event: 2.270 Executing VM operation: HandshakeAllThreads done
Event: 2.364 Executing VM operation: HandshakeAllThreads
Event: 2.364 Executing VM operation: HandshakeAllThreads done
Event: 2.366 Executing VM operation: HandshakeAllThreads
Event: 2.366 Executing VM operation: HandshakeAllThreads done
Event: 2.435 Executing VM operation: HandshakeAllThreads
Event: 2.435 Executing VM operation: HandshakeAllThreads done
Event: 2.505 Executing VM operation: ICBufferFull
Event: 2.505 Executing VM operation: ICBufferFull done
Event: 2.623 Executing VM operation: HandshakeAllThreads
Event: 2.623 Executing VM operation: HandshakeAllThreads done

Events (20 events):
Event: 0.057 Thread 0x0000027c32fa86b0 Thread added: 0x0000027c32fa86b0
Event: 0.064 Thread 0x0000027c55f0f190 Thread added: 0x0000027c55f0f190
Event: 0.064 Thread 0x0000027c55f10010 Thread added: 0x0000027c55f10010
Event: 0.075 Thread 0x0000027c55f1e920 Thread added: 0x0000027c55f1e920
Event: 0.075 Thread 0x0000027c9b134590 Thread added: 0x0000027c9b134590
Event: 0.075 Thread 0x0000027c9b134f50 Thread added: 0x0000027c9b134f50
Event: 0.075 Thread 0x0000027c9b135910 Thread added: 0x0000027c9b135910
Event: 0.076 Thread 0x0000027c9b136600 Thread added: 0x0000027c9b136600
Event: 0.076 Thread 0x0000027c9b13b0c0 Thread added: 0x0000027c9b13b0c0
Event: 0.076 Thread 0x0000027c9b13ded0 Thread added: 0x0000027c9b13ded0
Event: 0.108 Thread 0x0000027c55ef5700 Thread added: 0x0000027c55ef5700
Event: 0.184 Thread 0x0000027c9b2dade0 Thread added: 0x0000027c9b2dade0
Event: 0.184 Thread 0x0000027c9b2df5f0 Thread added: 0x0000027c9b2df5f0
Event: 0.403 Thread 0x0000027c9b4c46e0 Thread added: 0x0000027c9b4c46e0
Event: 0.564 Thread 0x0000027c9b4c46e0 Thread exited: 0x0000027c9b4c46e0
Event: 0.565 Thread 0x0000027c9b600f30 Thread added: 0x0000027c9b600f30
Event: 1.109 Thread 0x0000027c9b7e4aa0 Thread added: 0x0000027c9b7e4aa0
Event: 1.873 Thread 0x0000027c9b7e4aa0 Thread exited: 0x0000027c9b7e4aa0
Event: 1.873 Thread 0x0000027c9b600f30 Thread exited: 0x0000027c9b600f30
Event: 2.314 Thread 0x0000027c9b7e5fe0 Thread added: 0x0000027c9b7e5fe0


Dynamic libraries:
0x00007ff74d930000 - 0x00007ff74d93e000 	C:\Users\ghofr\.jdks\corretto-17.0.12\bin\java.exe
0x00007ff8bc170000 - 0x00007ff8bc387000 	C:\WINDOWS\SYSTEM32\ntdll.dll
0x00007ff8ba490000 - 0x00007ff8ba554000 	C:\WINDOWS\System32\KERNEL32.DLL
0x00007ff8b9930000 - 0x00007ff8b9d03000 	C:\WINDOWS\System32\KERNELBASE.dll
0x00007ff8b9540000 - 0x00007ff8b9651000 	C:\WINDOWS\System32\ucrtbase.dll
0x00007ff8a6e00000 - 0x00007ff8a6e1b000 	C:\Users\ghofr\.jdks\corretto-17.0.12\bin\VCRUNTIME140.dll
0x00007ff8a7250000 - 0x00007ff8a7267000 	C:\Users\ghofr\.jdks\corretto-17.0.12\bin\jli.dll
0x00007ff8ba240000 - 0x00007ff8ba3f1000 	C:\WINDOWS\System32\USER32.dll
0x00007ff8b92b0000 - 0x00007ff8b92d6000 	C:\WINDOWS\System32\win32u.dll
0x00007ff8bb860000 - 0x00007ff8bb889000 	C:\WINDOWS\System32\GDI32.dll
0x00007ff8b9420000 - 0x00007ff8b953b000 	C:\WINDOWS\System32\gdi32full.dll
0x00007ff8a7ef0000 - 0x00007ff8a8188000 	C:\WINDOWS\WinSxS\amd64_microsoft.windows.common-controls_6595b64144ccf1df_6.0.22621.5124_none_270e8f4f7386d69d\COMCTL32.dll
0x00007ff8b9890000 - 0x00007ff8b992a000 	C:\WINDOWS\System32\msvcp_win.dll
0x00007ff8ba9b0000 - 0x00007ff8baa57000 	C:\WINDOWS\System32\msvcrt.dll
0x00007ff8b9f70000 - 0x00007ff8b9fa1000 	C:\WINDOWS\System32\IMM32.DLL
0x00007ff8a90a0000 - 0x00007ff8a90ac000 	C:\Users\ghofr\.jdks\corretto-17.0.12\bin\vcruntime140_1.dll
0x00007ff8a2a10000 - 0x00007ff8a2a9d000 	C:\Users\ghofr\.jdks\corretto-17.0.12\bin\msvcp140.dll
0x00007ff827d60000 - 0x00007ff8289ca000 	C:\Users\ghofr\.jdks\corretto-17.0.12\bin\server\jvm.dll
0x00007ff8baee0000 - 0x00007ff8baf91000 	C:\WINDOWS\System32\ADVAPI32.dll
0x00007ff8bb2a0000 - 0x00007ff8bb348000 	C:\WINDOWS\System32\sechost.dll
0x00007ff8b9280000 - 0x00007ff8b92a8000 	C:\WINDOWS\System32\bcrypt.dll
0x00007ff8bb680000 - 0x00007ff8bb794000 	C:\WINDOWS\System32\RPCRT4.dll
0x00007ff8ba570000 - 0x00007ff8ba5e1000 	C:\WINDOWS\System32\WS2_32.dll
0x00007ff8b8100000 - 0x00007ff8b814d000 	C:\WINDOWS\SYSTEM32\POWRPROF.dll
0x00007ff8b28e0000 - 0x00007ff8b2914000 	C:\WINDOWS\SYSTEM32\WINMM.dll
0x00007ff8b20d0000 - 0x00007ff8b20da000 	C:\WINDOWS\SYSTEM32\VERSION.dll
0x00007ff8b80e0000 - 0x00007ff8b80f3000 	C:\WINDOWS\SYSTEM32\UMPDC.dll
0x00007ff8b83a0000 - 0x00007ff8b83b8000 	C:\WINDOWS\SYSTEM32\kernel.appcore.dll
0x00007ff8a9080000 - 0x00007ff8a908a000 	C:\Users\ghofr\.jdks\corretto-17.0.12\bin\jimage.dll
0x00007ff8b6680000 - 0x00007ff8b68b2000 	C:\WINDOWS\SYSTEM32\DBGHELP.DLL
0x00007ff8ba5f0000 - 0x00007ff8ba982000 	C:\WINDOWS\System32\combase.dll
0x00007ff8ba160000 - 0x00007ff8ba237000 	C:\WINDOWS\System32\OLEAUT32.dll
0x00007ff891b00000 - 0x00007ff891b32000 	C:\WINDOWS\SYSTEM32\dbgcore.DLL
0x00007ff8b9d10000 - 0x00007ff8b9d8b000 	C:\WINDOWS\System32\bcryptPrimitives.dll
0x00007ff8a7860000 - 0x00007ff8a786e000 	C:\Users\ghofr\.jdks\corretto-17.0.12\bin\instrument.dll
0x00007ff8a5880000 - 0x00007ff8a58a5000 	C:\Users\ghofr\.jdks\corretto-17.0.12\bin\java.dll
0x00007ff873190000 - 0x00007ff873267000 	C:\Users\ghofr\.jdks\corretto-17.0.12\bin\jsvml.dll
0x00007ff8bb890000 - 0x00007ff8bc126000 	C:\WINDOWS\System32\SHELL32.dll
0x00007ff8b92e0000 - 0x00007ff8b941f000 	C:\WINDOWS\System32\wintypes.dll
0x00007ff8b71b0000 - 0x00007ff8b7aca000 	C:\WINDOWS\SYSTEM32\windows.storage.dll
0x00007ff8b9e60000 - 0x00007ff8b9f6a000 	C:\WINDOWS\System32\SHCORE.dll
0x00007ff8bb100000 - 0x00007ff8bb163000 	C:\WINDOWS\System32\shlwapi.dll
0x00007ff8b91b0000 - 0x00007ff8b91db000 	C:\WINDOWS\SYSTEM32\profapi.dll
0x00007ff8a41b0000 - 0x00007ff8a41c8000 	C:\Users\ghofr\.jdks\corretto-17.0.12\bin\zip.dll
0x00007ff8a5760000 - 0x00007ff8a5779000 	C:\Users\ghofr\.jdks\corretto-17.0.12\bin\net.dll
0x00007ff8b50b0000 - 0x00007ff8b51dc000 	C:\WINDOWS\SYSTEM32\WINHTTP.dll
0x00007ff8b8820000 - 0x00007ff8b888a000 	C:\WINDOWS\system32\mswsock.dll
0x00007ff8a4850000 - 0x00007ff8a4866000 	C:\Users\ghofr\.jdks\corretto-17.0.12\bin\nio.dll
0x00007ff8a2b00000 - 0x00007ff8a2b1a000 	C:\Program Files\JetBrains\IntelliJ IDEA 2024.2.1\bin\breakgen64.dll
0x00007ff8a6020000 - 0x00007ff8a6029000 	C:\Users\ghofr\.jdks\corretto-17.0.12\bin\extnet.dll
0x00007ff8671f0000 - 0x00007ff867214000 	C:\Users\ghofr\AppData\Local\Temp\jansi-2.4.1-4080182bd00d14ee-jansi.dll
0x00007ff8a5fd0000 - 0x00007ff8a5fe0000 	C:\Users\ghofr\.jdks\corretto-17.0.12\bin\verify.dll

dbghelp: loaded successfully - version: 4.0.5 - missing functions: none
symbol engine: initialized successfully - sym options: 0x614 - pdb path: .;C:\Users\ghofr\.jdks\corretto-17.0.12\bin;C:\WINDOWS\SYSTEM32;C:\WINDOWS\WinSxS\amd64_microsoft.windows.common-controls_6595b64144ccf1df_6.0.22621.5124_none_270e8f4f7386d69d;C:\Users\ghofr\.jdks\corretto-17.0.12\bin\server;C:\Program Files\JetBrains\IntelliJ IDEA 2024.2.1\bin;C:\Users\ghofr\AppData\Local\Temp

VM Arguments:
jvm_args: -Dmaven.multiModuleProjectDirectory=C:\Users\ghofr\IdeaProjects\GestionReclamation -Djansi.passthrough=true -Dmaven.home=C:\Program Files\JetBrains\IntelliJ IDEA 2024.2.1\plugins\maven\lib\maven3 -Dclassworlds.conf=C:\Program Files\JetBrains\IntelliJ IDEA 2024.2.1\plugins\maven\lib\maven3\bin\m2.conf -Dmaven.ext.class.path=C:\Program Files\JetBrains\IntelliJ IDEA 2024.2.1\plugins\maven\lib\maven-event-listener.jar -javaagent:C:\Program Files\JetBrains\IntelliJ IDEA 2024.2.1\lib\idea_rt.jar=64368:C:\Program Files\JetBrains\IntelliJ IDEA 2024.2.1\bin -Dfile.encoding=UTF-8 
java_command: org.codehaus.classworlds.Launcher -Didea.version=2024.2.1 compile
java_class_path (initial): C:\Program Files\JetBrains\IntelliJ IDEA 2024.2.1\plugins\maven\lib\maven3\boot\plexus-classworlds-2.8.0.jar;C:\Program Files\JetBrains\IntelliJ IDEA 2024.2.1\plugins\maven\lib\maven3\boot\plexus-classworlds.license
Launcher Type: SUN_STANDARD

[Global flags]
     intx CICompilerCount                          = 4                                         {product} {ergonomic}
     uint ConcGCThreads                            = 2                                         {product} {ergonomic}
     uint G1ConcRefinementThreads                  = 8                                         {product} {ergonomic}
   size_t G1HeapRegionSize                         = 2097152                                   {product} {ergonomic}
    uintx GCDrainStackTargetSize                   = 64                                        {product} {ergonomic}
   size_t InitialHeapSize                          = 266338304                                 {product} {ergonomic}
   size_t MarkStackSize                            = 4194304                                   {product} {ergonomic}
   size_t MaxHeapSize                              = 4253024256                                {product} {ergonomic}
   size_t MaxNewSize                               = 2550136832                                {product} {ergonomic}
   size_t MinHeapDeltaBytes                        = 2097152                                   {product} {ergonomic}
   size_t MinHeapSize                              = 8388608                                   {product} {ergonomic}
    uintx NonNMethodCodeHeapSize                   = 5839372                                {pd product} {ergonomic}
    uintx NonProfiledCodeHeapSize                  = 122909434                              {pd product} {ergonomic}
    uintx ProfiledCodeHeapSize                     = 122909434                              {pd product} {ergonomic}
    uintx ReservedCodeCacheSize                    = 251658240                              {pd product} {ergonomic}
     bool SegmentedCodeCache                       = true                                      {product} {ergonomic}
   size_t SoftMaxHeapSize                          = 4253024256                             {manageable} {ergonomic}
     bool UseCompressedClassPointers               = true                           {product lp64_product} {ergonomic}
     bool UseCompressedOops                        = true                           {product lp64_product} {ergonomic}
     bool UseG1GC                                  = true                                      {product} {ergonomic}
     bool UseLargePagesIndividualAllocation        = false                                  {pd product} {ergonomic}

Logging:
Log output configuration:
 #0: stdout all=warning uptime,level,tags
 #1: stderr all=off uptime,level,tags

Environment Variables:
PATH=C:\Program Files (x86)\VMware\VMware Workstation\bin\;C:\oraclexe\app\oracle\product\11.2.0\server\bin;C:\Program Files (x86)\Common Files\Intel\Shared Libraries\redist\intel64\compiler;C:\Windows\system32;C:\Windows;C:\Windows\System32\Wbem;C:\Windows\System32\WindowsPowerShell\v1.0\;C:\Windows\System32\OpenSSH\;C:\Program Files (x86)\NVIDIA Corporation\PhysX\Common;C:\Program Files\NVIDIA Corporation\NVIDIA NvDLISR;C:\WINDOWS\system32;C:\WINDOWS;C:\WINDOWS\System32\Wbem;C:\WINDOWS\System32\WindowsPowerShell\v1.0\;C:\WINDOWS\System32\OpenSSH\;C:\Strawberry\c\bin;C:\Strawberry\perl\site\bin;C:\Strawberry\perl\bin;C:\instantclient12_2\1;C:\oraclexe\app\oracle\admin\XE;C:\oraclexe;C:\Program Files\Git\cmd;C:\Users\ghofr\.jdks\jbr-17.0.12-1;C:\Users\ghofr\scoop\shims;C:\Users\ghofr\AppData\Local\Microsoft\WindowsApps;;C:\Users\ghofr\AppData\Local\Programs\Microsoft VS Code\bin;C:\xampp\php;C:\Users\ghofr\AppData\Local\ComposerSetup\bin;C:\Users\ghofr\AppData\Roaming\Composer\vendor\bin;C:\Program Files\JetBrains\IntelliJ IDEA 2024.2.1\bin;;C:\Users\ghofr\AppData\Local\Programs\Windsurf\bin;C:\Users\ghofr\AppData\Local\Programs\cursor\resources\app\bin
USERNAME=ghofr
OS=Windows_NT
PROCESSOR_IDENTIFIER=Intel64 Family 6 Model 165 Stepping 2, GenuineIntel
TMP=C:\Users\ghofr\AppData\Local\Temp
TEMP=C:\Users\ghofr\AppData\Local\Temp



Periodic native trim disabled


---------------  S Y S T E M  ---------------

OS:
 Windows 11 , 64 bit Build 22621 (10.0.22621.5124)
OS uptime: 5 days 5:35 hours

CPU: total 8 (initial active 8) (4 cores per cpu, 2 threads per core) family 6 model 165 stepping 2 microcode 0xe0, cx8, cmov, fxsr, ht, mmx, 3dnowpref, sse, sse2, sse3, ssse3, sse4.1, sse4.2, popcnt, lzcnt, tsc, tscinvbit, avx, avx2, aes, erms, clmul, bmi1, bmi2, adx, fma, vzeroupper, clflush, clflushopt
Processor Information for all 8 processors :
  Max Mhz: 2496, Current Mhz: 2496, Mhz Limit: 2496

Memory: 4k page, system-wide physical 16221M (1257M free)
TotalPageFile size 65373M (AvailPageFile size 5M)
current process WorkingSet (physical memory assigned to process): 113M, peak: 114M
current process commit charge ("private bytes"): 377M, peak: 378M

vm_info: OpenJDK 64-Bit Server VM (17.0.12+7-LTS) for windows-amd64 JRE (17.0.12+7-LTS), built on Jul 10 2024 20:46:33 by "Administrator" with MS VC++ 16.10 / 16.11 (VS2019)

END.
