#
# There is insufficient memory for the Java Runtime Environment to continue.
# Native memory allocation (mmap) failed to map 65536 bytes. Error detail: Failed to commit metaspace.
# Possible reasons:
#   The system is out of physical RAM or swap space
#   This process is running with CompressedOops enabled, and the Java Heap may be blocking the growth of the native heap
# Possible solutions:
#   Reduce memory load on the system
#   Increase physical memory or swap space
#   Check if swap backing store is full
#   Decrease Java heap size (-Xmx/-Xms)
#   Decrease number of Java threads
#   Decrease Java thread stack sizes (-Xss)
#   Set larger code cache with -XX:ReservedCodeCacheSize=
#   JVM is running with Zero Based Compressed Oops mode in which the Java heap is
#     placed in the first 32GB address space. The Java Heap base address is the
#     maximum limit for the native heap growth. Please use -XX:HeapBaseMinAddress
#     to set the Java Heap base and to place the Java Heap above 32GB virtual address.
# This output file may be truncated or incomplete.
#
#  Out of Memory Error (virtualSpaceNode.cpp:110), pid=69992, tid=25676
#
# JRE version: OpenJDK Runtime Environment Corretto-17.0.12.7.1 (17.0.12+7) (build 17.0.12+7-LTS)
# Java VM: OpenJDK 64-Bit Server VM Corretto-17.0.12.7.1 (17.0.12+7-LTS, mixed mode, sharing, tiered, compressed oops, compressed class ptrs, g1 gc, windows-amd64)
# No core dump will be written. Minidumps are not enabled by default on client versions of Windows
#

---------------  S U M M A R Y ------------

Command Line: -Dmaven.multiModuleProjectDirectory=C:\Users\ghofr\IdeaProjects\GestionReclamation -Djansi.passthrough=true -Dmaven.home=C:\Program Files\JetBrains\IntelliJ IDEA 2024.2.1\plugins\maven\lib\maven3 -Dclassworlds.conf=C:\Program Files\JetBrains\IntelliJ IDEA 2024.2.1\plugins\maven\lib\maven3\bin\m2.conf -Dmaven.ext.class.path=C:\Program Files\JetBrains\IntelliJ IDEA 2024.2.1\plugins\maven\lib\maven-event-listener.jar -javaagent:C:\Program Files\JetBrains\IntelliJ IDEA 2024.2.1\lib\idea_rt.jar=64390:C:\Program Files\JetBrains\IntelliJ IDEA 2024.2.1\bin -Dfile.encoding=UTF-8 org.codehaus.classworlds.Launcher -Didea.version=2024.2.1 compile

Host: Intel(R) Core(TM) i5-10300H CPU @ 2.50GHz, 8 cores, 15G,  Windows 11 , 64 bit Build 22621 (10.0.22621.5124)
Time: Sat Apr 19 15:13:26 2025 Afr. centrale Ouest elapsed time: 3.121275 seconds (0d 0h 0m 3s)

---------------  T H R E A D  ---------------

Current thread (0x00000201e0ace360):  JavaThread "main" [_thread_in_vm, id=25676, stack(0x000000c7cfb00000,0x000000c7cfc00000)]

Stack: [0x000000c7cfb00000,0x000000c7cfc00000]
Native frames: (J=compiled Java code, j=interpreted, Vv=VM code, C=native code)
V  [jvm.dll+0x67f4f9]
V  [jvm.dll+0x836eaa]
V  [jvm.dll+0x83896e]
V  [jvm.dll+0x838fd3]
V  [jvm.dll+0x247f6f]
V  [jvm.dll+0x832b5d]
V  [jvm.dll+0x623a6e]
V  [jvm.dll+0x1c1d2b]
V  [jvm.dll+0x6263bd]
V  [jvm.dll+0x624416]
V  [jvm.dll+0x36f362]
V  [jvm.dll+0x1e39fb]
V  [jvm.dll+0x5442c7]
V  [jvm.dll+0x7b0e68]
V  [jvm.dll+0x7b0f54]
V  [jvm.dll+0x4113c5]
V  [jvm.dll+0x417549]
C  [java.dll+0x17ec]

Java frames: (J=compiled Java code, j=interpreted, Vv=VM code)
J 1082  java.lang.ClassLoader.defineClass1(Ljava/lang/ClassLoader;Ljava/lang/String;[BIILjava/security/ProtectionDomain;Ljava/lang/String;)Ljava/lang/Class; java.base@17.0.12 (0 bytes) @ 0x00000201f0128063 [0x00000201f0127fa0+0x00000000000000c3]
J 1294 c1 java.lang.ClassLoader.defineClass(Ljava/lang/String;[BIILjava/security/ProtectionDomain;)Ljava/lang/Class; java.base@17.0.12 (43 bytes) @ 0x00000201e887b25c [0x00000201e887af00+0x000000000000035c]
J 924 c1 java.security.SecureClassLoader.defineClass(Ljava/lang/String;[BIILjava/security/CodeSource;)Ljava/lang/Class; java.base@17.0.12 (16 bytes) @ 0x00000201e87b2c8c [0x00000201e87b2bc0+0x00000000000000cc]
J 874 c1 java.net.URLClassLoader.defineClass(Ljava/lang/String;Ljdk/internal/loader/Resource;)Ljava/lang/Class; java.base@17.0.12 (224 bytes) @ 0x00000201e8794ff4 [0x00000201e8793920+0x00000000000016d4]
J 872 c1 java.net.URLClassLoader$1.run()Ljava/lang/Class; java.base@17.0.12 (81 bytes) @ 0x00000201e879224c [0x00000201e87915c0+0x0000000000000c8c]
J 871 c1 java.net.URLClassLoader$1.run()Ljava/lang/Object; java.base@17.0.12 (5 bytes) @ 0x00000201e87910c4 [0x00000201e8791040+0x0000000000000084]
J 630 c1 java.security.AccessController.doPrivileged(Ljava/security/PrivilegedExceptionAction;Ljava/security/AccessControlContext;)Ljava/lang/Object; java.base@17.0.12 (26 bytes) @ 0x00000201e86ea47c [0x00000201e86ea2a0+0x00000000000001dc]
J 869 c1 java.net.URLClassLoader.findClass(Ljava/lang/String;)Ljava/lang/Class; java.base@17.0.12 (47 bytes) @ 0x00000201e878ffcc [0x00000201e878fe20+0x00000000000001ac]
J 799 c1 org.codehaus.plexus.classworlds.realm.ClassRealm.loadClassFromSelf(Ljava/lang/String;)Ljava/lang/Class; (40 bytes) @ 0x00000201e8762b8c [0x00000201e8762800+0x000000000000038c]
J 862 c1 org.codehaus.plexus.classworlds.strategy.SelfFirstStrategy.loadClass(Ljava/lang/String;)Ljava/lang/Class; (50 bytes) @ 0x00000201e878cab4 [0x00000201e878c6c0+0x00000000000003f4]
J 791 c1 org.codehaus.plexus.classworlds.realm.ClassRealm.loadClass(Ljava/lang/String;Z)Ljava/lang/Class; (33 bytes) @ 0x00000201e875f13c [0x00000201e875efe0+0x000000000000015c]
J 624 c1 org.codehaus.plexus.classworlds.realm.ClassRealm.loadClass(Ljava/lang/String;)Ljava/lang/Class; (7 bytes) @ 0x00000201e86e731c [0x00000201e86e7220+0x00000000000000fc]
v  ~StubRoutines::call_stub
J 1338  java.lang.Class.forName0(Ljava/lang/String;ZLjava/lang/ClassLoader;Ljava/lang/Class;)Ljava/lang/Class; java.base@17.0.12 (0 bytes) @ 0x00000201f0146daf [0x00000201f0146d20+0x000000000000008f]
J 1396 c1 java.lang.Class.forName(Ljava/lang/String;ZLjava/lang/ClassLoader;)Ljava/lang/Class; java.base@17.0.12 (47 bytes) @ 0x00000201e88a1bac [0x00000201e88a1800+0x00000000000003ac]
J 1558 c1 sun.reflect.generics.factory.CoreReflectionFactory.makeNamedType(Ljava/lang/String;)Ljava/lang/reflect/Type; java.base@17.0.12 (21 bytes) @ 0x00000201e890627c [0x00000201e89061e0+0x000000000000009c]
J 1464 c1 sun.reflect.generics.visitor.Reifier.visitClassTypeSignature(Lsun/reflect/generics/tree/ClassTypeSignature;)V java.base@17.0.12 (381 bytes) @ 0x00000201e88be2d4 [0x00000201e88bd7a0+0x0000000000000b34]
J 1463 c1 sun.reflect.generics.tree.ClassTypeSignature.accept(Lsun/reflect/generics/visitor/TypeTreeVisitor;)V java.base@17.0.12 (8 bytes) @ 0x00000201e88bcd74 [0x00000201e88bccc0+0x00000000000000b4]
j  sun.reflect.generics.visitor.Reifier.reifyTypeArguments([Lsun/reflect/generics/tree/TypeArgument;)[Ljava/lang/reflect/Type;+18 java.base@17.0.12
J 1464 c1 sun.reflect.generics.visitor.Reifier.visitClassTypeSignature(Lsun/reflect/generics/tree/ClassTypeSignature;)V java.base@17.0.12 (381 bytes) @ 0x00000201e88be3a4 [0x00000201e88bd7a0+0x0000000000000c04]
J 1463 c1 sun.reflect.generics.tree.ClassTypeSignature.accept(Lsun/reflect/generics/visitor/TypeTreeVisitor;)V java.base@17.0.12 (8 bytes) @ 0x00000201e88bcd74 [0x00000201e88bccc0+0x00000000000000b4]
j  sun.reflect.generics.repository.ConstructorRepository.computeParameterTypes()[Ljava/lang/reflect/Type;+40 java.base@17.0.12
j  sun.reflect.generics.repository.ConstructorRepository.getParameterTypes()[Ljava/lang/reflect/Type;+10 java.base@17.0.12
j  java.lang.reflect.Executable.getGenericParameterTypes()[Ljava/lang/reflect/Type;+11 java.base@17.0.12
j  java.lang.reflect.Constructor.getGenericParameterTypes()[Ljava/lang/reflect/Type;+1 java.base@17.0.12
j  java.lang.reflect.Executable.getAllGenericParameterTypes()[Ljava/lang/reflect/Type;+20 java.base@17.0.12
j  java.lang.reflect.Executable.getAnnotatedParameterTypes()[Ljava/lang/reflect/AnnotatedType;+22 java.base@17.0.12
j  com.google.inject.spi.InjectionPoint.<init>(Lcom/google/inject/TypeLiteral;Ljava/lang/reflect/Constructor;)V+44
j  com.google.inject.spi.InjectionPoint.forConstructorOf(Lcom/google/inject/TypeLiteral;Z)Lcom/google/inject/spi/InjectionPoint;+167
j  com.google.inject.spi.InjectionPoint.forConstructorOf(Lcom/google/inject/TypeLiteral;)Lcom/google/inject/spi/InjectionPoint;+2
j  org.eclipse.sisu.wire.DependencyAnalyzer.analyzeImplementation(Lcom/google/inject/TypeLiteral;Z)Ljava/lang/Boolean;+54
j  org.eclipse.sisu.wire.DependencyAnalyzer.visit(Lcom/google/inject/spi/UntargettedBinding;)Ljava/lang/Boolean;+11
j  org.eclipse.sisu.wire.DependencyAnalyzer.visit(Lcom/google/inject/spi/UntargettedBinding;)Ljava/lang/Object;+2
j  com.google.inject.internal.UntargettedBindingImpl.acceptTargetVisitor(Lcom/google/inject/spi/BindingTargetVisitor;)Ljava/lang/Object;+2
j  org.eclipse.sisu.wire.ElementAnalyzer.visit(Lcom/google/inject/Binding;)Ljava/lang/Void;+43
j  org.eclipse.sisu.wire.ElementAnalyzer.visit(Lcom/google/inject/Binding;)Ljava/lang/Object;+2
j  com.google.inject.internal.BindingImpl.acceptVisitor(Lcom/google/inject/spi/ElementVisitor;)Ljava/lang/Object;+2
j  org.eclipse.sisu.wire.WireModule.configure(Lcom/google/inject/Binder;)V+45
j  com.google.inject.spi.Elements$RecordingBinder.install(Lcom/google/inject/Module;)V+209
j  com.google.inject.spi.Elements.getElements(Lcom/google/inject/Stage;Ljava/lang/Iterable;)Ljava/util/List;+40
j  com.google.inject.internal.InjectorShell$Builder.build(Lcom/google/inject/internal/Initializer;Lcom/google/inject/internal/ProcessedBindingData;Lcom/google/inject/internal/util/ContinuousStopwatch;Lcom/google/inject/internal/Errors;)Ljava/util/List;+163
j  com.google.inject.internal.InternalInjectorCreator.build()Lcom/google/inject/Injector;+48
j  com.google.inject.Guice.createInjector(Lcom/google/inject/Stage;Ljava/lang/Iterable;)Lcom/google/inject/Injector;+15
j  com.google.inject.Guice.createInjector(Ljava/lang/Iterable;)Lcom/google/inject/Injector;+4
j  com.google.inject.Guice.createInjector([Lcom/google/inject/Module;)Lcom/google/inject/Injector;+4
j  org.codehaus.plexus.DefaultPlexusContainer.addPlexusInjector(Ljava/util/List;[Lcom/google/inject/Module;)Lcom/google/inject/Injector;+88
j  org.codehaus.plexus.DefaultPlexusContainer.<init>(Lorg/codehaus/plexus/ContainerConfiguration;[Lcom/google/inject/Module;)V+406
j  org.apache.maven.cli.MavenCli.container(Lorg/apache/maven/cli/CliRequest;)Lorg/codehaus/plexus/PlexusContainer;+279
j  org.apache.maven.cli.MavenCli.doMain(Lorg/apache/maven/cli/CliRequest;)I+34
j  org.apache.maven.cli.MavenCli.main([Ljava/lang/String;Lorg/codehaus/plexus/classworlds/ClassWorld;)I+24
v  ~StubRoutines::call_stub
j  jdk.internal.reflect.NativeMethodAccessorImpl.invoke0(Ljava/lang/reflect/Method;Ljava/lang/Object;[Ljava/lang/Object;)Ljava/lang/Object;+0 java.base@17.0.12
j  jdk.internal.reflect.NativeMethodAccessorImpl.invoke(Ljava/lang/Object;[Ljava/lang/Object;)Ljava/lang/Object;+133 java.base@17.0.12
j  jdk.internal.reflect.DelegatingMethodAccessorImpl.invoke(Ljava/lang/Object;[Ljava/lang/Object;)Ljava/lang/Object;+6 java.base@17.0.12
j  java.lang.reflect.Method.invoke(Ljava/lang/Object;[Ljava/lang/Object;)Ljava/lang/Object;+59 java.base@17.0.12
j  org.codehaus.plexus.classworlds.launcher.Launcher.launchEnhanced([Ljava/lang/String;)V+45
j  org.codehaus.plexus.classworlds.launcher.Launcher.launch([Ljava/lang/String;)V+2
j  org.codehaus.plexus.classworlds.launcher.Launcher.mainWithExitCode([Ljava/lang/String;)I+108
j  org.codehaus.plexus.classworlds.launcher.Launcher.main([Ljava/lang/String;)V+1
j  org.codehaus.classworlds.Launcher.main([Ljava/lang/String;)V+1
v  ~StubRoutines::call_stub

Compiled method (n/a)    3159 1082     n 0       java.lang.ClassLoader::defineClass1 (native)
 total in heap  [0x00000201f0127e10,0x00000201f01282f0] = 1248
 relocation     [0x00000201f0127f68,0x00000201f0127fa0] = 56
 main code      [0x00000201f0127fa0,0x00000201f01282f0] = 848

[Constant Pool (empty)]

[MachCode]
[Entry Point]
  # {method} {0x0000020184010f28} 'defineClass1' '(Ljava/lang/ClassLoader;Ljava/lang/String;[BIILjava/security/ProtectionDomain;Ljava/lang/String;)Ljava/lang/Class;' in 'java/lang/ClassLoader'
  # parm0:    rdx:rdx   = 'java/lang/ClassLoader'
  # parm1:    r8:r8     = 'java/lang/String'
  # parm2:    r9:r9     = '[B'
  # parm3:    rdi       = int
  # parm4:    rsi       = int
  # parm5:    rcx:rcx   = 'java/security/ProtectionDomain'
  # parm6:    [sp+0xa0]   = 'java/lang/String'  (sp of caller)
  0x00000201f0127fa0: 448b 5208 | 49bb 0000 | 0084 0102 | 0000 4d03 | d349 3bc2 | 0f84 0600 

  0x00000201f0127fb8: ;   {runtime_call ic_miss_stub}
  0x00000201f0127fb8: 0000 e9c1 | 90a4 ff90 
[Verified Entry Point]
  0x00000201f0127fc0: 8984 2400 | 90ff ff55 | 488b ec48 | 81ec 9000 | 0000 4881 | 7d10 0000 | 0000 488d | 4510 480f 
  0x00000201f0127fe0: 4445 1048 | 8944 2440 | 4889 4c24 | 7048 83f9 | 0048 8d44 | 2470 480f | 4444 2470 | 4889 4424 
  0x00000201f0128000: 3848 8974 | 2430 4889 | 7c24 284c | 894c 2458 | 4983 f900 | 488d 4424 | 5848 0f44 | 4424 5848 
  0x00000201f0128020: 8944 2420 | 4c89 4424 | 5049 83f8 | 004c 8d4c | 2450 4c0f | 444c 2450 | 4889 5424 | 4848 83fa 
  0x00000201f0128040: 004c 8d44 | 2448 4c0f | 4444 2448 

  0x00000201f012804c: ;   {oop(a 'java/lang/Class'{0x000000070281f798} = 'java/lang/ClassLoader')}
  0x00000201f012804c: 49be 98f7 | 8102 0700 | 0000 4c89 | 7424 784c | 8d74 2478 | 498b d6c5 

  0x00000201f0128064: ;   {internal_word}
  0x00000201f0128064: f877 49ba | 6380 12f0 | 0102 0000 | 4d89 97a0 | 0200 0049 | 89a7 9802 

  0x00000201f012807c: ;   {external_word}
  0x00000201f012807c: 0000 49ba | 39b6 8e28 | f87f 0000 | 4180 3a00 | 0f84 5200 | 0000 5241 

  0x00000201f0128094: ;   {metadata({method} {0x0000020184010f28} 'defineClass1' '(Ljava/lang/ClassLoader;Ljava/lang/String;[BIILjava/security/ProtectionDomain;Ljava/lang/String;)Ljava/lang/Class;' in 'java/lang/ClassLoader')}
  0x00000201f0128094: 5041 5148 | ba20 0f01 | 8401 0200 | 0049 8bcf | 4883 ec20 | f7c4 0f00 | 0000 0f84 | 1a00 0000 
  0x00000201f01280b4: 4883 ec08 

  0x00000201f01280b8: ;   {runtime_call}
  0x00000201f01280b8: 49ba c049 | 4428 f87f | 0000 41ff | d248 83c4 | 08e9 0d00 

  0x00000201f01280cc: ;   {runtime_call}
  0x00000201f01280cc: 0000 49ba | c049 4428 | f87f 0000 | 41ff d248 | 83c4 2041 | 5941 585a | 498d 8fb8 | 0200 0041 
  0x00000201f01280ec: c787 4803 | 0000 0400 

  0x00000201f01280f4: ;   {runtime_call}
  0x00000201f01280f4: 0000 49ba | ac16 88a5 | f87f 0000 | 41ff d2c5 | f877 41c7 | 8748 0300 | 0005 0000 | 00f0 8344 
  0x00000201f0128114: 24c0 0049 | 3baf 5003 | 0000 0f87 | 1100 0000 | 4181 bf38 | 0300 0000 | 0000 000f | 842c 0000 
  0x00000201f0128134: 00c5 f877 | 4889 45f8 | 498b cf4c | 8be4 4883 | ec20 4883 

  0x00000201f0128148: ;   {runtime_call}
  0x00000201f0128148: e4f0 49ba | 6067 5428 | f87f 0000 | 41ff d249 | 8be4 4d33 | e448 8b45 | f841 c787 | 4803 0000 
  0x00000201f0128168: 0800 0000 | 4181 bfb8 | 0300 0002 | 0000 000f | 843f 0100 

  0x00000201f012817c: ;   {external_word}
  0x00000201f012817c: 0049 ba39 | b68e 28f8 | 7f00 0041 | 803a 000f | 8450 0000 | 0048 8945 

  0x00000201f0128194: ;   {metadata({method} {0x0000020184010f28} 'defineClass1' '(Ljava/lang/ClassLoader;Ljava/lang/String;[BIILjava/security/ProtectionDomain;Ljava/lang/String;)Ljava/lang/Class;' in 'java/lang/ClassLoader')}
  0x00000201f0128194: f848 ba20 | 0f01 8401 | 0200 0049 | 8bcf 4883 | ec20 f7c4 | 0f00 0000 | 0f84 1a00 | 0000 4883 
  0x00000201f01281b4: ;   {runtime_call}
  0x00000201f01281b4: ec08 49ba | c049 4428 | f87f 0000 | 41ff d248 | 83c4 08e9 | 0d00 0000 

  0x00000201f01281cc: ;   {runtime_call}
  0x00000201f01281cc: 49ba c049 | 4428 f87f | 0000 41ff | d248 83c4 | 2048 8b45 | f849 c787 | 9802 0000 | 0000 0000 
  0x00000201f01281ec: 49c7 87a0 | 0200 0000 | 0000 00c5 | f877 4885 | c00f 8493 | 0000 0048 | f7c0 0100 | 0000 0f84 
  0x00000201f012820c: 8300 0000 | 488b 40ff | 4180 7f38 | 000f 846f | 0000 0048 | 83f8 000f | 8465 0000 | 0049 8b4f 
  0x00000201f012822c: 2048 83f9 | 000f 8414 | 0000 0048 | 83e9 0849 | 894f 2049 | 034f 3048 | 8901 e943 | 0000 0050 
  0x00000201f012824c: 498b d748 | 8bc8 4883 | ec20 f7c4 | 0f00 0000 | 0f84 1a00 | 0000 4883 

  0x00000201f0128264: ;   {runtime_call}
  0x00000201f0128264: ec08 49ba | 7051 0328 | f87f 0000 | 41ff d248 | 83c4 08e9 | 0d00 0000 

  0x00000201f012827c: ;   {runtime_call}
  0x00000201f012827c: 49ba 7051 | 0328 f87f | 0000 41ff | d248 83c4 | 2058 e903 | 0000 0048 | 8b00 498b | 8fd8 0000 
  0x00000201f012829c: 00c7 8100 | 0100 0000 | 0000 00c9 | 4981 7f08 | 0000 0000 | 0f85 0100 

  0x00000201f01282b4: ;   {runtime_call StubRoutines (1)}
  0x00000201f01282b4: 0000 c3e9 | 448c 9fff | c5f8 7748 | 8945 f84c | 8be4 4883 | ec20 4883 

  0x00000201f01282cc: ;   {runtime_call}
  0x00000201f01282cc: e4f0 49ba | 407a 4428 | f87f 0000 | 41ff d249 | 8be4 4d33 | e448 8b45 | f8e9 93fe | ffff f4f4 
  0x00000201f01282ec: f4f4 f4f4 
[/MachCode]


Compiled method (c1)    3176 1294       3       java.lang.ClassLoader::defineClass (43 bytes)
 total in heap  [0x00000201e887ad10,0x00000201e887b648] = 2360
 relocation     [0x00000201e887ae68,0x00000201e887aef8] = 144
 main code      [0x00000201e887af00,0x00000201e887b3a0] = 1184
 stub code      [0x00000201e887b3a0,0x00000201e887b418] = 120
 metadata       [0x00000201e887b418,0x00000201e887b448] = 48
 scopes data    [0x00000201e887b448,0x00000201e887b538] = 240
 scopes pcs     [0x00000201e887b538,0x00000201e887b618] = 224
 dependencies   [0x00000201e887b618,0x00000201e887b620] = 8
 nul chk table  [0x00000201e887b620,0x00000201e887b648] = 40

[Constant Pool (empty)]

[MachCode]
[Entry Point]
  # {method} {0x0000020184010cc0} 'defineClass' '(Ljava/lang/String;[BIILjava/security/ProtectionDomain;)Ljava/lang/Class;' in 'java/lang/ClassLoader'
  # this:     rdx:rdx   = 'java/lang/ClassLoader'
  # parm0:    r8:r8     = 'java/lang/String'
  # parm1:    r9:r9     = '[B'
  # parm2:    rdi       = int
  # parm3:    rsi       = int
  # parm4:    rcx:rcx   = 'java/security/ProtectionDomain'
  #           [sp+0xc0]  (sp of caller)
  0x00000201e887af00: 448b 5208 | 49bb 0000 | 0084 0102 | 0000 4d03 | d34c 3bd0 

  0x00000201e887af14: ;   {runtime_call ic_miss_stub}
  0x00000201e887af14: 0f85 6661 | 2f07 660f | 1f44 0000 
[Verified Entry Point]
  0x00000201e887af20: 8984 2400 | 90ff ff55 | 4881 ecb0 | 0000 0048 | 8954 2478 

  0x00000201e887af34: ;   {metadata(method data for {method} {0x0000020184010cc0} 'defineClass' '(Ljava/lang/String;[BIILjava/security/ProtectionDomain;)Ljava/lang/Class;' in 'java/lang/ClassLoader')}
  0x00000201e887af34: 48bb 305b | 1fc5 0102 | 0000 8b83 | cc00 0000 | 83c0 0289 | 83cc 0000 | 0081 e0fe | 0700 0083 
  0x00000201e887af54: f800 0f84 | 5603 0000 | 89b4 2494 | 0000 0089 | bc24 9000 | 0000 4c89 | 8c24 8800 | 0000 488b 
  0x00000201e887af74: ;   {metadata(method data for {method} {0x0000020184010cc0} 'defineClass' '(Ljava/lang/String;[BIILjava/security/ProtectionDomain;)Ljava/lang/Class;' in 'java/lang/ClassLoader')}
  0x00000201e887af74: da48 b830 | 5b1f c501 | 0200 0048 | 8380 1001 | 0000 0149 | 8bd8 4c8b | c34c 8bc9 | 488b ca48 
  0x00000201e887af94: 8bd1 4889 | 9c24 8000 

  0x00000201e887af9c: ;   {optimized virtual_call}
  0x00000201e887af9c: 0000 90e8 

  0x00000201e887afa0: ; ImmutableOopMap {[120]=Oop [136]=Oop [128]=Oop }
                      ;*invokevirtual preDefineClass {reexecute=0 rethrow=0 return_oop=0}
                      ; - java.lang.ClassLoader::defineClass@4 (line 1015)
  0x00000201e887afa0: fc0f f3ff | 4889 8424 | 9800 0000 | 488b 5424 

  0x00000201e887afb0: ;   {metadata(method data for {method} {0x0000020184010cc0} 'defineClass' '(Ljava/lang/String;[BIILjava/security/ProtectionDomain;)Ljava/lang/Class;' in 'java/lang/ClassLoader')}
  0x00000201e887afb0: 7849 b830 | 5b1f c501 | 0200 0049 | 8380 4801 

  0x00000201e887afc0: ;   {metadata(method data for {method} {0x0000020184010ed0} 'defineClassSourceLocation' '(Ljava/security/ProtectionDomain;)Ljava/lang/String;' in 'java/lang/ClassLoader')}
  0x00000201e887afc0: 0000 0149 | b800 471f | c501 0200 | 0041 8b90 | cc00 0000 | 83c2 0241 | 8990 cc00 | 0000 81e2 
  0x00000201e887afe0: feff 1f00 | 83fa 000f | 84e6 0200 | 0048 3b00 

  0x00000201e887aff0: ;   {metadata(method data for {method} {0x0000020184010ed0} 'defineClassSourceLocation' '(Ljava/security/ProtectionDomain;)Ljava/lang/String;' in 'java/lang/ClassLoader')}
  0x00000201e887aff0: 4c8b c048 | ba00 471f | c501 0200 | 0048 8382 | 1001 0000 | 0144 8b40 | 1049 c1e0 | 0349 83f8 
  0x00000201e887b010: ;   {metadata(method data for {method} {0x0000020184010ed0} 'defineClassSourceLocation' '(Ljava/security/ProtectionDomain;)Ljava/lang/String;' in 'java/lang/ClassLoader')}
  0x00000201e887b010: 0048 ba00 | 471f c501 | 0200 0048 | be58 0100 | 0000 0000 | 000f 850a | 0000 0048 | be48 0100 
  0x00000201e887b030: 0000 0000 | 0048 8b3c | 3248 8d7f | 0148 893c | 320f 850f 

  0x00000201e887b044: ;   {oop(NULL)}
  0x00000201e887b044: 0000 0048 | bb00 0000 | 0000 0000 | 00e9 b101 | 0000 493b | 0049 8bd0 

  0x00000201e887b05c: ;   {metadata(method data for {method} {0x0000020184010ed0} 'defineClassSourceLocation' '(Ljava/security/ProtectionDomain;)Ljava/lang/String;' in 'java/lang/ClassLoader')}
  0x00000201e887b05c: 48be 0047 | 1fc5 0102 | 0000 4883 | 8668 0100 | 0001 418b | 500c 48c1 | e203 4883 

  0x00000201e887b078: ;   {metadata(method data for {method} {0x0000020184010ed0} 'defineClassSourceLocation' '(Ljava/security/ProtectionDomain;)Ljava/lang/String;' in 'java/lang/ClassLoader')}
  0x00000201e887b078: fa00 48be | 0047 1fc5 | 0102 0000 | 48bf b001 | 0000 0000 | 0000 0f85 | 0a00 0000 | 48bf a001 
  0x00000201e887b098: 0000 0000 | 0000 488b | 1c3e 488d | 5b01 4889 | 1c3e 0f85 | 0f00 0000 

  0x00000201e887b0b0: ;   {oop(NULL)}
  0x00000201e887b0b0: 48bb 0000 | 0000 0000 | 0000 e948 

  0x00000201e887b0bc: ;   {metadata(method data for {method} {0x0000020184010ed0} 'defineClassSourceLocation' '(Ljava/security/ProtectionDomain;)Ljava/lang/String;' in 'java/lang/ClassLoader')}
  0x00000201e887b0bc: 0100 0048 | be00 471f | c501 0200 | 0048 8386 | c001 0000 | 0148 3b02 

  0x00000201e887b0d4: ;   {metadata(method data for {method} {0x0000020184010ed0} 'defineClassSourceLocation' '(Ljava/security/ProtectionDomain;)Ljava/lang/String;' in 'java/lang/ClassLoader')}
  0x00000201e887b0d4: 4c8b c248 | be00 471f | c501 0200 | 0048 8386 | f801 0000 

  0x00000201e887b0e8: ;   {metadata(method data for {method} {0x0000020184069960} 'toString' '()Ljava/lang/String;' in 'java/net/URL')}
  0x00000201e887b0e8: 0149 b8f8 | 1b19 c501 | 0200 0041 | 8bb0 cc00 | 0000 83c6 | 0241 89b0 | cc00 0000 | 81e6 feff 
  0x00000201e887b108: 1f00 83fe | 000f 84f0 | 0100 004c 

  0x00000201e887b114: ;   {metadata(method data for {method} {0x0000020184069960} 'toString' '()Ljava/lang/String;' in 'java/net/URL')}
  0x00000201e887b114: 8bc2 48be | f81b 19c5 | 0102 0000 | 4883 8610 | 0100 0001 

  0x00000201e887b128: ;   {metadata(method data for {method} {0x000002018406a1f8} 'toExternalForm' '()Ljava/lang/String;' in 'java/net/URL')}
  0x00000201e887b128: 49b8 c8dc | 15c5 0102 | 0000 418b | b0cc 0000 | 0083 c602 | 4189 b0cc | 0000 0081 | e6fe ff1f 
  0x00000201e887b148: 0083 fe00 | 0f84 d201 | 0000 8b72 | 3848 c1e6 | 0348 3b06 

  0x00000201e887b15c: ;   {metadata(method data for {method} {0x000002018406a1f8} 'toExternalForm' '()Ljava/lang/String;' in 'java/net/URL')}
  0x00000201e887b15c: 4c8b c648 | bfc8 dc15 | c501 0200 | 0045 8b40 | 0849 ba00 | 0000 8401 | 0200 004d | 03c2 4c3b 
  0x00000201e887b17c: 8720 0100 | 0075 0d48 | 8387 2801 | 0000 01e9 | 6600 0000 | 4c3b 8730 | 0100 0075 | 0d48 8387 
  0x00000201e887b19c: 3801 0000 | 01e9 5000 | 0000 4881 | bf20 0100 | 0000 0000 | 0075 174c | 8987 2001 | 0000 48c7 
  0x00000201e887b1bc: 8728 0100 | 0001 0000 | 00e9 2c00 | 0000 4881 | bf30 0100 | 0000 0000 | 0075 174c | 8987 3001 
  0x00000201e887b1dc: 0000 48c7 | 8738 0100 | 0001 0000 | 00e9 0800 | 0000 4883 | 8710 0100 | 0001 4c8b | c248 8bd6 
  0x00000201e887b1fc: ;   {optimized virtual_call}
  0x00000201e887b1fc: 6666 90e8 

  0x00000201e887b200: ; ImmutableOopMap {[120]=Oop [136]=Oop [128]=Oop [152]=Oop }
                      ;*invokevirtual toExternalForm {reexecute=0 rethrow=0 return_oop=0}
                      ; - java.net.URL::toExternalForm@5 (line 1039)
                      ; - java.net.URL::toString@1 (line 1025)
                      ; - java.lang.ClassLoader::defineClassSourceLocation@22 (line 917)
                      ; - java.lang.ClassLoader::defineClass@12 (line 1016)
  0x00000201e887b200: 3ccf e6ff | 488b d848 | 8b84 2498 | 0000 008b | b424 9400 | 0000 8bbc | 2490 0000 | 004c 8b8c 
  0x00000201e887b220: 2488 0000 | 004c 8b84 | 2480 0000 | 0048 8b54 

  0x00000201e887b230: ;   {metadata(method data for {method} {0x0000020184010cc0} 'defineClass' '(Ljava/lang/String;[BIILjava/security/ProtectionDomain;)Ljava/lang/Class;' in 'java/lang/ClassLoader')}
  0x00000201e887b230: 2478 48b9 | 305b 1fc5 | 0102 0000 | 4883 8180 | 0100 0001 | 4c8b da49 | 8bd3 488b | c848 891c 
  0x00000201e887b250: 2466 0f1f 

  0x00000201e887b254: ;   {static_call}
  0x00000201e887b254: 4400 00e8 

  0x00000201e887b258: ; ImmutableOopMap {[152]=Oop [120]=Oop }
                      ;*invokestatic defineClass1 {reexecute=0 rethrow=0 return_oop=0}
                      ; - java.lang.ClassLoader::defineClass@27 (line 1017)
  0x00000201e887b258: 64cd 8a07 | 488b 5424 

  0x00000201e887b260: ;   {metadata(method data for {method} {0x0000020184010cc0} 'defineClass' '(Ljava/lang/String;[BIILjava/security/ProtectionDomain;)Ljava/lang/Class;' in 'java/lang/ClassLoader')}
  0x00000201e887b260: 7849 b830 | 5b1f c501 | 0200 0049 | 8380 9001 | 0000 014c | 8bc0 4c8b | 8c24 9800 | 0000 488b 
  0x00000201e887b280: 5424 7848 | 8984 24a0 | 0000 000f 

  0x00000201e887b28c: ;   {optimized virtual_call}
  0x00000201e887b28c: 1f40 00e8 

  0x00000201e887b290: ; ImmutableOopMap {[160]=Oop }
                      ;*invokevirtual postDefineClass {reexecute=0 rethrow=0 return_oop=0}
                      ; - java.lang.ClassLoader::defineClass@37 (line 1018)
  0x00000201e887b290: 8c16 f9ff | 488b 8424 | a000 0000 | 4881 c4b0 | 0000 005d 

  0x00000201e887b2a4: ;   {poll_return}
  0x00000201e887b2a4: 493b a750 | 0300 000f | 8799 0000 

  0x00000201e887b2b0: ;   {metadata({method} {0x0000020184010cc0} 'defineClass' '(Ljava/lang/String;[BIILjava/security/ProtectionDomain;)Ljava/lang/Class;' in 'java/lang/ClassLoader')}
  0x00000201e887b2b0: 00c3 49ba | b80c 0184 | 0102 0000 | 4c89 5424 | 0848 c704 | 24ff ffff 

  0x00000201e887b2c8: ;   {runtime_call counter_overflow Runtime1 stub}
  0x00000201e887b2c8: ffe8 b2ea 

  0x00000201e887b2cc: ; ImmutableOopMap {rdx=Oop [120]=Oop r8=Oop r9=Oop rcx=Oop }
                      ;*synchronization entry
                      ; - java.lang.ClassLoader::defineClass@-1 (line 1015)
  0x00000201e887b2cc: 3907 e989 

  0x00000201e887b2d0: ;   {metadata({method} {0x0000020184010ed0} 'defineClassSourceLocation' '(Ljava/security/ProtectionDomain;)Ljava/lang/String;' in 'java/lang/ClassLoader')}
  0x00000201e887b2d0: fcff ff49 | bac8 0e01 | 8401 0200 | 004c 8954 | 2408 48c7 | 0424 ffff 

  0x00000201e887b2e8: ;   {runtime_call counter_overflow Runtime1 stub}
  0x00000201e887b2e8: ffff e891 

  0x00000201e887b2ec: ; ImmutableOopMap {[120]=Oop [136]=Oop [128]=Oop rax=Oop [152]=Oop }
                      ;*synchronization entry
                      ; - java.lang.ClassLoader::defineClassSourceLocation@-1 (line 914)
                      ; - java.lang.ClassLoader::defineClass@12 (line 1016)
  0x00000201e887b2ec: ea39 07e9 | f9fc ffff 

  0x00000201e887b2f4: ;   {runtime_call throw_null_pointer_exception Runtime1 stub}
  0x00000201e887b2f4: e8a7 9639 

  0x00000201e887b2f8: ; ImmutableOopMap {[120]=Oop [136]=Oop [128]=Oop rax=Oop [152]=Oop }
                      ;*invokevirtual getCodeSource {reexecute=0 rethrow=0 return_oop=0}
                      ; - java.lang.ClassLoader::defineClassSourceLocation@1 (line 914)
                      ; - java.lang.ClassLoader::defineClass@12 (line 1016)
                      ;   {runtime_call throw_null_pointer_exception Runtime1 stub}
  0x00000201e887b2f8: 07e8 a296 

  0x00000201e887b2fc: ; ImmutableOopMap {[120]=Oop [136]=Oop [128]=Oop rax=Oop [152]=Oop r8=Oop }
                      ;*invokevirtual getLocation {reexecute=0 rethrow=0 return_oop=0}
                      ; - java.lang.ClassLoader::defineClassSourceLocation@12 (line 916)
                      ; - java.lang.ClassLoader::defineClass@12 (line 1016)
                      ;   {runtime_call throw_null_pointer_exception Runtime1 stub}
  0x00000201e887b2fc: 3907 e89d 

  0x00000201e887b300: ; ImmutableOopMap {[120]=Oop [136]=Oop [128]=Oop [152]=Oop rdx=Oop }
                      ;*invokevirtual toString {reexecute=0 rethrow=0 return_oop=0}
                      ; - java.lang.ClassLoader::defineClassSourceLocation@22 (line 917)
                      ; - java.lang.ClassLoader::defineClass@12 (line 1016)
                      ;   {metadata({method} {0x0000020184069960} 'toString' '()Ljava/lang/String;' in 'java/net/URL')}
  0x00000201e887b300: 9639 0749 | ba58 9906 | 8401 0200 | 004c 8954 | 2408 48c7 | 0424 ffff 

  0x00000201e887b318: ;   {runtime_call counter_overflow Runtime1 stub}
  0x00000201e887b318: ffff e861 

  0x00000201e887b31c: ; ImmutableOopMap {[120]=Oop [136]=Oop [128]=Oop [152]=Oop rdx=Oop }
                      ;*synchronization entry
                      ; - java.net.URL::toString@-1 (line 1025)
                      ; - java.lang.ClassLoader::defineClassSourceLocation@22 (line 917)
                      ; - java.lang.ClassLoader::defineClass@12 (line 1016)
  0x00000201e887b31c: ea39 07e9 | effd ffff 

  0x00000201e887b324: ;   {metadata({method} {0x000002018406a1f8} 'toExternalForm' '()Ljava/lang/String;' in 'java/net/URL')}
  0x00000201e887b324: 49ba f0a1 | 0684 0102 | 0000 4c89 | 5424 0848 | c704 24ff 

  0x00000201e887b338: ;   {runtime_call counter_overflow Runtime1 stub}
  0x00000201e887b338: ffff ffe8 

  0x00000201e887b33c: ; ImmutableOopMap {[120]=Oop [136]=Oop [128]=Oop [152]=Oop rdx=Oop }
                      ;*synchronization entry
                      ; - java.net.URL::toExternalForm@-1 (line 1039)
                      ; - java.net.URL::toString@1 (line 1025)
                      ; - java.lang.ClassLoader::defineClassSourceLocation@22 (line 917)
                      ; - java.lang.ClassLoader::defineClass@12 (line 1016)
  0x00000201e887b33c: 40ea 3907 | e90d feff 

  0x00000201e887b344: ;   {runtime_call throw_null_pointer_exception Runtime1 stub}
  0x00000201e887b344: ffe8 5696 

  0x00000201e887b348: ; ImmutableOopMap {[120]=Oop [136]=Oop [128]=Oop [152]=Oop rdx=Oop rsi=Oop }
                      ;*invokevirtual toExternalForm {reexecute=0 rethrow=0 return_oop=0}
                      ; - java.net.URL::toExternalForm@5 (line 1039)
                      ; - java.net.URL::toString@1 (line 1025)
                      ; - java.lang.ClassLoader::defineClassSourceLocation@22 (line 917)
                      ; - java.lang.ClassLoader::defineClass@12 (line 1016)
                      ;   {internal_word}
  0x00000201e887b348: 3907 49ba | a4b2 87e8 | 0102 0000 | 4d89 9768 

  0x00000201e887b358: ;   {runtime_call SafepointBlob}
  0x00000201e887b358: 0300 00e9 | a0c6 2f07 | 9090 498b | 87e0 0300 | 0049 c787 | e003 0000 | 0000 0000 | 49c7 87e8 
  0x00000201e887b378: 0300 0000 | 0000 0048 | 81c4 b000 

  0x00000201e887b384: ;   {runtime_call unwind_exception Runtime1 stub}
  0x00000201e887b384: 0000 5de9 | 74b3 3007 | f4f4 f4f4 | f4f4 f4f4 | f4f4 f4f4 | f4f4 f4f4 | f4f4 f4f4 
[Stub Code]
  0x00000201e887b3a0: ;   {no_reloc}
  0x00000201e887b3a0: 0f1f 4400 

  0x00000201e887b3a4: ;   {static_stub}
  0x00000201e887b3a4: 0048 bb00 | 0000 0000 

  0x00000201e887b3ac: ;   {runtime_call}
  0x00000201e887b3ac: 0000 00e9 | fbff ffff 

  0x00000201e887b3b4: ;   {static_stub}
  0x00000201e887b3b4: 9048 bb00 | 0000 0000 

  0x00000201e887b3bc: ;   {runtime_call}
  0x00000201e887b3bc: 0000 00e9 | fbff ffff 

  0x00000201e887b3c4: ;   {static_stub}
  0x00000201e887b3c4: 9048 bb00 | 0000 0000 

  0x00000201e887b3cc: ;   {runtime_call}
  0x00000201e887b3cc: 0000 00e9 | fbff ffff 

  0x00000201e887b3d4: ;   {static_stub}
  0x00000201e887b3d4: 9048 bb00 | 0000 0000 

  0x00000201e887b3dc: ;   {runtime_call}
  0x00000201e887b3dc: 0000 00e9 | fbff ffff 
[Exception Handler]
  0x00000201e887b3e4: ;   {runtime_call handle_exception_from_callee Runtime1 stub}
  0x00000201e887b3e4: e897 b639 

  0x00000201e887b3e8: ;   {external_word}
  0x00000201e887b3e8: 0748 b930 | ca68 28f8 | 7f00 0048 

  0x00000201e887b3f4: ;   {runtime_call}
  0x00000201e887b3f4: 83e4 f049 | ba40 4831 | 28f8 7f00 | 0041 ffd2 

  0x00000201e887b404: ;   {section_word}
  0x00000201e887b404: f449 ba05 | b487 e801 | 0200 0041 

  0x00000201e887b410: ;   {runtime_call DeoptimizationBlob}
  0x00000201e887b410: 52e9 8ab8 | 2f07 f4f4 
[/MachCode]


Compiled method (c1)    3206  924       3       java.security.SecureClassLoader::defineClass (16 bytes)
 total in heap  [0x00000201e87b2a10,0x00000201e87b2e00] = 1008
 relocation     [0x00000201e87b2b68,0x00000201e87b2bb0] = 72
 main code      [0x00000201e87b2bc0,0x00000201e87b2d00] = 320
 stub code      [0x00000201e87b2d00,0x00000201e87b2d58] = 88
 metadata       [0x00000201e87b2d58,0x00000201e87b2d60] = 8
 scopes data    [0x00000201e87b2d60,0x00000201e87b2da8] = 72
 scopes pcs     [0x00000201e87b2da8,0x00000201e87b2df8] = 80
 dependencies   [0x00000201e87b2df8,0x00000201e87b2e00] = 8

[Constant Pool (empty)]

[MachCode]
[Entry Point]
  # {method} {0x00000201844345a0} 'defineClass' '(Ljava/lang/String;[BIILjava/security/CodeSource;)Ljava/lang/Class;' in 'java/security/SecureClassLoader'
  # this:     rdx:rdx   = 'java/security/SecureClassLoader'
  # parm0:    r8:r8     = 'java/lang/String'
  # parm1:    r9:r9     = '[B'
  # parm2:    rdi       = int
  # parm3:    rsi       = int
  # parm4:    rcx:rcx   = 'java/security/CodeSource'
  #           [sp+0x80]  (sp of caller)
  0x00000201e87b2bc0: 448b 5208 | 49bb 0000 | 0084 0102 | 0000 4d03 | d34c 3bd0 

  0x00000201e87b2bd4: ;   {runtime_call ic_miss_stub}
  0x00000201e87b2bd4: 0f85 a6e4 | 3b07 660f | 1f44 0000 
[Verified Entry Point]
  0x00000201e87b2be0: 8984 2400 | 90ff ff55 | 4883 ec70 

  0x00000201e87b2bec: ;   {metadata(method data for {method} {0x00000201844345a0} 'defineClass' '(Ljava/lang/String;[BIILjava/security/CodeSource;)Ljava/lang/Class;' in 'java/security/SecureClassLoader')}
  0x00000201e87b2bec: 48bb 28a8 | 1bc5 0102 | 0000 8b83 | cc00 0000 | 83c0 0289 | 83cc 0000 | 0081 e0fe | 0700 0083 
  0x00000201e87b2c0c: f800 0f84 | 8b00 0000 | 8974 245c | 897c 2458 | 4c89 4c24 | 504c 8944 | 2448 488b 

  0x00000201e87b2c28: ;   {metadata(method data for {method} {0x00000201844345a0} 'defineClass' '(Ljava/lang/String;[BIILjava/security/CodeSource;)Ljava/lang/Class;' in 'java/security/SecureClassLoader')}
  0x00000201e87b2c28: da48 b828 | a81b c501 | 0200 0048 | 8380 1001 | 0000 014c | 8bc1 488b | c248 8bd0 | 4889 4424 
  0x00000201e87b2c48: 4066 0f1f 

  0x00000201e87b2c4c: ;   {optimized virtual_call}
  0x00000201e87b2c4c: 4400 00e8 

  0x00000201e87b2c50: ; ImmutableOopMap {[80]=Oop [64]=Oop [72]=Oop }
                      ;*invokevirtual getProtectionDomain {reexecute=0 rethrow=0 return_oop=0}
                      ; - java.security.SecureClassLoader::defineClass@9 (line 150)
  0x00000201e87b2c50: 4c87 fdff | 488b 5424 

  0x00000201e87b2c58: ;   {metadata(method data for {method} {0x00000201844345a0} 'defineClass' '(Ljava/lang/String;[BIILjava/security/CodeSource;)Ljava/lang/Class;' in 'java/security/SecureClassLoader')}
  0x00000201e87b2c58: 4049 b828 | a81b c501 | 0200 0049 | 8380 4801 | 0000 014c | 8b44 2448 | 4c8b 4c24 | 508b 7c24 
  0x00000201e87b2c78: 588b 7424 | 5c48 8bc8 | 488b 5424 

  0x00000201e87b2c84: ;   {optimized virtual_call}
  0x00000201e87b2c84: 4066 90e8 

  0x00000201e87b2c88: ; ImmutableOopMap {}
                      ;*invokevirtual defineClass {reexecute=0 rethrow=0 return_oop=0}
                      ; - java.security.SecureClassLoader::defineClass@12 (line 150)
  0x00000201e87b2c88: 9482 0c00 | 4883 c470 

  0x00000201e87b2c90: ;   {poll_return}
  0x00000201e87b2c90: 5d49 3ba7 | 5003 0000 | 0f87 2200 

  0x00000201e87b2c9c: ;   {metadata({method} {0x00000201844345a0} 'defineClass' '(Ljava/lang/String;[BIILjava/security/CodeSource;)Ljava/lang/Class;' in 'java/security/SecureClassLoader')}
  0x00000201e87b2c9c: 0000 c349 | ba98 4543 | 8401 0200 | 004c 8954 | 2408 48c7 | 0424 ffff 

  0x00000201e87b2cb4: ;   {runtime_call counter_overflow Runtime1 stub}
  0x00000201e87b2cb4: ffff e8c5 

  0x00000201e87b2cb8: ; ImmutableOopMap {rdx=Oop r8=Oop r9=Oop rcx=Oop }
                      ;*synchronization entry
                      ; - java.security.SecureClassLoader::defineClass@-1 (line 150)
  0x00000201e87b2cb8: 7046 07e9 | 54ff ffff 

  0x00000201e87b2cc0: ;   {internal_word}
  0x00000201e87b2cc0: 49ba 912c | 7be8 0102 | 0000 4d89 | 9768 0300 

  0x00000201e87b2cd0: ;   {runtime_call SafepointBlob}
  0x00000201e87b2cd0: 00e9 2a4d | 3c07 9090 | 498b 87e0 | 0300 0049 | c787 e003 | 0000 0000 | 0000 49c7 | 87e8 0300 
  0x00000201e87b2cf0: 0000 0000 | 0048 83c4 

  0x00000201e87b2cf8: ;   {runtime_call unwind_exception Runtime1 stub}
  0x00000201e87b2cf8: 705d e901 | 3a3d 07f4 
[Stub Code]
  0x00000201e87b2d00: ;   {no_reloc}
  0x00000201e87b2d00: 0f1f 4400 

  0x00000201e87b2d04: ;   {static_stub}
  0x00000201e87b2d04: 0048 bb00 | 0000 0000 

  0x00000201e87b2d0c: ;   {runtime_call}
  0x00000201e87b2d0c: 0000 00e9 | fbff ffff 

  0x00000201e87b2d14: ;   {static_stub}
  0x00000201e87b2d14: 9048 bbb8 | 0c01 8401 

  0x00000201e87b2d1c: ;   {runtime_call I2C/C2I adapters}
  0x00000201e87b2d1c: 0200 00e9 | c749 3b07 
[Exception Handler]
  0x00000201e87b2d24: ;   {runtime_call handle_exception_from_callee Runtime1 stub}
  0x00000201e87b2d24: e857 3d46 

  0x00000201e87b2d28: ;   {external_word}
  0x00000201e87b2d28: 0748 b930 | ca68 28f8 | 7f00 0048 

  0x00000201e87b2d34: ;   {runtime_call}
  0x00000201e87b2d34: 83e4 f049 | ba40 4831 | 28f8 7f00 | 0041 ffd2 

  0x00000201e87b2d44: ;   {section_word}
  0x00000201e87b2d44: f449 ba45 | 2d7b e801 | 0200 0041 

  0x00000201e87b2d50: ;   {runtime_call DeoptimizationBlob}
  0x00000201e87b2d50: 52e9 4a3f | 3c07 f4f4 
[/MachCode]


---------------  P R O C E S S  ---------------

Threads class SMR info:
_java_thread_list=0x00000201ca33edf0, length=13, elements={
0x00000201e0ace360, 0x00000201ffacbb50, 0x00000201ffacd170, 0x00000201ffade1a0,
0x00000201c9132090, 0x00000201c9132960, 0x00000201c9133230, 0x00000201c9134680,
0x00000201c9139140, 0x00000201c913bb50, 0x00000201c92389a0, 0x00000201c93762c0,
0x00000201c93767a0
}

Java Threads: ( => current thread )
=>0x00000201e0ace360 JavaThread "main" [_thread_in_vm, id=25676, stack(0x000000c7cfb00000,0x000000c7cfc00000)]
  0x00000201ffacbb50 JavaThread "Reference Handler" daemon [_thread_blocked, id=69668, stack(0x000000c7d0200000,0x000000c7d0300000)]
  0x00000201ffacd170 JavaThread "Finalizer" daemon [_thread_blocked, id=61952, stack(0x000000c7d0300000,0x000000c7d0400000)]
  0x00000201ffade1a0 JavaThread "Signal Dispatcher" daemon [_thread_blocked, id=69764, stack(0x000000c7d0400000,0x000000c7d0500000)]
  0x00000201c9132090 JavaThread "Attach Listener" daemon [_thread_blocked, id=69756, stack(0x000000c7d0500000,0x000000c7d0600000)]
  0x00000201c9132960 JavaThread "Service Thread" daemon [_thread_blocked, id=69824, stack(0x000000c7d0600000,0x000000c7d0700000)]
  0x00000201c9133230 JavaThread "Monitor Deflation Thread" daemon [_thread_blocked, id=69828, stack(0x000000c7d0700000,0x000000c7d0800000)]
  0x00000201c9134680 JavaThread "C2 CompilerThread0" daemon [_thread_blocked, id=69832, stack(0x000000c7d0800000,0x000000c7d0900000)]
  0x00000201c9139140 JavaThread "C1 CompilerThread0" daemon [_thread_blocked, id=69836, stack(0x000000c7d0900000,0x000000c7d0a00000)]
  0x00000201c913bb50 JavaThread "Sweeper thread" daemon [_thread_blocked, id=69840, stack(0x000000c7d0a00000,0x000000c7d0b00000)]
  0x00000201c92389a0 JavaThread "Common-Cleaner" daemon [_thread_blocked, id=69844, stack(0x000000c7d0b00000,0x000000c7d0c00000)]
  0x00000201c93762c0 JavaThread "Monitor Ctrl-Break" daemon [_thread_in_native, id=69852, stack(0x000000c7d0c00000,0x000000c7d0d00000)]
  0x00000201c93767a0 JavaThread "Notification Thread" daemon [_thread_blocked, id=69820, stack(0x000000c7d0d00000,0x000000c7d0e00000)]

Other Threads:
  0x00000201ffac63a0 VMThread "VM Thread" [stack: 0x000000c7d0100000,0x000000c7d0200000] [id=69796]
  0x00000201c92bf1b0 WatcherThread [stack: 0x000000c7d0e00000,0x000000c7d0f00000] [id=69064]
  0x00000201deabe7f0 GCTaskThread "GC Thread#0" [stack: 0x000000c7cfc00000,0x000000c7cfd00000] [id=69876]
  0x00000201ca254cb0 GCTaskThread "GC Thread#1" [stack: 0x000000c7d0f00000,0x000000c7d1000000] [id=70584]
  0x00000201ca255ab0 GCTaskThread "GC Thread#2" [stack: 0x000000c7d1100000,0x000000c7d1200000] [id=70592]
  0x00000201c96e4280 GCTaskThread "GC Thread#3" [stack: 0x000000c7d1200000,0x000000c7d1300000] [id=70596]
  0x00000201c96e4540 GCTaskThread "GC Thread#4" [stack: 0x000000c7d1300000,0x000000c7d1400000] [id=70564]
  0x00000201c96e4800 GCTaskThread "GC Thread#5" [stack: 0x000000c7d1400000,0x000000c7d1500000] [id=13484]
  0x00000201ca251a90 GCTaskThread "GC Thread#6" [stack: 0x000000c7d1500000,0x000000c7d1600000] [id=69808]
  0x00000201c9f22d50 GCTaskThread "GC Thread#7" [stack: 0x000000c7d1000000,0x000000c7d1100000] [id=70148]
  0x00000201e0b46d20 ConcurrentGCThread "G1 Main Marker" [stack: 0x000000c7cfd00000,0x000000c7cfe00000] [id=69748]
  0x00000201e0b47650 ConcurrentGCThread "G1 Conc#0" [stack: 0x000000c7cfe00000,0x000000c7cff00000] [id=69948]
  0x00000201e0b7e3e0 ConcurrentGCThread "G1 Refine#0" [stack: 0x000000c7cff00000,0x000000c7d0000000] [id=69492]
  0x00000201ff97e140 ConcurrentGCThread "G1 Service" [stack: 0x000000c7d0000000,0x000000c7d0100000] [id=65564]

Threads with active compile tasks:

VM state: not at safepoint (normal execution)

VM Mutex/Monitor currently owned by a thread:  ([mutex/lock_event])
[0x00000201e0abafd0] Metaspace_lock - owner thread: 0x00000201e0ace360

Heap address: 0x0000000702800000, size: 4056 MB, Compressed Oops mode: Zero based, Oop shift amount: 3

CDS archive(s) mapped at: [0x0000020184000000-0x0000020184bb0000-0x0000020184bb0000), size 12255232, SharedBaseAddress: 0x0000020184000000, ArchiveRelocationMode: 1.
Compressed class space mapped at: 0x0000020185000000-0x00000201c5000000, reserved size: 1073741824
Narrow klass base: 0x0000020184000000, Narrow klass shift: 0, Narrow klass range: 0x100000000

GC Precious Log:
 CPUs: 8 total, 8 available
 Memory: 16221M
 Large Page Support: Disabled
 NUMA Support: Disabled
 Compressed Oops: Enabled (Zero based)
 Heap Region Size: 2M
 Heap Min Capacity: 8M
 Heap Initial Capacity: 254M
 Heap Max Capacity: 4056M
 Pre-touch: Disabled
 Parallel Workers: 8
 Concurrent Workers: 2
 Concurrent Refinement Workers: 8
 Periodic GC: Disabled

Heap:
 garbage-first heap   total 260096K, used 9232K [0x0000000702800000, 0x0000000800000000)
  region size 2048K, 4 young (8192K), 1 survivors (2048K)
 Metaspace       used 9867K, committed 10048K, reserved 1114112K
  class space    used 1191K, committed 1280K, reserved 1048576K

Heap Regions: E=young(eden), S=young(survivor), O=old, HS=humongous(starts), HC=humongous(continues), CS=collection set, F=free, OA=open archive, CA=closed archive, TAMS=top-at-mark-start (previous, next)
|   0|0x0000000702800000, 0x0000000702a00000, 0x0000000702a00000|100%| O|  |TAMS 0x0000000702800000, 0x0000000702800000| Untracked 
|   1|0x0000000702a00000, 0x0000000702b70e00, 0x0000000702c00000| 72%| O|  |TAMS 0x0000000702a00000, 0x0000000702a00000| Untracked 
|   2|0x0000000702c00000, 0x0000000702c00000, 0x0000000702e00000|  0%| F|  |TAMS 0x0000000702c00000, 0x0000000702c00000| Untracked 
|   3|0x0000000702e00000, 0x0000000702e00000, 0x0000000703000000|  0%| F|  |TAMS 0x0000000702e00000, 0x0000000702e00000| Untracked 
|   4|0x0000000703000000, 0x0000000703000000, 0x0000000703200000|  0%| F|  |TAMS 0x0000000703000000, 0x0000000703000000| Untracked 
|   5|0x0000000703200000, 0x0000000703200000, 0x0000000703400000|  0%| F|  |TAMS 0x0000000703200000, 0x0000000703200000| Untracked 
|   6|0x0000000703400000, 0x0000000703400000, 0x0000000703600000|  0%| F|  |TAMS 0x0000000703400000, 0x0000000703400000| Untracked 
|   7|0x0000000703600000, 0x0000000703600000, 0x0000000703800000|  0%| F|  |TAMS 0x0000000703600000, 0x0000000703600000| Untracked 
|   8|0x0000000703800000, 0x0000000703800000, 0x0000000703a00000|  0%| F|  |TAMS 0x0000000703800000, 0x0000000703800000| Untracked 
|   9|0x0000000703a00000, 0x0000000703a00000, 0x0000000703c00000|  0%| F|  |TAMS 0x0000000703a00000, 0x0000000703a00000| Untracked 
|  10|0x0000000703c00000, 0x0000000703c00000, 0x0000000703e00000|  0%| F|  |TAMS 0x0000000703c00000, 0x0000000703c00000| Untracked 
|  11|0x0000000703e00000, 0x0000000703e00000, 0x0000000704000000|  0%| F|  |TAMS 0x0000000703e00000, 0x0000000703e00000| Untracked 
|  12|0x0000000704000000, 0x0000000704000000, 0x0000000704200000|  0%| F|  |TAMS 0x0000000704000000, 0x0000000704000000| Untracked 
|  13|0x0000000704200000, 0x0000000704200000, 0x0000000704400000|  0%| F|  |TAMS 0x0000000704200000, 0x0000000704200000| Untracked 
|  14|0x0000000704400000, 0x0000000704400000, 0x0000000704600000|  0%| F|  |TAMS 0x0000000704400000, 0x0000000704400000| Untracked 
|  15|0x0000000704600000, 0x0000000704600000, 0x0000000704800000|  0%| F|  |TAMS 0x0000000704600000, 0x0000000704600000| Untracked 
|  16|0x0000000704800000, 0x0000000704800000, 0x0000000704a00000|  0%| F|  |TAMS 0x0000000704800000, 0x0000000704800000| Untracked 
|  17|0x0000000704a00000, 0x0000000704a00000, 0x0000000704c00000|  0%| F|  |TAMS 0x0000000704a00000, 0x0000000704a00000| Untracked 
|  18|0x0000000704c00000, 0x0000000704c00000, 0x0000000704e00000|  0%| F|  |TAMS 0x0000000704c00000, 0x0000000704c00000| Untracked 
|  19|0x0000000704e00000, 0x0000000704e00000, 0x0000000705000000|  0%| F|  |TAMS 0x0000000704e00000, 0x0000000704e00000| Untracked 
|  20|0x0000000705000000, 0x0000000705000000, 0x0000000705200000|  0%| F|  |TAMS 0x0000000705000000, 0x0000000705000000| Untracked 
|  21|0x0000000705200000, 0x0000000705200000, 0x0000000705400000|  0%| F|  |TAMS 0x0000000705200000, 0x0000000705200000| Untracked 
|  22|0x0000000705400000, 0x0000000705400000, 0x0000000705600000|  0%| F|  |TAMS 0x0000000705400000, 0x0000000705400000| Untracked 
|  23|0x0000000705600000, 0x0000000705600000, 0x0000000705800000|  0%| F|  |TAMS 0x0000000705600000, 0x0000000705600000| Untracked 
|  24|0x0000000705800000, 0x0000000705800000, 0x0000000705a00000|  0%| F|  |TAMS 0x0000000705800000, 0x0000000705800000| Untracked 
|  25|0x0000000705a00000, 0x0000000705a00000, 0x0000000705c00000|  0%| F|  |TAMS 0x0000000705a00000, 0x0000000705a00000| Untracked 
|  26|0x0000000705c00000, 0x0000000705c00000, 0x0000000705e00000|  0%| F|  |TAMS 0x0000000705c00000, 0x0000000705c00000| Untracked 
|  27|0x0000000705e00000, 0x0000000705e00000, 0x0000000706000000|  0%| F|  |TAMS 0x0000000705e00000, 0x0000000705e00000| Untracked 
|  28|0x0000000706000000, 0x0000000706000000, 0x0000000706200000|  0%| F|  |TAMS 0x0000000706000000, 0x0000000706000000| Untracked 
|  29|0x0000000706200000, 0x0000000706200000, 0x0000000706400000|  0%| F|  |TAMS 0x0000000706200000, 0x0000000706200000| Untracked 
|  30|0x0000000706400000, 0x0000000706400000, 0x0000000706600000|  0%| F|  |TAMS 0x0000000706400000, 0x0000000706400000| Untracked 
|  31|0x0000000706600000, 0x0000000706600000, 0x0000000706800000|  0%| F|  |TAMS 0x0000000706600000, 0x0000000706600000| Untracked 
|  32|0x0000000706800000, 0x0000000706800000, 0x0000000706a00000|  0%| F|  |TAMS 0x0000000706800000, 0x0000000706800000| Untracked 
|  33|0x0000000706a00000, 0x0000000706a00000, 0x0000000706c00000|  0%| F|  |TAMS 0x0000000706a00000, 0x0000000706a00000| Untracked 
|  34|0x0000000706c00000, 0x0000000706c00000, 0x0000000706e00000|  0%| F|  |TAMS 0x0000000706c00000, 0x0000000706c00000| Untracked 
|  35|0x0000000706e00000, 0x0000000706e00000, 0x0000000707000000|  0%| F|  |TAMS 0x0000000706e00000, 0x0000000706e00000| Untracked 
|  36|0x0000000707000000, 0x0000000707000000, 0x0000000707200000|  0%| F|  |TAMS 0x0000000707000000, 0x0000000707000000| Untracked 
|  37|0x0000000707200000, 0x0000000707200000, 0x0000000707400000|  0%| F|  |TAMS 0x0000000707200000, 0x0000000707200000| Untracked 
|  38|0x0000000707400000, 0x0000000707400000, 0x0000000707600000|  0%| F|  |TAMS 0x0000000707400000, 0x0000000707400000| Untracked 
|  39|0x0000000707600000, 0x0000000707600000, 0x0000000707800000|  0%| F|  |TAMS 0x0000000707600000, 0x0000000707600000| Untracked 
|  40|0x0000000707800000, 0x0000000707800000, 0x0000000707a00000|  0%| F|  |TAMS 0x0000000707800000, 0x0000000707800000| Untracked 
|  41|0x0000000707a00000, 0x0000000707a00000, 0x0000000707c00000|  0%| F|  |TAMS 0x0000000707a00000, 0x0000000707a00000| Untracked 
|  42|0x0000000707c00000, 0x0000000707c00000, 0x0000000707e00000|  0%| F|  |TAMS 0x0000000707c00000, 0x0000000707c00000| Untracked 
|  43|0x0000000707e00000, 0x0000000707e00000, 0x0000000708000000|  0%| F|  |TAMS 0x0000000707e00000, 0x0000000707e00000| Untracked 
|  44|0x0000000708000000, 0x0000000708000000, 0x0000000708200000|  0%| F|  |TAMS 0x0000000708000000, 0x0000000708000000| Untracked 
|  45|0x0000000708200000, 0x0000000708200000, 0x0000000708400000|  0%| F|  |TAMS 0x0000000708200000, 0x0000000708200000| Untracked 
|  46|0x0000000708400000, 0x0000000708400000, 0x0000000708600000|  0%| F|  |TAMS 0x0000000708400000, 0x0000000708400000| Untracked 
|  47|0x0000000708600000, 0x0000000708600000, 0x0000000708800000|  0%| F|  |TAMS 0x0000000708600000, 0x0000000708600000| Untracked 
|  48|0x0000000708800000, 0x0000000708800000, 0x0000000708a00000|  0%| F|  |TAMS 0x0000000708800000, 0x0000000708800000| Untracked 
|  49|0x0000000708a00000, 0x0000000708a00000, 0x0000000708c00000|  0%| F|  |TAMS 0x0000000708a00000, 0x0000000708a00000| Untracked 
|  50|0x0000000708c00000, 0x0000000708c00000, 0x0000000708e00000|  0%| F|  |TAMS 0x0000000708c00000, 0x0000000708c00000| Untracked 
|  51|0x0000000708e00000, 0x0000000708e00000, 0x0000000709000000|  0%| F|  |TAMS 0x0000000708e00000, 0x0000000708e00000| Untracked 
|  52|0x0000000709000000, 0x0000000709000000, 0x0000000709200000|  0%| F|  |TAMS 0x0000000709000000, 0x0000000709000000| Untracked 
|  53|0x0000000709200000, 0x0000000709200000, 0x0000000709400000|  0%| F|  |TAMS 0x0000000709200000, 0x0000000709200000| Untracked 
|  54|0x0000000709400000, 0x0000000709400000, 0x0000000709600000|  0%| F|  |TAMS 0x0000000709400000, 0x0000000709400000| Untracked 
|  55|0x0000000709600000, 0x0000000709600000, 0x0000000709800000|  0%| F|  |TAMS 0x0000000709600000, 0x0000000709600000| Untracked 
|  56|0x0000000709800000, 0x0000000709800000, 0x0000000709a00000|  0%| F|  |TAMS 0x0000000709800000, 0x0000000709800000| Untracked 
|  57|0x0000000709a00000, 0x0000000709a00000, 0x0000000709c00000|  0%| F|  |TAMS 0x0000000709a00000, 0x0000000709a00000| Untracked 
|  58|0x0000000709c00000, 0x0000000709c00000, 0x0000000709e00000|  0%| F|  |TAMS 0x0000000709c00000, 0x0000000709c00000| Untracked 
|  59|0x0000000709e00000, 0x0000000709e00000, 0x000000070a000000|  0%| F|  |TAMS 0x0000000709e00000, 0x0000000709e00000| Untracked 
|  60|0x000000070a000000, 0x000000070a000000, 0x000000070a200000|  0%| F|  |TAMS 0x000000070a000000, 0x000000070a000000| Untracked 
|  61|0x000000070a200000, 0x000000070a200000, 0x000000070a400000|  0%| F|  |TAMS 0x000000070a200000, 0x000000070a200000| Untracked 
|  62|0x000000070a400000, 0x000000070a400000, 0x000000070a600000|  0%| F|  |TAMS 0x000000070a400000, 0x000000070a400000| Untracked 
|  63|0x000000070a600000, 0x000000070a600000, 0x000000070a800000|  0%| F|  |TAMS 0x000000070a600000, 0x000000070a600000| Untracked 
|  64|0x000000070a800000, 0x000000070a800000, 0x000000070aa00000|  0%| F|  |TAMS 0x000000070a800000, 0x000000070a800000| Untracked 
|  65|0x000000070aa00000, 0x000000070aa00000, 0x000000070ac00000|  0%| F|  |TAMS 0x000000070aa00000, 0x000000070aa00000| Untracked 
|  66|0x000000070ac00000, 0x000000070ac00000, 0x000000070ae00000|  0%| F|  |TAMS 0x000000070ac00000, 0x000000070ac00000| Untracked 
|  67|0x000000070ae00000, 0x000000070ae00000, 0x000000070b000000|  0%| F|  |TAMS 0x000000070ae00000, 0x000000070ae00000| Untracked 
|  68|0x000000070b000000, 0x000000070b000000, 0x000000070b200000|  0%| F|  |TAMS 0x000000070b000000, 0x000000070b000000| Untracked 
|  69|0x000000070b200000, 0x000000070b200000, 0x000000070b400000|  0%| F|  |TAMS 0x000000070b200000, 0x000000070b200000| Untracked 
|  70|0x000000070b400000, 0x000000070b400000, 0x000000070b600000|  0%| F|  |TAMS 0x000000070b400000, 0x000000070b400000| Untracked 
|  71|0x000000070b600000, 0x000000070b600000, 0x000000070b800000|  0%| F|  |TAMS 0x000000070b600000, 0x000000070b600000| Untracked 
|  72|0x000000070b800000, 0x000000070b800000, 0x000000070ba00000|  0%| F|  |TAMS 0x000000070b800000, 0x000000070b800000| Untracked 
|  73|0x000000070ba00000, 0x000000070ba00000, 0x000000070bc00000|  0%| F|  |TAMS 0x000000070ba00000, 0x000000070ba00000| Untracked 
|  74|0x000000070bc00000, 0x000000070bc00000, 0x000000070be00000|  0%| F|  |TAMS 0x000000070bc00000, 0x000000070bc00000| Untracked 
|  75|0x000000070be00000, 0x000000070be00000, 0x000000070c000000|  0%| F|  |TAMS 0x000000070be00000, 0x000000070be00000| Untracked 
|  76|0x000000070c000000, 0x000000070c000000, 0x000000070c200000|  0%| F|  |TAMS 0x000000070c000000, 0x000000070c000000| Untracked 
|  77|0x000000070c200000, 0x000000070c200000, 0x000000070c400000|  0%| F|  |TAMS 0x000000070c200000, 0x000000070c200000| Untracked 
|  78|0x000000070c400000, 0x000000070c400000, 0x000000070c600000|  0%| F|  |TAMS 0x000000070c400000, 0x000000070c400000| Untracked 
|  79|0x000000070c600000, 0x000000070c600000, 0x000000070c800000|  0%| F|  |TAMS 0x000000070c600000, 0x000000070c600000| Untracked 
|  80|0x000000070c800000, 0x000000070c800000, 0x000000070ca00000|  0%| F|  |TAMS 0x000000070c800000, 0x000000070c800000| Untracked 
|  81|0x000000070ca00000, 0x000000070ca00000, 0x000000070cc00000|  0%| F|  |TAMS 0x000000070ca00000, 0x000000070ca00000| Untracked 
|  82|0x000000070cc00000, 0x000000070cc00000, 0x000000070ce00000|  0%| F|  |TAMS 0x000000070cc00000, 0x000000070cc00000| Untracked 
|  83|0x000000070ce00000, 0x000000070ce00000, 0x000000070d000000|  0%| F|  |TAMS 0x000000070ce00000, 0x000000070ce00000| Untracked 
|  84|0x000000070d000000, 0x000000070d000000, 0x000000070d200000|  0%| F|  |TAMS 0x000000070d000000, 0x000000070d000000| Untracked 
|  85|0x000000070d200000, 0x000000070d200000, 0x000000070d400000|  0%| F|  |TAMS 0x000000070d200000, 0x000000070d200000| Untracked 
|  86|0x000000070d400000, 0x000000070d400000, 0x000000070d600000|  0%| F|  |TAMS 0x000000070d400000, 0x000000070d400000| Untracked 
|  87|0x000000070d600000, 0x000000070d600000, 0x000000070d800000|  0%| F|  |TAMS 0x000000070d600000, 0x000000070d600000| Untracked 
|  88|0x000000070d800000, 0x000000070d800000, 0x000000070da00000|  0%| F|  |TAMS 0x000000070d800000, 0x000000070d800000| Untracked 
|  89|0x000000070da00000, 0x000000070da00000, 0x000000070dc00000|  0%| F|  |TAMS 0x000000070da00000, 0x000000070da00000| Untracked 
|  90|0x000000070dc00000, 0x000000070dc00000, 0x000000070de00000|  0%| F|  |TAMS 0x000000070dc00000, 0x000000070dc00000| Untracked 
|  91|0x000000070de00000, 0x000000070de00000, 0x000000070e000000|  0%| F|  |TAMS 0x000000070de00000, 0x000000070de00000| Untracked 
|  92|0x000000070e000000, 0x000000070e000000, 0x000000070e200000|  0%| F|  |TAMS 0x000000070e000000, 0x000000070e000000| Untracked 
|  93|0x000000070e200000, 0x000000070e200000, 0x000000070e400000|  0%| F|  |TAMS 0x000000070e200000, 0x000000070e200000| Untracked 
|  94|0x000000070e400000, 0x000000070e400000, 0x000000070e600000|  0%| F|  |TAMS 0x000000070e400000, 0x000000070e400000| Untracked 
|  95|0x000000070e600000, 0x000000070e600000, 0x000000070e800000|  0%| F|  |TAMS 0x000000070e600000, 0x000000070e600000| Untracked 
|  96|0x000000070e800000, 0x000000070e800000, 0x000000070ea00000|  0%| F|  |TAMS 0x000000070e800000, 0x000000070e800000| Untracked 
|  97|0x000000070ea00000, 0x000000070ea00000, 0x000000070ec00000|  0%| F|  |TAMS 0x000000070ea00000, 0x000000070ea00000| Untracked 
|  98|0x000000070ec00000, 0x000000070ec00000, 0x000000070ee00000|  0%| F|  |TAMS 0x000000070ec00000, 0x000000070ec00000| Untracked 
|  99|0x000000070ee00000, 0x000000070ee00000, 0x000000070f000000|  0%| F|  |TAMS 0x000000070ee00000, 0x000000070ee00000| Untracked 
| 100|0x000000070f000000, 0x000000070f000000, 0x000000070f200000|  0%| F|  |TAMS 0x000000070f000000, 0x000000070f000000| Untracked 
| 101|0x000000070f200000, 0x000000070f200000, 0x000000070f400000|  0%| F|  |TAMS 0x000000070f200000, 0x000000070f200000| Untracked 
| 102|0x000000070f400000, 0x000000070f400000, 0x000000070f600000|  0%| F|  |TAMS 0x000000070f400000, 0x000000070f400000| Untracked 
| 103|0x000000070f600000, 0x000000070f600000, 0x000000070f800000|  0%| F|  |TAMS 0x000000070f600000, 0x000000070f600000| Untracked 
| 104|0x000000070f800000, 0x000000070f800000, 0x000000070fa00000|  0%| F|  |TAMS 0x000000070f800000, 0x000000070f800000| Untracked 
| 105|0x000000070fa00000, 0x000000070fa00000, 0x000000070fc00000|  0%| F|  |TAMS 0x000000070fa00000, 0x000000070fa00000| Untracked 
| 106|0x000000070fc00000, 0x000000070fc00000, 0x000000070fe00000|  0%| F|  |TAMS 0x000000070fc00000, 0x000000070fc00000| Untracked 
| 107|0x000000070fe00000, 0x000000070fe00000, 0x0000000710000000|  0%| F|  |TAMS 0x000000070fe00000, 0x000000070fe00000| Untracked 
| 108|0x0000000710000000, 0x0000000710000000, 0x0000000710200000|  0%| F|  |TAMS 0x0000000710000000, 0x0000000710000000| Untracked 
| 109|0x0000000710200000, 0x0000000710393280, 0x0000000710400000| 78%| S|CS|TAMS 0x0000000710200000, 0x0000000710200000| Complete 
| 110|0x0000000710400000, 0x0000000710400000, 0x0000000710600000|  0%| F|  |TAMS 0x0000000710400000, 0x0000000710400000| Untracked 
| 111|0x0000000710600000, 0x0000000710600000, 0x0000000710800000|  0%| F|  |TAMS 0x0000000710600000, 0x0000000710600000| Untracked 
| 112|0x0000000710800000, 0x0000000710800000, 0x0000000710a00000|  0%| F|  |TAMS 0x0000000710800000, 0x0000000710800000| Untracked 
| 113|0x0000000710a00000, 0x0000000710a00000, 0x0000000710c00000|  0%| F|  |TAMS 0x0000000710a00000, 0x0000000710a00000| Untracked 
| 114|0x0000000710c00000, 0x0000000710c00000, 0x0000000710e00000|  0%| F|  |TAMS 0x0000000710c00000, 0x0000000710c00000| Untracked 
| 115|0x0000000710e00000, 0x0000000710e00000, 0x0000000711000000|  0%| F|  |TAMS 0x0000000710e00000, 0x0000000710e00000| Untracked 
| 116|0x0000000711000000, 0x0000000711000000, 0x0000000711200000|  0%| F|  |TAMS 0x0000000711000000, 0x0000000711000000| Untracked 
| 117|0x0000000711200000, 0x0000000711200000, 0x0000000711400000|  0%| F|  |TAMS 0x0000000711200000, 0x0000000711200000| Untracked 
| 118|0x0000000711400000, 0x0000000711400000, 0x0000000711600000|  0%| F|  |TAMS 0x0000000711400000, 0x0000000711400000| Untracked 
| 119|0x0000000711600000, 0x0000000711600000, 0x0000000711800000|  0%| F|  |TAMS 0x0000000711600000, 0x0000000711600000| Untracked 
| 120|0x0000000711800000, 0x0000000711800000, 0x0000000711a00000|  0%| F|  |TAMS 0x0000000711800000, 0x0000000711800000| Untracked 
| 121|0x0000000711a00000, 0x0000000711a00000, 0x0000000711c00000|  0%| F|  |TAMS 0x0000000711a00000, 0x0000000711a00000| Untracked 
| 122|0x0000000711c00000, 0x0000000711c00000, 0x0000000711e00000|  0%| F|  |TAMS 0x0000000711c00000, 0x0000000711c00000| Untracked 
| 123|0x0000000711e00000, 0x0000000711e00000, 0x0000000712000000|  0%| F|  |TAMS 0x0000000711e00000, 0x0000000711e00000| Untracked 
| 124|0x0000000712000000, 0x0000000712100800, 0x0000000712200000| 50%| E|  |TAMS 0x0000000712000000, 0x0000000712000000| Complete 
| 125|0x0000000712200000, 0x0000000712400000, 0x0000000712400000|100%| E|CS|TAMS 0x0000000712200000, 0x0000000712200000| Complete 
| 126|0x0000000712400000, 0x0000000712600000, 0x0000000712600000|100%| E|CS|TAMS 0x0000000712400000, 0x0000000712400000| Complete 

Card table byte_map: [0x00000201f8120000,0x00000201f8910000] _byte_map_base: 0x00000201f490c000

Marking Bits (Prev, Next): (CMBitMap*) 0x00000201e0b36670, (CMBitMap*) 0x00000201e0b366b0
 Prev Bits: [0x00000201f9100000, 0x00000201fd060000)
 Next Bits: [0x0000020180000000, 0x0000020183f60000)

Polling page: 0x00000201e0280000

Metaspace:

Usage:
  Non-class:      8.47 MB used.
      Class:      1.16 MB used.
       Both:      9.64 MB used.

Virtual space:
  Non-class space:       64.00 MB reserved,       8.56 MB ( 13%) committed,  1 nodes.
      Class space:        1.00 GB reserved,       1.25 MB ( <1%) committed,  1 nodes.
             Both:        1.06 GB reserved,       9.81 MB ( <1%) committed. 

Chunk freelists:
   Non-Class:  6.19 MB
       Class:  14.73 MB
        Both:  20.92 MB

MaxMetaspaceSize: unlimited
CompressedClassSpaceSize: 1.00 GB
Initial GC threshold: 21.00 MB
Current GC threshold: 21.00 MB
CDS: on
MetaspaceReclaimPolicy: balanced
 - commit_granule_bytes: 65536.
 - commit_granule_words: 8192.
 - virtual_space_node_default_size: 8388608.
 - enlarge_chunks_in_place: 1.
 - new_chunks_are_fully_committed: 0.
 - uncommit_free_chunks: 1.
 - use_allocation_guard: 0.
 - handle_deallocations: 1.


Internal statistics:

num_allocs_failed_limit: 0.
num_arena_births: 54.
num_arena_deaths: 0.
num_vsnodes_births: 2.
num_vsnodes_deaths: 0.
num_space_committed: 157.
num_space_uncommitted: 0.
num_chunks_returned_to_freelist: 0.
num_chunks_taken_from_freelist: 389.
num_chunk_merges: 0.
num_chunk_splits: 258.
num_chunks_enlarged: 201.
num_inconsistent_stats: 0.

CodeHeap 'non-profiled nmethods': size=120000Kb used=720Kb max_used=720Kb free=119279Kb
 bounds [0x00000201f00c0000, 0x00000201f0330000, 0x00000201f75f0000]
CodeHeap 'profiled nmethods': size=120000Kb used=3508Kb max_used=3508Kb free=116491Kb
 bounds [0x00000201e85f0000, 0x00000201e8960000, 0x00000201efb20000]
CodeHeap 'non-nmethods': size=5760Kb used=1160Kb max_used=1210Kb free=4599Kb
 bounds [0x00000201efb20000, 0x00000201efd90000, 0x00000201f00c0000]
 total_blobs=2194 nmethods=1741 adapters=366
 compilation: enabled
              stopped_count=0, restarted_count=0
 full_count=0

Compilation events (20 events):
Event: 3.106 Thread 0x00000201c9139140 1734       3       com.google.common.cache.LocalCache::segmentFor (17 bytes)
Event: 3.106 Thread 0x00000201c9139140 nmethod 1734 0x00000201e8957790 code [0x00000201e8957920, 0x00000201e8957a78]
Event: 3.107 Thread 0x00000201c9139140 1735       3       java.lang.reflect.Constructor::getAnnotation (6 bytes)
Event: 3.107 Thread 0x00000201c9139140 nmethod 1735 0x00000201e8957b90 code [0x00000201e8957da0, 0x00000201e89584a8]
Event: 3.110 Thread 0x00000201c9134680 1736       4       java.util.WeakHashMap::hash (28 bytes)
Event: 3.111 Thread 0x00000201c9139140 1738       3       com.google.common.cache.LocalCache$Segment::getEntry (73 bytes)
Event: 3.111 Thread 0x00000201c9134680 nmethod 1736 0x00000201f0173890 code [0x00000201f0173a20, 0x00000201f0173b38]
Event: 3.111 Thread 0x00000201c9134680 1737   !   4       java.util.WeakHashMap::expungeStaleEntries (139 bytes)
Event: 3.116 Thread 0x00000201c9139140 nmethod 1738 0x00000201e8958710 code [0x00000201e89589e0, 0x00000201e8959c08]
Event: 3.116 Thread 0x00000201c9139140 1740       3       java.lang.Class::newReflectionData (66 bytes)
Event: 3.117 Thread 0x00000201c9139140 nmethod 1740 0x00000201e895a210 code [0x00000201e895a420, 0x00000201e895ad38]
Event: 3.117 Thread 0x00000201c9139140 1741       3       java.lang.Class$ReflectionData::<init> (10 bytes)
Event: 3.117 Thread 0x00000201c9134680 nmethod 1737 0x00000201f0173c10 code [0x00000201f0173da0, 0x00000201f01740c8]
Event: 3.117 Thread 0x00000201c9139140 nmethod 1741 0x00000201e895b010 code [0x00000201e895b1a0, 0x00000201e895b318]
Event: 3.117 Thread 0x00000201c9139140 1742       3       java.lang.Class$Atomic::casReflectionData (13 bytes)
Event: 3.117 Thread 0x00000201c9139140 nmethod 1742 0x00000201e895b410 code [0x00000201e895b5a0, 0x00000201e895b6f8]
Event: 3.117 Thread 0x00000201c9139140 1739       3       com.google.common.cache.LocalCache$Segment::getFirst (21 bytes)
Event: 3.118 Thread 0x00000201c9139140 nmethod 1739 0x00000201e895b790 code [0x00000201e895ba20, 0x00000201e895c848]
Event: 3.119 Thread 0x00000201c9139140 1743       3       com.google.common.base.Preconditions::checkArgument (13 bytes)
Event: 3.119 Thread 0x00000201c9139140 nmethod 1743 0x00000201e895cc90 code [0x00000201e895ce40, 0x00000201e895d028]

GC Heap History (4 events):
Event: 1.317 GC heap before
{Heap before GC invocations=0 (full 0):
 garbage-first heap   total 260096K, used 22528K [0x0000000702800000, 0x0000000800000000)
  region size 2048K, 11 young (22528K), 0 survivors (0K)
 Metaspace       used 5781K, committed 5952K, reserved 1114112K
  class space    used 683K, committed 768K, reserved 1048576K
}
Event: 1.382 GC heap after
{Heap after GC invocations=1 (full 0):
 garbage-first heap   total 260096K, used 3619K [0x0000000702800000, 0x0000000800000000)
  region size 2048K, 2 young (4096K), 2 survivors (4096K)
 Metaspace       used 5781K, committed 5952K, reserved 1114112K
  class space    used 683K, committed 768K, reserved 1048576K
}
Event: 2.979 GC heap before
{Heap before GC invocations=1 (full 0):
 garbage-first heap   total 260096K, used 34339K [0x0000000702800000, 0x0000000800000000)
  region size 2048K, 17 young (34816K), 2 survivors (4096K)
 Metaspace       used 9263K, committed 9472K, reserved 1114112K
  class space    used 1111K, committed 1216K, reserved 1048576K
}
Event: 2.983 GC heap after
{Heap after GC invocations=2 (full 0):
 garbage-first heap   total 260096K, used 5136K [0x0000000702800000, 0x0000000800000000)
  region size 2048K, 1 young (2048K), 1 survivors (2048K)
 Metaspace       used 9263K, committed 9472K, reserved 1114112K
  class space    used 1111K, committed 1216K, reserved 1048576K
}

Dll operation events (12 events):
Event: 0.017 Loaded shared library C:\Users\ghofr\.jdks\corretto-17.0.12\bin\java.dll
Event: 0.058 Loaded shared library C:\Users\ghofr\.jdks\corretto-17.0.12\bin\jsvml.dll
Event: 0.166 Loaded shared library C:\Users\ghofr\.jdks\corretto-17.0.12\bin\zip.dll
Event: 0.170 Loaded shared library C:\Users\ghofr\.jdks\corretto-17.0.12\bin\instrument.dll
Event: 0.187 Loaded shared library C:\Users\ghofr\.jdks\corretto-17.0.12\bin\net.dll
Event: 0.191 Loaded shared library C:\Users\ghofr\.jdks\corretto-17.0.12\bin\nio.dll
Event: 0.195 Loaded shared library C:\Users\ghofr\.jdks\corretto-17.0.12\bin\zip.dll
Event: 0.211 Loaded shared library C:\Program Files\JetBrains\IntelliJ IDEA 2024.2.1\bin\breakgen64.dll
Event: 0.232 Loaded shared library C:\Users\ghofr\.jdks\corretto-17.0.12\bin\extnet.dll
Event: 0.436 Loaded shared library C:\Users\ghofr\.jdks\corretto-17.0.12\bin\jimage.dll
Event: 0.461 Loaded shared library C:\Users\ghofr\AppData\Local\Temp\jansi-2.4.1-e950546476fb993-jansi.dll
Event: 0.477 Loaded shared library C:\Users\ghofr\.jdks\corretto-17.0.12\bin\verify.dll

Deoptimization events (20 events):
Event: 1.993 Thread 0x00000201e0ace360 DEOPT PACKING pc=0x00000201e863c768 sp=0x000000c7cfbfb2e0
Event: 1.993 Thread 0x00000201e0ace360 DEOPT UNPACKING pc=0x00000201efb77143 sp=0x000000c7cfbfa770 mode 0
Event: 2.163 Thread 0x00000201e0ace360 DEOPT PACKING pc=0x00000201e88206b4 sp=0x000000c7cfbfdc30
Event: 2.163 Thread 0x00000201e0ace360 DEOPT UNPACKING pc=0x00000201efb77143 sp=0x000000c7cfbfd0a0 mode 0
Event: 2.991 Thread 0x00000201e0ace360 Uncommon trap: trap_request=0xffffffde fr.pc=0x00000201f016f9c8 relative=0x0000000000000128
Event: 2.991 Thread 0x00000201e0ace360 Uncommon trap: reason=class_check action=maybe_recompile pc=0x00000201f016f9c8 method=jdk.internal.misc.Unsafe.allocateUninitializedArray(Ljava/lang/Class;I)Ljava/lang/Object; @ 51 c2
Event: 2.991 Thread 0x00000201e0ace360 DEOPT PACKING pc=0x00000201f016f9c8 sp=0x000000c7cfbfcc60
Event: 2.991 Thread 0x00000201e0ace360 DEOPT UNPACKING pc=0x00000201efb769a3 sp=0x000000c7cfbfcbe8 mode 2
Event: 2.991 Thread 0x00000201e0ace360 Uncommon trap: trap_request=0xffffffde fr.pc=0x00000201f016f9c8 relative=0x0000000000000128
Event: 2.991 Thread 0x00000201e0ace360 Uncommon trap: reason=class_check action=maybe_recompile pc=0x00000201f016f9c8 method=jdk.internal.misc.Unsafe.allocateUninitializedArray(Ljava/lang/Class;I)Ljava/lang/Object; @ 51 c2
Event: 2.991 Thread 0x00000201e0ace360 DEOPT PACKING pc=0x00000201f016f9c8 sp=0x000000c7cfbfcca0
Event: 2.991 Thread 0x00000201e0ace360 DEOPT UNPACKING pc=0x00000201efb769a3 sp=0x000000c7cfbfcc28 mode 2
Event: 2.991 Thread 0x00000201e0ace360 Uncommon trap: trap_request=0xffffffde fr.pc=0x00000201f016f9c8 relative=0x0000000000000128
Event: 2.991 Thread 0x00000201e0ace360 Uncommon trap: reason=class_check action=maybe_recompile pc=0x00000201f016f9c8 method=jdk.internal.misc.Unsafe.allocateUninitializedArray(Ljava/lang/Class;I)Ljava/lang/Object; @ 51 c2
Event: 2.991 Thread 0x00000201e0ace360 DEOPT PACKING pc=0x00000201f016f9c8 sp=0x000000c7cfbfc970
Event: 2.991 Thread 0x00000201e0ace360 DEOPT UNPACKING pc=0x00000201efb769a3 sp=0x000000c7cfbfc8f8 mode 2
Event: 2.992 Thread 0x00000201e0ace360 Uncommon trap: trap_request=0xffffffde fr.pc=0x00000201f016f9c8 relative=0x0000000000000128
Event: 2.992 Thread 0x00000201e0ace360 Uncommon trap: reason=class_check action=maybe_recompile pc=0x00000201f016f9c8 method=jdk.internal.misc.Unsafe.allocateUninitializedArray(Ljava/lang/Class;I)Ljava/lang/Object; @ 51 c2
Event: 2.992 Thread 0x00000201e0ace360 DEOPT PACKING pc=0x00000201f016f9c8 sp=0x000000c7cfbfdba0
Event: 2.992 Thread 0x00000201e0ace360 DEOPT UNPACKING pc=0x00000201efb769a3 sp=0x000000c7cfbfdb28 mode 2

Classes loaded (20 events):
Event: 2.393 Loading class sun/reflect/annotation/AnnotatedTypeFactory$AnnotatedParameterizedTypeImpl
Event: 2.393 Loading class java/lang/reflect/AnnotatedParameterizedType
Event: 2.393 Loading class java/lang/reflect/AnnotatedParameterizedType done
Event: 2.393 Loading class sun/reflect/annotation/AnnotatedTypeFactory$AnnotatedParameterizedTypeImpl done
Event: 2.456 Loading class java/security/NoSuchAlgorithmException
Event: 2.456 Loading class java/security/GeneralSecurityException
Event: 2.456 Loading class java/security/GeneralSecurityException done
Event: 2.456 Loading class java/security/NoSuchAlgorithmException done
Event: 2.814 Loading class java/util/concurrent/CompletionService
Event: 2.814 Loading class java/util/concurrent/CompletionService done
Event: 2.899 Loading class java/util/EventObject
Event: 2.899 Loading class java/util/EventObject done
Event: 3.104 Loading class sun/reflect/generics/scope/ConstructorScope
Event: 3.104 Loading class sun/reflect/generics/scope/ConstructorScope done
Event: 3.104 Loading class sun/reflect/generics/repository/ConstructorRepository
Event: 3.104 Loading class sun/reflect/generics/repository/ConstructorRepository done
Event: 3.104 Loading class sun/reflect/generics/tree/VoidDescriptor
Event: 3.104 Loading class sun/reflect/generics/tree/VoidDescriptor done
Event: 3.104 Loading class sun/reflect/generics/tree/MethodTypeSignature
Event: 3.104 Loading class sun/reflect/generics/tree/MethodTypeSignature done

Classes unloaded (0 events):
No events

Classes redefined (0 events):
No events

Internal exceptions (20 events):
Event: 0.222 Thread 0x00000201c93762c0 Exception <a 'java/lang/NoSuchMethodError'{0x0000000712275990}: 'java.lang.Object java.lang.invoke.DirectMethodHandle$Holder.invokeStaticInit(java.lang.Object)'> (0x0000000712275990) 
thrown [s\src\hotspot\share\interpreter\linkResolver.cpp, line 759]
Event: 0.235 Thread 0x00000201c93762c0 Exception <a 'java/lang/NoSuchMethodError'{0x0000000712283d20}: 'void java.lang.invoke.DirectMethodHandle$Holder.invokeStatic(java.lang.Object, java.lang.Object)'> (0x0000000712283d20) 
thrown [s\src\hotspot\share\interpreter\linkResolver.cpp, line 759]
Event: 0.261 Thread 0x00000201e0ace360 Exception <a 'java/lang/NoSuchMethodError'{0x0000000712306660}: 'int java.lang.invoke.DirectMethodHandle$Holder.invokeSpecial(java.lang.Object, java.lang.Object, java.lang.Object)'> (0x0000000712306660) 
thrown [s\src\hotspot\share\interpreter\linkResolver.cpp, line 759]
Event: 0.429 Thread 0x00000201e0ace360 Exception <a 'java/lang/NullPointerException'{0x0000000712184760}> (0x0000000712184760) 
thrown [s\src\hotspot\share\interpreter\linkResolver.cpp, line 1350]
Event: 0.448 Thread 0x00000201e0ace360 Exception <a 'sun/nio/fs/WindowsException'{0x00000007121add10}> (0x00000007121add10) 
thrown [s\src\hotspot\share\prims\jni.cpp, line 516]
Event: 0.475 Thread 0x00000201e0ace360 Exception <a 'sun/nio/fs/WindowsException'{0x0000000711e05378}> (0x0000000711e05378) 
thrown [s\src\hotspot\share\prims\jni.cpp, line 516]
Event: 0.475 Thread 0x00000201e0ace360 Exception <a 'sun/nio/fs/WindowsException'{0x0000000711e05a30}> (0x0000000711e05a30) 
thrown [s\src\hotspot\share\prims\jni.cpp, line 516]
Event: 0.475 Thread 0x00000201e0ace360 Exception <a 'sun/nio/fs/WindowsException'{0x0000000711e05f90}> (0x0000000711e05f90) 
thrown [s\src\hotspot\share\prims\jni.cpp, line 516]
Event: 0.475 Thread 0x00000201e0ace360 Exception <a 'sun/nio/fs/WindowsException'{0x0000000711e064a0}> (0x0000000711e064a0) 
thrown [s\src\hotspot\share\prims\jni.cpp, line 516]
Event: 0.475 Thread 0x00000201e0ace360 Exception <a 'sun/nio/fs/WindowsException'{0x0000000711e06968}> (0x0000000711e06968) 
thrown [s\src\hotspot\share\prims\jni.cpp, line 516]
Event: 0.494 Thread 0x00000201e0ace360 Exception <a 'java/lang/NoSuchMethodError'{0x0000000711e5a910}: 'void java.lang.invoke.DirectMethodHandle$Holder.invokeStaticInit(java.lang.Object, java.lang.Object)'> (0x0000000711e5a910) 
thrown [s\src\hotspot\share\interpreter\linkResolver.cpp, line 759]
Event: 0.517 Thread 0x00000201e0ace360 Exception <a 'java/lang/NoSuchMethodError'{0x0000000711f1a910}: 'void java.lang.invoke.DirectMethodHandle$Holder.invokeStatic(java.lang.Object, java.lang.Object, java.lang.Object)'> (0x0000000711f1a910) 
thrown [s\src\hotspot\share\interpreter\linkResolver.cpp, line 759]
Event: 0.617 Thread 0x00000201e0ace360 Exception <a 'java/lang/NoSuchMethodError'{0x0000000711cac228}: 'java.lang.Object java.lang.invoke.DirectMethodHandle$Holder.invokeSpecialIFC(java.lang.Object, java.lang.Object, java.lang.Object, java.lang.Object)'> (0x0000000711cac228) 
thrown [s\src\hotspot\share\interpreter\linkResolver.cpp, line 759]
Event: 0.901 Thread 0x00000201e0ace360 Exception <a 'java/lang/NoSuchMethodError'{0x00000007116a3b50}: 'void java.lang.invoke.DirectMethodHandle$Holder.invokeSpecial(java.lang.Object, java.lang.Object, java.lang.Object)'> (0x00000007116a3b50) 
thrown [s\src\hotspot\share\interpreter\linkResolver.cpp, line 759]
Event: 0.965 Thread 0x00000201e0ace360 Exception <a 'java/lang/NoSuchMethodError'{0x000000071140fee8}: 'java.lang.Object java.lang.invoke.DirectMethodHandle$Holder.invokeInterface(java.lang.Object, java.lang.Object)'> (0x000000071140fee8) 
thrown [s\src\hotspot\share\interpreter\linkResolver.cpp, line 759]
Event: 1.001 Thread 0x00000201e0ace360 Exception <a 'java/lang/NoSuchMethodError'{0x00000007114be0e8}: 'java.lang.Object java.lang.invoke.Invokers$Holder.invokeExact_MT(java.lang.Object, java.lang.Object, java.lang.Object, java.lang.Object, java.lang.Object, java.lang.Object)'> (0x00000007114be0e8) 
thrown [s\src\hotspot\share\interpreter\linkResolver.cpp, line 759]
Event: 1.006 Thread 0x00000201e0ace360 Exception <a 'java/lang/NoSuchMethodError'{0x00000007114cf548}: 'int java.lang.invoke.DirectMethodHandle$Holder.invokeSpecialIFC(java.lang.Object, java.lang.Object, java.lang.Object, java.lang.Object, java.lang.Object)'> (0x00000007114cf548) 
thrown [s\src\hotspot\share\interpreter\linkResolver.cpp, line 759]
Event: 1.120 Thread 0x00000201e0ace360 Exception <a 'java/lang/NoSuchMethodError'{0x0000000711281fb0}: 'java.lang.Object java.lang.invoke.DirectMethodHandle$Holder.newInvokeSpecial(java.lang.Object, java.lang.Object, java.lang.Object, java.lang.Object, java.lang.Object)'> (0x0000000711281fb0) 
thrown [s\src\hotspot\share\interpreter\linkResolver.cpp, line 759]
Event: 1.196 Thread 0x00000201e0ace360 Exception <a 'java/lang/NoSuchMethodError'{0x000000071138dfb0}: 'int java.lang.invoke.DirectMethodHandle$Holder.invokeStaticInit(java.lang.Object, java.lang.Object)'> (0x000000071138dfb0) 
thrown [s\src\hotspot\share\interpreter\linkResolver.cpp, line 759]
Event: 1.219 Thread 0x00000201e0ace360 Exception <a 'java/lang/NoClassDefFoundError'{0x00000007113c8b80}: javax/enterprise/inject/Typed> (0x00000007113c8b80) 
thrown [s\src\hotspot\share\classfile\systemDictionary.cpp, line 245]

VM Operations (20 events):
Event: 0.142 Executing VM operation: HandshakeAllThreads
Event: 0.142 Executing VM operation: HandshakeAllThreads done
Event: 0.219 Executing VM operation: HandshakeAllThreads
Event: 0.219 Executing VM operation: HandshakeAllThreads done
Event: 0.426 Executing VM operation: HandshakeAllThreads
Event: 0.426 Executing VM operation: HandshakeAllThreads done
Event: 0.443 Executing VM operation: HandshakeAllThreads
Event: 0.444 Executing VM operation: HandshakeAllThreads done
Event: 1.209 Executing VM operation: ICBufferFull
Event: 1.209 Executing VM operation: ICBufferFull done
Event: 1.316 Executing VM operation: G1CollectForAllocation
Event: 1.383 Executing VM operation: G1CollectForAllocation done
Event: 2.387 Executing VM operation: Cleanup
Event: 2.387 Executing VM operation: Cleanup done
Event: 2.534 Executing VM operation: HandshakeAllThreads
Event: 2.534 Executing VM operation: HandshakeAllThreads done
Event: 2.979 Executing VM operation: G1CollectForAllocation
Event: 2.983 Executing VM operation: G1CollectForAllocation done
Event: 3.011 Executing VM operation: HandshakeAllThreads
Event: 3.011 Executing VM operation: HandshakeAllThreads done

Events (19 events):
Event: 0.058 Thread 0x00000201e0ace360 Thread added: 0x00000201e0ace360
Event: 0.062 Thread 0x00000201ffacbb50 Thread added: 0x00000201ffacbb50
Event: 0.062 Thread 0x00000201ffacd170 Thread added: 0x00000201ffacd170
Event: 0.083 Thread 0x00000201ffade1a0 Thread added: 0x00000201ffade1a0
Event: 0.083 Thread 0x00000201c9132090 Thread added: 0x00000201c9132090
Event: 0.083 Thread 0x00000201c9132960 Thread added: 0x00000201c9132960
Event: 0.083 Thread 0x00000201c9133230 Thread added: 0x00000201c9133230
Event: 0.085 Thread 0x00000201c9134680 Thread added: 0x00000201c9134680
Event: 0.086 Thread 0x00000201c9139140 Thread added: 0x00000201c9139140
Event: 0.086 Thread 0x00000201c913bb50 Thread added: 0x00000201c913bb50
Event: 0.126 Thread 0x00000201c92389a0 Thread added: 0x00000201c92389a0
Event: 0.212 Thread 0x00000201c93762c0 Thread added: 0x00000201c93762c0
Event: 0.212 Thread 0x00000201c93767a0 Thread added: 0x00000201c93767a0
Event: 0.432 Thread 0x00000201c957d2c0 Thread added: 0x00000201c957d2c0
Event: 0.627 Thread 0x00000201c968cfb0 Thread added: 0x00000201c968cfb0
Event: 0.692 Thread 0x00000201c957d2c0 Thread exited: 0x00000201c957d2c0
Event: 1.937 Thread 0x00000201c968cfb0 Thread exited: 0x00000201c968cfb0
Event: 2.244 Thread 0x00000201c9814a30 Thread added: 0x00000201c9814a30
Event: 2.559 Thread 0x00000201c9814a30 Thread exited: 0x00000201c9814a30


Dynamic libraries:
0x00007ff74d930000 - 0x00007ff74d93e000 	C:\Users\ghofr\.jdks\corretto-17.0.12\bin\java.exe
0x00007ff8bc170000 - 0x00007ff8bc387000 	C:\WINDOWS\SYSTEM32\ntdll.dll
0x00007ff8ba490000 - 0x00007ff8ba554000 	C:\WINDOWS\System32\KERNEL32.DLL
0x00007ff8b9930000 - 0x00007ff8b9d03000 	C:\WINDOWS\System32\KERNELBASE.dll
0x00007ff8b9540000 - 0x00007ff8b9651000 	C:\WINDOWS\System32\ucrtbase.dll
0x00007ff8a7250000 - 0x00007ff8a7267000 	C:\Users\ghofr\.jdks\corretto-17.0.12\bin\jli.dll
0x00007ff8ba240000 - 0x00007ff8ba3f1000 	C:\WINDOWS\System32\USER32.dll
0x00007ff8b92b0000 - 0x00007ff8b92d6000 	C:\WINDOWS\System32\win32u.dll
0x00007ff8bb860000 - 0x00007ff8bb889000 	C:\WINDOWS\System32\GDI32.dll
0x00007ff8a6e00000 - 0x00007ff8a6e1b000 	C:\Users\ghofr\.jdks\corretto-17.0.12\bin\VCRUNTIME140.dll
0x00007ff8b9420000 - 0x00007ff8b953b000 	C:\WINDOWS\System32\gdi32full.dll
0x00007ff8a7ef0000 - 0x00007ff8a8188000 	C:\WINDOWS\WinSxS\amd64_microsoft.windows.common-controls_6595b64144ccf1df_6.0.22621.5124_none_270e8f4f7386d69d\COMCTL32.dll
0x00007ff8b9890000 - 0x00007ff8b992a000 	C:\WINDOWS\System32\msvcp_win.dll
0x00007ff8ba9b0000 - 0x00007ff8baa57000 	C:\WINDOWS\System32\msvcrt.dll
0x00007ff8b9f70000 - 0x00007ff8b9fa1000 	C:\WINDOWS\System32\IMM32.DLL
0x00007ff8a90a0000 - 0x00007ff8a90ac000 	C:\Users\ghofr\.jdks\corretto-17.0.12\bin\vcruntime140_1.dll
0x00007ff8a2a10000 - 0x00007ff8a2a9d000 	C:\Users\ghofr\.jdks\corretto-17.0.12\bin\msvcp140.dll
0x00007ff827d60000 - 0x00007ff8289ca000 	C:\Users\ghofr\.jdks\corretto-17.0.12\bin\server\jvm.dll
0x00007ff8baee0000 - 0x00007ff8baf91000 	C:\WINDOWS\System32\ADVAPI32.dll
0x00007ff8bb2a0000 - 0x00007ff8bb348000 	C:\WINDOWS\System32\sechost.dll
0x00007ff8b9280000 - 0x00007ff8b92a8000 	C:\WINDOWS\System32\bcrypt.dll
0x00007ff8bb680000 - 0x00007ff8bb794000 	C:\WINDOWS\System32\RPCRT4.dll
0x00007ff8ba570000 - 0x00007ff8ba5e1000 	C:\WINDOWS\System32\WS2_32.dll
0x00007ff8b20d0000 - 0x00007ff8b20da000 	C:\WINDOWS\SYSTEM32\VERSION.dll
0x00007ff8b28e0000 - 0x00007ff8b2914000 	C:\WINDOWS\SYSTEM32\WINMM.dll
0x00007ff8b8100000 - 0x00007ff8b814d000 	C:\WINDOWS\SYSTEM32\POWRPROF.dll
0x00007ff8b80e0000 - 0x00007ff8b80f3000 	C:\WINDOWS\SYSTEM32\UMPDC.dll
0x00007ff8b83a0000 - 0x00007ff8b83b8000 	C:\WINDOWS\SYSTEM32\kernel.appcore.dll
0x00007ff8a9080000 - 0x00007ff8a908a000 	C:\Users\ghofr\.jdks\corretto-17.0.12\bin\jimage.dll
0x00007ff8b6680000 - 0x00007ff8b68b2000 	C:\WINDOWS\SYSTEM32\DBGHELP.DLL
0x00007ff8ba5f0000 - 0x00007ff8ba982000 	C:\WINDOWS\System32\combase.dll
0x00007ff8ba160000 - 0x00007ff8ba237000 	C:\WINDOWS\System32\OLEAUT32.dll
0x00007ff891b00000 - 0x00007ff891b32000 	C:\WINDOWS\SYSTEM32\dbgcore.DLL
0x00007ff8b9d10000 - 0x00007ff8b9d8b000 	C:\WINDOWS\System32\bcryptPrimitives.dll
0x00007ff8a7860000 - 0x00007ff8a786e000 	C:\Users\ghofr\.jdks\corretto-17.0.12\bin\instrument.dll
0x00007ff8a5880000 - 0x00007ff8a58a5000 	C:\Users\ghofr\.jdks\corretto-17.0.12\bin\java.dll
0x00007ff873190000 - 0x00007ff873267000 	C:\Users\ghofr\.jdks\corretto-17.0.12\bin\jsvml.dll
0x00007ff8bb890000 - 0x00007ff8bc126000 	C:\WINDOWS\System32\SHELL32.dll
0x00007ff8b92e0000 - 0x00007ff8b941f000 	C:\WINDOWS\System32\wintypes.dll
0x00007ff8b71b0000 - 0x00007ff8b7aca000 	C:\WINDOWS\SYSTEM32\windows.storage.dll
0x00007ff8b9e60000 - 0x00007ff8b9f6a000 	C:\WINDOWS\System32\SHCORE.dll
0x00007ff8bb100000 - 0x00007ff8bb163000 	C:\WINDOWS\System32\shlwapi.dll
0x00007ff8b91b0000 - 0x00007ff8b91db000 	C:\WINDOWS\SYSTEM32\profapi.dll
0x00007ff8a41b0000 - 0x00007ff8a41c8000 	C:\Users\ghofr\.jdks\corretto-17.0.12\bin\zip.dll
0x00007ff8a5760000 - 0x00007ff8a5779000 	C:\Users\ghofr\.jdks\corretto-17.0.12\bin\net.dll
0x00007ff8b50b0000 - 0x00007ff8b51dc000 	C:\WINDOWS\SYSTEM32\WINHTTP.dll
0x00007ff8b8820000 - 0x00007ff8b888a000 	C:\WINDOWS\system32\mswsock.dll
0x00007ff8a4850000 - 0x00007ff8a4866000 	C:\Users\ghofr\.jdks\corretto-17.0.12\bin\nio.dll
0x00007ff8a2b00000 - 0x00007ff8a2b1a000 	C:\Program Files\JetBrains\IntelliJ IDEA 2024.2.1\bin\breakgen64.dll
0x00007ff8a6020000 - 0x00007ff8a6029000 	C:\Users\ghofr\.jdks\corretto-17.0.12\bin\extnet.dll
0x00007ff8a52c0000 - 0x00007ff8a52e4000 	C:\Users\ghofr\AppData\Local\Temp\jansi-2.4.1-e950546476fb993-jansi.dll
0x00007ff8a5fd0000 - 0x00007ff8a5fe0000 	C:\Users\ghofr\.jdks\corretto-17.0.12\bin\verify.dll

dbghelp: loaded successfully - version: 4.0.5 - missing functions: none
symbol engine: initialized successfully - sym options: 0x614 - pdb path: .;C:\Users\ghofr\.jdks\corretto-17.0.12\bin;C:\WINDOWS\SYSTEM32;C:\WINDOWS\WinSxS\amd64_microsoft.windows.common-controls_6595b64144ccf1df_6.0.22621.5124_none_270e8f4f7386d69d;C:\Users\ghofr\.jdks\corretto-17.0.12\bin\server;C:\Program Files\JetBrains\IntelliJ IDEA 2024.2.1\bin;C:\Users\ghofr\AppData\Local\Temp

VM Arguments:
jvm_args: -Dmaven.multiModuleProjectDirectory=C:\Users\ghofr\IdeaProjects\GestionReclamation -Djansi.passthrough=true -Dmaven.home=C:\Program Files\JetBrains\IntelliJ IDEA 2024.2.1\plugins\maven\lib\maven3 -Dclassworlds.conf=C:\Program Files\JetBrains\IntelliJ IDEA 2024.2.1\plugins\maven\lib\maven3\bin\m2.conf -Dmaven.ext.class.path=C:\Program Files\JetBrains\IntelliJ IDEA 2024.2.1\plugins\maven\lib\maven-event-listener.jar -javaagent:C:\Program Files\JetBrains\IntelliJ IDEA 2024.2.1\lib\idea_rt.jar=64390:C:\Program Files\JetBrains\IntelliJ IDEA 2024.2.1\bin -Dfile.encoding=UTF-8 
java_command: org.codehaus.classworlds.Launcher -Didea.version=2024.2.1 compile
java_class_path (initial): C:\Program Files\JetBrains\IntelliJ IDEA 2024.2.1\plugins\maven\lib\maven3\boot\plexus-classworlds-2.8.0.jar;C:\Program Files\JetBrains\IntelliJ IDEA 2024.2.1\plugins\maven\lib\maven3\boot\plexus-classworlds.license
Launcher Type: SUN_STANDARD

[Global flags]
     intx CICompilerCount                          = 4                                         {product} {ergonomic}
     uint ConcGCThreads                            = 2                                         {product} {ergonomic}
     uint G1ConcRefinementThreads                  = 8                                         {product} {ergonomic}
   size_t G1HeapRegionSize                         = 2097152                                   {product} {ergonomic}
    uintx GCDrainStackTargetSize                   = 64                                        {product} {ergonomic}
   size_t InitialHeapSize                          = 266338304                                 {product} {ergonomic}
   size_t MarkStackSize                            = 4194304                                   {product} {ergonomic}
   size_t MaxHeapSize                              = 4253024256                                {product} {ergonomic}
   size_t MaxNewSize                               = 2550136832                                {product} {ergonomic}
   size_t MinHeapDeltaBytes                        = 2097152                                   {product} {ergonomic}
   size_t MinHeapSize                              = 8388608                                   {product} {ergonomic}
    uintx NonNMethodCodeHeapSize                   = 5839372                                {pd product} {ergonomic}
    uintx NonProfiledCodeHeapSize                  = 122909434                              {pd product} {ergonomic}
    uintx ProfiledCodeHeapSize                     = 122909434                              {pd product} {ergonomic}
    uintx ReservedCodeCacheSize                    = 251658240                              {pd product} {ergonomic}
     bool SegmentedCodeCache                       = true                                      {product} {ergonomic}
   size_t SoftMaxHeapSize                          = 4253024256                             {manageable} {ergonomic}
     bool UseCompressedClassPointers               = true                           {product lp64_product} {ergonomic}
     bool UseCompressedOops                        = true                           {product lp64_product} {ergonomic}
     bool UseG1GC                                  = true                                      {product} {ergonomic}
     bool UseLargePagesIndividualAllocation        = false                                  {pd product} {ergonomic}

Logging:
Log output configuration:
 #0: stdout all=warning uptime,level,tags
 #1: stderr all=off uptime,level,tags

Environment Variables:
PATH=C:\Program Files (x86)\VMware\VMware Workstation\bin\;C:\oraclexe\app\oracle\product\11.2.0\server\bin;C:\Program Files (x86)\Common Files\Intel\Shared Libraries\redist\intel64\compiler;C:\Windows\system32;C:\Windows;C:\Windows\System32\Wbem;C:\Windows\System32\WindowsPowerShell\v1.0\;C:\Windows\System32\OpenSSH\;C:\Program Files (x86)\NVIDIA Corporation\PhysX\Common;C:\Program Files\NVIDIA Corporation\NVIDIA NvDLISR;C:\WINDOWS\system32;C:\WINDOWS;C:\WINDOWS\System32\Wbem;C:\WINDOWS\System32\WindowsPowerShell\v1.0\;C:\WINDOWS\System32\OpenSSH\;C:\Strawberry\c\bin;C:\Strawberry\perl\site\bin;C:\Strawberry\perl\bin;C:\instantclient12_2\1;C:\oraclexe\app\oracle\admin\XE;C:\oraclexe;C:\Program Files\Git\cmd;C:\Users\ghofr\.jdks\jbr-17.0.12-1;C:\Users\ghofr\scoop\shims;C:\Users\ghofr\AppData\Local\Microsoft\WindowsApps;;C:\Users\ghofr\AppData\Local\Programs\Microsoft VS Code\bin;C:\xampp\php;C:\Users\ghofr\AppData\Local\ComposerSetup\bin;C:\Users\ghofr\AppData\Roaming\Composer\vendor\bin;C:\Program Files\JetBrains\IntelliJ IDEA 2024.2.1\bin;;C:\Users\ghofr\AppData\Local\Programs\Windsurf\bin;C:\Users\ghofr\AppData\Local\Programs\cursor\resources\app\bin
USERNAME=ghofr
OS=Windows_NT
PROCESSOR_IDENTIFIER=Intel64 Family 6 Model 165 Stepping 2, GenuineIntel
TMP=C:\Users\ghofr\AppData\Local\Temp
TEMP=C:\Users\ghofr\AppData\Local\Temp



Periodic native trim disabled


---------------  S Y S T E M  ---------------

OS:
 Windows 11 , 64 bit Build 22621 (10.0.22621.5124)
OS uptime: 5 days 5:35 hours

CPU: total 8 (initial active 8) (4 cores per cpu, 2 threads per core) family 6 model 165 stepping 2 microcode 0xe0, cx8, cmov, fxsr, ht, mmx, 3dnowpref, sse, sse2, sse3, ssse3, sse4.1, sse4.2, popcnt, lzcnt, tsc, tscinvbit, avx, avx2, aes, erms, clmul, bmi1, bmi2, adx, fma, vzeroupper, clflush, clflushopt
Processor Information for all 8 processors :
  Max Mhz: 2496, Current Mhz: 2496, Mhz Limit: 2496

Memory: 4k page, system-wide physical 16221M (1520M free)
TotalPageFile size 65373M (AvailPageFile size 821M)
current process WorkingSet (physical memory assigned to process): 105M, peak: 105M
current process commit charge ("private bytes"): 368M, peak: 369M

vm_info: OpenJDK 64-Bit Server VM (17.0.12+7-LTS) for windows-amd64 JRE (17.0.12+7-LTS), built on Jul 10 2024 20:46:33 by "Administrator" with MS VC++ 16.10 / 16.11 (VS2019)

END.
