#
# There is insufficient memory for the Java Runtime Environment to continue.
# Native memory allocation (mmap) failed to map 65536 bytes. Error detail: Failed to commit metaspace.
# Possible reasons:
#   The system is out of physical RAM or swap space
#   This process is running with CompressedOops enabled, and the Java Heap may be blocking the growth of the native heap
# Possible solutions:
#   Reduce memory load on the system
#   Increase physical memory or swap space
#   Check if swap backing store is full
#   Decrease Java heap size (-Xmx/-Xms)
#   Decrease number of Java threads
#   Decrease Java thread stack sizes (-Xss)
#   Set larger code cache with -XX:ReservedCodeCacheSize=
#   JVM is running with Zero Based Compressed Oops mode in which the Java heap is
#     placed in the first 32GB address space. The Java Heap base address is the
#     maximum limit for the native heap growth. Please use -XX:HeapBaseMinAddress
#     to set the Java Heap base and to place the Java Heap above 32GB virtual address.
# This output file may be truncated or incomplete.
#
#  Out of Memory Error (virtualSpaceNode.cpp:110), pid=70120, tid=70096
#
# JRE version: OpenJDK Runtime Environment Corretto-17.0.12.7.1 (17.0.12+7) (build 17.0.12+7-LTS)
# Java VM: OpenJDK 64-Bit Server VM Corretto-17.0.12.7.1 (17.0.12+7-LTS, mixed mode, sharing, tiered, compressed oops, compressed class ptrs, g1 gc, windows-amd64)
# No core dump will be written. Minidumps are not enabled by default on client versions of Windows
#

---------------  S U M M A R Y ------------

Command Line: -Dmaven.multiModuleProjectDirectory=C:\Users\ghofr\IdeaProjects\GestionReclamation -Djansi.passthrough=true -Dmaven.home=C:\Program Files\JetBrains\IntelliJ IDEA 2024.2.1\plugins\maven\lib\maven3 -Dclassworlds.conf=C:\Program Files\JetBrains\IntelliJ IDEA 2024.2.1\plugins\maven\lib\maven3\bin\m2.conf -Dmaven.ext.class.path=C:\Program Files\JetBrains\IntelliJ IDEA 2024.2.1\plugins\maven\lib\maven-event-listener.jar -javaagent:C:\Program Files\JetBrains\IntelliJ IDEA 2024.2.1\lib\idea_rt.jar=64387:C:\Program Files\JetBrains\IntelliJ IDEA 2024.2.1\bin -Dfile.encoding=UTF-8 org.codehaus.classworlds.Launcher -Didea.version=2024.2.1 compile

Host: Intel(R) Core(TM) i5-10300H CPU @ 2.50GHz, 8 cores, 15G,  Windows 11 , 64 bit Build 22621 (10.0.22621.5124)
Time: Sat Apr 19 15:13:26 2025 Afr. centrale Ouest elapsed time: 2.711347 seconds (0d 0h 0m 2s)

---------------  T H R E A D  ---------------

Current thread (0x000002c62b4c8060):  JavaThread "main" [_thread_in_vm, id=70096, stack(0x000000d600d00000,0x000000d600e00000)]

Stack: [0x000000d600d00000,0x000000d600e00000]
Native frames: (J=compiled Java code, j=interpreted, Vv=VM code, C=native code)
V  [jvm.dll+0x67f4f9]
V  [jvm.dll+0x836eaa]
V  [jvm.dll+0x83896e]
V  [jvm.dll+0x838fd3]
V  [jvm.dll+0x247f6f]
V  [jvm.dll+0x832b5d]
V  [jvm.dll+0x623a6e]
V  [jvm.dll+0x1c1d2b]
V  [jvm.dll+0x6263bd]
V  [jvm.dll+0x624416]
V  [jvm.dll+0x23c2ff]
V  [jvm.dll+0x62e305]
V  [jvm.dll+0x1ebd5b]
V  [jvm.dll+0x1ec295]
V  [jvm.dll+0x1ecd52]
V  [jvm.dll+0x1e2141]
V  [jvm.dll+0x54429e]
V  [jvm.dll+0x7b0e68]
V  [jvm.dll+0x7b0f54]
V  [jvm.dll+0x4113c5]
V  [jvm.dll+0x417549]
C  [java.dll+0x17ec]

Java frames: (J=compiled Java code, j=interpreted, Vv=VM code)
J 1084  java.lang.ClassLoader.defineClass1(Ljava/lang/ClassLoader;Ljava/lang/String;[BIILjava/security/ProtectionDomain;Ljava/lang/String;)Ljava/lang/Class; java.base@17.0.12 (0 bytes) @ 0x000002c63ab23863 [0x000002c63ab237a0+0x00000000000000c3]
J 943 c1 java.lang.ClassLoader.defineClass(Ljava/lang/String;[BIILjava/security/ProtectionDomain;)Ljava/lang/Class; java.base@17.0.12 (43 bytes) @ 0x000002c6331c10dc [0x000002c6331c0d80+0x000000000000035c]
J 893 c1 java.security.SecureClassLoader.defineClass(Ljava/lang/String;[BIILjava/security/CodeSource;)Ljava/lang/Class; java.base@17.0.12 (16 bytes) @ 0x000002c6331a0d8c [0x000002c6331a0cc0+0x00000000000000cc]
J 812 c1 java.net.URLClassLoader.defineClass(Ljava/lang/String;Ljdk/internal/loader/Resource;)Ljava/lang/Class; java.base@17.0.12 (224 bytes) @ 0x000002c63316f30c [0x000002c63316dc20+0x00000000000016ec]
J 890 c1 java.net.URLClassLoader$1.run()Ljava/lang/Class; java.base@17.0.12 (81 bytes) @ 0x000002c6331a22cc [0x000002c6331a1640+0x0000000000000c8c]
J 889 c1 java.net.URLClassLoader$1.run()Ljava/lang/Object; java.base@17.0.12 (5 bytes) @ 0x000002c6331a1144 [0x000002c6331a10c0+0x0000000000000084]
J 611 c1 java.security.AccessController.doPrivileged(Ljava/security/PrivilegedExceptionAction;Ljava/security/AccessControlContext;)Ljava/lang/Object; java.base@17.0.12 (26 bytes) @ 0x000002c6330e347c [0x000002c6330e32a0+0x00000000000001dc]
J 887 c1 java.net.URLClassLoader.findClass(Ljava/lang/String;)Ljava/lang/Class; java.base@17.0.12 (47 bytes) @ 0x000002c63319f84c [0x000002c63319f6a0+0x00000000000001ac]
J 809 c1 org.codehaus.plexus.classworlds.realm.ClassRealm.loadClassFromSelf(Ljava/lang/String;)Ljava/lang/Class; (40 bytes) @ 0x000002c63316cb0c [0x000002c63316c780+0x000000000000038c]
J 895 c1 org.codehaus.plexus.classworlds.strategy.SelfFirstStrategy.loadClass(Ljava/lang/String;)Ljava/lang/Class; (50 bytes) @ 0x000002c6331a5c34 [0x000002c6331a5840+0x00000000000003f4]
J 634 c1 org.codehaus.plexus.classworlds.realm.ClassRealm.loadClass(Ljava/lang/String;Z)Ljava/lang/Class; (33 bytes) @ 0x000002c6330eb4d4 [0x000002c6330eb360+0x0000000000000174]
J 633 c1 org.codehaus.plexus.classworlds.realm.ClassRealm.loadClass(Ljava/lang/String;)Ljava/lang/Class; (7 bytes) @ 0x000002c6330eb01c [0x000002c6330eaf20+0x00000000000000fc]
J 895 c1 org.codehaus.plexus.classworlds.strategy.SelfFirstStrategy.loadClass(Ljava/lang/String;)Ljava/lang/Class; (50 bytes) @ 0x000002c6331a5fd4 [0x000002c6331a5840+0x0000000000000794]
J 634 c1 org.codehaus.plexus.classworlds.realm.ClassRealm.loadClass(Ljava/lang/String;Z)Ljava/lang/Class; (33 bytes) @ 0x000002c6330eb4d4 [0x000002c6330eb360+0x0000000000000174]
J 633 c1 org.codehaus.plexus.classworlds.realm.ClassRealm.loadClass(Ljava/lang/String;)Ljava/lang/Class; (7 bytes) @ 0x000002c6330eb01c [0x000002c6330eaf20+0x00000000000000fc]
J 1602 c1 org.eclipse.sisu.space.URLClassSpace.loadClass(Ljava/lang/String;)Ljava/lang/Class; (31 bytes) @ 0x000002c6333233f4 [0x000002c6333232e0+0x0000000000000114]
j  org.eclipse.sisu.space.NamedClass.load()Ljava/lang/Class;+8
j  org.eclipse.sisu.wire.DependencyAnalyzer.visit(Lcom/google/inject/spi/ProviderInstanceBinding;)Ljava/lang/Boolean;+21
j  org.eclipse.sisu.wire.DependencyAnalyzer.visit(Lcom/google/inject/spi/ProviderInstanceBinding;)Ljava/lang/Object;+2
j  com.google.inject.internal.ProviderInstanceBindingImpl.acceptTargetVisitor(Lcom/google/inject/spi/BindingTargetVisitor;)Ljava/lang/Object;+27
j  org.eclipse.sisu.wire.ElementAnalyzer.visit(Lcom/google/inject/Binding;)Ljava/lang/Void;+43
j  org.eclipse.sisu.wire.ElementAnalyzer.visit(Lcom/google/inject/Binding;)Ljava/lang/Object;+2
j  com.google.inject.internal.BindingImpl.acceptVisitor(Lcom/google/inject/spi/ElementVisitor;)Ljava/lang/Object;+2
j  org.eclipse.sisu.wire.WireModule.configure(Lcom/google/inject/Binder;)V+45
j  com.google.inject.spi.Elements$RecordingBinder.install(Lcom/google/inject/Module;)V+209
j  com.google.inject.spi.Elements.getElements(Lcom/google/inject/Stage;Ljava/lang/Iterable;)Ljava/util/List;+40
j  com.google.inject.internal.InjectorShell$Builder.build(Lcom/google/inject/internal/Initializer;Lcom/google/inject/internal/ProcessedBindingData;Lcom/google/inject/internal/util/ContinuousStopwatch;Lcom/google/inject/internal/Errors;)Ljava/util/List;+163
j  com.google.inject.internal.InternalInjectorCreator.build()Lcom/google/inject/Injector;+48
j  com.google.inject.Guice.createInjector(Lcom/google/inject/Stage;Ljava/lang/Iterable;)Lcom/google/inject/Injector;+15
j  com.google.inject.Guice.createInjector(Ljava/lang/Iterable;)Lcom/google/inject/Injector;+4
j  com.google.inject.Guice.createInjector([Lcom/google/inject/Module;)Lcom/google/inject/Injector;+4
j  org.codehaus.plexus.DefaultPlexusContainer.addPlexusInjector(Ljava/util/List;[Lcom/google/inject/Module;)Lcom/google/inject/Injector;+88
j  org.codehaus.plexus.DefaultPlexusContainer.<init>(Lorg/codehaus/plexus/ContainerConfiguration;[Lcom/google/inject/Module;)V+406
j  org.apache.maven.cli.MavenCli.container(Lorg/apache/maven/cli/CliRequest;)Lorg/codehaus/plexus/PlexusContainer;+279
j  org.apache.maven.cli.MavenCli.doMain(Lorg/apache/maven/cli/CliRequest;)I+34
j  org.apache.maven.cli.MavenCli.main([Ljava/lang/String;Lorg/codehaus/plexus/classworlds/ClassWorld;)I+24
v  ~StubRoutines::call_stub
j  jdk.internal.reflect.NativeMethodAccessorImpl.invoke0(Ljava/lang/reflect/Method;Ljava/lang/Object;[Ljava/lang/Object;)Ljava/lang/Object;+0 java.base@17.0.12
j  jdk.internal.reflect.NativeMethodAccessorImpl.invoke(Ljava/lang/Object;[Ljava/lang/Object;)Ljava/lang/Object;+133 java.base@17.0.12
j  jdk.internal.reflect.DelegatingMethodAccessorImpl.invoke(Ljava/lang/Object;[Ljava/lang/Object;)Ljava/lang/Object;+6 java.base@17.0.12
j  java.lang.reflect.Method.invoke(Ljava/lang/Object;[Ljava/lang/Object;)Ljava/lang/Object;+59 java.base@17.0.12
j  org.codehaus.plexus.classworlds.launcher.Launcher.launchEnhanced([Ljava/lang/String;)V+45
j  org.codehaus.plexus.classworlds.launcher.Launcher.launch([Ljava/lang/String;)V+2
j  org.codehaus.plexus.classworlds.launcher.Launcher.mainWithExitCode([Ljava/lang/String;)I+108
j  org.codehaus.plexus.classworlds.launcher.Launcher.main([Ljava/lang/String;)V+1
j  org.codehaus.classworlds.Launcher.main([Ljava/lang/String;)V+1
v  ~StubRoutines::call_stub

Compiled method (n/a)    2741 1084     n 0       java.lang.ClassLoader::defineClass1 (native)
 total in heap  [0x000002c63ab23610,0x000002c63ab23af0] = 1248
 relocation     [0x000002c63ab23768,0x000002c63ab237a0] = 56
 main code      [0x000002c63ab237a0,0x000002c63ab23af0] = 848

[Constant Pool (empty)]

[MachCode]
[Entry Point]
  # {method} {0x000002c64f010f28} 'defineClass1' '(Ljava/lang/ClassLoader;Ljava/lang/String;[BIILjava/security/ProtectionDomain;Ljava/lang/String;)Ljava/lang/Class;' in 'java/lang/ClassLoader'
  # parm0:    rdx:rdx   = 'java/lang/ClassLoader'
  # parm1:    r8:r8     = 'java/lang/String'
  # parm2:    r9:r9     = '[B'
  # parm3:    rdi       = int
  # parm4:    rsi       = int
  # parm5:    rcx:rcx   = 'java/security/ProtectionDomain'
  # parm6:    [sp+0xa0]   = 'java/lang/String'  (sp of caller)
  0x000002c63ab237a0: 448b 5208 | 49bb 0000 | 004f c602 | 0000 4d03 | d349 3bc2 | 0f84 0600 

  0x000002c63ab237b8: ;   {runtime_call ic_miss_stub}
  0x000002c63ab237b8: 0000 e9c1 | d8a4 ff90 
[Verified Entry Point]
  0x000002c63ab237c0: 8984 2400 | 90ff ff55 | 488b ec48 | 81ec 9000 | 0000 4881 | 7d10 0000 | 0000 488d | 4510 480f 
  0x000002c63ab237e0: 4445 1048 | 8944 2440 | 4889 4c24 | 7048 83f9 | 0048 8d44 | 2470 480f | 4444 2470 | 4889 4424 
  0x000002c63ab23800: 3848 8974 | 2430 4889 | 7c24 284c | 894c 2458 | 4983 f900 | 488d 4424 | 5848 0f44 | 4424 5848 
  0x000002c63ab23820: 8944 2420 | 4c89 4424 | 5049 83f8 | 004c 8d4c | 2450 4c0f | 444c 2450 | 4889 5424 | 4848 83fa 
  0x000002c63ab23840: 004c 8d44 | 2448 4c0f | 4444 2448 

  0x000002c63ab2384c: ;   {oop(a 'java/lang/Class'{0x0000000710ec60d8} = 'java/lang/ClassLoader')}
  0x000002c63ab2384c: 49be d860 | ec10 0700 | 0000 4c89 | 7424 784c | 8d74 2478 | 498b d6c5 

  0x000002c63ab23864: ;   {internal_word}
  0x000002c63ab23864: f877 49ba | 6338 b23a | c602 0000 | 4d89 97a0 | 0200 0049 | 89a7 9802 

  0x000002c63ab2387c: ;   {external_word}
  0x000002c63ab2387c: 0000 49ba | 39b6 8e28 | f87f 0000 | 4180 3a00 | 0f84 5200 | 0000 5241 

  0x000002c63ab23894: ;   {metadata({method} {0x000002c64f010f28} 'defineClass1' '(Ljava/lang/ClassLoader;Ljava/lang/String;[BIILjava/security/ProtectionDomain;Ljava/lang/String;)Ljava/lang/Class;' in 'java/lang/ClassLoader')}
  0x000002c63ab23894: 5041 5148 | ba20 0f01 | 4fc6 0200 | 0049 8bcf | 4883 ec20 | f7c4 0f00 | 0000 0f84 | 1a00 0000 
  0x000002c63ab238b4: 4883 ec08 

  0x000002c63ab238b8: ;   {runtime_call}
  0x000002c63ab238b8: 49ba c049 | 4428 f87f | 0000 41ff | d248 83c4 | 08e9 0d00 

  0x000002c63ab238cc: ;   {runtime_call}
  0x000002c63ab238cc: 0000 49ba | c049 4428 | f87f 0000 | 41ff d248 | 83c4 2041 | 5941 585a | 498d 8fb8 | 0200 0041 
  0x000002c63ab238ec: c787 4803 | 0000 0400 

  0x000002c63ab238f4: ;   {runtime_call}
  0x000002c63ab238f4: 0000 49ba | ac16 88a5 | f87f 0000 | 41ff d2c5 | f877 41c7 | 8748 0300 | 0005 0000 | 00f0 8344 
  0x000002c63ab23914: 24c0 0049 | 3baf 5003 | 0000 0f87 | 1100 0000 | 4181 bf38 | 0300 0000 | 0000 000f | 842c 0000 
  0x000002c63ab23934: 00c5 f877 | 4889 45f8 | 498b cf4c | 8be4 4883 | ec20 4883 

  0x000002c63ab23948: ;   {runtime_call}
  0x000002c63ab23948: e4f0 49ba | 6067 5428 | f87f 0000 | 41ff d249 | 8be4 4d33 | e448 8b45 | f841 c787 | 4803 0000 
  0x000002c63ab23968: 0800 0000 | 4181 bfb8 | 0300 0002 | 0000 000f | 843f 0100 

  0x000002c63ab2397c: ;   {external_word}
  0x000002c63ab2397c: 0049 ba39 | b68e 28f8 | 7f00 0041 | 803a 000f | 8450 0000 | 0048 8945 

  0x000002c63ab23994: ;   {metadata({method} {0x000002c64f010f28} 'defineClass1' '(Ljava/lang/ClassLoader;Ljava/lang/String;[BIILjava/security/ProtectionDomain;Ljava/lang/String;)Ljava/lang/Class;' in 'java/lang/ClassLoader')}
  0x000002c63ab23994: f848 ba20 | 0f01 4fc6 | 0200 0049 | 8bcf 4883 | ec20 f7c4 | 0f00 0000 | 0f84 1a00 | 0000 4883 
  0x000002c63ab239b4: ;   {runtime_call}
  0x000002c63ab239b4: ec08 49ba | c049 4428 | f87f 0000 | 41ff d248 | 83c4 08e9 | 0d00 0000 

  0x000002c63ab239cc: ;   {runtime_call}
  0x000002c63ab239cc: 49ba c049 | 4428 f87f | 0000 41ff | d248 83c4 | 2048 8b45 | f849 c787 | 9802 0000 | 0000 0000 
  0x000002c63ab239ec: 49c7 87a0 | 0200 0000 | 0000 00c5 | f877 4885 | c00f 8493 | 0000 0048 | f7c0 0100 | 0000 0f84 
  0x000002c63ab23a0c: 8300 0000 | 488b 40ff | 4180 7f38 | 000f 846f | 0000 0048 | 83f8 000f | 8465 0000 | 0049 8b4f 
  0x000002c63ab23a2c: 2048 83f9 | 000f 8414 | 0000 0048 | 83e9 0849 | 894f 2049 | 034f 3048 | 8901 e943 | 0000 0050 
  0x000002c63ab23a4c: 498b d748 | 8bc8 4883 | ec20 f7c4 | 0f00 0000 | 0f84 1a00 | 0000 4883 

  0x000002c63ab23a64: ;   {runtime_call}
  0x000002c63ab23a64: ec08 49ba | 7051 0328 | f87f 0000 | 41ff d248 | 83c4 08e9 | 0d00 0000 

  0x000002c63ab23a7c: ;   {runtime_call}
  0x000002c63ab23a7c: 49ba 7051 | 0328 f87f | 0000 41ff | d248 83c4 | 2058 e903 | 0000 0048 | 8b00 498b | 8fd8 0000 
  0x000002c63ab23a9c: 00c7 8100 | 0100 0000 | 0000 00c9 | 4981 7f08 | 0000 0000 | 0f85 0100 

  0x000002c63ab23ab4: ;   {runtime_call StubRoutines (1)}
  0x000002c63ab23ab4: 0000 c3e9 | 44d4 9fff | c5f8 7748 | 8945 f84c | 8be4 4883 | ec20 4883 

  0x000002c63ab23acc: ;   {runtime_call}
  0x000002c63ab23acc: e4f0 49ba | 407a 4428 | f87f 0000 | 41ff d249 | 8be4 4d33 | e448 8b45 | f8e9 93fe | ffff f4f4 
  0x000002c63ab23aec: f4f4 f4f4 
[/MachCode]


Compiled method (c1)    2753  943       3       java.lang.ClassLoader::defineClass (43 bytes)
 total in heap  [0x000002c6331c0b90,0x000002c6331c14c8] = 2360
 relocation     [0x000002c6331c0ce8,0x000002c6331c0d78] = 144
 main code      [0x000002c6331c0d80,0x000002c6331c1220] = 1184
 stub code      [0x000002c6331c1220,0x000002c6331c1298] = 120
 metadata       [0x000002c6331c1298,0x000002c6331c12c8] = 48
 scopes data    [0x000002c6331c12c8,0x000002c6331c13b8] = 240
 scopes pcs     [0x000002c6331c13b8,0x000002c6331c1498] = 224
 dependencies   [0x000002c6331c1498,0x000002c6331c14a0] = 8
 nul chk table  [0x000002c6331c14a0,0x000002c6331c14c8] = 40

[Constant Pool (empty)]

[MachCode]
[Entry Point]
  # {method} {0x000002c64f010cc0} 'defineClass' '(Ljava/lang/String;[BIILjava/security/ProtectionDomain;)Ljava/lang/Class;' in 'java/lang/ClassLoader'
  # this:     rdx:rdx   = 'java/lang/ClassLoader'
  # parm0:    r8:r8     = 'java/lang/String'
  # parm1:    r9:r9     = '[B'
  # parm2:    rdi       = int
  # parm3:    rsi       = int
  # parm4:    rcx:rcx   = 'java/security/ProtectionDomain'
  #           [sp+0xc0]  (sp of caller)
  0x000002c6331c0d80: 448b 5208 | 49bb 0000 | 004f c602 | 0000 4d03 | d34c 3bd0 

  0x000002c6331c0d94: ;   {runtime_call ic_miss_stub}
  0x000002c6331c0d94: 0f85 e602 | 3b07 660f | 1f44 0000 
[Verified Entry Point]
  0x000002c6331c0da0: 8984 2400 | 90ff ff55 | 4881 ecb0 | 0000 0048 | 8954 2478 

  0x000002c6331c0db4: ;   {metadata(method data for {method} {0x000002c64f010cc0} 'defineClass' '(Ljava/lang/String;[BIILjava/security/ProtectionDomain;)Ljava/lang/Class;' in 'java/lang/ClassLoader')}
  0x000002c6331c0db4: 48bb 38a2 | 1b90 c602 | 0000 8b83 | cc00 0000 | 83c0 0289 | 83cc 0000 | 0081 e0fe | 0700 0083 
  0x000002c6331c0dd4: f800 0f84 | 5603 0000 | 89b4 2494 | 0000 0089 | bc24 9000 | 0000 4c89 | 8c24 8800 | 0000 488b 
  0x000002c6331c0df4: ;   {metadata(method data for {method} {0x000002c64f010cc0} 'defineClass' '(Ljava/lang/String;[BIILjava/security/ProtectionDomain;)Ljava/lang/Class;' in 'java/lang/ClassLoader')}
  0x000002c6331c0df4: da48 b838 | a21b 90c6 | 0200 0048 | 8380 1001 | 0000 0149 | 8bd8 4c8b | c34c 8bc9 | 488b ca48 
  0x000002c6331c0e14: 8bd1 4889 | 9c24 8000 

  0x000002c6331c0e1c: ;   {optimized virtual_call}
  0x000002c6331c0e1c: 0000 90e8 

  0x000002c6331c0e20: ; ImmutableOopMap {[120]=Oop [136]=Oop [128]=Oop }
                      ;*invokevirtual preDefineClass {reexecute=0 rethrow=0 return_oop=0}
                      ; - java.lang.ClassLoader::defineClass@4 (line 1015)
  0x000002c6331c0e20: 7ca4 fdff | 4889 8424 | 9800 0000 | 488b 5424 

  0x000002c6331c0e30: ;   {metadata(method data for {method} {0x000002c64f010cc0} 'defineClass' '(Ljava/lang/String;[BIILjava/security/ProtectionDomain;)Ljava/lang/Class;' in 'java/lang/ClassLoader')}
  0x000002c6331c0e30: 7849 b838 | a21b 90c6 | 0200 0049 | 8380 4801 

  0x000002c6331c0e40: ;   {metadata(method data for {method} {0x000002c64f010ed0} 'defineClassSourceLocation' '(Ljava/security/ProtectionDomain;)Ljava/lang/String;' in 'java/lang/ClassLoader')}
  0x000002c6331c0e40: 0000 0149 | b878 6e1f | 90c6 0200 | 0041 8b90 | cc00 0000 | 83c2 0241 | 8990 cc00 | 0000 81e2 
  0x000002c6331c0e60: feff 1f00 | 83fa 000f | 84e6 0200 | 0048 3b00 

  0x000002c6331c0e70: ;   {metadata(method data for {method} {0x000002c64f010ed0} 'defineClassSourceLocation' '(Ljava/security/ProtectionDomain;)Ljava/lang/String;' in 'java/lang/ClassLoader')}
  0x000002c6331c0e70: 4c8b c048 | ba78 6e1f | 90c6 0200 | 0048 8382 | 1001 0000 | 0144 8b40 | 1049 c1e0 | 0349 83f8 
  0x000002c6331c0e90: ;   {metadata(method data for {method} {0x000002c64f010ed0} 'defineClassSourceLocation' '(Ljava/security/ProtectionDomain;)Ljava/lang/String;' in 'java/lang/ClassLoader')}
  0x000002c6331c0e90: 0048 ba78 | 6e1f 90c6 | 0200 0048 | be58 0100 | 0000 0000 | 000f 850a | 0000 0048 | be48 0100 
  0x000002c6331c0eb0: 0000 0000 | 0048 8b3c | 3248 8d7f | 0148 893c | 320f 850f 

  0x000002c6331c0ec4: ;   {oop(NULL)}
  0x000002c6331c0ec4: 0000 0048 | bb00 0000 | 0000 0000 | 00e9 b101 | 0000 493b | 0049 8bd0 

  0x000002c6331c0edc: ;   {metadata(method data for {method} {0x000002c64f010ed0} 'defineClassSourceLocation' '(Ljava/security/ProtectionDomain;)Ljava/lang/String;' in 'java/lang/ClassLoader')}
  0x000002c6331c0edc: 48be 786e | 1f90 c602 | 0000 4883 | 8668 0100 | 0001 418b | 500c 48c1 | e203 4883 

  0x000002c6331c0ef8: ;   {metadata(method data for {method} {0x000002c64f010ed0} 'defineClassSourceLocation' '(Ljava/security/ProtectionDomain;)Ljava/lang/String;' in 'java/lang/ClassLoader')}
  0x000002c6331c0ef8: fa00 48be | 786e 1f90 | c602 0000 | 48bf b001 | 0000 0000 | 0000 0f85 | 0a00 0000 | 48bf a001 
  0x000002c6331c0f18: 0000 0000 | 0000 488b | 1c3e 488d | 5b01 4889 | 1c3e 0f85 | 0f00 0000 

  0x000002c6331c0f30: ;   {oop(NULL)}
  0x000002c6331c0f30: 48bb 0000 | 0000 0000 | 0000 e948 

  0x000002c6331c0f3c: ;   {metadata(method data for {method} {0x000002c64f010ed0} 'defineClassSourceLocation' '(Ljava/security/ProtectionDomain;)Ljava/lang/String;' in 'java/lang/ClassLoader')}
  0x000002c6331c0f3c: 0100 0048 | be78 6e1f | 90c6 0200 | 0048 8386 | c001 0000 | 0148 3b02 

  0x000002c6331c0f54: ;   {metadata(method data for {method} {0x000002c64f010ed0} 'defineClassSourceLocation' '(Ljava/security/ProtectionDomain;)Ljava/lang/String;' in 'java/lang/ClassLoader')}
  0x000002c6331c0f54: 4c8b c248 | be78 6e1f | 90c6 0200 | 0048 8386 | f801 0000 

  0x000002c6331c0f68: ;   {metadata(method data for {method} {0x000002c64f069960} 'toString' '()Ljava/lang/String;' in 'java/net/URL')}
  0x000002c6331c0f68: 0149 b808 | 3e19 90c6 | 0200 0041 | 8bb0 cc00 | 0000 83c6 | 0241 89b0 | cc00 0000 | 81e6 feff 
  0x000002c6331c0f88: 1f00 83fe | 000f 84f0 | 0100 004c 

  0x000002c6331c0f94: ;   {metadata(method data for {method} {0x000002c64f069960} 'toString' '()Ljava/lang/String;' in 'java/net/URL')}
  0x000002c6331c0f94: 8bc2 48be | 083e 1990 | c602 0000 | 4883 8610 | 0100 0001 

  0x000002c6331c0fa8: ;   {metadata(method data for {method} {0x000002c64f06a1f8} 'toExternalForm' '()Ljava/lang/String;' in 'java/net/URL')}
  0x000002c6331c0fa8: 49b8 903f | 1990 c602 | 0000 418b | b0cc 0000 | 0083 c602 | 4189 b0cc | 0000 0081 | e6fe ff1f 
  0x000002c6331c0fc8: 0083 fe00 | 0f84 d201 | 0000 8b72 | 3848 c1e6 | 0348 3b06 

  0x000002c6331c0fdc: ;   {metadata(method data for {method} {0x000002c64f06a1f8} 'toExternalForm' '()Ljava/lang/String;' in 'java/net/URL')}
  0x000002c6331c0fdc: 4c8b c648 | bf90 3f19 | 90c6 0200 | 0045 8b40 | 0849 ba00 | 0000 4fc6 | 0200 004d | 03c2 4c3b 
  0x000002c6331c0ffc: 8720 0100 | 0075 0d48 | 8387 2801 | 0000 01e9 | 6600 0000 | 4c3b 8730 | 0100 0075 | 0d48 8387 
  0x000002c6331c101c: 3801 0000 | 01e9 5000 | 0000 4881 | bf20 0100 | 0000 0000 | 0075 174c | 8987 2001 | 0000 48c7 
  0x000002c6331c103c: 8728 0100 | 0001 0000 | 00e9 2c00 | 0000 4881 | bf30 0100 | 0000 0000 | 0075 174c | 8987 3001 
  0x000002c6331c105c: 0000 48c7 | 8738 0100 | 0001 0000 | 00e9 0800 | 0000 4883 | 8710 0100 | 0001 4c8b | c248 8bd6 
  0x000002c6331c107c: ;   {optimized virtual_call}
  0x000002c6331c107c: 6666 90e8 

  0x000002c6331c1080: ; ImmutableOopMap {[120]=Oop [136]=Oop [128]=Oop [152]=Oop }
                      ;*invokevirtual toExternalForm {reexecute=0 rethrow=0 return_oop=0}
                      ; - java.net.URL::toExternalForm@5 (line 1039)
                      ; - java.net.URL::toString@1 (line 1025)
                      ; - java.lang.ClassLoader::defineClassSourceLocation@22 (line 917)
                      ; - java.lang.ClassLoader::defineClass@12 (line 1016)
  0x000002c6331c1080: bc99 fcff | 488b d848 | 8b84 2498 | 0000 008b | b424 9400 | 0000 8bbc | 2490 0000 | 004c 8b8c 
  0x000002c6331c10a0: 2488 0000 | 004c 8b84 | 2480 0000 | 0048 8b54 

  0x000002c6331c10b0: ;   {metadata(method data for {method} {0x000002c64f010cc0} 'defineClass' '(Ljava/lang/String;[BIILjava/security/ProtectionDomain;)Ljava/lang/Class;' in 'java/lang/ClassLoader')}
  0x000002c6331c10b0: 2478 48b9 | 38a2 1b90 | c602 0000 | 4883 8180 | 0100 0001 | 4c8b da49 | 8bd3 488b | c848 891c 
  0x000002c6331c10d0: 2466 0f1f 

  0x000002c6331c10d4: ;   {static_call}
  0x000002c6331c10d4: 4400 00e8 

  0x000002c6331c10d8: ; ImmutableOopMap {[152]=Oop [120]=Oop }
                      ;*invokestatic defineClass1 {reexecute=0 rethrow=0 return_oop=0}
                      ; - java.lang.ClassLoader::defineClass@27 (line 1017)
  0x000002c6331c10d8: e426 9607 | 488b 5424 

  0x000002c6331c10e0: ;   {metadata(method data for {method} {0x000002c64f010cc0} 'defineClass' '(Ljava/lang/String;[BIILjava/security/ProtectionDomain;)Ljava/lang/Class;' in 'java/lang/ClassLoader')}
  0x000002c6331c10e0: 7849 b838 | a21b 90c6 | 0200 0049 | 8380 9001 | 0000 014c | 8bc0 4c8b | 8c24 9800 | 0000 488b 
  0x000002c6331c1100: 5424 7848 | 8984 24a0 | 0000 000f 

  0x000002c6331c110c: ;   {optimized virtual_call}
  0x000002c6331c110c: 1f40 00e8 

  0x000002c6331c1110: ; ImmutableOopMap {[160]=Oop }
                      ;*invokevirtual postDefineClass {reexecute=0 rethrow=0 return_oop=0}
                      ; - java.lang.ClassLoader::defineClass@37 (line 1018)
  0x000002c6331c1110: 8c90 ffff | 488b 8424 | a000 0000 | 4881 c4b0 | 0000 005d 

  0x000002c6331c1124: ;   {poll_return}
  0x000002c6331c1124: 493b a750 | 0300 000f | 8799 0000 

  0x000002c6331c1130: ;   {metadata({method} {0x000002c64f010cc0} 'defineClass' '(Ljava/lang/String;[BIILjava/security/ProtectionDomain;)Ljava/lang/Class;' in 'java/lang/ClassLoader')}
  0x000002c6331c1130: 00c3 49ba | b80c 014f | c602 0000 | 4c89 5424 | 0848 c704 | 24ff ffff 

  0x000002c6331c1148: ;   {runtime_call counter_overflow Runtime1 stub}
  0x000002c6331c1148: ffe8 b2bd 

  0x000002c6331c114c: ; ImmutableOopMap {rdx=Oop [120]=Oop r8=Oop r9=Oop rcx=Oop }
                      ;*synchronization entry
                      ; - java.lang.ClassLoader::defineClass@-1 (line 1015)
  0x000002c6331c114c: 4507 e989 

  0x000002c6331c1150: ;   {metadata({method} {0x000002c64f010ed0} 'defineClassSourceLocation' '(Ljava/security/ProtectionDomain;)Ljava/lang/String;' in 'java/lang/ClassLoader')}
  0x000002c6331c1150: fcff ff49 | bac8 0e01 | 4fc6 0200 | 004c 8954 | 2408 48c7 | 0424 ffff 

  0x000002c6331c1168: ;   {runtime_call counter_overflow Runtime1 stub}
  0x000002c6331c1168: ffff e891 

  0x000002c6331c116c: ; ImmutableOopMap {[120]=Oop [136]=Oop [128]=Oop rax=Oop [152]=Oop }
                      ;*synchronization entry
                      ; - java.lang.ClassLoader::defineClassSourceLocation@-1 (line 914)
                      ; - java.lang.ClassLoader::defineClass@12 (line 1016)
  0x000002c6331c116c: bd45 07e9 | f9fc ffff 

  0x000002c6331c1174: ;   {runtime_call throw_null_pointer_exception Runtime1 stub}
  0x000002c6331c1174: e827 683c 

  0x000002c6331c1178: ; ImmutableOopMap {[120]=Oop [136]=Oop [128]=Oop rax=Oop [152]=Oop }
                      ;*invokevirtual getCodeSource {reexecute=0 rethrow=0 return_oop=0}
                      ; - java.lang.ClassLoader::defineClassSourceLocation@1 (line 914)
                      ; - java.lang.ClassLoader::defineClass@12 (line 1016)
                      ;   {runtime_call throw_null_pointer_exception Runtime1 stub}
  0x000002c6331c1178: 07e8 2268 

  0x000002c6331c117c: ; ImmutableOopMap {[120]=Oop [136]=Oop [128]=Oop rax=Oop [152]=Oop r8=Oop }
                      ;*invokevirtual getLocation {reexecute=0 rethrow=0 return_oop=0}
                      ; - java.lang.ClassLoader::defineClassSourceLocation@12 (line 916)
                      ; - java.lang.ClassLoader::defineClass@12 (line 1016)
                      ;   {runtime_call throw_null_pointer_exception Runtime1 stub}
  0x000002c6331c117c: 3c07 e81d 

  0x000002c6331c1180: ; ImmutableOopMap {[120]=Oop [136]=Oop [128]=Oop [152]=Oop rdx=Oop }
                      ;*invokevirtual toString {reexecute=0 rethrow=0 return_oop=0}
                      ; - java.lang.ClassLoader::defineClassSourceLocation@22 (line 917)
                      ; - java.lang.ClassLoader::defineClass@12 (line 1016)
                      ;   {metadata({method} {0x000002c64f069960} 'toString' '()Ljava/lang/String;' in 'java/net/URL')}
  0x000002c6331c1180: 683c 0749 | ba58 9906 | 4fc6 0200 | 004c 8954 | 2408 48c7 | 0424 ffff 

  0x000002c6331c1198: ;   {runtime_call counter_overflow Runtime1 stub}
  0x000002c6331c1198: ffff e861 

  0x000002c6331c119c: ; ImmutableOopMap {[120]=Oop [136]=Oop [128]=Oop [152]=Oop rdx=Oop }
                      ;*synchronization entry
                      ; - java.net.URL::toString@-1 (line 1025)
                      ; - java.lang.ClassLoader::defineClassSourceLocation@22 (line 917)
                      ; - java.lang.ClassLoader::defineClass@12 (line 1016)
  0x000002c6331c119c: bd45 07e9 | effd ffff 

  0x000002c6331c11a4: ;   {metadata({method} {0x000002c64f06a1f8} 'toExternalForm' '()Ljava/lang/String;' in 'java/net/URL')}
  0x000002c6331c11a4: 49ba f0a1 | 064f c602 | 0000 4c89 | 5424 0848 | c704 24ff 

  0x000002c6331c11b8: ;   {runtime_call counter_overflow Runtime1 stub}
  0x000002c6331c11b8: ffff ffe8 

  0x000002c6331c11bc: ; ImmutableOopMap {[120]=Oop [136]=Oop [128]=Oop [152]=Oop rdx=Oop }
                      ;*synchronization entry
                      ; - java.net.URL::toExternalForm@-1 (line 1039)
                      ; - java.net.URL::toString@1 (line 1025)
                      ; - java.lang.ClassLoader::defineClassSourceLocation@22 (line 917)
                      ; - java.lang.ClassLoader::defineClass@12 (line 1016)
  0x000002c6331c11bc: 40bd 4507 | e90d feff 

  0x000002c6331c11c4: ;   {runtime_call throw_null_pointer_exception Runtime1 stub}
  0x000002c6331c11c4: ffe8 d667 

  0x000002c6331c11c8: ; ImmutableOopMap {[120]=Oop [136]=Oop [128]=Oop [152]=Oop rdx=Oop rsi=Oop }
                      ;*invokevirtual toExternalForm {reexecute=0 rethrow=0 return_oop=0}
                      ; - java.net.URL::toExternalForm@5 (line 1039)
                      ; - java.net.URL::toString@1 (line 1025)
                      ; - java.lang.ClassLoader::defineClassSourceLocation@22 (line 917)
                      ; - java.lang.ClassLoader::defineClass@12 (line 1016)
                      ;   {internal_word}
  0x000002c6331c11c8: 3c07 49ba | 2411 1c33 | c602 0000 | 4d89 9768 

  0x000002c6331c11d8: ;   {runtime_call SafepointBlob}
  0x000002c6331c11d8: 0300 00e9 | 2068 3b07 | 9090 498b | 87e0 0300 | 0049 c787 | e003 0000 | 0000 0000 | 49c7 87e8 
  0x000002c6331c11f8: 0300 0000 | 0000 0048 | 81c4 b000 

  0x000002c6331c1204: ;   {runtime_call unwind_exception Runtime1 stub}
  0x000002c6331c1204: 0000 5de9 | 7476 3c07 | f4f4 f4f4 | f4f4 f4f4 | f4f4 f4f4 | f4f4 f4f4 | f4f4 f4f4 
[Stub Code]
  0x000002c6331c1220: ;   {no_reloc}
  0x000002c6331c1220: 0f1f 4400 

  0x000002c6331c1224: ;   {static_stub}
  0x000002c6331c1224: 0048 bb00 | 0000 0000 

  0x000002c6331c122c: ;   {runtime_call}
  0x000002c6331c122c: 0000 00e9 | fbff ffff 

  0x000002c6331c1234: ;   {static_stub}
  0x000002c6331c1234: 9048 bb00 | 0000 0000 

  0x000002c6331c123c: ;   {runtime_call}
  0x000002c6331c123c: 0000 00e9 | fbff ffff 

  0x000002c6331c1244: ;   {static_stub}
  0x000002c6331c1244: 9048 bb20 | 0f01 4fc6 

  0x000002c6331c124c: ;   {runtime_call I2C/C2I adapters}
  0x000002c6331c124c: 0200 00e9 | a479 3a07 

  0x000002c6331c1254: ;   {static_stub}
  0x000002c6331c1254: 9048 bb00 | 0000 0000 

  0x000002c6331c125c: ;   {runtime_call}
  0x000002c6331c125c: 0000 00e9 | fbff ffff 
[Exception Handler]
  0x000002c6331c1264: ;   {runtime_call handle_exception_from_callee Runtime1 stub}
  0x000002c6331c1264: e897 8945 

  0x000002c6331c1268: ;   {external_word}
  0x000002c6331c1268: 0748 b930 | ca68 28f8 | 7f00 0048 

  0x000002c6331c1274: ;   {runtime_call}
  0x000002c6331c1274: 83e4 f049 | ba40 4831 | 28f8 7f00 | 0041 ffd2 

  0x000002c6331c1284: ;   {section_word}
  0x000002c6331c1284: f449 ba85 | 121c 33c6 | 0200 0041 

  0x000002c6331c1290: ;   {runtime_call DeoptimizationBlob}
  0x000002c6331c1290: 52e9 0a5a | 3b07 f4f4 
[/MachCode]


Compiled method (c1)    2776  893       3       java.security.SecureClassLoader::defineClass (16 bytes)
 total in heap  [0x000002c6331a0b10,0x000002c6331a0f00] = 1008
 relocation     [0x000002c6331a0c68,0x000002c6331a0cb0] = 72
 main code      [0x000002c6331a0cc0,0x000002c6331a0e00] = 320
 stub code      [0x000002c6331a0e00,0x000002c6331a0e58] = 88
 metadata       [0x000002c6331a0e58,0x000002c6331a0e60] = 8
 scopes data    [0x000002c6331a0e60,0x000002c6331a0ea8] = 72
 scopes pcs     [0x000002c6331a0ea8,0x000002c6331a0ef8] = 80
 dependencies   [0x000002c6331a0ef8,0x000002c6331a0f00] = 8

[Constant Pool (empty)]

[MachCode]
[Entry Point]
  # {method} {0x000002c64f4345a0} 'defineClass' '(Ljava/lang/String;[BIILjava/security/CodeSource;)Ljava/lang/Class;' in 'java/security/SecureClassLoader'
  # this:     rdx:rdx   = 'java/security/SecureClassLoader'
  # parm0:    r8:r8     = 'java/lang/String'
  # parm1:    r9:r9     = '[B'
  # parm2:    rdi       = int
  # parm3:    rsi       = int
  # parm4:    rcx:rcx   = 'java/security/CodeSource'
  #           [sp+0x80]  (sp of caller)
  0x000002c6331a0cc0: 448b 5208 | 49bb 0000 | 004f c602 | 0000 4d03 | d34c 3bd0 

  0x000002c6331a0cd4: ;   {runtime_call ic_miss_stub}
  0x000002c6331a0cd4: 0f85 a603 | 3d07 660f | 1f44 0000 
[Verified Entry Point]
  0x000002c6331a0ce0: 8984 2400 | 90ff ff55 | 4883 ec70 

  0x000002c6331a0cec: ;   {metadata(method data for {method} {0x000002c64f4345a0} 'defineClass' '(Ljava/lang/String;[BIILjava/security/CodeSource;)Ljava/lang/Class;' in 'java/security/SecureClassLoader')}
  0x000002c6331a0cec: 48bb d007 | 1a90 c602 | 0000 8b83 | cc00 0000 | 83c0 0289 | 83cc 0000 | 0081 e0fe | 0700 0083 
  0x000002c6331a0d0c: f800 0f84 | 8b00 0000 | 8974 245c | 897c 2458 | 4c89 4c24 | 504c 8944 | 2448 488b 

  0x000002c6331a0d28: ;   {metadata(method data for {method} {0x000002c64f4345a0} 'defineClass' '(Ljava/lang/String;[BIILjava/security/CodeSource;)Ljava/lang/Class;' in 'java/security/SecureClassLoader')}
  0x000002c6331a0d28: da48 b8d0 | 071a 90c6 | 0200 0048 | 8380 1001 | 0000 014c | 8bc1 488b | c248 8bd0 | 4889 4424 
  0x000002c6331a0d48: 4066 0f1f 

  0x000002c6331a0d4c: ;   {optimized virtual_call}
  0x000002c6331a0d4c: 4400 00e8 

  0x000002c6331a0d50: ; ImmutableOopMap {[80]=Oop [64]=Oop [72]=Oop }
                      ;*invokevirtual getProtectionDomain {reexecute=0 rethrow=0 return_oop=0}
                      ; - java.security.SecureClassLoader::defineClass@9 (line 150)
  0x000002c6331a0d50: 4c8c ffff | 488b 5424 

  0x000002c6331a0d58: ;   {metadata(method data for {method} {0x000002c64f4345a0} 'defineClass' '(Ljava/lang/String;[BIILjava/security/CodeSource;)Ljava/lang/Class;' in 'java/security/SecureClassLoader')}
  0x000002c6331a0d58: 4049 b8d0 | 071a 90c6 | 0200 0049 | 8380 4801 | 0000 014c | 8b44 2448 | 4c8b 4c24 | 508b 7c24 
  0x000002c6331a0d78: 588b 7424 | 5c48 8bc8 | 488b 5424 

  0x000002c6331a0d84: ;   {optimized virtual_call}
  0x000002c6331a0d84: 4066 90e8 

  0x000002c6331a0d88: ; ImmutableOopMap {}
                      ;*invokevirtual defineClass {reexecute=0 rethrow=0 return_oop=0}
                      ; - java.security.SecureClassLoader::defineClass@12 (line 150)
  0x000002c6331a0d88: 1400 0200 | 4883 c470 

  0x000002c6331a0d90: ;   {poll_return}
  0x000002c6331a0d90: 5d49 3ba7 | 5003 0000 | 0f87 2200 

  0x000002c6331a0d9c: ;   {metadata({method} {0x000002c64f4345a0} 'defineClass' '(Ljava/lang/String;[BIILjava/security/CodeSource;)Ljava/lang/Class;' in 'java/security/SecureClassLoader')}
  0x000002c6331a0d9c: 0000 c349 | ba98 4543 | 4fc6 0200 | 004c 8954 | 2408 48c7 | 0424 ffff 

  0x000002c6331a0db4: ;   {runtime_call counter_overflow Runtime1 stub}
  0x000002c6331a0db4: ffff e845 

  0x000002c6331a0db8: ; ImmutableOopMap {rdx=Oop r8=Oop r9=Oop rcx=Oop }
                      ;*synchronization entry
                      ; - java.security.SecureClassLoader::defineClass@-1 (line 150)
  0x000002c6331a0db8: c147 07e9 | 54ff ffff 

  0x000002c6331a0dc0: ;   {internal_word}
  0x000002c6331a0dc0: 49ba 910d | 1a33 c602 | 0000 4d89 | 9768 0300 

  0x000002c6331a0dd0: ;   {runtime_call SafepointBlob}
  0x000002c6331a0dd0: 00e9 2a6c | 3d07 9090 | 498b 87e0 | 0300 0049 | c787 e003 | 0000 0000 | 0000 49c7 | 87e8 0300 
  0x000002c6331a0df0: 0000 0000 | 0048 83c4 

  0x000002c6331a0df8: ;   {runtime_call unwind_exception Runtime1 stub}
  0x000002c6331a0df8: 705d e981 | 7a3e 07f4 
[Stub Code]
  0x000002c6331a0e00: ;   {no_reloc}
  0x000002c6331a0e00: 0f1f 4400 

  0x000002c6331a0e04: ;   {static_stub}
  0x000002c6331a0e04: 0048 bb00 | 0000 0000 

  0x000002c6331a0e0c: ;   {runtime_call}
  0x000002c6331a0e0c: 0000 00e9 | fbff ffff 

  0x000002c6331a0e14: ;   {static_stub}
  0x000002c6331a0e14: 9048 bbb8 | 0c01 4fc6 

  0x000002c6331a0e1c: ;   {runtime_call I2C/C2I adapters}
  0x000002c6331a0e1c: 0200 00e9 | c768 3c07 
[Exception Handler]
  0x000002c6331a0e24: ;   {runtime_call handle_exception_from_callee Runtime1 stub}
  0x000002c6331a0e24: e8d7 8d47 

  0x000002c6331a0e28: ;   {external_word}
  0x000002c6331a0e28: 0748 b930 | ca68 28f8 | 7f00 0048 

  0x000002c6331a0e34: ;   {runtime_call}
  0x000002c6331a0e34: 83e4 f049 | ba40 4831 | 28f8 7f00 | 0041 ffd2 

  0x000002c6331a0e44: ;   {section_word}
  0x000002c6331a0e44: f449 ba45 | 0e1a 33c6 | 0200 0041 

  0x000002c6331a0e50: ;   {runtime_call DeoptimizationBlob}
  0x000002c6331a0e50: 52e9 4a5e | 3d07 f4f4 
[/MachCode]


---------------  P R O C E S S  ---------------

Threads class SMR info:
_java_thread_list=0x000002c6945e1410, length=13, elements={
0x000002c62b4c8060, 0x000002c64e4291c0, 0x000002c64e42a040, 0x000002c64e570080,
0x000002c64e572a60, 0x000002c64e573420, 0x000002c64e573de0, 0x000002c64e574b80,
0x000002c64e579640, 0x000002c64e5e2a30, 0x000002c64e673b00, 0x000002c64e71f060,
0x000002c64e71f540
}

Java Threads: ( => current thread )
=>0x000002c62b4c8060 JavaThread "main" [_thread_in_vm, id=70096, stack(0x000000d600d00000,0x000000d600e00000)]
  0x000002c64e4291c0 JavaThread "Reference Handler" daemon [_thread_blocked, id=69100, stack(0x000000d601400000,0x000000d601500000)]
  0x000002c64e42a040 JavaThread "Finalizer" daemon [_thread_blocked, id=69084, stack(0x000000d601500000,0x000000d601600000)]
  0x000002c64e570080 JavaThread "Signal Dispatcher" daemon [_thread_blocked, id=69116, stack(0x000000d601600000,0x000000d601700000)]
  0x000002c64e572a60 JavaThread "Attach Listener" daemon [_thread_blocked, id=69108, stack(0x000000d601700000,0x000000d601800000)]
  0x000002c64e573420 JavaThread "Service Thread" daemon [_thread_blocked, id=69088, stack(0x000000d601800000,0x000000d601900000)]
  0x000002c64e573de0 JavaThread "Monitor Deflation Thread" daemon [_thread_blocked, id=70244, stack(0x000000d601900000,0x000000d601a00000)]
  0x000002c64e574b80 JavaThread "C2 CompilerThread0" daemon [_thread_blocked, id=70224, stack(0x000000d601a00000,0x000000d601b00000)]
  0x000002c64e579640 JavaThread "C1 CompilerThread0" daemon [_thread_blocked, id=70228, stack(0x000000d601b00000,0x000000d601c00000)]
  0x000002c64e5e2a30 JavaThread "Sweeper thread" daemon [_thread_blocked, id=70232, stack(0x000000d601c00000,0x000000d601d00000)]
  0x000002c64e673b00 JavaThread "Common-Cleaner" daemon [_thread_blocked, id=70352, stack(0x000000d601d00000,0x000000d601e00000)]
  0x000002c64e71f060 JavaThread "Monitor Ctrl-Break" daemon [_thread_in_native, id=70348, stack(0x000000d601e00000,0x000000d601f00000)]
  0x000002c64e71f540 JavaThread "Notification Thread" daemon [_thread_blocked, id=70332, stack(0x000000d601f00000,0x000000d602000000)]

Other Threads:
  0x000002c64e423a10 VMThread "VM Thread" [stack: 0x000000d601300000,0x000000d601400000] [id=69096]
  0x000002c64e71fa20 WatcherThread [stack: 0x000000d602000000,0x000000d602100000] [id=70324]
  0x000002c62b534d40 GCTaskThread "GC Thread#0" [stack: 0x000000d600e00000,0x000000d600f00000] [id=70208]
  0x000002c694ec9fe0 GCTaskThread "GC Thread#1" [stack: 0x000000d602300000,0x000000d602400000] [id=42796]
  0x000002c69473b670 GCTaskThread "GC Thread#2" [stack: 0x000000d602400000,0x000000d602500000] [id=70016]
  0x000002c69473b930 GCTaskThread "GC Thread#3" [stack: 0x000000d602500000,0x000000d602600000] [id=70076]
  0x000002c6947147a0 GCTaskThread "GC Thread#4" [stack: 0x000000d602600000,0x000000d602700000] [id=70036]
  0x000002c694714e60 GCTaskThread "GC Thread#5" [stack: 0x000000d602700000,0x000000d602800000] [id=70092]
  0x000002c69496a7a0 GCTaskThread "GC Thread#6" [stack: 0x000000d602800000,0x000000d602900000] [id=20376]
  0x000002c62b545a10 ConcurrentGCThread "G1 Main Marker" [stack: 0x000000d600f00000,0x000000d601000000] [id=70188]
  0x000002c62b546430 ConcurrentGCThread "G1 Conc#0" [stack: 0x000000d601000000,0x000000d601100000] [id=70112]
  0x000002c62b57d6f0 ConcurrentGCThread "G1 Refine#0" [stack: 0x000000d601100000,0x000000d601200000] [id=70256]
  0x000002c64e2de140 ConcurrentGCThread "G1 Service" [stack: 0x000000d601200000,0x000000d601300000] [id=70252]

Threads with active compile tasks:

VM state: not at safepoint (normal execution)

VM Mutex/Monitor currently owned by a thread:  ([mutex/lock_event])
[0x000002c62b4c1e90] Metaspace_lock - owner thread: 0x000002c62b4c8060

Heap address: 0x0000000702800000, size: 4056 MB, Compressed Oops mode: Zero based, Oop shift amount: 3

CDS archive(s) mapped at: [0x000002c64f000000-0x000002c64fbb0000-0x000002c64fbb0000), size 12255232, SharedBaseAddress: 0x000002c64f000000, ArchiveRelocationMode: 1.
Compressed class space mapped at: 0x000002c650000000-0x000002c690000000, reserved size: 1073741824
Narrow klass base: 0x000002c64f000000, Narrow klass shift: 0, Narrow klass range: 0x100000000

GC Precious Log:
 CPUs: 8 total, 8 available
 Memory: 16221M
 Large Page Support: Disabled
 NUMA Support: Disabled
 Compressed Oops: Enabled (Zero based)
 Heap Region Size: 2M
 Heap Min Capacity: 8M
 Heap Initial Capacity: 254M
 Heap Max Capacity: 4056M
 Pre-touch: Disabled
 Parallel Workers: 8
 Concurrent Workers: 2
 Concurrent Refinement Workers: 8
 Periodic GC: Disabled

Heap:
 garbage-first heap   total 260096K, used 32338K [0x0000000702800000, 0x0000000800000000)
  region size 2048K, 17 young (34816K), 2 survivors (4096K)
 Metaspace       used 9128K, committed 9280K, reserved 1114112K
  class space    used 1097K, committed 1216K, reserved 1048576K

Heap Regions: E=young(eden), S=young(survivor), O=old, HS=humongous(starts), HC=humongous(continues), CS=collection set, F=free, OA=open archive, CA=closed archive, TAMS=top-at-mark-start (previous, next)
|   0|0x0000000702800000, 0x0000000702800000, 0x0000000702a00000|  0%| F|  |TAMS 0x0000000702800000, 0x0000000702800000| Untracked 
|   1|0x0000000702a00000, 0x0000000702a00000, 0x0000000702c00000|  0%| F|  |TAMS 0x0000000702a00000, 0x0000000702a00000| Untracked 
|   2|0x0000000702c00000, 0x0000000702c00000, 0x0000000702e00000|  0%| F|  |TAMS 0x0000000702c00000, 0x0000000702c00000| Untracked 
|   3|0x0000000702e00000, 0x0000000702e00000, 0x0000000703000000|  0%| F|  |TAMS 0x0000000702e00000, 0x0000000702e00000| Untracked 
|   4|0x0000000703000000, 0x0000000703000000, 0x0000000703200000|  0%| F|  |TAMS 0x0000000703000000, 0x0000000703000000| Untracked 
|   5|0x0000000703200000, 0x0000000703200000, 0x0000000703400000|  0%| F|  |TAMS 0x0000000703200000, 0x0000000703200000| Untracked 
|   6|0x0000000703400000, 0x0000000703400000, 0x0000000703600000|  0%| F|  |TAMS 0x0000000703400000, 0x0000000703400000| Untracked 
|   7|0x0000000703600000, 0x0000000703600000, 0x0000000703800000|  0%| F|  |TAMS 0x0000000703600000, 0x0000000703600000| Untracked 
|   8|0x0000000703800000, 0x0000000703800000, 0x0000000703a00000|  0%| F|  |TAMS 0x0000000703800000, 0x0000000703800000| Untracked 
|   9|0x0000000703a00000, 0x0000000703a00000, 0x0000000703c00000|  0%| F|  |TAMS 0x0000000703a00000, 0x0000000703a00000| Untracked 
|  10|0x0000000703c00000, 0x0000000703c00000, 0x0000000703e00000|  0%| F|  |TAMS 0x0000000703c00000, 0x0000000703c00000| Untracked 
|  11|0x0000000703e00000, 0x0000000703e00000, 0x0000000704000000|  0%| F|  |TAMS 0x0000000703e00000, 0x0000000703e00000| Untracked 
|  12|0x0000000704000000, 0x0000000704000000, 0x0000000704200000|  0%| F|  |TAMS 0x0000000704000000, 0x0000000704000000| Untracked 
|  13|0x0000000704200000, 0x0000000704200000, 0x0000000704400000|  0%| F|  |TAMS 0x0000000704200000, 0x0000000704200000| Untracked 
|  14|0x0000000704400000, 0x0000000704400000, 0x0000000704600000|  0%| F|  |TAMS 0x0000000704400000, 0x0000000704400000| Untracked 
|  15|0x0000000704600000, 0x0000000704600000, 0x0000000704800000|  0%| F|  |TAMS 0x0000000704600000, 0x0000000704600000| Untracked 
|  16|0x0000000704800000, 0x0000000704800000, 0x0000000704a00000|  0%| F|  |TAMS 0x0000000704800000, 0x0000000704800000| Untracked 
|  17|0x0000000704a00000, 0x0000000704a00000, 0x0000000704c00000|  0%| F|  |TAMS 0x0000000704a00000, 0x0000000704a00000| Untracked 
|  18|0x0000000704c00000, 0x0000000704c00000, 0x0000000704e00000|  0%| F|  |TAMS 0x0000000704c00000, 0x0000000704c00000| Untracked 
|  19|0x0000000704e00000, 0x0000000704e00000, 0x0000000705000000|  0%| F|  |TAMS 0x0000000704e00000, 0x0000000704e00000| Untracked 
|  20|0x0000000705000000, 0x0000000705000000, 0x0000000705200000|  0%| F|  |TAMS 0x0000000705000000, 0x0000000705000000| Untracked 
|  21|0x0000000705200000, 0x0000000705200000, 0x0000000705400000|  0%| F|  |TAMS 0x0000000705200000, 0x0000000705200000| Untracked 
|  22|0x0000000705400000, 0x0000000705400000, 0x0000000705600000|  0%| F|  |TAMS 0x0000000705400000, 0x0000000705400000| Untracked 
|  23|0x0000000705600000, 0x0000000705600000, 0x0000000705800000|  0%| F|  |TAMS 0x0000000705600000, 0x0000000705600000| Untracked 
|  24|0x0000000705800000, 0x0000000705800000, 0x0000000705a00000|  0%| F|  |TAMS 0x0000000705800000, 0x0000000705800000| Untracked 
|  25|0x0000000705a00000, 0x0000000705a00000, 0x0000000705c00000|  0%| F|  |TAMS 0x0000000705a00000, 0x0000000705a00000| Untracked 
|  26|0x0000000705c00000, 0x0000000705c00000, 0x0000000705e00000|  0%| F|  |TAMS 0x0000000705c00000, 0x0000000705c00000| Untracked 
|  27|0x0000000705e00000, 0x0000000705e00000, 0x0000000706000000|  0%| F|  |TAMS 0x0000000705e00000, 0x0000000705e00000| Untracked 
|  28|0x0000000706000000, 0x0000000706000000, 0x0000000706200000|  0%| F|  |TAMS 0x0000000706000000, 0x0000000706000000| Untracked 
|  29|0x0000000706200000, 0x0000000706200000, 0x0000000706400000|  0%| F|  |TAMS 0x0000000706200000, 0x0000000706200000| Untracked 
|  30|0x0000000706400000, 0x0000000706400000, 0x0000000706600000|  0%| F|  |TAMS 0x0000000706400000, 0x0000000706400000| Untracked 
|  31|0x0000000706600000, 0x0000000706600000, 0x0000000706800000|  0%| F|  |TAMS 0x0000000706600000, 0x0000000706600000| Untracked 
|  32|0x0000000706800000, 0x0000000706800000, 0x0000000706a00000|  0%| F|  |TAMS 0x0000000706800000, 0x0000000706800000| Untracked 
|  33|0x0000000706a00000, 0x0000000706a00000, 0x0000000706c00000|  0%| F|  |TAMS 0x0000000706a00000, 0x0000000706a00000| Untracked 
|  34|0x0000000706c00000, 0x0000000706c00000, 0x0000000706e00000|  0%| F|  |TAMS 0x0000000706c00000, 0x0000000706c00000| Untracked 
|  35|0x0000000706e00000, 0x0000000706e00000, 0x0000000707000000|  0%| F|  |TAMS 0x0000000706e00000, 0x0000000706e00000| Untracked 
|  36|0x0000000707000000, 0x0000000707000000, 0x0000000707200000|  0%| F|  |TAMS 0x0000000707000000, 0x0000000707000000| Untracked 
|  37|0x0000000707200000, 0x0000000707200000, 0x0000000707400000|  0%| F|  |TAMS 0x0000000707200000, 0x0000000707200000| Untracked 
|  38|0x0000000707400000, 0x0000000707400000, 0x0000000707600000|  0%| F|  |TAMS 0x0000000707400000, 0x0000000707400000| Untracked 
|  39|0x0000000707600000, 0x0000000707600000, 0x0000000707800000|  0%| F|  |TAMS 0x0000000707600000, 0x0000000707600000| Untracked 
|  40|0x0000000707800000, 0x0000000707800000, 0x0000000707a00000|  0%| F|  |TAMS 0x0000000707800000, 0x0000000707800000| Untracked 
|  41|0x0000000707a00000, 0x0000000707a00000, 0x0000000707c00000|  0%| F|  |TAMS 0x0000000707a00000, 0x0000000707a00000| Untracked 
|  42|0x0000000707c00000, 0x0000000707c00000, 0x0000000707e00000|  0%| F|  |TAMS 0x0000000707c00000, 0x0000000707c00000| Untracked 
|  43|0x0000000707e00000, 0x0000000707e00000, 0x0000000708000000|  0%| F|  |TAMS 0x0000000707e00000, 0x0000000707e00000| Untracked 
|  44|0x0000000708000000, 0x0000000708000000, 0x0000000708200000|  0%| F|  |TAMS 0x0000000708000000, 0x0000000708000000| Untracked 
|  45|0x0000000708200000, 0x0000000708200000, 0x0000000708400000|  0%| F|  |TAMS 0x0000000708200000, 0x0000000708200000| Untracked 
|  46|0x0000000708400000, 0x0000000708400000, 0x0000000708600000|  0%| F|  |TAMS 0x0000000708400000, 0x0000000708400000| Untracked 
|  47|0x0000000708600000, 0x0000000708600000, 0x0000000708800000|  0%| F|  |TAMS 0x0000000708600000, 0x0000000708600000| Untracked 
|  48|0x0000000708800000, 0x0000000708800000, 0x0000000708a00000|  0%| F|  |TAMS 0x0000000708800000, 0x0000000708800000| Untracked 
|  49|0x0000000708a00000, 0x0000000708a00000, 0x0000000708c00000|  0%| F|  |TAMS 0x0000000708a00000, 0x0000000708a00000| Untracked 
|  50|0x0000000708c00000, 0x0000000708c00000, 0x0000000708e00000|  0%| F|  |TAMS 0x0000000708c00000, 0x0000000708c00000| Untracked 
|  51|0x0000000708e00000, 0x0000000708e00000, 0x0000000709000000|  0%| F|  |TAMS 0x0000000708e00000, 0x0000000708e00000| Untracked 
|  52|0x0000000709000000, 0x0000000709000000, 0x0000000709200000|  0%| F|  |TAMS 0x0000000709000000, 0x0000000709000000| Untracked 
|  53|0x0000000709200000, 0x0000000709200000, 0x0000000709400000|  0%| F|  |TAMS 0x0000000709200000, 0x0000000709200000| Untracked 
|  54|0x0000000709400000, 0x0000000709400000, 0x0000000709600000|  0%| F|  |TAMS 0x0000000709400000, 0x0000000709400000| Untracked 
|  55|0x0000000709600000, 0x0000000709600000, 0x0000000709800000|  0%| F|  |TAMS 0x0000000709600000, 0x0000000709600000| Untracked 
|  56|0x0000000709800000, 0x0000000709800000, 0x0000000709a00000|  0%| F|  |TAMS 0x0000000709800000, 0x0000000709800000| Untracked 
|  57|0x0000000709a00000, 0x0000000709a00000, 0x0000000709c00000|  0%| F|  |TAMS 0x0000000709a00000, 0x0000000709a00000| Untracked 
|  58|0x0000000709c00000, 0x0000000709c00000, 0x0000000709e00000|  0%| F|  |TAMS 0x0000000709c00000, 0x0000000709c00000| Untracked 
|  59|0x0000000709e00000, 0x0000000709e00000, 0x000000070a000000|  0%| F|  |TAMS 0x0000000709e00000, 0x0000000709e00000| Untracked 
|  60|0x000000070a000000, 0x000000070a000000, 0x000000070a200000|  0%| F|  |TAMS 0x000000070a000000, 0x000000070a000000| Untracked 
|  61|0x000000070a200000, 0x000000070a200000, 0x000000070a400000|  0%| F|  |TAMS 0x000000070a200000, 0x000000070a200000| Untracked 
|  62|0x000000070a400000, 0x000000070a400000, 0x000000070a600000|  0%| F|  |TAMS 0x000000070a400000, 0x000000070a400000| Untracked 
|  63|0x000000070a600000, 0x000000070a600000, 0x000000070a800000|  0%| F|  |TAMS 0x000000070a600000, 0x000000070a600000| Untracked 
|  64|0x000000070a800000, 0x000000070a800000, 0x000000070aa00000|  0%| F|  |TAMS 0x000000070a800000, 0x000000070a800000| Untracked 
|  65|0x000000070aa00000, 0x000000070aa00000, 0x000000070ac00000|  0%| F|  |TAMS 0x000000070aa00000, 0x000000070aa00000| Untracked 
|  66|0x000000070ac00000, 0x000000070ac00000, 0x000000070ae00000|  0%| F|  |TAMS 0x000000070ac00000, 0x000000070ac00000| Untracked 
|  67|0x000000070ae00000, 0x000000070ae00000, 0x000000070b000000|  0%| F|  |TAMS 0x000000070ae00000, 0x000000070ae00000| Untracked 
|  68|0x000000070b000000, 0x000000070b000000, 0x000000070b200000|  0%| F|  |TAMS 0x000000070b000000, 0x000000070b000000| Untracked 
|  69|0x000000070b200000, 0x000000070b200000, 0x000000070b400000|  0%| F|  |TAMS 0x000000070b200000, 0x000000070b200000| Untracked 
|  70|0x000000070b400000, 0x000000070b400000, 0x000000070b600000|  0%| F|  |TAMS 0x000000070b400000, 0x000000070b400000| Untracked 
|  71|0x000000070b600000, 0x000000070b600000, 0x000000070b800000|  0%| F|  |TAMS 0x000000070b600000, 0x000000070b600000| Untracked 
|  72|0x000000070b800000, 0x000000070b800000, 0x000000070ba00000|  0%| F|  |TAMS 0x000000070b800000, 0x000000070b800000| Untracked 
|  73|0x000000070ba00000, 0x000000070ba00000, 0x000000070bc00000|  0%| F|  |TAMS 0x000000070ba00000, 0x000000070ba00000| Untracked 
|  74|0x000000070bc00000, 0x000000070bc00000, 0x000000070be00000|  0%| F|  |TAMS 0x000000070bc00000, 0x000000070bc00000| Untracked 
|  75|0x000000070be00000, 0x000000070be00000, 0x000000070c000000|  0%| F|  |TAMS 0x000000070be00000, 0x000000070be00000| Untracked 
|  76|0x000000070c000000, 0x000000070c000000, 0x000000070c200000|  0%| F|  |TAMS 0x000000070c000000, 0x000000070c000000| Untracked 
|  77|0x000000070c200000, 0x000000070c200000, 0x000000070c400000|  0%| F|  |TAMS 0x000000070c200000, 0x000000070c200000| Untracked 
|  78|0x000000070c400000, 0x000000070c400000, 0x000000070c600000|  0%| F|  |TAMS 0x000000070c400000, 0x000000070c400000| Untracked 
|  79|0x000000070c600000, 0x000000070c600000, 0x000000070c800000|  0%| F|  |TAMS 0x000000070c600000, 0x000000070c600000| Untracked 
|  80|0x000000070c800000, 0x000000070c800000, 0x000000070ca00000|  0%| F|  |TAMS 0x000000070c800000, 0x000000070c800000| Untracked 
|  81|0x000000070ca00000, 0x000000070ca00000, 0x000000070cc00000|  0%| F|  |TAMS 0x000000070ca00000, 0x000000070ca00000| Untracked 
|  82|0x000000070cc00000, 0x000000070cc00000, 0x000000070ce00000|  0%| F|  |TAMS 0x000000070cc00000, 0x000000070cc00000| Untracked 
|  83|0x000000070ce00000, 0x000000070ce00000, 0x000000070d000000|  0%| F|  |TAMS 0x000000070ce00000, 0x000000070ce00000| Untracked 
|  84|0x000000070d000000, 0x000000070d000000, 0x000000070d200000|  0%| F|  |TAMS 0x000000070d000000, 0x000000070d000000| Untracked 
|  85|0x000000070d200000, 0x000000070d200000, 0x000000070d400000|  0%| F|  |TAMS 0x000000070d200000, 0x000000070d200000| Untracked 
|  86|0x000000070d400000, 0x000000070d400000, 0x000000070d600000|  0%| F|  |TAMS 0x000000070d400000, 0x000000070d400000| Untracked 
|  87|0x000000070d600000, 0x000000070d600000, 0x000000070d800000|  0%| F|  |TAMS 0x000000070d600000, 0x000000070d600000| Untracked 
|  88|0x000000070d800000, 0x000000070d800000, 0x000000070da00000|  0%| F|  |TAMS 0x000000070d800000, 0x000000070d800000| Untracked 
|  89|0x000000070da00000, 0x000000070da00000, 0x000000070dc00000|  0%| F|  |TAMS 0x000000070da00000, 0x000000070da00000| Untracked 
|  90|0x000000070dc00000, 0x000000070dc00000, 0x000000070de00000|  0%| F|  |TAMS 0x000000070dc00000, 0x000000070dc00000| Untracked 
|  91|0x000000070de00000, 0x000000070de00000, 0x000000070e000000|  0%| F|  |TAMS 0x000000070de00000, 0x000000070de00000| Untracked 
|  92|0x000000070e000000, 0x000000070e000000, 0x000000070e200000|  0%| F|  |TAMS 0x000000070e000000, 0x000000070e000000| Untracked 
|  93|0x000000070e200000, 0x000000070e200000, 0x000000070e400000|  0%| F|  |TAMS 0x000000070e200000, 0x000000070e200000| Untracked 
|  94|0x000000070e400000, 0x000000070e400000, 0x000000070e600000|  0%| F|  |TAMS 0x000000070e400000, 0x000000070e400000| Untracked 
|  95|0x000000070e600000, 0x000000070e600000, 0x000000070e800000|  0%| F|  |TAMS 0x000000070e600000, 0x000000070e600000| Untracked 
|  96|0x000000070e800000, 0x000000070e800000, 0x000000070ea00000|  0%| F|  |TAMS 0x000000070e800000, 0x000000070e800000| Untracked 
|  97|0x000000070ea00000, 0x000000070ea00000, 0x000000070ec00000|  0%| F|  |TAMS 0x000000070ea00000, 0x000000070ea00000| Untracked 
|  98|0x000000070ec00000, 0x000000070ec00000, 0x000000070ee00000|  0%| F|  |TAMS 0x000000070ec00000, 0x000000070ec00000| Untracked 
|  99|0x000000070ee00000, 0x000000070ee00000, 0x000000070f000000|  0%| F|  |TAMS 0x000000070ee00000, 0x000000070ee00000| Untracked 
| 100|0x000000070f000000, 0x000000070f000000, 0x000000070f200000|  0%| F|  |TAMS 0x000000070f000000, 0x000000070f000000| Untracked 
| 101|0x000000070f200000, 0x000000070f200000, 0x000000070f400000|  0%| F|  |TAMS 0x000000070f200000, 0x000000070f200000| Untracked 
| 102|0x000000070f400000, 0x000000070f400000, 0x000000070f600000|  0%| F|  |TAMS 0x000000070f400000, 0x000000070f400000| Untracked 
| 103|0x000000070f600000, 0x000000070f600000, 0x000000070f800000|  0%| F|  |TAMS 0x000000070f600000, 0x000000070f600000| Untracked 
| 104|0x000000070f800000, 0x000000070f800000, 0x000000070fa00000|  0%| F|  |TAMS 0x000000070f800000, 0x000000070f800000| Untracked 
| 105|0x000000070fa00000, 0x000000070fa00000, 0x000000070fc00000|  0%| F|  |TAMS 0x000000070fa00000, 0x000000070fa00000| Untracked 
| 106|0x000000070fc00000, 0x000000070fc00000, 0x000000070fe00000|  0%| F|  |TAMS 0x000000070fc00000, 0x000000070fc00000| Untracked 
| 107|0x000000070fe00000, 0x000000070fe00000, 0x0000000710000000|  0%| F|  |TAMS 0x000000070fe00000, 0x000000070fe00000| Untracked 
| 108|0x0000000710000000, 0x0000000710000000, 0x0000000710200000|  0%| F|  |TAMS 0x0000000710000000, 0x0000000710000000| Untracked 
| 109|0x0000000710200000, 0x0000000710200000, 0x0000000710400000|  0%| F|  |TAMS 0x0000000710200000, 0x0000000710200000| Untracked 
| 110|0x0000000710400000, 0x0000000710498d28, 0x0000000710600000| 29%| E|  |TAMS 0x0000000710400000, 0x0000000710400000| Complete 
| 111|0x0000000710600000, 0x0000000710800000, 0x0000000710800000|100%| E|CS|TAMS 0x0000000710600000, 0x0000000710600000| Complete 
| 112|0x0000000710800000, 0x0000000710a00000, 0x0000000710a00000|100%| E|CS|TAMS 0x0000000710800000, 0x0000000710800000| Complete 
| 113|0x0000000710a00000, 0x0000000710c00000, 0x0000000710c00000|100%| E|CS|TAMS 0x0000000710a00000, 0x0000000710a00000| Complete 
| 114|0x0000000710c00000, 0x0000000710d94a20, 0x0000000710e00000| 79%| S|CS|TAMS 0x0000000710c00000, 0x0000000710c00000| Complete 
| 115|0x0000000710e00000, 0x0000000711000000, 0x0000000711000000|100%| S|CS|TAMS 0x0000000710e00000, 0x0000000710e00000| Complete 
| 116|0x0000000711000000, 0x0000000711200000, 0x0000000711200000|100%| E|CS|TAMS 0x0000000711000000, 0x0000000711000000| Complete 
| 117|0x0000000711200000, 0x0000000711400000, 0x0000000711400000|100%| E|CS|TAMS 0x0000000711200000, 0x0000000711200000| Complete 
| 118|0x0000000711400000, 0x0000000711600000, 0x0000000711600000|100%| E|CS|TAMS 0x0000000711400000, 0x0000000711400000| Complete 
| 119|0x0000000711600000, 0x0000000711800000, 0x0000000711800000|100%| E|CS|TAMS 0x0000000711600000, 0x0000000711600000| Complete 
| 120|0x0000000711800000, 0x0000000711a00000, 0x0000000711a00000|100%| E|CS|TAMS 0x0000000711800000, 0x0000000711800000| Complete 
| 121|0x0000000711a00000, 0x0000000711c00000, 0x0000000711c00000|100%| E|CS|TAMS 0x0000000711a00000, 0x0000000711a00000| Complete 
| 122|0x0000000711c00000, 0x0000000711e00000, 0x0000000711e00000|100%| E|CS|TAMS 0x0000000711c00000, 0x0000000711c00000| Complete 
| 123|0x0000000711e00000, 0x0000000712000000, 0x0000000712000000|100%| E|CS|TAMS 0x0000000711e00000, 0x0000000711e00000| Complete 
| 124|0x0000000712000000, 0x0000000712200000, 0x0000000712200000|100%| E|CS|TAMS 0x0000000712000000, 0x0000000712000000| Complete 
| 125|0x0000000712200000, 0x0000000712400000, 0x0000000712400000|100%| E|CS|TAMS 0x0000000712200000, 0x0000000712200000| Complete 
| 126|0x0000000712400000, 0x0000000712600000, 0x0000000712600000|100%| E|CS|TAMS 0x0000000712400000, 0x0000000712400000| Complete 

Card table byte_map: [0x000002c642b10000,0x000002c643300000] _byte_map_base: 0x000002c63f2fc000

Marking Bits (Prev, Next): (CMBitMap*) 0x000002c62b535360, (CMBitMap*) 0x000002c62b5353a0
 Prev Bits: [0x000002c643af0000, 0x000002c647a50000)
 Next Bits: [0x000002c647a50000, 0x000002c64b9b0000)

Polling page: 0x000002c6294b0000

Metaspace:

Usage:
  Non-class:      7.84 MB used.
      Class:      1.07 MB used.
       Both:      8.92 MB used.

Virtual space:
  Non-class space:       64.00 MB reserved,       7.88 MB ( 12%) committed,  1 nodes.
      Class space:        1.00 GB reserved,       1.19 MB ( <1%) committed,  1 nodes.
             Both:        1.06 GB reserved,       9.06 MB ( <1%) committed. 

Chunk freelists:
   Non-Class:  6.80 MB
       Class:  14.84 MB
        Both:  21.64 MB

MaxMetaspaceSize: unlimited
CompressedClassSpaceSize: 1.00 GB
Initial GC threshold: 21.00 MB
Current GC threshold: 21.00 MB
CDS: on
MetaspaceReclaimPolicy: balanced
 - commit_granule_bytes: 65536.
 - commit_granule_words: 8192.
 - virtual_space_node_default_size: 8388608.
 - enlarge_chunks_in_place: 1.
 - new_chunks_are_fully_committed: 0.
 - uncommit_free_chunks: 1.
 - use_allocation_guard: 0.
 - handle_deallocations: 1.


Internal statistics:

num_allocs_failed_limit: 0.
num_arena_births: 52.
num_arena_deaths: 0.
num_vsnodes_births: 2.
num_vsnodes_deaths: 0.
num_space_committed: 145.
num_space_uncommitted: 0.
num_chunks_returned_to_freelist: 0.
num_chunks_taken_from_freelist: 340.
num_chunk_merges: 0.
num_chunk_splits: 229.
num_chunks_enlarged: 186.
num_inconsistent_stats: 0.

CodeHeap 'non-profiled nmethods': size=120000Kb used=769Kb max_used=769Kb free=119230Kb
 bounds [0x000002c63aac0000, 0x000002c63ad30000, 0x000002c641ff0000]
CodeHeap 'profiled nmethods': size=120000Kb used=3430Kb max_used=3430Kb free=116570Kb
 bounds [0x000002c632ff0000, 0x000002c633350000, 0x000002c63a520000]
CodeHeap 'non-nmethods': size=5760Kb used=1157Kb max_used=1218Kb free=4602Kb
 bounds [0x000002c63a520000, 0x000002c63a790000, 0x000002c63aac0000]
 total_blobs=2124 nmethods=1674 adapters=363
 compilation: enabled
              stopped_count=0, restarted_count=0
 full_count=0

Compilation events (20 events):
Event: 2.697 Thread 0x000002c64e579640 1665       3       com.google.inject.internal.DeclaredMembers::getDeclaredFields (52 bytes)
Event: 2.698 Thread 0x000002c64e579640 nmethod 1665 0x000002c633342d10 code [0x000002c633343100, 0x000002c633344fb8]
Event: 2.698 Thread 0x000002c64e579640 1666       3       java.lang.Class::copyFields (36 bytes)
Event: 2.699 Thread 0x000002c64e579640 nmethod 1666 0x000002c633345810 code [0x000002c633345a60, 0x000002c6333464e8]
Event: 2.699 Thread 0x000002c64e579640 1669       3       java.lang.Class::privateGetDeclaredFields (64 bytes)
Event: 2.700 Thread 0x000002c64e579640 nmethod 1669 0x000002c633346990 code [0x000002c633346bc0, 0x000002c6333473d8]
Event: 2.700 Thread 0x000002c64e579640 1667       3       com.google.inject.internal.DeclaredMembers$$Lambda$82/0x000002c6500aa8c8::apply (5 bytes)
Event: 2.700 Thread 0x000002c64e579640 nmethod 1667 0x000002c633347610 code [0x000002c6333477a0, 0x000002c633347998]
Event: 2.700 Thread 0x000002c64e579640 1668       3       com.google.inject.internal.DeclaredMembers::lambda$getDeclaredFields$0 (5 bytes)
Event: 2.700 Thread 0x000002c64e579640 nmethod 1668 0x000002c633347a90 code [0x000002c633347c20, 0x000002c633347db8]
Event: 2.703 Thread 0x000002c64e579640 1670       3       java.util.HashMap::entrySet (27 bytes)
Event: 2.703 Thread 0x000002c64e579640 nmethod 1670 0x000002c633347e90 code [0x000002c633348060, 0x000002c633348478]
Event: 2.703 Thread 0x000002c64e579640 1671       3       java.util.HashMap$EntrySet::iterator (12 bytes)
Event: 2.703 Thread 0x000002c64e579640 nmethod 1671 0x000002c633348610 code [0x000002c6333487c0, 0x000002c633348a48]
Event: 2.705 Thread 0x000002c64e579640 1672       3       java.util.stream.ReferencePipeline$StatelessOp::<init> (29 bytes)
Event: 2.705 Thread 0x000002c64e579640 nmethod 1672 0x000002c633348b10 code [0x000002c633348cc0, 0x000002c633348e88]
Event: 2.705 Thread 0x000002c64e579640 1673       3       java.util.stream.Sink$ChainedReference::end (10 bytes)
Event: 2.705 Thread 0x000002c64e579640 nmethod 1673 0x000002c633348f90 code [0x000002c633349140, 0x000002c633349328]
Event: 2.705 Thread 0x000002c64e579640 1674       3       com.google.inject.TypeLiteral::get (9 bytes)
Event: 2.706 Thread 0x000002c64e579640 nmethod 1674 0x000002c633349410 code [0x000002c6333495c0, 0x000002c633349748]

GC Heap History (2 events):
Event: 1.434 GC heap before
{Heap before GC invocations=0 (full 0):
 garbage-first heap   total 260096K, used 22528K [0x0000000702800000, 0x0000000800000000)
  region size 2048K, 11 young (22528K), 0 survivors (0K)
 Metaspace       used 5781K, committed 5952K, reserved 1114112K
  class space    used 683K, committed 768K, reserved 1048576K
}
Event: 1.466 GC heap after
{Heap after GC invocations=1 (full 0):
 garbage-first heap   total 260096K, used 3666K [0x0000000702800000, 0x0000000800000000)
  region size 2048K, 2 young (4096K), 2 survivors (4096K)
 Metaspace       used 5781K, committed 5952K, reserved 1114112K
  class space    used 683K, committed 768K, reserved 1048576K
}

Dll operation events (12 events):
Event: 0.025 Loaded shared library C:\Users\ghofr\.jdks\corretto-17.0.12\bin\java.dll
Event: 0.057 Loaded shared library C:\Users\ghofr\.jdks\corretto-17.0.12\bin\jsvml.dll
Event: 0.166 Loaded shared library C:\Users\ghofr\.jdks\corretto-17.0.12\bin\zip.dll
Event: 0.169 Loaded shared library C:\Users\ghofr\.jdks\corretto-17.0.12\bin\instrument.dll
Event: 0.177 Loaded shared library C:\Users\ghofr\.jdks\corretto-17.0.12\bin\net.dll
Event: 0.184 Loaded shared library C:\Users\ghofr\.jdks\corretto-17.0.12\bin\nio.dll
Event: 0.193 Loaded shared library C:\Users\ghofr\.jdks\corretto-17.0.12\bin\zip.dll
Event: 0.209 Loaded shared library C:\Program Files\JetBrains\IntelliJ IDEA 2024.2.1\bin\breakgen64.dll
Event: 0.225 Loaded shared library C:\Users\ghofr\.jdks\corretto-17.0.12\bin\extnet.dll
Event: 0.388 Loaded shared library C:\Users\ghofr\.jdks\corretto-17.0.12\bin\jimage.dll
Event: 0.412 Loaded shared library C:\Users\ghofr\AppData\Local\Temp\jansi-2.4.1-d7ef25f45550d0d7-jansi.dll
Event: 0.433 Loaded shared library C:\Users\ghofr\.jdks\corretto-17.0.12\bin\verify.dll

Deoptimization events (20 events):
Event: 1.580 Thread 0x000002c62b4c8060 Uncommon trap: trap_request=0xffffff45 fr.pc=0x000002c63ab34ff4 relative=0x0000000000000f34
Event: 1.580 Thread 0x000002c62b4c8060 Uncommon trap: reason=unstable_if action=reinterpret pc=0x000002c63ab34ff4 method=sun.nio.cs.StreamDecoder.read0()I @ 39 c2
Event: 1.580 Thread 0x000002c62b4c8060 DEOPT PACKING pc=0x000002c63ab34ff4 sp=0x000000d600dfd3a0
Event: 1.580 Thread 0x000002c62b4c8060 DEOPT UNPACKING pc=0x000002c63a5769a3 sp=0x000000d600dfd320 mode 2
Event: 1.591 Thread 0x000002c62b4c8060 Uncommon trap: trap_request=0xffffff45 fr.pc=0x000002c63ab3d3c0 relative=0x0000000000000be0
Event: 1.591 Thread 0x000002c62b4c8060 Uncommon trap: reason=unstable_if action=reinterpret pc=0x000002c63ab3d3c0 method=sun.nio.cs.StreamDecoder.read0()I @ 39 c2
Event: 1.591 Thread 0x000002c62b4c8060 DEOPT PACKING pc=0x000002c63ab3d3c0 sp=0x000000d600dfd3f0
Event: 1.591 Thread 0x000002c62b4c8060 DEOPT UNPACKING pc=0x000002c63a5769a3 sp=0x000000d600dfd208 mode 2
Event: 1.666 Thread 0x000002c62b4c8060 Uncommon trap: trap_request=0xffffff45 fr.pc=0x000002c63aaee0e0 relative=0x00000000000011c0
Event: 1.666 Thread 0x000002c62b4c8060 Uncommon trap: reason=unstable_if action=reinterpret pc=0x000002c63aaee0e0 method=java.util.HashMap.putVal(ILjava/lang/Object;Ljava/lang/Object;ZZ)Ljava/lang/Object; @ 181 c2
Event: 1.666 Thread 0x000002c62b4c8060 DEOPT PACKING pc=0x000002c63aaee0e0 sp=0x000000d600dfd4d0
Event: 1.666 Thread 0x000002c62b4c8060 DEOPT UNPACKING pc=0x000002c63a5769a3 sp=0x000000d600dfd480 mode 2
Event: 1.933 Thread 0x000002c62b4c8060 Uncommon trap: trap_request=0xffffff45 fr.pc=0x000002c63ab58450 relative=0x0000000000000730
Event: 1.933 Thread 0x000002c62b4c8060 Uncommon trap: reason=unstable_if action=reinterpret pc=0x000002c63ab58450 method=java.lang.String.<init>([CIILjava/lang/Void;)V @ 5 c2
Event: 1.933 Thread 0x000002c62b4c8060 DEOPT PACKING pc=0x000002c63ab58450 sp=0x000000d600dfd490
Event: 1.933 Thread 0x000002c62b4c8060 DEOPT UNPACKING pc=0x000002c63a5769a3 sp=0x000000d600dfd330 mode 2
Event: 1.997 Thread 0x000002c62b4c8060 DEOPT PACKING pc=0x000002c63321d634 sp=0x000000d600dfd680
Event: 1.997 Thread 0x000002c62b4c8060 DEOPT UNPACKING pc=0x000002c63a577143 sp=0x000000d600dfcaf0 mode 0
Event: 2.184 Thread 0x000002c62b4c8060 DEOPT PACKING pc=0x000002c63303c6e8 sp=0x000000d600dfca50
Event: 2.184 Thread 0x000002c62b4c8060 DEOPT UNPACKING pc=0x000002c63a577143 sp=0x000000d600dfbee0 mode 0

Classes loaded (20 events):
Event: 2.328 Loading class sun/reflect/generics/reflectiveObjects/WildcardTypeImpl
Event: 2.328 Loading class sun/reflect/generics/reflectiveObjects/WildcardTypeImpl done
Event: 2.328 Loading class sun/reflect/annotation/AnnotatedTypeFactory$AnnotatedParameterizedTypeImpl
Event: 2.328 Loading class java/lang/reflect/AnnotatedParameterizedType
Event: 2.328 Loading class java/lang/reflect/AnnotatedParameterizedType done
Event: 2.328 Loading class sun/reflect/annotation/AnnotatedTypeFactory$AnnotatedParameterizedTypeImpl done
Event: 2.422 Loading class java/security/NoSuchAlgorithmException
Event: 2.422 Loading class java/security/GeneralSecurityException
Event: 2.422 Loading class java/security/GeneralSecurityException done
Event: 2.422 Loading class java/security/NoSuchAlgorithmException done
Event: 2.635 Loading class java/util/EventObject
Event: 2.635 Loading class java/util/EventObject done
Event: 2.674 Loading class sun/reflect/generics/scope/ConstructorScope
Event: 2.674 Loading class sun/reflect/generics/scope/ConstructorScope done
Event: 2.674 Loading class sun/reflect/generics/repository/ConstructorRepository
Event: 2.674 Loading class sun/reflect/generics/repository/ConstructorRepository done
Event: 2.674 Loading class sun/reflect/generics/tree/VoidDescriptor
Event: 2.674 Loading class sun/reflect/generics/tree/VoidDescriptor done
Event: 2.674 Loading class sun/reflect/generics/tree/MethodTypeSignature
Event: 2.674 Loading class sun/reflect/generics/tree/MethodTypeSignature done

Classes unloaded (0 events):
No events

Classes redefined (0 events):
No events

Internal exceptions (20 events):
Event: 0.217 Thread 0x000002c64e71f060 Exception <a 'java/lang/NoSuchMethodError'{0x0000000712275990}: 'java.lang.Object java.lang.invoke.DirectMethodHandle$Holder.invokeStaticInit(java.lang.Object)'> (0x0000000712275990) 
thrown [s\src\hotspot\share\interpreter\linkResolver.cpp, line 759]
Event: 0.227 Thread 0x000002c64e71f060 Exception <a 'java/lang/NoSuchMethodError'{0x0000000712283d20}: 'void java.lang.invoke.DirectMethodHandle$Holder.invokeStatic(java.lang.Object, java.lang.Object)'> (0x0000000712283d20) 
thrown [s\src\hotspot\share\interpreter\linkResolver.cpp, line 759]
Event: 0.253 Thread 0x000002c62b4c8060 Exception <a 'java/lang/NoSuchMethodError'{0x00000007123063c0}: 'int java.lang.invoke.DirectMethodHandle$Holder.invokeSpecial(java.lang.Object, java.lang.Object, java.lang.Object)'> (0x00000007123063c0) 
thrown [s\src\hotspot\share\interpreter\linkResolver.cpp, line 759]
Event: 0.381 Thread 0x000002c62b4c8060 Exception <a 'java/lang/NullPointerException'{0x0000000712180480}> (0x0000000712180480) 
thrown [s\src\hotspot\share\interpreter\linkResolver.cpp, line 1350]
Event: 0.398 Thread 0x000002c62b4c8060 Exception <a 'sun/nio/fs/WindowsException'{0x00000007121a7c58}> (0x00000007121a7c58) 
thrown [s\src\hotspot\share\prims\jni.cpp, line 516]
Event: 0.430 Thread 0x000002c62b4c8060 Exception <a 'sun/nio/fs/WindowsException'{0x0000000711e29c98}> (0x0000000711e29c98) 
thrown [s\src\hotspot\share\prims\jni.cpp, line 516]
Event: 0.430 Thread 0x000002c62b4c8060 Exception <a 'sun/nio/fs/WindowsException'{0x0000000711e2a350}> (0x0000000711e2a350) 
thrown [s\src\hotspot\share\prims\jni.cpp, line 516]
Event: 0.431 Thread 0x000002c62b4c8060 Exception <a 'sun/nio/fs/WindowsException'{0x0000000711e2a8b0}> (0x0000000711e2a8b0) 
thrown [s\src\hotspot\share\prims\jni.cpp, line 516]
Event: 0.431 Thread 0x000002c62b4c8060 Exception <a 'sun/nio/fs/WindowsException'{0x0000000711e2adc0}> (0x0000000711e2adc0) 
thrown [s\src\hotspot\share\prims\jni.cpp, line 516]
Event: 0.431 Thread 0x000002c62b4c8060 Exception <a 'sun/nio/fs/WindowsException'{0x0000000711e2b288}> (0x0000000711e2b288) 
thrown [s\src\hotspot\share\prims\jni.cpp, line 516]
Event: 0.448 Thread 0x000002c62b4c8060 Exception <a 'java/lang/NoSuchMethodError'{0x0000000711ef0958}: 'void java.lang.invoke.DirectMethodHandle$Holder.invokeStaticInit(java.lang.Object, java.lang.Object)'> (0x0000000711ef0958) 
thrown [s\src\hotspot\share\interpreter\linkResolver.cpp, line 759]
Event: 0.468 Thread 0x000002c62b4c8060 Exception <a 'java/lang/NoSuchMethodError'{0x0000000711f3fc90}: 'void java.lang.invoke.DirectMethodHandle$Holder.invokeStatic(java.lang.Object, java.lang.Object, java.lang.Object)'> (0x0000000711f3fc90) 
thrown [s\src\hotspot\share\interpreter\linkResolver.cpp, line 759]
Event: 0.573 Thread 0x000002c62b4c8060 Exception <a 'java/lang/NoSuchMethodError'{0x0000000711cd1bd8}: 'java.lang.Object java.lang.invoke.DirectMethodHandle$Holder.invokeSpecialIFC(java.lang.Object, java.lang.Object, java.lang.Object, java.lang.Object)'> (0x0000000711cd1bd8) 
thrown [s\src\hotspot\share\interpreter\linkResolver.cpp, line 759]
Event: 0.977 Thread 0x000002c62b4c8060 Exception <a 'java/lang/NoSuchMethodError'{0x00000007116c63e8}: 'void java.lang.invoke.DirectMethodHandle$Holder.invokeSpecial(java.lang.Object, java.lang.Object, java.lang.Object)'> (0x00000007116c63e8) 
thrown [s\src\hotspot\share\interpreter\linkResolver.cpp, line 759]
Event: 1.074 Thread 0x000002c62b4c8060 Exception <a 'java/lang/NoSuchMethodError'{0x000000071142ee70}: 'java.lang.Object java.lang.invoke.DirectMethodHandle$Holder.invokeInterface(java.lang.Object, java.lang.Object)'> (0x000000071142ee70) 
thrown [s\src\hotspot\share\interpreter\linkResolver.cpp, line 759]
Event: 1.140 Thread 0x000002c62b4c8060 Exception <a 'java/lang/NoSuchMethodError'{0x00000007114dd000}: 'java.lang.Object java.lang.invoke.Invokers$Holder.invokeExact_MT(java.lang.Object, java.lang.Object, java.lang.Object, java.lang.Object, java.lang.Object, java.lang.Object)'> (0x00000007114dd000) 
thrown [s\src\hotspot\share\interpreter\linkResolver.cpp, line 759]
Event: 1.145 Thread 0x000002c62b4c8060 Exception <a 'java/lang/NoSuchMethodError'{0x00000007114ee6b8}: 'int java.lang.invoke.DirectMethodHandle$Holder.invokeSpecialIFC(java.lang.Object, java.lang.Object, java.lang.Object, java.lang.Object, java.lang.Object)'> (0x00000007114ee6b8) 
thrown [s\src\hotspot\share\interpreter\linkResolver.cpp, line 759]
Event: 1.279 Thread 0x000002c62b4c8060 Exception <a 'java/lang/NoSuchMethodError'{0x00000007112a00c0}: 'java.lang.Object java.lang.invoke.DirectMethodHandle$Holder.newInvokeSpecial(java.lang.Object, java.lang.Object, java.lang.Object, java.lang.Object, java.lang.Object)'> (0x00000007112a00c0) 
thrown [s\src\hotspot\share\interpreter\linkResolver.cpp, line 759]
Event: 1.337 Thread 0x000002c62b4c8060 Exception <a 'java/lang/NoSuchMethodError'{0x00000007113af0f0}: 'int java.lang.invoke.DirectMethodHandle$Holder.invokeStaticInit(java.lang.Object, java.lang.Object)'> (0x00000007113af0f0) 
thrown [s\src\hotspot\share\interpreter\linkResolver.cpp, line 759]
Event: 1.358 Thread 0x000002c62b4c8060 Exception <a 'java/lang/NoClassDefFoundError'{0x00000007113e96a0}: javax/enterprise/inject/Typed> (0x00000007113e96a0) 
thrown [s\src\hotspot\share\classfile\systemDictionary.cpp, line 245]

VM Operations (18 events):
Event: 0.145 Executing VM operation: HandshakeAllThreads
Event: 0.145 Executing VM operation: HandshakeAllThreads done
Event: 0.215 Executing VM operation: HandshakeAllThreads
Event: 0.215 Executing VM operation: HandshakeAllThreads done
Event: 0.379 Executing VM operation: HandshakeAllThreads
Event: 0.379 Executing VM operation: HandshakeAllThreads done
Event: 0.394 Executing VM operation: HandshakeAllThreads
Event: 0.394 Executing VM operation: HandshakeAllThreads done
Event: 1.342 Executing VM operation: ICBufferFull
Event: 1.343 Executing VM operation: ICBufferFull done
Event: 1.434 Executing VM operation: G1CollectForAllocation
Event: 1.466 Executing VM operation: G1CollectForAllocation done
Event: 2.477 Executing VM operation: Cleanup
Event: 2.478 Executing VM operation: Cleanup done
Event: 2.611 Executing VM operation: HandshakeAllThreads
Event: 2.611 Executing VM operation: HandshakeAllThreads done
Event: 2.658 Executing VM operation: HandshakeAllThreads
Event: 2.658 Executing VM operation: HandshakeAllThreads done

Events (20 events):
Event: 0.073 Thread 0x000002c64e4291c0 Thread added: 0x000002c64e4291c0
Event: 0.074 Thread 0x000002c64e42a040 Thread added: 0x000002c64e42a040
Event: 0.086 Thread 0x000002c64e570080 Thread added: 0x000002c64e570080
Event: 0.086 Thread 0x000002c64e572a60 Thread added: 0x000002c64e572a60
Event: 0.086 Thread 0x000002c64e573420 Thread added: 0x000002c64e573420
Event: 0.086 Thread 0x000002c64e573de0 Thread added: 0x000002c64e573de0
Event: 0.086 Thread 0x000002c64e574b80 Thread added: 0x000002c64e574b80
Event: 0.088 Thread 0x000002c64e579640 Thread added: 0x000002c64e579640
Event: 0.091 Thread 0x000002c64e5e2a30 Thread added: 0x000002c64e5e2a30
Event: 0.133 Thread 0x000002c64e673b00 Thread added: 0x000002c64e673b00
Event: 0.210 Thread 0x000002c64e71f060 Thread added: 0x000002c64e71f060
Event: 0.210 Thread 0x000002c64e71f540 Thread added: 0x000002c64e71f540
Event: 0.384 Thread 0x000002c69402dc40 Thread added: 0x000002c69402dc40
Event: 0.502 Thread 0x000002c69402dc40 Thread exited: 0x000002c69402dc40
Event: 0.611 Thread 0x000002c6940e6860 Thread added: 0x000002c6940e6860
Event: 1.089 Thread 0x000002c6940e6860 Thread exited: 0x000002c6940e6860
Event: 1.391 Thread 0x000002c6946e7ca0 Thread added: 0x000002c6946e7ca0
Event: 1.417 Thread 0x000002c694dc0700 Thread added: 0x000002c694dc0700
Event: 1.966 Thread 0x000002c694dc0700 Thread exited: 0x000002c694dc0700
Event: 2.619 Thread 0x000002c6946e7ca0 Thread exited: 0x000002c6946e7ca0


Dynamic libraries:
0x00007ff74d930000 - 0x00007ff74d93e000 	C:\Users\ghofr\.jdks\corretto-17.0.12\bin\java.exe
0x00007ff8bc170000 - 0x00007ff8bc387000 	C:\WINDOWS\SYSTEM32\ntdll.dll
0x00007ff8ba490000 - 0x00007ff8ba554000 	C:\WINDOWS\System32\KERNEL32.DLL
0x00007ff8b9930000 - 0x00007ff8b9d03000 	C:\WINDOWS\System32\KERNELBASE.dll
0x00007ff8b9540000 - 0x00007ff8b9651000 	C:\WINDOWS\System32\ucrtbase.dll
0x00007ff8a7250000 - 0x00007ff8a7267000 	C:\Users\ghofr\.jdks\corretto-17.0.12\bin\jli.dll
0x00007ff8ba240000 - 0x00007ff8ba3f1000 	C:\WINDOWS\System32\USER32.dll
0x00007ff8b92b0000 - 0x00007ff8b92d6000 	C:\WINDOWS\System32\win32u.dll
0x00007ff8bb860000 - 0x00007ff8bb889000 	C:\WINDOWS\System32\GDI32.dll
0x00007ff8b9420000 - 0x00007ff8b953b000 	C:\WINDOWS\System32\gdi32full.dll
0x00007ff8b9890000 - 0x00007ff8b992a000 	C:\WINDOWS\System32\msvcp_win.dll
0x00007ff8a6e00000 - 0x00007ff8a6e1b000 	C:\Users\ghofr\.jdks\corretto-17.0.12\bin\VCRUNTIME140.dll
0x00007ff8a7ef0000 - 0x00007ff8a8188000 	C:\WINDOWS\WinSxS\amd64_microsoft.windows.common-controls_6595b64144ccf1df_6.0.22621.5124_none_270e8f4f7386d69d\COMCTL32.dll
0x00007ff8ba9b0000 - 0x00007ff8baa57000 	C:\WINDOWS\System32\msvcrt.dll
0x00007ff8b9f70000 - 0x00007ff8b9fa1000 	C:\WINDOWS\System32\IMM32.DLL
0x00007ff8a90a0000 - 0x00007ff8a90ac000 	C:\Users\ghofr\.jdks\corretto-17.0.12\bin\vcruntime140_1.dll
0x00007ff8a2a10000 - 0x00007ff8a2a9d000 	C:\Users\ghofr\.jdks\corretto-17.0.12\bin\msvcp140.dll
0x00007ff827d60000 - 0x00007ff8289ca000 	C:\Users\ghofr\.jdks\corretto-17.0.12\bin\server\jvm.dll
0x00007ff8baee0000 - 0x00007ff8baf91000 	C:\WINDOWS\System32\ADVAPI32.dll
0x00007ff8bb2a0000 - 0x00007ff8bb348000 	C:\WINDOWS\System32\sechost.dll
0x00007ff8b9280000 - 0x00007ff8b92a8000 	C:\WINDOWS\System32\bcrypt.dll
0x00007ff8bb680000 - 0x00007ff8bb794000 	C:\WINDOWS\System32\RPCRT4.dll
0x00007ff8ba570000 - 0x00007ff8ba5e1000 	C:\WINDOWS\System32\WS2_32.dll
0x00007ff8b8100000 - 0x00007ff8b814d000 	C:\WINDOWS\SYSTEM32\POWRPROF.dll
0x00007ff8b28e0000 - 0x00007ff8b2914000 	C:\WINDOWS\SYSTEM32\WINMM.dll
0x00007ff8b20d0000 - 0x00007ff8b20da000 	C:\WINDOWS\SYSTEM32\VERSION.dll
0x00007ff8b80e0000 - 0x00007ff8b80f3000 	C:\WINDOWS\SYSTEM32\UMPDC.dll
0x00007ff8b83a0000 - 0x00007ff8b83b8000 	C:\WINDOWS\SYSTEM32\kernel.appcore.dll
0x00007ff8a9080000 - 0x00007ff8a908a000 	C:\Users\ghofr\.jdks\corretto-17.0.12\bin\jimage.dll
0x00007ff8b6680000 - 0x00007ff8b68b2000 	C:\WINDOWS\SYSTEM32\DBGHELP.DLL
0x00007ff8ba5f0000 - 0x00007ff8ba982000 	C:\WINDOWS\System32\combase.dll
0x00007ff8ba160000 - 0x00007ff8ba237000 	C:\WINDOWS\System32\OLEAUT32.dll
0x00007ff891b00000 - 0x00007ff891b32000 	C:\WINDOWS\SYSTEM32\dbgcore.DLL
0x00007ff8b9d10000 - 0x00007ff8b9d8b000 	C:\WINDOWS\System32\bcryptPrimitives.dll
0x00007ff8a7860000 - 0x00007ff8a786e000 	C:\Users\ghofr\.jdks\corretto-17.0.12\bin\instrument.dll
0x00007ff8a5880000 - 0x00007ff8a58a5000 	C:\Users\ghofr\.jdks\corretto-17.0.12\bin\java.dll
0x00007ff873190000 - 0x00007ff873267000 	C:\Users\ghofr\.jdks\corretto-17.0.12\bin\jsvml.dll
0x00007ff8bb890000 - 0x00007ff8bc126000 	C:\WINDOWS\System32\SHELL32.dll
0x00007ff8b92e0000 - 0x00007ff8b941f000 	C:\WINDOWS\System32\wintypes.dll
0x00007ff8b71b0000 - 0x00007ff8b7aca000 	C:\WINDOWS\SYSTEM32\windows.storage.dll
0x00007ff8b9e60000 - 0x00007ff8b9f6a000 	C:\WINDOWS\System32\SHCORE.dll
0x00007ff8bb100000 - 0x00007ff8bb163000 	C:\WINDOWS\System32\shlwapi.dll
0x00007ff8b91b0000 - 0x00007ff8b91db000 	C:\WINDOWS\SYSTEM32\profapi.dll
0x00007ff8a41b0000 - 0x00007ff8a41c8000 	C:\Users\ghofr\.jdks\corretto-17.0.12\bin\zip.dll
0x00007ff8a5760000 - 0x00007ff8a5779000 	C:\Users\ghofr\.jdks\corretto-17.0.12\bin\net.dll
0x00007ff8b50b0000 - 0x00007ff8b51dc000 	C:\WINDOWS\SYSTEM32\WINHTTP.dll
0x00007ff8b8820000 - 0x00007ff8b888a000 	C:\WINDOWS\system32\mswsock.dll
0x00007ff8a4850000 - 0x00007ff8a4866000 	C:\Users\ghofr\.jdks\corretto-17.0.12\bin\nio.dll
0x00007ff8a2b00000 - 0x00007ff8a2b1a000 	C:\Program Files\JetBrains\IntelliJ IDEA 2024.2.1\bin\breakgen64.dll
0x00007ff8a6020000 - 0x00007ff8a6029000 	C:\Users\ghofr\.jdks\corretto-17.0.12\bin\extnet.dll
0x00007ff8a5240000 - 0x00007ff8a5264000 	C:\Users\ghofr\AppData\Local\Temp\jansi-2.4.1-d7ef25f45550d0d7-jansi.dll
0x00007ff8a5fd0000 - 0x00007ff8a5fe0000 	C:\Users\ghofr\.jdks\corretto-17.0.12\bin\verify.dll

dbghelp: loaded successfully - version: 4.0.5 - missing functions: none
symbol engine: initialized successfully - sym options: 0x614 - pdb path: .;C:\Users\ghofr\.jdks\corretto-17.0.12\bin;C:\WINDOWS\SYSTEM32;C:\WINDOWS\WinSxS\amd64_microsoft.windows.common-controls_6595b64144ccf1df_6.0.22621.5124_none_270e8f4f7386d69d;C:\Users\ghofr\.jdks\corretto-17.0.12\bin\server;C:\Program Files\JetBrains\IntelliJ IDEA 2024.2.1\bin;C:\Users\ghofr\AppData\Local\Temp

VM Arguments:
jvm_args: -Dmaven.multiModuleProjectDirectory=C:\Users\ghofr\IdeaProjects\GestionReclamation -Djansi.passthrough=true -Dmaven.home=C:\Program Files\JetBrains\IntelliJ IDEA 2024.2.1\plugins\maven\lib\maven3 -Dclassworlds.conf=C:\Program Files\JetBrains\IntelliJ IDEA 2024.2.1\plugins\maven\lib\maven3\bin\m2.conf -Dmaven.ext.class.path=C:\Program Files\JetBrains\IntelliJ IDEA 2024.2.1\plugins\maven\lib\maven-event-listener.jar -javaagent:C:\Program Files\JetBrains\IntelliJ IDEA 2024.2.1\lib\idea_rt.jar=64387:C:\Program Files\JetBrains\IntelliJ IDEA 2024.2.1\bin -Dfile.encoding=UTF-8 
java_command: org.codehaus.classworlds.Launcher -Didea.version=2024.2.1 compile
java_class_path (initial): C:\Program Files\JetBrains\IntelliJ IDEA 2024.2.1\plugins\maven\lib\maven3\boot\plexus-classworlds-2.8.0.jar;C:\Program Files\JetBrains\IntelliJ IDEA 2024.2.1\plugins\maven\lib\maven3\boot\plexus-classworlds.license
Launcher Type: SUN_STANDARD

[Global flags]
     intx CICompilerCount                          = 4                                         {product} {ergonomic}
     uint ConcGCThreads                            = 2                                         {product} {ergonomic}
     uint G1ConcRefinementThreads                  = 8                                         {product} {ergonomic}
   size_t G1HeapRegionSize                         = 2097152                                   {product} {ergonomic}
    uintx GCDrainStackTargetSize                   = 64                                        {product} {ergonomic}
   size_t InitialHeapSize                          = 266338304                                 {product} {ergonomic}
   size_t MarkStackSize                            = 4194304                                   {product} {ergonomic}
   size_t MaxHeapSize                              = 4253024256                                {product} {ergonomic}
   size_t MaxNewSize                               = 2550136832                                {product} {ergonomic}
   size_t MinHeapDeltaBytes                        = 2097152                                   {product} {ergonomic}
   size_t MinHeapSize                              = 8388608                                   {product} {ergonomic}
    uintx NonNMethodCodeHeapSize                   = 5839372                                {pd product} {ergonomic}
    uintx NonProfiledCodeHeapSize                  = 122909434                              {pd product} {ergonomic}
    uintx ProfiledCodeHeapSize                     = 122909434                              {pd product} {ergonomic}
    uintx ReservedCodeCacheSize                    = 251658240                              {pd product} {ergonomic}
     bool SegmentedCodeCache                       = true                                      {product} {ergonomic}
   size_t SoftMaxHeapSize                          = 4253024256                             {manageable} {ergonomic}
     bool UseCompressedClassPointers               = true                           {product lp64_product} {ergonomic}
     bool UseCompressedOops                        = true                           {product lp64_product} {ergonomic}
     bool UseG1GC                                  = true                                      {product} {ergonomic}
     bool UseLargePagesIndividualAllocation        = false                                  {pd product} {ergonomic}

Logging:
Log output configuration:
 #0: stdout all=warning uptime,level,tags
 #1: stderr all=off uptime,level,tags

Environment Variables:
PATH=C:\Program Files (x86)\VMware\VMware Workstation\bin\;C:\oraclexe\app\oracle\product\11.2.0\server\bin;C:\Program Files (x86)\Common Files\Intel\Shared Libraries\redist\intel64\compiler;C:\Windows\system32;C:\Windows;C:\Windows\System32\Wbem;C:\Windows\System32\WindowsPowerShell\v1.0\;C:\Windows\System32\OpenSSH\;C:\Program Files (x86)\NVIDIA Corporation\PhysX\Common;C:\Program Files\NVIDIA Corporation\NVIDIA NvDLISR;C:\WINDOWS\system32;C:\WINDOWS;C:\WINDOWS\System32\Wbem;C:\WINDOWS\System32\WindowsPowerShell\v1.0\;C:\WINDOWS\System32\OpenSSH\;C:\Strawberry\c\bin;C:\Strawberry\perl\site\bin;C:\Strawberry\perl\bin;C:\instantclient12_2\1;C:\oraclexe\app\oracle\admin\XE;C:\oraclexe;C:\Program Files\Git\cmd;C:\Users\ghofr\.jdks\jbr-17.0.12-1;C:\Users\ghofr\scoop\shims;C:\Users\ghofr\AppData\Local\Microsoft\WindowsApps;;C:\Users\ghofr\AppData\Local\Programs\Microsoft VS Code\bin;C:\xampp\php;C:\Users\ghofr\AppData\Local\ComposerSetup\bin;C:\Users\ghofr\AppData\Roaming\Composer\vendor\bin;C:\Program Files\JetBrains\IntelliJ IDEA 2024.2.1\bin;;C:\Users\ghofr\AppData\Local\Programs\Windsurf\bin;C:\Users\ghofr\AppData\Local\Programs\cursor\resources\app\bin
USERNAME=ghofr
OS=Windows_NT
PROCESSOR_IDENTIFIER=Intel64 Family 6 Model 165 Stepping 2, GenuineIntel
TMP=C:\Users\ghofr\AppData\Local\Temp
TEMP=C:\Users\ghofr\AppData\Local\Temp



Periodic native trim disabled


---------------  S Y S T E M  ---------------

OS:
 Windows 11 , 64 bit Build 22621 (10.0.22621.5124)
OS uptime: 5 days 5:35 hours

CPU: total 8 (initial active 8) (4 cores per cpu, 2 threads per core) family 6 model 165 stepping 2 microcode 0xe0, cx8, cmov, fxsr, ht, mmx, 3dnowpref, sse, sse2, sse3, ssse3, sse4.1, sse4.2, popcnt, lzcnt, tsc, tscinvbit, avx, avx2, aes, erms, clmul, bmi1, bmi2, adx, fma, vzeroupper, clflush, clflushopt
Processor Information for all 8 processors :
  Max Mhz: 2496, Current Mhz: 2496, Mhz Limit: 2496

Memory: 4k page, system-wide physical 16221M (1505M free)
TotalPageFile size 65373M (AvailPageFile size 812M)
current process WorkingSet (physical memory assigned to process): 102M, peak: 102M
current process commit charge ("private bytes"): 372M, peak: 372M

vm_info: OpenJDK 64-Bit Server VM (17.0.12+7-LTS) for windows-amd64 JRE (17.0.12+7-LTS), built on Jul 10 2024 20:46:33 by "Administrator" with MS VC++ 16.10 / 16.11 (VS2019)

END.
